[2026-05-14T00:00:22.340+0000] {local_task_job_runner.py:120} INFO - ::group::Pre task execution logs
[2026-05-14T00:00:22.357+0000] {taskinstance.py:2076} INFO - Dependencies all met for dep_context=non-requeueable deps ti=<TaskInstance: etl_productos_ejercicio.grupo_carga.reporte_dos scheduled__2026-05-13T00:00:00+00:00 [queued]>
[2026-05-14T00:00:22.362+0000] {taskinstance.py:2076} INFO - Dependencies all met for dep_context=requeueable deps ti=<TaskInstance: etl_productos_ejercicio.grupo_carga.reporte_dos scheduled__2026-05-13T00:00:00+00:00 [queued]>
[2026-05-14T00:00:22.362+0000] {taskinstance.py:2306} INFO - Starting attempt 1 of 4
[2026-05-14T00:00:22.372+0000] {taskinstance.py:2330} INFO - Executing <Task(PythonOperator): grupo_carga.reporte_dos> on 2026-05-13 00:00:00+00:00
[2026-05-14T00:00:22.376+0000] {standard_task_runner.py:64} INFO - Started process 96334 to run task
[2026-05-14T00:00:22.378+0000] {standard_task_runner.py:90} INFO - Running: ['airflow', 'tasks', 'run', 'etl_productos_ejercicio', 'grupo_carga.reporte_dos', 'scheduled__2026-05-13T00:00:00+00:00', '--job-id', '147', '--raw', '--subdir', 'DAGS_FOLDER/etl_Miriam.py', '--cfg-path', '/tmp/tmpxutkvokm']
[2026-05-14T00:00:22.378+0000] {standard_task_runner.py:91} INFO - Job 147: Subtask grupo_carga.reporte_dos
[2026-05-14T00:00:22.404+0000] {task_command.py:426} INFO - Running <TaskInstance: etl_productos_ejercicio.grupo_carga.reporte_dos scheduled__2026-05-13T00:00:00+00:00 [running]> on host codespaces-c105b0
[2026-05-14T00:00:22.451+0000] {taskinstance.py:2648} INFO - Exporting env vars: AIRFLOW_CTX_DAG_OWNER='airflow' AIRFLOW_CTX_DAG_ID='etl_productos_ejercicio' AIRFLOW_CTX_TASK_ID='grupo_carga.reporte_dos' AIRFLOW_CTX_EXECUTION_DATE='2026-05-13T00:00:00+00:00' AIRFLOW_CTX_TRY_NUMBER='1' AIRFLOW_CTX_DAG_RUN_ID='scheduled__2026-05-13T00:00:00+00:00'
[2026-05-14T00:00:22.452+0000] {taskinstance.py:430} INFO - ::endgroup::
[2026-05-14T00:00:22.460+0000] {logging_mixin.py:188} INFO - Productos más caros que el promedio: 
[2026-05-14T00:00:22.466+0000] {logging_mixin.py:188} INFO -   producto  precio  precio_descuento
0   Laptop   10567           9615.97
[2026-05-14T00:00:22.466+0000] {python.py:237} INFO - Done. Returned value was: None
[2026-05-14T00:00:22.467+0000] {taskinstance.py:441} INFO - ::group::Post task execution logs
[2026-05-14T00:00:22.470+0000] {taskinstance.py:1206} INFO - Marking task as SUCCESS. dag_id=etl_productos_ejercicio, task_id=grupo_carga.reporte_dos, run_id=scheduled__2026-05-13T00:00:00+00:00, execution_date=20260513T000000, start_date=20260514T000022, end_date=20260514T000022
[2026-05-14T00:00:22.510+0000] {local_task_job_runner.py:243} INFO - Task exited with return code 0
[2026-05-14T00:00:22.520+0000] {taskinstance.py:3503} INFO - 0 downstream tasks scheduled from follow-on schedule check
[2026-05-14T00:00:22.521+0000] {local_task_job_runner.py:222} INFO - ::endgroup::
