[2026-05-13T16:09:22.026+0000] {local_task_job_runner.py:120} INFO - ::group::Pre task execution logs
[2026-05-13T16:09:22.047+0000] {taskinstance.py:2076} INFO - Dependencies all met for dep_context=non-requeueable deps ti=<TaskInstance: etl_productos_ejercicio.transformacion_datos scheduled__2026-05-12T00:00:00+00:00 [queued]>
[2026-05-13T16:09:22.054+0000] {taskinstance.py:2076} INFO - Dependencies all met for dep_context=requeueable deps ti=<TaskInstance: etl_productos_ejercicio.transformacion_datos scheduled__2026-05-12T00:00:00+00:00 [queued]>
[2026-05-13T16:09:22.055+0000] {taskinstance.py:2306} INFO - Starting attempt 1 of 4
[2026-05-13T16:09:22.073+0000] {taskinstance.py:2330} INFO - Executing <Task(PythonOperator): transformacion_datos> on 2026-05-12 00:00:00+00:00
[2026-05-13T16:09:22.081+0000] {standard_task_runner.py:64} INFO - Started process 22994 to run task
[2026-05-13T16:09:22.087+0000] {standard_task_runner.py:90} INFO - Running: ['airflow', 'tasks', 'run', 'etl_productos_ejercicio', 'transformacion_datos', 'scheduled__2026-05-12T00:00:00+00:00', '--job-id', '6', '--raw', '--subdir', 'DAGS_FOLDER/etl_Miriam.py', '--cfg-path', '/tmp/tmp472tqy99']
[2026-05-13T16:09:22.088+0000] {standard_task_runner.py:91} INFO - Job 6: Subtask transformacion_datos
[2026-05-13T16:09:22.133+0000] {task_command.py:426} INFO - Running <TaskInstance: etl_productos_ejercicio.transformacion_datos scheduled__2026-05-12T00:00:00+00:00 [running]> on host codespaces-c105b0
[2026-05-13T16:09:22.205+0000] {taskinstance.py:2648} INFO - Exporting env vars: AIRFLOW_CTX_DAG_OWNER='airflow' AIRFLOW_CTX_DAG_ID='etl_productos_ejercicio' AIRFLOW_CTX_TASK_ID='transformacion_datos' AIRFLOW_CTX_EXECUTION_DATE='2026-05-12T00:00:00+00:00' AIRFLOW_CTX_TRY_NUMBER='1' AIRFLOW_CTX_DAG_RUN_ID='scheduled__2026-05-12T00:00:00+00:00'
[2026-05-13T16:09:22.206+0000] {taskinstance.py:430} INFO - ::endgroup::
[2026-05-13T16:09:22.216+0000] {logging_mixin.py:188} INFO - Datos transformados correctamente.
[2026-05-13T16:09:22.225+0000] {logging_mixin.py:188} INFO -     producto  precio  precio_descuento
0     Laptop   10567           9615.97
1      Mouse     170            154.70
2    Teclado     230            209.30
3  Audifonos     345            313.95
4  Microfono     208            189.28
[2026-05-13T16:09:22.225+0000] {python.py:237} INFO - Done. Returned value was: None
[2026-05-13T16:09:22.225+0000] {taskinstance.py:441} INFO - ::group::Post task execution logs
[2026-05-13T16:09:22.233+0000] {taskinstance.py:1206} INFO - Marking task as SUCCESS. dag_id=etl_productos_ejercicio, task_id=transformacion_datos, run_id=scheduled__2026-05-12T00:00:00+00:00, execution_date=20260512T000000, start_date=20260513T160922, end_date=20260513T160922
[2026-05-13T16:09:22.261+0000] {local_task_job_runner.py:243} INFO - Task exited with return code 0
[2026-05-13T16:09:22.280+0000] {taskinstance.py:3503} INFO - 0 downstream tasks scheduled from follow-on schedule check
[2026-05-13T16:09:22.281+0000] {local_task_job_runner.py:222} INFO - ::endgroup::
