[2026-05-13T16:09:19.658+0000] {local_task_job_runner.py:120} INFO - ::group::Pre task execution logs
[2026-05-13T16:09:19.678+0000] {taskinstance.py:2076} INFO - Dependencies all met for dep_context=non-requeueable deps ti=<TaskInstance: etl_productos_ejercicio.grupo_carga.carga_datos manual__2026-05-13T16:09:07.578926+00:00 [queued]>
[2026-05-13T16:09:19.684+0000] {taskinstance.py:2076} INFO - Dependencies all met for dep_context=requeueable deps ti=<TaskInstance: etl_productos_ejercicio.grupo_carga.carga_datos manual__2026-05-13T16:09:07.578926+00:00 [queued]>
[2026-05-13T16:09:19.684+0000] {taskinstance.py:2306} INFO - Starting attempt 1 of 4
[2026-05-13T16:09:19.716+0000] {taskinstance.py:2330} INFO - Executing <Task(PythonOperator): grupo_carga.carga_datos> on 2026-05-13 16:09:07.578926+00:00
[2026-05-13T16:09:19.727+0000] {standard_task_runner.py:64} INFO - Started process 22962 to run task
[2026-05-13T16:09:19.738+0000] {standard_task_runner.py:90} INFO - Running: ['airflow', 'tasks', 'run', 'etl_productos_ejercicio', 'grupo_carga.carga_datos', 'manual__2026-05-13T16:09:07.578926+00:00', '--job-id', '5', '--raw', '--subdir', 'DAGS_FOLDER/etl_Miriam.py', '--cfg-path', '/tmp/tmpi2scy362']
[2026-05-13T16:09:19.739+0000] {standard_task_runner.py:91} INFO - Job 5: Subtask grupo_carga.carga_datos
[2026-05-13T16:09:19.772+0000] {task_command.py:426} INFO - Running <TaskInstance: etl_productos_ejercicio.grupo_carga.carga_datos manual__2026-05-13T16:09:07.578926+00:00 [running]> on host codespaces-c105b0
[2026-05-13T16:09:19.814+0000] {taskinstance.py:2648} INFO - Exporting env vars: AIRFLOW_CTX_DAG_OWNER='airflow' AIRFLOW_CTX_DAG_ID='etl_productos_ejercicio' AIRFLOW_CTX_TASK_ID='grupo_carga.carga_datos' AIRFLOW_CTX_EXECUTION_DATE='2026-05-13T16:09:07.578926+00:00' AIRFLOW_CTX_TRY_NUMBER='1' AIRFLOW_CTX_DAG_RUN_ID='manual__2026-05-13T16:09:07.578926+00:00'
[2026-05-13T16:09:19.815+0000] {taskinstance.py:430} INFO - ::endgroup::
[2026-05-13T16:09:19.816+0000] {taskinstance.py:441} INFO - ::group::Post task execution logs
[2026-05-13T16:09:19.816+0000] {taskinstance.py:2905} ERROR - Task failed with exception
Traceback (most recent call last):
  File "/workspaces/Airflow_project/airflow_env/lib/python3.12/site-packages/airflow/models/taskinstance.py", line 465, in _execute_task
    result = _execute_callable(context=context, **execute_callable_kwargs)
             ^^^^^^^^^^^^^^^^^^^^^^^^^^^^^^^^^^^^^^^^^^^^^^^^^^^^^^^^^^^^^
  File "/workspaces/Airflow_project/airflow_env/lib/python3.12/site-packages/airflow/models/taskinstance.py", line 432, in _execute_callable
    return execute_callable(context=context, **execute_callable_kwargs)
           ^^^^^^^^^^^^^^^^^^^^^^^^^^^^^^^^^^^^^^^^^^^^^^^^^^^^^^^^^^^^
  File "/workspaces/Airflow_project/airflow_env/lib/python3.12/site-packages/airflow/models/baseoperator.py", line 401, in wrapper
    return func(self, *args, **kwargs)
           ^^^^^^^^^^^^^^^^^^^^^^^^^^^
  File "/workspaces/Airflow_project/airflow_env/lib/python3.12/site-packages/airflow/operators/python.py", line 235, in execute
    return_value = self.execute_callable()
                   ^^^^^^^^^^^^^^^^^^^^^^^
  File "/workspaces/Airflow_project/airflow_env/lib/python3.12/site-packages/airflow/operators/python.py", line 252, in execute_callable
    return self.python_callable(*self.op_args, **self.op_kwargs)
           ^^^^^^^^^^^^^^^^^^^^^^^^^^^^^^^^^^^^^^^^^^^^^^^^^^^^^
  File "/workspaces/Airflow_project/airflow/dags/etl_Miriam.py", line 29, in carga
    df = pd.read_csv("/tmp/datos_productos_transformados.csv")
         ^^^^^^^^^^^^^^^^^^^^^^^^^^^^^^^^^^^^^^^^^^^^^^^^^^^^^
  File "/workspaces/Airflow_project/airflow_env/lib/python3.12/site-packages/pandas/io/parsers/readers.py", line 873, in read_csv
    return _read(filepath_or_buffer, kwds)
           ^^^^^^^^^^^^^^^^^^^^^^^^^^^^^^^
  File "/workspaces/Airflow_project/airflow_env/lib/python3.12/site-packages/pandas/io/parsers/readers.py", line 300, in _read
    parser = TextFileReader(filepath_or_buffer, **kwds)
             ^^^^^^^^^^^^^^^^^^^^^^^^^^^^^^^^^^^^^^^^^^
  File "/workspaces/Airflow_project/airflow_env/lib/python3.12/site-packages/pandas/io/parsers/readers.py", line 1645, in __init__
    self._engine = self._make_engine(f, self.engine)
                   ^^^^^^^^^^^^^^^^^^^^^^^^^^^^^^^^^
  File "/workspaces/Airflow_project/airflow_env/lib/python3.12/site-packages/pandas/io/parsers/readers.py", line 1904, in _make_engine
    self.handles = get_handle(
                   ^^^^^^^^^^^
  File "/workspaces/Airflow_project/airflow_env/lib/python3.12/site-packages/pandas/io/common.py", line 930, in get_handle
    handle = open(
             ^^^^^
FileNotFoundError: [Errno 2] No such file or directory: '/tmp/datos_productos_transformados.csv'
[2026-05-13T16:09:19.821+0000] {taskinstance.py:1206} INFO - Marking task as UP_FOR_RETRY. dag_id=etl_productos_ejercicio, task_id=grupo_carga.carga_datos, run_id=manual__2026-05-13T16:09:07.578926+00:00, execution_date=20260513T160907, start_date=20260513T160919, end_date=20260513T160919
[2026-05-13T16:09:19.829+0000] {standard_task_runner.py:110} ERROR - Failed to execute job 5 for task grupo_carga.carga_datos ([Errno 2] No such file or directory: '/tmp/datos_productos_transformados.csv'; 22962)
[2026-05-13T16:09:19.871+0000] {local_task_job_runner.py:243} INFO - Task exited with return code 1
[2026-05-13T16:09:19.884+0000] {taskinstance.py:3503} INFO - 0 downstream tasks scheduled from follow-on schedule check
[2026-05-13T16:09:19.885+0000] {local_task_job_runner.py:222} INFO - ::endgroup::
