[2026-05-14T00:00:16.445+0000] {processor.py:161} INFO - Started process (PID=96248) to work on /workspaces/Airflow_project/airflow_env/lib/python3.12/site-packages/airflow/example_dags/example_task_group.py
[2026-05-14T00:00:16.445+0000] {processor.py:830} INFO - Processing file /workspaces/Airflow_project/airflow_env/lib/python3.12/site-packages/airflow/example_dags/example_task_group.py for tasks to queue
[2026-05-14T00:00:16.446+0000] {logging_mixin.py:188} INFO - [2026-05-14T00:00:16.446+0000] {dagbag.py:545} INFO - Filling up the DagBag from /workspaces/Airflow_project/airflow_env/lib/python3.12/site-packages/airflow/example_dags/example_task_group.py
[2026-05-14T00:00:16.454+0000] {processor.py:840} INFO - DAG(s) 'example_task_group' retrieved from /workspaces/Airflow_project/airflow_env/lib/python3.12/site-packages/airflow/example_dags/example_task_group.py
[2026-05-14T00:00:16.468+0000] {logging_mixin.py:188} INFO - [2026-05-14T00:00:16.468+0000] {dag.py:3089} INFO - Sync 1 DAGs
[2026-05-14T00:00:16.479+0000] {logging_mixin.py:188} INFO - [2026-05-14T00:00:16.479+0000] {dag.py:3947} INFO - Setting next_dagrun for example_task_group to 2026-05-13 00:00:00+00:00, run_after=2026-05-14 00:00:00+00:00
[2026-05-14T00:00:16.495+0000] {processor.py:183} INFO - Processing /workspaces/Airflow_project/airflow_env/lib/python3.12/site-packages/airflow/example_dags/example_task_group.py took 0.056 seconds
[2026-05-14T00:01:13.142+0000] {processor.py:161} INFO - Started process (PID=96792) to work on /workspaces/Airflow_project/airflow_env/lib/python3.12/site-packages/airflow/example_dags/example_task_group.py
[2026-05-14T00:01:13.143+0000] {processor.py:830} INFO - Processing file /workspaces/Airflow_project/airflow_env/lib/python3.12/site-packages/airflow/example_dags/example_task_group.py for tasks to queue
[2026-05-14T00:01:13.143+0000] {logging_mixin.py:188} INFO - [2026-05-14T00:01:13.143+0000] {dagbag.py:545} INFO - Filling up the DagBag from /workspaces/Airflow_project/airflow_env/lib/python3.12/site-packages/airflow/example_dags/example_task_group.py
[2026-05-14T00:01:13.149+0000] {processor.py:840} INFO - DAG(s) 'example_task_group' retrieved from /workspaces/Airflow_project/airflow_env/lib/python3.12/site-packages/airflow/example_dags/example_task_group.py
[2026-05-14T00:01:13.166+0000] {logging_mixin.py:188} INFO - [2026-05-14T00:01:13.165+0000] {dag.py:3089} INFO - Sync 1 DAGs
[2026-05-14T00:01:13.178+0000] {logging_mixin.py:188} INFO - [2026-05-14T00:01:13.178+0000] {dag.py:3947} INFO - Setting next_dagrun for example_task_group to 2026-05-13 00:00:00+00:00, run_after=2026-05-14 00:00:00+00:00
[2026-05-14T00:01:13.193+0000] {processor.py:183} INFO - Processing /workspaces/Airflow_project/airflow_env/lib/python3.12/site-packages/airflow/example_dags/example_task_group.py took 0.056 seconds
[2026-05-14T00:01:56.229+0000] {processor.py:161} INFO - Started process (PID=97157) to work on /workspaces/Airflow_project/airflow_env/lib/python3.12/site-packages/airflow/example_dags/example_task_group.py
[2026-05-14T00:01:56.230+0000] {processor.py:830} INFO - Processing file /workspaces/Airflow_project/airflow_env/lib/python3.12/site-packages/airflow/example_dags/example_task_group.py for tasks to queue
[2026-05-14T00:01:56.231+0000] {logging_mixin.py:188} INFO - [2026-05-14T00:01:56.230+0000] {dagbag.py:545} INFO - Filling up the DagBag from /workspaces/Airflow_project/airflow_env/lib/python3.12/site-packages/airflow/example_dags/example_task_group.py
[2026-05-14T00:01:56.242+0000] {processor.py:840} INFO - DAG(s) 'example_task_group' retrieved from /workspaces/Airflow_project/airflow_env/lib/python3.12/site-packages/airflow/example_dags/example_task_group.py
[2026-05-14T00:01:56.264+0000] {logging_mixin.py:188} INFO - [2026-05-14T00:01:56.263+0000] {dag.py:3089} INFO - Sync 1 DAGs
[2026-05-14T00:01:56.280+0000] {logging_mixin.py:188} INFO - [2026-05-14T00:01:56.280+0000] {dag.py:3947} INFO - Setting next_dagrun for example_task_group to 2026-05-13 00:00:00+00:00, run_after=2026-05-14 00:00:00+00:00
[2026-05-14T00:01:56.316+0000] {processor.py:183} INFO - Processing /workspaces/Airflow_project/airflow_env/lib/python3.12/site-packages/airflow/example_dags/example_task_group.py took 0.094 seconds
[2026-05-14T00:02:39.775+0000] {processor.py:161} INFO - Started process (PID=97487) to work on /workspaces/Airflow_project/airflow_env/lib/python3.12/site-packages/airflow/example_dags/example_task_group.py
[2026-05-14T00:02:39.776+0000] {processor.py:830} INFO - Processing file /workspaces/Airflow_project/airflow_env/lib/python3.12/site-packages/airflow/example_dags/example_task_group.py for tasks to queue
[2026-05-14T00:02:39.777+0000] {logging_mixin.py:188} INFO - [2026-05-14T00:02:39.777+0000] {dagbag.py:545} INFO - Filling up the DagBag from /workspaces/Airflow_project/airflow_env/lib/python3.12/site-packages/airflow/example_dags/example_task_group.py
[2026-05-14T00:02:39.784+0000] {processor.py:840} INFO - DAG(s) 'example_task_group' retrieved from /workspaces/Airflow_project/airflow_env/lib/python3.12/site-packages/airflow/example_dags/example_task_group.py
[2026-05-14T00:02:39.805+0000] {logging_mixin.py:188} INFO - [2026-05-14T00:02:39.805+0000] {dag.py:3089} INFO - Sync 1 DAGs
[2026-05-14T00:02:39.817+0000] {logging_mixin.py:188} INFO - [2026-05-14T00:02:39.816+0000] {dag.py:3947} INFO - Setting next_dagrun for example_task_group to 2026-05-13 00:00:00+00:00, run_after=2026-05-14 00:00:00+00:00
[2026-05-14T00:02:39.831+0000] {processor.py:183} INFO - Processing /workspaces/Airflow_project/airflow_env/lib/python3.12/site-packages/airflow/example_dags/example_task_group.py took 0.063 seconds
[2026-05-14T00:03:24.055+0000] {processor.py:161} INFO - Started process (PID=97830) to work on /workspaces/Airflow_project/airflow_env/lib/python3.12/site-packages/airflow/example_dags/example_task_group.py
[2026-05-14T00:03:24.055+0000] {processor.py:830} INFO - Processing file /workspaces/Airflow_project/airflow_env/lib/python3.12/site-packages/airflow/example_dags/example_task_group.py for tasks to queue
[2026-05-14T00:03:24.056+0000] {logging_mixin.py:188} INFO - [2026-05-14T00:03:24.056+0000] {dagbag.py:545} INFO - Filling up the DagBag from /workspaces/Airflow_project/airflow_env/lib/python3.12/site-packages/airflow/example_dags/example_task_group.py
[2026-05-14T00:03:24.062+0000] {processor.py:840} INFO - DAG(s) 'example_task_group' retrieved from /workspaces/Airflow_project/airflow_env/lib/python3.12/site-packages/airflow/example_dags/example_task_group.py
[2026-05-14T00:03:24.075+0000] {logging_mixin.py:188} INFO - [2026-05-14T00:03:24.075+0000] {dag.py:3089} INFO - Sync 1 DAGs
[2026-05-14T00:03:24.087+0000] {logging_mixin.py:188} INFO - [2026-05-14T00:03:24.087+0000] {dag.py:3947} INFO - Setting next_dagrun for example_task_group to 2026-05-13 00:00:00+00:00, run_after=2026-05-14 00:00:00+00:00
[2026-05-14T00:03:24.102+0000] {processor.py:183} INFO - Processing /workspaces/Airflow_project/airflow_env/lib/python3.12/site-packages/airflow/example_dags/example_task_group.py took 0.054 seconds
[2026-05-14T00:04:12.801+0000] {processor.py:161} INFO - Started process (PID=98212) to work on /workspaces/Airflow_project/airflow_env/lib/python3.12/site-packages/airflow/example_dags/example_task_group.py
[2026-05-14T00:04:12.802+0000] {processor.py:830} INFO - Processing file /workspaces/Airflow_project/airflow_env/lib/python3.12/site-packages/airflow/example_dags/example_task_group.py for tasks to queue
[2026-05-14T00:04:12.803+0000] {logging_mixin.py:188} INFO - [2026-05-14T00:04:12.803+0000] {dagbag.py:545} INFO - Filling up the DagBag from /workspaces/Airflow_project/airflow_env/lib/python3.12/site-packages/airflow/example_dags/example_task_group.py
[2026-05-14T00:04:12.812+0000] {processor.py:840} INFO - DAG(s) 'example_task_group' retrieved from /workspaces/Airflow_project/airflow_env/lib/python3.12/site-packages/airflow/example_dags/example_task_group.py
[2026-05-14T00:04:12.834+0000] {logging_mixin.py:188} INFO - [2026-05-14T00:04:12.834+0000] {dag.py:3089} INFO - Sync 1 DAGs
[2026-05-14T00:04:12.852+0000] {logging_mixin.py:188} INFO - [2026-05-14T00:04:12.852+0000] {dag.py:3947} INFO - Setting next_dagrun for example_task_group to 2026-05-13 00:00:00+00:00, run_after=2026-05-14 00:00:00+00:00
[2026-05-14T00:04:12.878+0000] {processor.py:183} INFO - Processing /workspaces/Airflow_project/airflow_env/lib/python3.12/site-packages/airflow/example_dags/example_task_group.py took 0.083 seconds
[2026-05-14T00:05:01.721+0000] {processor.py:161} INFO - Started process (PID=98625) to work on /workspaces/Airflow_project/airflow_env/lib/python3.12/site-packages/airflow/example_dags/example_task_group.py
[2026-05-14T00:05:01.722+0000] {processor.py:830} INFO - Processing file /workspaces/Airflow_project/airflow_env/lib/python3.12/site-packages/airflow/example_dags/example_task_group.py for tasks to queue
[2026-05-14T00:05:01.722+0000] {logging_mixin.py:188} INFO - [2026-05-14T00:05:01.722+0000] {dagbag.py:545} INFO - Filling up the DagBag from /workspaces/Airflow_project/airflow_env/lib/python3.12/site-packages/airflow/example_dags/example_task_group.py
[2026-05-14T00:05:01.728+0000] {processor.py:840} INFO - DAG(s) 'example_task_group' retrieved from /workspaces/Airflow_project/airflow_env/lib/python3.12/site-packages/airflow/example_dags/example_task_group.py
[2026-05-14T00:05:01.743+0000] {logging_mixin.py:188} INFO - [2026-05-14T00:05:01.743+0000] {dag.py:3089} INFO - Sync 1 DAGs
[2026-05-14T00:05:01.758+0000] {logging_mixin.py:188} INFO - [2026-05-14T00:05:01.758+0000] {dag.py:3947} INFO - Setting next_dagrun for example_task_group to 2026-05-13 00:00:00+00:00, run_after=2026-05-14 00:00:00+00:00
[2026-05-14T00:05:01.774+0000] {processor.py:183} INFO - Processing /workspaces/Airflow_project/airflow_env/lib/python3.12/site-packages/airflow/example_dags/example_task_group.py took 0.057 seconds
[2026-05-14T00:05:47.053+0000] {processor.py:161} INFO - Started process (PID=98986) to work on /workspaces/Airflow_project/airflow_env/lib/python3.12/site-packages/airflow/example_dags/example_task_group.py
[2026-05-14T00:05:47.053+0000] {processor.py:830} INFO - Processing file /workspaces/Airflow_project/airflow_env/lib/python3.12/site-packages/airflow/example_dags/example_task_group.py for tasks to queue
[2026-05-14T00:05:47.054+0000] {logging_mixin.py:188} INFO - [2026-05-14T00:05:47.054+0000] {dagbag.py:545} INFO - Filling up the DagBag from /workspaces/Airflow_project/airflow_env/lib/python3.12/site-packages/airflow/example_dags/example_task_group.py
[2026-05-14T00:05:47.060+0000] {processor.py:840} INFO - DAG(s) 'example_task_group' retrieved from /workspaces/Airflow_project/airflow_env/lib/python3.12/site-packages/airflow/example_dags/example_task_group.py
[2026-05-14T00:05:47.073+0000] {logging_mixin.py:188} INFO - [2026-05-14T00:05:47.073+0000] {dag.py:3089} INFO - Sync 1 DAGs
[2026-05-14T00:05:47.086+0000] {logging_mixin.py:188} INFO - [2026-05-14T00:05:47.086+0000] {dag.py:3947} INFO - Setting next_dagrun for example_task_group to 2026-05-13 00:00:00+00:00, run_after=2026-05-14 00:00:00+00:00
[2026-05-14T00:05:47.101+0000] {processor.py:183} INFO - Processing /workspaces/Airflow_project/airflow_env/lib/python3.12/site-packages/airflow/example_dags/example_task_group.py took 0.054 seconds
[2026-05-14T00:06:28.277+0000] {processor.py:161} INFO - Started process (PID=99320) to work on /workspaces/Airflow_project/airflow_env/lib/python3.12/site-packages/airflow/example_dags/example_task_group.py
[2026-05-14T00:06:28.278+0000] {processor.py:830} INFO - Processing file /workspaces/Airflow_project/airflow_env/lib/python3.12/site-packages/airflow/example_dags/example_task_group.py for tasks to queue
[2026-05-14T00:06:28.278+0000] {logging_mixin.py:188} INFO - [2026-05-14T00:06:28.278+0000] {dagbag.py:545} INFO - Filling up the DagBag from /workspaces/Airflow_project/airflow_env/lib/python3.12/site-packages/airflow/example_dags/example_task_group.py
[2026-05-14T00:06:28.287+0000] {processor.py:840} INFO - DAG(s) 'example_task_group' retrieved from /workspaces/Airflow_project/airflow_env/lib/python3.12/site-packages/airflow/example_dags/example_task_group.py
[2026-05-14T00:06:28.320+0000] {logging_mixin.py:188} INFO - [2026-05-14T00:06:28.320+0000] {dag.py:3089} INFO - Sync 1 DAGs
[2026-05-14T00:06:28.349+0000] {logging_mixin.py:188} INFO - [2026-05-14T00:06:28.349+0000] {dag.py:3947} INFO - Setting next_dagrun for example_task_group to 2026-05-13 00:00:00+00:00, run_after=2026-05-14 00:00:00+00:00
[2026-05-14T00:06:28.373+0000] {processor.py:183} INFO - Processing /workspaces/Airflow_project/airflow_env/lib/python3.12/site-packages/airflow/example_dags/example_task_group.py took 0.104 seconds
[2026-05-14T00:07:14.869+0000] {processor.py:161} INFO - Started process (PID=99713) to work on /workspaces/Airflow_project/airflow_env/lib/python3.12/site-packages/airflow/example_dags/example_task_group.py
[2026-05-14T00:07:14.870+0000] {processor.py:830} INFO - Processing file /workspaces/Airflow_project/airflow_env/lib/python3.12/site-packages/airflow/example_dags/example_task_group.py for tasks to queue
[2026-05-14T00:07:14.870+0000] {logging_mixin.py:188} INFO - [2026-05-14T00:07:14.870+0000] {dagbag.py:545} INFO - Filling up the DagBag from /workspaces/Airflow_project/airflow_env/lib/python3.12/site-packages/airflow/example_dags/example_task_group.py
[2026-05-14T00:07:14.876+0000] {processor.py:840} INFO - DAG(s) 'example_task_group' retrieved from /workspaces/Airflow_project/airflow_env/lib/python3.12/site-packages/airflow/example_dags/example_task_group.py
[2026-05-14T00:07:14.890+0000] {logging_mixin.py:188} INFO - [2026-05-14T00:07:14.889+0000] {dag.py:3089} INFO - Sync 1 DAGs
[2026-05-14T00:07:14.901+0000] {logging_mixin.py:188} INFO - [2026-05-14T00:07:14.901+0000] {dag.py:3947} INFO - Setting next_dagrun for example_task_group to 2026-05-13 00:00:00+00:00, run_after=2026-05-14 00:00:00+00:00
[2026-05-14T00:07:14.916+0000] {processor.py:183} INFO - Processing /workspaces/Airflow_project/airflow_env/lib/python3.12/site-packages/airflow/example_dags/example_task_group.py took 0.052 seconds
[2026-05-14T00:08:00.241+0000] {processor.py:161} INFO - Started process (PID=100061) to work on /workspaces/Airflow_project/airflow_env/lib/python3.12/site-packages/airflow/example_dags/example_task_group.py
[2026-05-14T00:08:00.242+0000] {processor.py:830} INFO - Processing file /workspaces/Airflow_project/airflow_env/lib/python3.12/site-packages/airflow/example_dags/example_task_group.py for tasks to queue
[2026-05-14T00:08:00.243+0000] {logging_mixin.py:188} INFO - [2026-05-14T00:08:00.243+0000] {dagbag.py:545} INFO - Filling up the DagBag from /workspaces/Airflow_project/airflow_env/lib/python3.12/site-packages/airflow/example_dags/example_task_group.py
[2026-05-14T00:08:00.255+0000] {processor.py:840} INFO - DAG(s) 'example_task_group' retrieved from /workspaces/Airflow_project/airflow_env/lib/python3.12/site-packages/airflow/example_dags/example_task_group.py
[2026-05-14T00:08:00.286+0000] {logging_mixin.py:188} INFO - [2026-05-14T00:08:00.285+0000] {dag.py:3089} INFO - Sync 1 DAGs
[2026-05-14T00:08:00.313+0000] {logging_mixin.py:188} INFO - [2026-05-14T00:08:00.312+0000] {dag.py:3947} INFO - Setting next_dagrun for example_task_group to 2026-05-13 00:00:00+00:00, run_after=2026-05-14 00:00:00+00:00
[2026-05-14T00:08:00.338+0000] {processor.py:183} INFO - Processing /workspaces/Airflow_project/airflow_env/lib/python3.12/site-packages/airflow/example_dags/example_task_group.py took 0.104 seconds
[2026-05-14T00:08:43.393+0000] {processor.py:161} INFO - Started process (PID=100411) to work on /workspaces/Airflow_project/airflow_env/lib/python3.12/site-packages/airflow/example_dags/example_task_group.py
[2026-05-14T00:08:43.393+0000] {processor.py:830} INFO - Processing file /workspaces/Airflow_project/airflow_env/lib/python3.12/site-packages/airflow/example_dags/example_task_group.py for tasks to queue
[2026-05-14T00:08:43.394+0000] {logging_mixin.py:188} INFO - [2026-05-14T00:08:43.394+0000] {dagbag.py:545} INFO - Filling up the DagBag from /workspaces/Airflow_project/airflow_env/lib/python3.12/site-packages/airflow/example_dags/example_task_group.py
[2026-05-14T00:08:43.400+0000] {processor.py:840} INFO - DAG(s) 'example_task_group' retrieved from /workspaces/Airflow_project/airflow_env/lib/python3.12/site-packages/airflow/example_dags/example_task_group.py
[2026-05-14T00:08:43.413+0000] {logging_mixin.py:188} INFO - [2026-05-14T00:08:43.413+0000] {dag.py:3089} INFO - Sync 1 DAGs
[2026-05-14T00:08:43.425+0000] {logging_mixin.py:188} INFO - [2026-05-14T00:08:43.424+0000] {dag.py:3947} INFO - Setting next_dagrun for example_task_group to 2026-05-13 00:00:00+00:00, run_after=2026-05-14 00:00:00+00:00
[2026-05-14T00:08:43.440+0000] {processor.py:183} INFO - Processing /workspaces/Airflow_project/airflow_env/lib/python3.12/site-packages/airflow/example_dags/example_task_group.py took 0.053 seconds
[2026-05-14T00:09:28.939+0000] {processor.py:161} INFO - Started process (PID=101395) to work on /workspaces/Airflow_project/airflow_env/lib/python3.12/site-packages/airflow/example_dags/example_task_group.py
[2026-05-14T00:09:28.940+0000] {processor.py:830} INFO - Processing file /workspaces/Airflow_project/airflow_env/lib/python3.12/site-packages/airflow/example_dags/example_task_group.py for tasks to queue
[2026-05-14T00:09:28.941+0000] {logging_mixin.py:188} INFO - [2026-05-14T00:09:28.940+0000] {dagbag.py:545} INFO - Filling up the DagBag from /workspaces/Airflow_project/airflow_env/lib/python3.12/site-packages/airflow/example_dags/example_task_group.py
