[2026-05-14T00:00:26.362+0000] {processor.py:161} INFO - Started process (PID=96387) to work on /workspaces/Airflow_project/airflow_env/lib/python3.12/site-packages/airflow/example_dags/example_params_trigger_ui.py
[2026-05-14T00:00:26.362+0000] {processor.py:830} INFO - Processing file /workspaces/Airflow_project/airflow_env/lib/python3.12/site-packages/airflow/example_dags/example_params_trigger_ui.py for tasks to queue
[2026-05-14T00:00:26.363+0000] {logging_mixin.py:188} INFO - [2026-05-14T00:00:26.363+0000] {dagbag.py:545} INFO - Filling up the DagBag from /workspaces/Airflow_project/airflow_env/lib/python3.12/site-packages/airflow/example_dags/example_params_trigger_ui.py
[2026-05-14T00:00:26.370+0000] {processor.py:840} INFO - DAG(s) 'example_params_trigger_ui' retrieved from /workspaces/Airflow_project/airflow_env/lib/python3.12/site-packages/airflow/example_dags/example_params_trigger_ui.py
[2026-05-14T00:00:26.397+0000] {logging_mixin.py:188} INFO - [2026-05-14T00:00:26.397+0000] {dag.py:3089} INFO - Sync 1 DAGs
[2026-05-14T00:00:26.405+0000] {logging_mixin.py:188} INFO - [2026-05-14T00:00:26.405+0000] {dag.py:3947} INFO - Setting next_dagrun for example_params_trigger_ui to None, run_after=None
[2026-05-14T00:00:26.420+0000] {processor.py:183} INFO - Processing /workspaces/Airflow_project/airflow_env/lib/python3.12/site-packages/airflow/example_dags/example_params_trigger_ui.py took 0.064 seconds
[2026-05-14T00:01:19.427+0000] {processor.py:161} INFO - Started process (PID=96828) to work on /workspaces/Airflow_project/airflow_env/lib/python3.12/site-packages/airflow/example_dags/example_params_trigger_ui.py
[2026-05-14T00:01:19.427+0000] {processor.py:830} INFO - Processing file /workspaces/Airflow_project/airflow_env/lib/python3.12/site-packages/airflow/example_dags/example_params_trigger_ui.py for tasks to queue
[2026-05-14T00:01:19.428+0000] {logging_mixin.py:188} INFO - [2026-05-14T00:01:19.428+0000] {dagbag.py:545} INFO - Filling up the DagBag from /workspaces/Airflow_project/airflow_env/lib/python3.12/site-packages/airflow/example_dags/example_params_trigger_ui.py
[2026-05-14T00:01:19.435+0000] {processor.py:840} INFO - DAG(s) 'example_params_trigger_ui' retrieved from /workspaces/Airflow_project/airflow_env/lib/python3.12/site-packages/airflow/example_dags/example_params_trigger_ui.py
[2026-05-14T00:01:19.467+0000] {logging_mixin.py:188} INFO - [2026-05-14T00:01:19.467+0000] {dag.py:3089} INFO - Sync 1 DAGs
[2026-05-14T00:01:19.475+0000] {logging_mixin.py:188} INFO - [2026-05-14T00:01:19.475+0000] {dag.py:3947} INFO - Setting next_dagrun for example_params_trigger_ui to None, run_after=None
[2026-05-14T00:01:19.489+0000] {processor.py:183} INFO - Processing /workspaces/Airflow_project/airflow_env/lib/python3.12/site-packages/airflow/example_dags/example_params_trigger_ui.py took 0.067 seconds
[2026-05-14T00:02:24.796+0000] {processor.py:161} INFO - Started process (PID=97383) to work on /workspaces/Airflow_project/airflow_env/lib/python3.12/site-packages/airflow/example_dags/example_params_trigger_ui.py
[2026-05-14T00:02:24.797+0000] {processor.py:830} INFO - Processing file /workspaces/Airflow_project/airflow_env/lib/python3.12/site-packages/airflow/example_dags/example_params_trigger_ui.py for tasks to queue
[2026-05-14T00:02:24.798+0000] {logging_mixin.py:188} INFO - [2026-05-14T00:02:24.797+0000] {dagbag.py:545} INFO - Filling up the DagBag from /workspaces/Airflow_project/airflow_env/lib/python3.12/site-packages/airflow/example_dags/example_params_trigger_ui.py
[2026-05-14T00:02:24.805+0000] {processor.py:840} INFO - DAG(s) 'example_params_trigger_ui' retrieved from /workspaces/Airflow_project/airflow_env/lib/python3.12/site-packages/airflow/example_dags/example_params_trigger_ui.py
[2026-05-14T00:02:24.832+0000] {logging_mixin.py:188} INFO - [2026-05-14T00:02:24.831+0000] {dag.py:3089} INFO - Sync 1 DAGs
[2026-05-14T00:02:24.840+0000] {logging_mixin.py:188} INFO - [2026-05-14T00:02:24.840+0000] {dag.py:3947} INFO - Setting next_dagrun for example_params_trigger_ui to None, run_after=None
[2026-05-14T00:02:24.861+0000] {processor.py:183} INFO - Processing /workspaces/Airflow_project/airflow_env/lib/python3.12/site-packages/airflow/example_dags/example_params_trigger_ui.py took 0.070 seconds
[2026-05-14T00:03:32.599+0000] {processor.py:161} INFO - Started process (PID=97894) to work on /workspaces/Airflow_project/airflow_env/lib/python3.12/site-packages/airflow/example_dags/example_params_trigger_ui.py
[2026-05-14T00:03:32.599+0000] {processor.py:830} INFO - Processing file /workspaces/Airflow_project/airflow_env/lib/python3.12/site-packages/airflow/example_dags/example_params_trigger_ui.py for tasks to queue
[2026-05-14T00:03:32.600+0000] {logging_mixin.py:188} INFO - [2026-05-14T00:03:32.600+0000] {dagbag.py:545} INFO - Filling up the DagBag from /workspaces/Airflow_project/airflow_env/lib/python3.12/site-packages/airflow/example_dags/example_params_trigger_ui.py
[2026-05-14T00:03:32.607+0000] {processor.py:840} INFO - DAG(s) 'example_params_trigger_ui' retrieved from /workspaces/Airflow_project/airflow_env/lib/python3.12/site-packages/airflow/example_dags/example_params_trigger_ui.py
[2026-05-14T00:03:32.633+0000] {logging_mixin.py:188} INFO - [2026-05-14T00:03:32.633+0000] {dag.py:3089} INFO - Sync 1 DAGs
[2026-05-14T00:03:32.648+0000] {logging_mixin.py:188} INFO - [2026-05-14T00:03:32.648+0000] {dag.py:3947} INFO - Setting next_dagrun for example_params_trigger_ui to None, run_after=None
[2026-05-14T00:03:32.672+0000] {processor.py:183} INFO - Processing /workspaces/Airflow_project/airflow_env/lib/python3.12/site-packages/airflow/example_dags/example_params_trigger_ui.py took 0.078 seconds
[2026-05-14T00:04:20.824+0000] {processor.py:161} INFO - Started process (PID=98284) to work on /workspaces/Airflow_project/airflow_env/lib/python3.12/site-packages/airflow/example_dags/example_params_trigger_ui.py
[2026-05-14T00:04:20.824+0000] {processor.py:830} INFO - Processing file /workspaces/Airflow_project/airflow_env/lib/python3.12/site-packages/airflow/example_dags/example_params_trigger_ui.py for tasks to queue
[2026-05-14T00:04:20.825+0000] {logging_mixin.py:188} INFO - [2026-05-14T00:04:20.825+0000] {dagbag.py:545} INFO - Filling up the DagBag from /workspaces/Airflow_project/airflow_env/lib/python3.12/site-packages/airflow/example_dags/example_params_trigger_ui.py
[2026-05-14T00:04:20.832+0000] {processor.py:840} INFO - DAG(s) 'example_params_trigger_ui' retrieved from /workspaces/Airflow_project/airflow_env/lib/python3.12/site-packages/airflow/example_dags/example_params_trigger_ui.py
[2026-05-14T00:04:20.865+0000] {logging_mixin.py:188} INFO - [2026-05-14T00:04:20.865+0000] {dag.py:3089} INFO - Sync 1 DAGs
[2026-05-14T00:04:20.872+0000] {logging_mixin.py:188} INFO - [2026-05-14T00:04:20.872+0000] {dag.py:3947} INFO - Setting next_dagrun for example_params_trigger_ui to None, run_after=None
[2026-05-14T00:04:20.888+0000] {processor.py:183} INFO - Processing /workspaces/Airflow_project/airflow_env/lib/python3.12/site-packages/airflow/example_dags/example_params_trigger_ui.py took 0.069 seconds
[2026-05-14T00:05:07.965+0000] {processor.py:161} INFO - Started process (PID=98686) to work on /workspaces/Airflow_project/airflow_env/lib/python3.12/site-packages/airflow/example_dags/example_params_trigger_ui.py
[2026-05-14T00:05:07.966+0000] {processor.py:830} INFO - Processing file /workspaces/Airflow_project/airflow_env/lib/python3.12/site-packages/airflow/example_dags/example_params_trigger_ui.py for tasks to queue
[2026-05-14T00:05:07.967+0000] {logging_mixin.py:188} INFO - [2026-05-14T00:05:07.966+0000] {dagbag.py:545} INFO - Filling up the DagBag from /workspaces/Airflow_project/airflow_env/lib/python3.12/site-packages/airflow/example_dags/example_params_trigger_ui.py
[2026-05-14T00:05:07.974+0000] {processor.py:840} INFO - DAG(s) 'example_params_trigger_ui' retrieved from /workspaces/Airflow_project/airflow_env/lib/python3.12/site-packages/airflow/example_dags/example_params_trigger_ui.py
[2026-05-14T00:05:08.000+0000] {logging_mixin.py:188} INFO - [2026-05-14T00:05:08.000+0000] {dag.py:3089} INFO - Sync 1 DAGs
[2026-05-14T00:05:08.008+0000] {logging_mixin.py:188} INFO - [2026-05-14T00:05:08.008+0000] {dag.py:3947} INFO - Setting next_dagrun for example_params_trigger_ui to None, run_after=None
[2026-05-14T00:05:08.022+0000] {processor.py:183} INFO - Processing /workspaces/Airflow_project/airflow_env/lib/python3.12/site-packages/airflow/example_dags/example_params_trigger_ui.py took 0.062 seconds
[2026-05-14T00:05:53.675+0000] {processor.py:161} INFO - Started process (PID=99043) to work on /workspaces/Airflow_project/airflow_env/lib/python3.12/site-packages/airflow/example_dags/example_params_trigger_ui.py
[2026-05-14T00:05:53.676+0000] {processor.py:830} INFO - Processing file /workspaces/Airflow_project/airflow_env/lib/python3.12/site-packages/airflow/example_dags/example_params_trigger_ui.py for tasks to queue
[2026-05-14T00:05:53.677+0000] {logging_mixin.py:188} INFO - [2026-05-14T00:05:53.676+0000] {dagbag.py:545} INFO - Filling up the DagBag from /workspaces/Airflow_project/airflow_env/lib/python3.12/site-packages/airflow/example_dags/example_params_trigger_ui.py
[2026-05-14T00:05:53.684+0000] {processor.py:840} INFO - DAG(s) 'example_params_trigger_ui' retrieved from /workspaces/Airflow_project/airflow_env/lib/python3.12/site-packages/airflow/example_dags/example_params_trigger_ui.py
[2026-05-14T00:05:53.710+0000] {logging_mixin.py:188} INFO - [2026-05-14T00:05:53.710+0000] {dag.py:3089} INFO - Sync 1 DAGs
[2026-05-14T00:05:53.718+0000] {logging_mixin.py:188} INFO - [2026-05-14T00:05:53.717+0000] {dag.py:3947} INFO - Setting next_dagrun for example_params_trigger_ui to None, run_after=None
[2026-05-14T00:05:53.732+0000] {processor.py:183} INFO - Processing /workspaces/Airflow_project/airflow_env/lib/python3.12/site-packages/airflow/example_dags/example_params_trigger_ui.py took 0.061 seconds
[2026-05-14T00:06:58.944+0000] {processor.py:161} INFO - Started process (PID=99590) to work on /workspaces/Airflow_project/airflow_env/lib/python3.12/site-packages/airflow/example_dags/example_params_trigger_ui.py
[2026-05-14T00:06:58.945+0000] {processor.py:830} INFO - Processing file /workspaces/Airflow_project/airflow_env/lib/python3.12/site-packages/airflow/example_dags/example_params_trigger_ui.py for tasks to queue
[2026-05-14T00:06:58.946+0000] {logging_mixin.py:188} INFO - [2026-05-14T00:06:58.946+0000] {dagbag.py:545} INFO - Filling up the DagBag from /workspaces/Airflow_project/airflow_env/lib/python3.12/site-packages/airflow/example_dags/example_params_trigger_ui.py
[2026-05-14T00:06:58.960+0000] {processor.py:840} INFO - DAG(s) 'example_params_trigger_ui' retrieved from /workspaces/Airflow_project/airflow_env/lib/python3.12/site-packages/airflow/example_dags/example_params_trigger_ui.py
[2026-05-14T00:06:59.007+0000] {logging_mixin.py:188} INFO - [2026-05-14T00:06:59.007+0000] {dag.py:3089} INFO - Sync 1 DAGs
[2026-05-14T00:06:59.021+0000] {logging_mixin.py:188} INFO - [2026-05-14T00:06:59.021+0000] {dag.py:3947} INFO - Setting next_dagrun for example_params_trigger_ui to None, run_after=None
[2026-05-14T00:06:59.046+0000] {processor.py:183} INFO - Processing /workspaces/Airflow_project/airflow_env/lib/python3.12/site-packages/airflow/example_dags/example_params_trigger_ui.py took 0.108 seconds
[2026-05-14T00:07:47.322+0000] {processor.py:161} INFO - Started process (PID=99956) to work on /workspaces/Airflow_project/airflow_env/lib/python3.12/site-packages/airflow/example_dags/example_params_trigger_ui.py
[2026-05-14T00:07:47.323+0000] {processor.py:830} INFO - Processing file /workspaces/Airflow_project/airflow_env/lib/python3.12/site-packages/airflow/example_dags/example_params_trigger_ui.py for tasks to queue
[2026-05-14T00:07:47.323+0000] {logging_mixin.py:188} INFO - [2026-05-14T00:07:47.323+0000] {dagbag.py:545} INFO - Filling up the DagBag from /workspaces/Airflow_project/airflow_env/lib/python3.12/site-packages/airflow/example_dags/example_params_trigger_ui.py
[2026-05-14T00:07:47.332+0000] {processor.py:840} INFO - DAG(s) 'example_params_trigger_ui' retrieved from /workspaces/Airflow_project/airflow_env/lib/python3.12/site-packages/airflow/example_dags/example_params_trigger_ui.py
[2026-05-14T00:07:47.365+0000] {logging_mixin.py:188} INFO - [2026-05-14T00:07:47.365+0000] {dag.py:3089} INFO - Sync 1 DAGs
[2026-05-14T00:07:47.372+0000] {logging_mixin.py:188} INFO - [2026-05-14T00:07:47.372+0000] {dag.py:3947} INFO - Setting next_dagrun for example_params_trigger_ui to None, run_after=None
[2026-05-14T00:07:47.387+0000] {processor.py:183} INFO - Processing /workspaces/Airflow_project/airflow_env/lib/python3.12/site-packages/airflow/example_dags/example_params_trigger_ui.py took 0.070 seconds
[2026-05-14T00:08:53.560+0000] {processor.py:161} INFO - Started process (PID=100494) to work on /workspaces/Airflow_project/airflow_env/lib/python3.12/site-packages/airflow/example_dags/example_params_trigger_ui.py
[2026-05-14T00:08:53.561+0000] {processor.py:830} INFO - Processing file /workspaces/Airflow_project/airflow_env/lib/python3.12/site-packages/airflow/example_dags/example_params_trigger_ui.py for tasks to queue
[2026-05-14T00:08:53.562+0000] {logging_mixin.py:188} INFO - [2026-05-14T00:08:53.562+0000] {dagbag.py:545} INFO - Filling up the DagBag from /workspaces/Airflow_project/airflow_env/lib/python3.12/site-packages/airflow/example_dags/example_params_trigger_ui.py
[2026-05-14T00:08:53.572+0000] {processor.py:840} INFO - DAG(s) 'example_params_trigger_ui' retrieved from /workspaces/Airflow_project/airflow_env/lib/python3.12/site-packages/airflow/example_dags/example_params_trigger_ui.py
[2026-05-14T00:08:53.613+0000] {logging_mixin.py:188} INFO - [2026-05-14T00:08:53.613+0000] {dag.py:3089} INFO - Sync 1 DAGs
[2026-05-14T00:08:53.621+0000] {logging_mixin.py:188} INFO - [2026-05-14T00:08:53.620+0000] {dag.py:3947} INFO - Setting next_dagrun for example_params_trigger_ui to None, run_after=None
[2026-05-14T00:08:53.638+0000] {processor.py:183} INFO - Processing /workspaces/Airflow_project/airflow_env/lib/python3.12/site-packages/airflow/example_dags/example_params_trigger_ui.py took 0.085 seconds
