[2026-05-14T00:00:52.763+0000] {processor.py:161} INFO - Started process (PID=96630) to work on /workspaces/Airflow_project/airflow_env/lib/python3.12/site-packages/airflow/example_dags/example_latest_only_with_trigger.py
[2026-05-14T00:00:52.763+0000] {processor.py:830} INFO - Processing file /workspaces/Airflow_project/airflow_env/lib/python3.12/site-packages/airflow/example_dags/example_latest_only_with_trigger.py for tasks to queue
[2026-05-14T00:00:52.764+0000] {logging_mixin.py:188} INFO - [2026-05-14T00:00:52.764+0000] {dagbag.py:545} INFO - Filling up the DagBag from /workspaces/Airflow_project/airflow_env/lib/python3.12/site-packages/airflow/example_dags/example_latest_only_with_trigger.py
[2026-05-14T00:00:52.769+0000] {processor.py:840} INFO - DAG(s) 'latest_only_with_trigger' retrieved from /workspaces/Airflow_project/airflow_env/lib/python3.12/site-packages/airflow/example_dags/example_latest_only_with_trigger.py
[2026-05-14T00:00:52.782+0000] {logging_mixin.py:188} INFO - [2026-05-14T00:00:52.782+0000] {dag.py:3089} INFO - Sync 1 DAGs
[2026-05-14T00:00:52.794+0000] {logging_mixin.py:188} INFO - [2026-05-14T00:00:52.794+0000] {dag.py:3947} INFO - Setting next_dagrun for latest_only_with_trigger to 2026-05-13 20:00:00+00:00, run_after=2026-05-14 00:00:00+00:00
[2026-05-14T00:00:52.810+0000] {processor.py:183} INFO - Processing /workspaces/Airflow_project/airflow_env/lib/python3.12/site-packages/airflow/example_dags/example_latest_only_with_trigger.py took 0.051 seconds
[2026-05-14T00:01:45.791+0000] {processor.py:161} INFO - Started process (PID=97045) to work on /workspaces/Airflow_project/airflow_env/lib/python3.12/site-packages/airflow/example_dags/example_latest_only_with_trigger.py
[2026-05-14T00:01:45.792+0000] {processor.py:830} INFO - Processing file /workspaces/Airflow_project/airflow_env/lib/python3.12/site-packages/airflow/example_dags/example_latest_only_with_trigger.py for tasks to queue
[2026-05-14T00:01:45.793+0000] {logging_mixin.py:188} INFO - [2026-05-14T00:01:45.793+0000] {dagbag.py:545} INFO - Filling up the DagBag from /workspaces/Airflow_project/airflow_env/lib/python3.12/site-packages/airflow/example_dags/example_latest_only_with_trigger.py
[2026-05-14T00:01:45.798+0000] {processor.py:840} INFO - DAG(s) 'latest_only_with_trigger' retrieved from /workspaces/Airflow_project/airflow_env/lib/python3.12/site-packages/airflow/example_dags/example_latest_only_with_trigger.py
[2026-05-14T00:01:45.810+0000] {logging_mixin.py:188} INFO - [2026-05-14T00:01:45.810+0000] {dag.py:3089} INFO - Sync 1 DAGs
[2026-05-14T00:01:45.821+0000] {logging_mixin.py:188} INFO - [2026-05-14T00:01:45.821+0000] {dag.py:3947} INFO - Setting next_dagrun for latest_only_with_trigger to 2026-05-13 20:00:00+00:00, run_after=2026-05-14 00:00:00+00:00
[2026-05-14T00:01:45.836+0000] {processor.py:183} INFO - Processing /workspaces/Airflow_project/airflow_env/lib/python3.12/site-packages/airflow/example_dags/example_latest_only_with_trigger.py took 0.049 seconds
[2026-05-14T00:02:50.045+0000] {processor.py:161} INFO - Started process (PID=97569) to work on /workspaces/Airflow_project/airflow_env/lib/python3.12/site-packages/airflow/example_dags/example_latest_only_with_trigger.py
[2026-05-14T00:02:50.046+0000] {processor.py:830} INFO - Processing file /workspaces/Airflow_project/airflow_env/lib/python3.12/site-packages/airflow/example_dags/example_latest_only_with_trigger.py for tasks to queue
[2026-05-14T00:02:50.046+0000] {logging_mixin.py:188} INFO - [2026-05-14T00:02:50.046+0000] {dagbag.py:545} INFO - Filling up the DagBag from /workspaces/Airflow_project/airflow_env/lib/python3.12/site-packages/airflow/example_dags/example_latest_only_with_trigger.py
[2026-05-14T00:02:50.052+0000] {processor.py:840} INFO - DAG(s) 'latest_only_with_trigger' retrieved from /workspaces/Airflow_project/airflow_env/lib/python3.12/site-packages/airflow/example_dags/example_latest_only_with_trigger.py
[2026-05-14T00:02:50.066+0000] {logging_mixin.py:188} INFO - [2026-05-14T00:02:50.066+0000] {dag.py:3089} INFO - Sync 1 DAGs
[2026-05-14T00:02:50.078+0000] {logging_mixin.py:188} INFO - [2026-05-14T00:02:50.077+0000] {dag.py:3947} INFO - Setting next_dagrun for latest_only_with_trigger to 2026-05-13 20:00:00+00:00, run_after=2026-05-14 00:00:00+00:00
[2026-05-14T00:02:50.092+0000] {processor.py:183} INFO - Processing /workspaces/Airflow_project/airflow_env/lib/python3.12/site-packages/airflow/example_dags/example_latest_only_with_trigger.py took 0.053 seconds
[2026-05-14T00:03:57.476+0000] {processor.py:161} INFO - Started process (PID=98103) to work on /workspaces/Airflow_project/airflow_env/lib/python3.12/site-packages/airflow/example_dags/example_latest_only_with_trigger.py
[2026-05-14T00:03:57.477+0000] {processor.py:830} INFO - Processing file /workspaces/Airflow_project/airflow_env/lib/python3.12/site-packages/airflow/example_dags/example_latest_only_with_trigger.py for tasks to queue
[2026-05-14T00:03:57.478+0000] {logging_mixin.py:188} INFO - [2026-05-14T00:03:57.477+0000] {dagbag.py:545} INFO - Filling up the DagBag from /workspaces/Airflow_project/airflow_env/lib/python3.12/site-packages/airflow/example_dags/example_latest_only_with_trigger.py
[2026-05-14T00:03:57.482+0000] {processor.py:840} INFO - DAG(s) 'latest_only_with_trigger' retrieved from /workspaces/Airflow_project/airflow_env/lib/python3.12/site-packages/airflow/example_dags/example_latest_only_with_trigger.py
[2026-05-14T00:03:57.496+0000] {logging_mixin.py:188} INFO - [2026-05-14T00:03:57.495+0000] {dag.py:3089} INFO - Sync 1 DAGs
[2026-05-14T00:03:57.507+0000] {logging_mixin.py:188} INFO - [2026-05-14T00:03:57.507+0000] {dag.py:3947} INFO - Setting next_dagrun for latest_only_with_trigger to 2026-05-13 20:00:00+00:00, run_after=2026-05-14 00:00:00+00:00
[2026-05-14T00:03:57.522+0000] {processor.py:183} INFO - Processing /workspaces/Airflow_project/airflow_env/lib/python3.12/site-packages/airflow/example_dags/example_latest_only_with_trigger.py took 0.050 seconds
[2026-05-14T00:04:46.638+0000] {processor.py:161} INFO - Started process (PID=98521) to work on /workspaces/Airflow_project/airflow_env/lib/python3.12/site-packages/airflow/example_dags/example_latest_only_with_trigger.py
[2026-05-14T00:04:46.638+0000] {processor.py:830} INFO - Processing file /workspaces/Airflow_project/airflow_env/lib/python3.12/site-packages/airflow/example_dags/example_latest_only_with_trigger.py for tasks to queue
[2026-05-14T00:04:46.639+0000] {logging_mixin.py:188} INFO - [2026-05-14T00:04:46.639+0000] {dagbag.py:545} INFO - Filling up the DagBag from /workspaces/Airflow_project/airflow_env/lib/python3.12/site-packages/airflow/example_dags/example_latest_only_with_trigger.py
[2026-05-14T00:04:46.645+0000] {processor.py:840} INFO - DAG(s) 'latest_only_with_trigger' retrieved from /workspaces/Airflow_project/airflow_env/lib/python3.12/site-packages/airflow/example_dags/example_latest_only_with_trigger.py
[2026-05-14T00:04:46.660+0000] {logging_mixin.py:188} INFO - [2026-05-14T00:04:46.660+0000] {dag.py:3089} INFO - Sync 1 DAGs
[2026-05-14T00:04:46.672+0000] {logging_mixin.py:188} INFO - [2026-05-14T00:04:46.672+0000] {dag.py:3947} INFO - Setting next_dagrun for latest_only_with_trigger to 2026-05-13 20:00:00+00:00, run_after=2026-05-14 00:00:00+00:00
[2026-05-14T00:04:46.686+0000] {processor.py:183} INFO - Processing /workspaces/Airflow_project/airflow_env/lib/python3.12/site-packages/airflow/example_dags/example_latest_only_with_trigger.py took 0.054 seconds
[2026-05-14T00:05:35.042+0000] {processor.py:161} INFO - Started process (PID=98890) to work on /workspaces/Airflow_project/airflow_env/lib/python3.12/site-packages/airflow/example_dags/example_latest_only_with_trigger.py
[2026-05-14T00:05:35.043+0000] {processor.py:830} INFO - Processing file /workspaces/Airflow_project/airflow_env/lib/python3.12/site-packages/airflow/example_dags/example_latest_only_with_trigger.py for tasks to queue
[2026-05-14T00:05:35.044+0000] {logging_mixin.py:188} INFO - [2026-05-14T00:05:35.043+0000] {dagbag.py:545} INFO - Filling up the DagBag from /workspaces/Airflow_project/airflow_env/lib/python3.12/site-packages/airflow/example_dags/example_latest_only_with_trigger.py
[2026-05-14T00:05:35.049+0000] {processor.py:840} INFO - DAG(s) 'latest_only_with_trigger' retrieved from /workspaces/Airflow_project/airflow_env/lib/python3.12/site-packages/airflow/example_dags/example_latest_only_with_trigger.py
[2026-05-14T00:05:35.066+0000] {logging_mixin.py:188} INFO - [2026-05-14T00:05:35.066+0000] {dag.py:3089} INFO - Sync 1 DAGs
[2026-05-14T00:05:35.083+0000] {logging_mixin.py:188} INFO - [2026-05-14T00:05:35.082+0000] {dag.py:3947} INFO - Setting next_dagrun for latest_only_with_trigger to 2026-05-13 20:00:00+00:00, run_after=2026-05-14 00:00:00+00:00
[2026-05-14T00:05:35.111+0000] {processor.py:183} INFO - Processing /workspaces/Airflow_project/airflow_env/lib/python3.12/site-packages/airflow/example_dags/example_latest_only_with_trigger.py took 0.074 seconds
[2026-05-14T00:06:36.176+0000] {processor.py:161} INFO - Started process (PID=99378) to work on /workspaces/Airflow_project/airflow_env/lib/python3.12/site-packages/airflow/example_dags/example_latest_only_with_trigger.py
[2026-05-14T00:06:36.177+0000] {processor.py:830} INFO - Processing file /workspaces/Airflow_project/airflow_env/lib/python3.12/site-packages/airflow/example_dags/example_latest_only_with_trigger.py for tasks to queue
[2026-05-14T00:06:36.178+0000] {logging_mixin.py:188} INFO - [2026-05-14T00:06:36.178+0000] {dagbag.py:545} INFO - Filling up the DagBag from /workspaces/Airflow_project/airflow_env/lib/python3.12/site-packages/airflow/example_dags/example_latest_only_with_trigger.py
[2026-05-14T00:06:36.183+0000] {processor.py:840} INFO - DAG(s) 'latest_only_with_trigger' retrieved from /workspaces/Airflow_project/airflow_env/lib/python3.12/site-packages/airflow/example_dags/example_latest_only_with_trigger.py
[2026-05-14T00:06:36.195+0000] {logging_mixin.py:188} INFO - [2026-05-14T00:06:36.195+0000] {dag.py:3089} INFO - Sync 1 DAGs
[2026-05-14T00:06:36.207+0000] {logging_mixin.py:188} INFO - [2026-05-14T00:06:36.207+0000] {dag.py:3947} INFO - Setting next_dagrun for latest_only_with_trigger to 2026-05-13 20:00:00+00:00, run_after=2026-05-14 00:00:00+00:00
[2026-05-14T00:06:36.221+0000] {processor.py:183} INFO - Processing /workspaces/Airflow_project/airflow_env/lib/python3.12/site-packages/airflow/example_dags/example_latest_only_with_trigger.py took 0.049 seconds
[2026-05-14T00:07:47.498+0000] {processor.py:161} INFO - Started process (PID=99957) to work on /workspaces/Airflow_project/airflow_env/lib/python3.12/site-packages/airflow/example_dags/example_latest_only_with_trigger.py
[2026-05-14T00:07:47.499+0000] {processor.py:830} INFO - Processing file /workspaces/Airflow_project/airflow_env/lib/python3.12/site-packages/airflow/example_dags/example_latest_only_with_trigger.py for tasks to queue
[2026-05-14T00:07:47.500+0000] {logging_mixin.py:188} INFO - [2026-05-14T00:07:47.499+0000] {dagbag.py:545} INFO - Filling up the DagBag from /workspaces/Airflow_project/airflow_env/lib/python3.12/site-packages/airflow/example_dags/example_latest_only_with_trigger.py
[2026-05-14T00:07:47.506+0000] {processor.py:840} INFO - DAG(s) 'latest_only_with_trigger' retrieved from /workspaces/Airflow_project/airflow_env/lib/python3.12/site-packages/airflow/example_dags/example_latest_only_with_trigger.py
[2026-05-14T00:07:47.524+0000] {logging_mixin.py:188} INFO - [2026-05-14T00:07:47.524+0000] {dag.py:3089} INFO - Sync 1 DAGs
[2026-05-14T00:07:47.542+0000] {logging_mixin.py:188} INFO - [2026-05-14T00:07:47.541+0000] {dag.py:3947} INFO - Setting next_dagrun for latest_only_with_trigger to 2026-05-13 20:00:00+00:00, run_after=2026-05-14 00:00:00+00:00
[2026-05-14T00:07:47.565+0000] {processor.py:183} INFO - Processing /workspaces/Airflow_project/airflow_env/lib/python3.12/site-packages/airflow/example_dags/example_latest_only_with_trigger.py took 0.073 seconds
[2026-05-14T00:08:54.688+0000] {processor.py:161} INFO - Started process (PID=100502) to work on /workspaces/Airflow_project/airflow_env/lib/python3.12/site-packages/airflow/example_dags/example_latest_only_with_trigger.py
[2026-05-14T00:08:54.688+0000] {processor.py:830} INFO - Processing file /workspaces/Airflow_project/airflow_env/lib/python3.12/site-packages/airflow/example_dags/example_latest_only_with_trigger.py for tasks to queue
[2026-05-14T00:08:54.689+0000] {logging_mixin.py:188} INFO - [2026-05-14T00:08:54.689+0000] {dagbag.py:545} INFO - Filling up the DagBag from /workspaces/Airflow_project/airflow_env/lib/python3.12/site-packages/airflow/example_dags/example_latest_only_with_trigger.py
[2026-05-14T00:08:54.693+0000] {processor.py:840} INFO - DAG(s) 'latest_only_with_trigger' retrieved from /workspaces/Airflow_project/airflow_env/lib/python3.12/site-packages/airflow/example_dags/example_latest_only_with_trigger.py
[2026-05-14T00:08:54.709+0000] {logging_mixin.py:188} INFO - [2026-05-14T00:08:54.708+0000] {dag.py:3089} INFO - Sync 1 DAGs
[2026-05-14T00:08:54.727+0000] {logging_mixin.py:188} INFO - [2026-05-14T00:08:54.727+0000] {dag.py:3947} INFO - Setting next_dagrun for latest_only_with_trigger to 2026-05-13 20:00:00+00:00, run_after=2026-05-14 00:00:00+00:00
[2026-05-14T00:08:54.758+0000] {processor.py:183} INFO - Processing /workspaces/Airflow_project/airflow_env/lib/python3.12/site-packages/airflow/example_dags/example_latest_only_with_trigger.py took 0.075 seconds
