[2026-05-14T00:00:15.278+0000] {processor.py:161} INFO - Started process (PID=96240) to work on /workspaces/Airflow_project/airflow_env/lib/python3.12/site-packages/airflow/example_dags/example_task_group_decorator.py
[2026-05-14T00:00:15.279+0000] {processor.py:830} INFO - Processing file /workspaces/Airflow_project/airflow_env/lib/python3.12/site-packages/airflow/example_dags/example_task_group_decorator.py for tasks to queue
[2026-05-14T00:00:15.279+0000] {logging_mixin.py:188} INFO - [2026-05-14T00:00:15.279+0000] {dagbag.py:545} INFO - Filling up the DagBag from /workspaces/Airflow_project/airflow_env/lib/python3.12/site-packages/airflow/example_dags/example_task_group_decorator.py
[2026-05-14T00:00:15.290+0000] {processor.py:840} INFO - DAG(s) 'example_task_group_decorator' retrieved from /workspaces/Airflow_project/airflow_env/lib/python3.12/site-packages/airflow/example_dags/example_task_group_decorator.py
[2026-05-14T00:00:15.305+0000] {logging_mixin.py:188} INFO - [2026-05-14T00:00:15.305+0000] {dag.py:3089} INFO - Sync 1 DAGs
[2026-05-14T00:00:15.316+0000] {logging_mixin.py:188} INFO - [2026-05-14T00:00:15.316+0000] {dag.py:3947} INFO - Setting next_dagrun for example_task_group_decorator to 2026-05-13 00:00:00+00:00, run_after=2026-05-14 00:00:00+00:00
[2026-05-14T00:00:15.332+0000] {processor.py:183} INFO - Processing /workspaces/Airflow_project/airflow_env/lib/python3.12/site-packages/airflow/example_dags/example_task_group_decorator.py took 0.059 seconds
[2026-05-14T00:01:12.011+0000] {processor.py:161} INFO - Started process (PID=96772) to work on /workspaces/Airflow_project/airflow_env/lib/python3.12/site-packages/airflow/example_dags/example_task_group_decorator.py
[2026-05-14T00:01:12.011+0000] {processor.py:830} INFO - Processing file /workspaces/Airflow_project/airflow_env/lib/python3.12/site-packages/airflow/example_dags/example_task_group_decorator.py for tasks to queue
[2026-05-14T00:01:12.012+0000] {logging_mixin.py:188} INFO - [2026-05-14T00:01:12.012+0000] {dagbag.py:545} INFO - Filling up the DagBag from /workspaces/Airflow_project/airflow_env/lib/python3.12/site-packages/airflow/example_dags/example_task_group_decorator.py
[2026-05-14T00:01:12.022+0000] {processor.py:840} INFO - DAG(s) 'example_task_group_decorator' retrieved from /workspaces/Airflow_project/airflow_env/lib/python3.12/site-packages/airflow/example_dags/example_task_group_decorator.py
[2026-05-14T00:01:12.038+0000] {logging_mixin.py:188} INFO - [2026-05-14T00:01:12.037+0000] {dag.py:3089} INFO - Sync 1 DAGs
[2026-05-14T00:01:12.052+0000] {logging_mixin.py:188} INFO - [2026-05-14T00:01:12.052+0000] {dag.py:3947} INFO - Setting next_dagrun for example_task_group_decorator to 2026-05-13 00:00:00+00:00, run_after=2026-05-14 00:00:00+00:00
[2026-05-14T00:01:12.068+0000] {processor.py:183} INFO - Processing /workspaces/Airflow_project/airflow_env/lib/python3.12/site-packages/airflow/example_dags/example_task_group_decorator.py took 0.062 seconds
[2026-05-14T00:01:55.945+0000] {processor.py:161} INFO - Started process (PID=97156) to work on /workspaces/Airflow_project/airflow_env/lib/python3.12/site-packages/airflow/example_dags/example_task_group_decorator.py
[2026-05-14T00:01:55.946+0000] {processor.py:830} INFO - Processing file /workspaces/Airflow_project/airflow_env/lib/python3.12/site-packages/airflow/example_dags/example_task_group_decorator.py for tasks to queue
[2026-05-14T00:01:55.947+0000] {logging_mixin.py:188} INFO - [2026-05-14T00:01:55.947+0000] {dagbag.py:545} INFO - Filling up the DagBag from /workspaces/Airflow_project/airflow_env/lib/python3.12/site-packages/airflow/example_dags/example_task_group_decorator.py
[2026-05-14T00:01:55.961+0000] {processor.py:840} INFO - DAG(s) 'example_task_group_decorator' retrieved from /workspaces/Airflow_project/airflow_env/lib/python3.12/site-packages/airflow/example_dags/example_task_group_decorator.py
[2026-05-14T00:01:55.976+0000] {logging_mixin.py:188} INFO - [2026-05-14T00:01:55.976+0000] {dag.py:3089} INFO - Sync 1 DAGs
[2026-05-14T00:01:55.988+0000] {logging_mixin.py:188} INFO - [2026-05-14T00:01:55.988+0000] {dag.py:3947} INFO - Setting next_dagrun for example_task_group_decorator to 2026-05-13 00:00:00+00:00, run_after=2026-05-14 00:00:00+00:00
[2026-05-14T00:01:56.003+0000] {processor.py:183} INFO - Processing /workspaces/Airflow_project/airflow_env/lib/python3.12/site-packages/airflow/example_dags/example_task_group_decorator.py took 0.064 seconds
[2026-05-14T00:02:38.632+0000] {processor.py:161} INFO - Started process (PID=97479) to work on /workspaces/Airflow_project/airflow_env/lib/python3.12/site-packages/airflow/example_dags/example_task_group_decorator.py
[2026-05-14T00:02:38.633+0000] {processor.py:830} INFO - Processing file /workspaces/Airflow_project/airflow_env/lib/python3.12/site-packages/airflow/example_dags/example_task_group_decorator.py for tasks to queue
[2026-05-14T00:02:38.634+0000] {logging_mixin.py:188} INFO - [2026-05-14T00:02:38.634+0000] {dagbag.py:545} INFO - Filling up the DagBag from /workspaces/Airflow_project/airflow_env/lib/python3.12/site-packages/airflow/example_dags/example_task_group_decorator.py
[2026-05-14T00:02:38.648+0000] {processor.py:840} INFO - DAG(s) 'example_task_group_decorator' retrieved from /workspaces/Airflow_project/airflow_env/lib/python3.12/site-packages/airflow/example_dags/example_task_group_decorator.py
[2026-05-14T00:02:38.665+0000] {logging_mixin.py:188} INFO - [2026-05-14T00:02:38.664+0000] {dag.py:3089} INFO - Sync 1 DAGs
[2026-05-14T00:02:38.676+0000] {logging_mixin.py:188} INFO - [2026-05-14T00:02:38.676+0000] {dag.py:3947} INFO - Setting next_dagrun for example_task_group_decorator to 2026-05-13 00:00:00+00:00, run_after=2026-05-14 00:00:00+00:00
[2026-05-14T00:02:38.691+0000] {processor.py:183} INFO - Processing /workspaces/Airflow_project/airflow_env/lib/python3.12/site-packages/airflow/example_dags/example_task_group_decorator.py took 0.063 seconds
[2026-05-14T00:03:23.265+0000] {processor.py:161} INFO - Started process (PID=97822) to work on /workspaces/Airflow_project/airflow_env/lib/python3.12/site-packages/airflow/example_dags/example_task_group_decorator.py
[2026-05-14T00:03:23.266+0000] {processor.py:830} INFO - Processing file /workspaces/Airflow_project/airflow_env/lib/python3.12/site-packages/airflow/example_dags/example_task_group_decorator.py for tasks to queue
[2026-05-14T00:03:23.267+0000] {logging_mixin.py:188} INFO - [2026-05-14T00:03:23.266+0000] {dagbag.py:545} INFO - Filling up the DagBag from /workspaces/Airflow_project/airflow_env/lib/python3.12/site-packages/airflow/example_dags/example_task_group_decorator.py
[2026-05-14T00:03:23.277+0000] {processor.py:840} INFO - DAG(s) 'example_task_group_decorator' retrieved from /workspaces/Airflow_project/airflow_env/lib/python3.12/site-packages/airflow/example_dags/example_task_group_decorator.py
[2026-05-14T00:03:23.293+0000] {logging_mixin.py:188} INFO - [2026-05-14T00:03:23.293+0000] {dag.py:3089} INFO - Sync 1 DAGs
[2026-05-14T00:03:23.306+0000] {logging_mixin.py:188} INFO - [2026-05-14T00:03:23.306+0000] {dag.py:3947} INFO - Setting next_dagrun for example_task_group_decorator to 2026-05-13 00:00:00+00:00, run_after=2026-05-14 00:00:00+00:00
[2026-05-14T00:03:23.321+0000] {processor.py:183} INFO - Processing /workspaces/Airflow_project/airflow_env/lib/python3.12/site-packages/airflow/example_dags/example_task_group_decorator.py took 0.060 seconds
[2026-05-14T00:04:11.668+0000] {processor.py:161} INFO - Started process (PID=98203) to work on /workspaces/Airflow_project/airflow_env/lib/python3.12/site-packages/airflow/example_dags/example_task_group_decorator.py
[2026-05-14T00:04:11.669+0000] {processor.py:830} INFO - Processing file /workspaces/Airflow_project/airflow_env/lib/python3.12/site-packages/airflow/example_dags/example_task_group_decorator.py for tasks to queue
[2026-05-14T00:04:11.670+0000] {logging_mixin.py:188} INFO - [2026-05-14T00:04:11.669+0000] {dagbag.py:545} INFO - Filling up the DagBag from /workspaces/Airflow_project/airflow_env/lib/python3.12/site-packages/airflow/example_dags/example_task_group_decorator.py
[2026-05-14T00:04:11.680+0000] {processor.py:840} INFO - DAG(s) 'example_task_group_decorator' retrieved from /workspaces/Airflow_project/airflow_env/lib/python3.12/site-packages/airflow/example_dags/example_task_group_decorator.py
[2026-05-14T00:04:11.695+0000] {logging_mixin.py:188} INFO - [2026-05-14T00:04:11.695+0000] {dag.py:3089} INFO - Sync 1 DAGs
[2026-05-14T00:04:11.706+0000] {logging_mixin.py:188} INFO - [2026-05-14T00:04:11.706+0000] {dag.py:3947} INFO - Setting next_dagrun for example_task_group_decorator to 2026-05-13 00:00:00+00:00, run_after=2026-05-14 00:00:00+00:00
[2026-05-14T00:04:11.721+0000] {processor.py:183} INFO - Processing /workspaces/Airflow_project/airflow_env/lib/python3.12/site-packages/airflow/example_dags/example_task_group_decorator.py took 0.057 seconds
[2026-05-14T00:05:00.590+0000] {processor.py:161} INFO - Started process (PID=98623) to work on /workspaces/Airflow_project/airflow_env/lib/python3.12/site-packages/airflow/example_dags/example_task_group_decorator.py
[2026-05-14T00:05:00.591+0000] {processor.py:830} INFO - Processing file /workspaces/Airflow_project/airflow_env/lib/python3.12/site-packages/airflow/example_dags/example_task_group_decorator.py for tasks to queue
[2026-05-14T00:05:00.591+0000] {logging_mixin.py:188} INFO - [2026-05-14T00:05:00.591+0000] {dagbag.py:545} INFO - Filling up the DagBag from /workspaces/Airflow_project/airflow_env/lib/python3.12/site-packages/airflow/example_dags/example_task_group_decorator.py
[2026-05-14T00:05:00.602+0000] {processor.py:840} INFO - DAG(s) 'example_task_group_decorator' retrieved from /workspaces/Airflow_project/airflow_env/lib/python3.12/site-packages/airflow/example_dags/example_task_group_decorator.py
[2026-05-14T00:05:00.616+0000] {logging_mixin.py:188} INFO - [2026-05-14T00:05:00.616+0000] {dag.py:3089} INFO - Sync 1 DAGs
[2026-05-14T00:05:00.628+0000] {logging_mixin.py:188} INFO - [2026-05-14T00:05:00.628+0000] {dag.py:3947} INFO - Setting next_dagrun for example_task_group_decorator to 2026-05-13 00:00:00+00:00, run_after=2026-05-14 00:00:00+00:00
[2026-05-14T00:05:00.644+0000] {processor.py:183} INFO - Processing /workspaces/Airflow_project/airflow_env/lib/python3.12/site-packages/airflow/example_dags/example_task_group_decorator.py took 0.058 seconds
[2026-05-14T00:05:45.918+0000] {processor.py:161} INFO - Started process (PID=98978) to work on /workspaces/Airflow_project/airflow_env/lib/python3.12/site-packages/airflow/example_dags/example_task_group_decorator.py
[2026-05-14T00:05:45.918+0000] {processor.py:830} INFO - Processing file /workspaces/Airflow_project/airflow_env/lib/python3.12/site-packages/airflow/example_dags/example_task_group_decorator.py for tasks to queue
[2026-05-14T00:05:45.919+0000] {logging_mixin.py:188} INFO - [2026-05-14T00:05:45.919+0000] {dagbag.py:545} INFO - Filling up the DagBag from /workspaces/Airflow_project/airflow_env/lib/python3.12/site-packages/airflow/example_dags/example_task_group_decorator.py
[2026-05-14T00:05:45.929+0000] {processor.py:840} INFO - DAG(s) 'example_task_group_decorator' retrieved from /workspaces/Airflow_project/airflow_env/lib/python3.12/site-packages/airflow/example_dags/example_task_group_decorator.py
[2026-05-14T00:05:45.948+0000] {logging_mixin.py:188} INFO - [2026-05-14T00:05:45.948+0000] {dag.py:3089} INFO - Sync 1 DAGs
[2026-05-14T00:05:45.962+0000] {logging_mixin.py:188} INFO - [2026-05-14T00:05:45.962+0000] {dag.py:3947} INFO - Setting next_dagrun for example_task_group_decorator to 2026-05-13 00:00:00+00:00, run_after=2026-05-14 00:00:00+00:00
[2026-05-14T00:05:45.977+0000] {processor.py:183} INFO - Processing /workspaces/Airflow_project/airflow_env/lib/python3.12/site-packages/airflow/example_dags/example_task_group_decorator.py took 0.064 seconds
[2026-05-14T00:06:27.022+0000] {processor.py:161} INFO - Started process (PID=99298) to work on /workspaces/Airflow_project/airflow_env/lib/python3.12/site-packages/airflow/example_dags/example_task_group_decorator.py
[2026-05-14T00:06:27.023+0000] {processor.py:830} INFO - Processing file /workspaces/Airflow_project/airflow_env/lib/python3.12/site-packages/airflow/example_dags/example_task_group_decorator.py for tasks to queue
[2026-05-14T00:06:27.023+0000] {logging_mixin.py:188} INFO - [2026-05-14T00:06:27.023+0000] {dagbag.py:545} INFO - Filling up the DagBag from /workspaces/Airflow_project/airflow_env/lib/python3.12/site-packages/airflow/example_dags/example_task_group_decorator.py
[2026-05-14T00:06:27.035+0000] {processor.py:840} INFO - DAG(s) 'example_task_group_decorator' retrieved from /workspaces/Airflow_project/airflow_env/lib/python3.12/site-packages/airflow/example_dags/example_task_group_decorator.py
[2026-05-14T00:06:27.071+0000] {logging_mixin.py:188} INFO - [2026-05-14T00:06:27.071+0000] {dag.py:3089} INFO - Sync 1 DAGs
[2026-05-14T00:06:27.091+0000] {logging_mixin.py:188} INFO - [2026-05-14T00:06:27.091+0000] {dag.py:3947} INFO - Setting next_dagrun for example_task_group_decorator to 2026-05-13 00:00:00+00:00, run_after=2026-05-14 00:00:00+00:00
[2026-05-14T00:06:27.127+0000] {processor.py:183} INFO - Processing /workspaces/Airflow_project/airflow_env/lib/python3.12/site-packages/airflow/example_dags/example_task_group_decorator.py took 0.109 seconds
[2026-05-14T00:07:13.726+0000] {processor.py:161} INFO - Started process (PID=99699) to work on /workspaces/Airflow_project/airflow_env/lib/python3.12/site-packages/airflow/example_dags/example_task_group_decorator.py
[2026-05-14T00:07:13.727+0000] {processor.py:830} INFO - Processing file /workspaces/Airflow_project/airflow_env/lib/python3.12/site-packages/airflow/example_dags/example_task_group_decorator.py for tasks to queue
[2026-05-14T00:07:13.728+0000] {logging_mixin.py:188} INFO - [2026-05-14T00:07:13.728+0000] {dagbag.py:545} INFO - Filling up the DagBag from /workspaces/Airflow_project/airflow_env/lib/python3.12/site-packages/airflow/example_dags/example_task_group_decorator.py
[2026-05-14T00:07:13.740+0000] {processor.py:840} INFO - DAG(s) 'example_task_group_decorator' retrieved from /workspaces/Airflow_project/airflow_env/lib/python3.12/site-packages/airflow/example_dags/example_task_group_decorator.py
[2026-05-14T00:07:13.759+0000] {logging_mixin.py:188} INFO - [2026-05-14T00:07:13.759+0000] {dag.py:3089} INFO - Sync 1 DAGs
[2026-05-14T00:07:13.771+0000] {logging_mixin.py:188} INFO - [2026-05-14T00:07:13.771+0000] {dag.py:3947} INFO - Setting next_dagrun for example_task_group_decorator to 2026-05-13 00:00:00+00:00, run_after=2026-05-14 00:00:00+00:00
[2026-05-14T00:07:13.786+0000] {processor.py:183} INFO - Processing /workspaces/Airflow_project/airflow_env/lib/python3.12/site-packages/airflow/example_dags/example_task_group_decorator.py took 0.064 seconds
[2026-05-14T00:07:59.102+0000] {processor.py:161} INFO - Started process (PID=100059) to work on /workspaces/Airflow_project/airflow_env/lib/python3.12/site-packages/airflow/example_dags/example_task_group_decorator.py
[2026-05-14T00:07:59.103+0000] {processor.py:830} INFO - Processing file /workspaces/Airflow_project/airflow_env/lib/python3.12/site-packages/airflow/example_dags/example_task_group_decorator.py for tasks to queue
[2026-05-14T00:07:59.104+0000] {logging_mixin.py:188} INFO - [2026-05-14T00:07:59.103+0000] {dagbag.py:545} INFO - Filling up the DagBag from /workspaces/Airflow_project/airflow_env/lib/python3.12/site-packages/airflow/example_dags/example_task_group_decorator.py
[2026-05-14T00:07:59.118+0000] {processor.py:840} INFO - DAG(s) 'example_task_group_decorator' retrieved from /workspaces/Airflow_project/airflow_env/lib/python3.12/site-packages/airflow/example_dags/example_task_group_decorator.py
[2026-05-14T00:07:59.133+0000] {logging_mixin.py:188} INFO - [2026-05-14T00:07:59.133+0000] {dag.py:3089} INFO - Sync 1 DAGs
[2026-05-14T00:07:59.148+0000] {logging_mixin.py:188} INFO - [2026-05-14T00:07:59.148+0000] {dag.py:3947} INFO - Setting next_dagrun for example_task_group_decorator to 2026-05-13 00:00:00+00:00, run_after=2026-05-14 00:00:00+00:00
[2026-05-14T00:07:59.164+0000] {processor.py:183} INFO - Processing /workspaces/Airflow_project/airflow_env/lib/python3.12/site-packages/airflow/example_dags/example_task_group_decorator.py took 0.068 seconds
[2026-05-14T00:08:42.262+0000] {processor.py:161} INFO - Started process (PID=100409) to work on /workspaces/Airflow_project/airflow_env/lib/python3.12/site-packages/airflow/example_dags/example_task_group_decorator.py
[2026-05-14T00:08:42.263+0000] {processor.py:830} INFO - Processing file /workspaces/Airflow_project/airflow_env/lib/python3.12/site-packages/airflow/example_dags/example_task_group_decorator.py for tasks to queue
[2026-05-14T00:08:42.264+0000] {logging_mixin.py:188} INFO - [2026-05-14T00:08:42.263+0000] {dagbag.py:545} INFO - Filling up the DagBag from /workspaces/Airflow_project/airflow_env/lib/python3.12/site-packages/airflow/example_dags/example_task_group_decorator.py
[2026-05-14T00:08:42.275+0000] {processor.py:840} INFO - DAG(s) 'example_task_group_decorator' retrieved from /workspaces/Airflow_project/airflow_env/lib/python3.12/site-packages/airflow/example_dags/example_task_group_decorator.py
[2026-05-14T00:08:42.290+0000] {logging_mixin.py:188} INFO - [2026-05-14T00:08:42.290+0000] {dag.py:3089} INFO - Sync 1 DAGs
[2026-05-14T00:08:42.301+0000] {logging_mixin.py:188} INFO - [2026-05-14T00:08:42.301+0000] {dag.py:3947} INFO - Setting next_dagrun for example_task_group_decorator to 2026-05-13 00:00:00+00:00, run_after=2026-05-14 00:00:00+00:00
[2026-05-14T00:08:42.318+0000] {processor.py:183} INFO - Processing /workspaces/Airflow_project/airflow_env/lib/python3.12/site-packages/airflow/example_dags/example_task_group_decorator.py took 0.064 seconds
[2026-05-14T00:09:27.694+0000] {processor.py:161} INFO - Started process (PID=101369) to work on /workspaces/Airflow_project/airflow_env/lib/python3.12/site-packages/airflow/example_dags/example_task_group_decorator.py
[2026-05-14T00:09:27.711+0000] {processor.py:830} INFO - Processing file /workspaces/Airflow_project/airflow_env/lib/python3.12/site-packages/airflow/example_dags/example_task_group_decorator.py for tasks to queue
[2026-05-14T00:09:27.712+0000] {logging_mixin.py:188} INFO - [2026-05-14T00:09:27.712+0000] {dagbag.py:545} INFO - Filling up the DagBag from /workspaces/Airflow_project/airflow_env/lib/python3.12/site-packages/airflow/example_dags/example_task_group_decorator.py
[2026-05-14T00:09:27.727+0000] {processor.py:840} INFO - DAG(s) 'example_task_group_decorator' retrieved from /workspaces/Airflow_project/airflow_env/lib/python3.12/site-packages/airflow/example_dags/example_task_group_decorator.py
[2026-05-14T00:09:27.750+0000] {logging_mixin.py:188} INFO - [2026-05-14T00:09:27.750+0000] {dag.py:3089} INFO - Sync 1 DAGs
[2026-05-14T00:09:27.767+0000] {logging_mixin.py:188} INFO - [2026-05-14T00:09:27.767+0000] {dag.py:3947} INFO - Setting next_dagrun for example_task_group_decorator to 2026-05-13 00:00:00+00:00, run_after=2026-05-14 00:00:00+00:00
[2026-05-14T00:09:27.844+0000] {processor.py:183} INFO - Processing /workspaces/Airflow_project/airflow_env/lib/python3.12/site-packages/airflow/example_dags/example_task_group_decorator.py took 0.155 seconds
