[2026-05-14T00:00:00.605+0000] {processor.py:161} INFO - Started process (PID=96023) to work on /workspaces/Airflow_project/airflow_env/lib/python3.12/site-packages/airflow/example_dags/example_xcomargs.py
[2026-05-14T00:00:00.606+0000] {processor.py:830} INFO - Processing file /workspaces/Airflow_project/airflow_env/lib/python3.12/site-packages/airflow/example_dags/example_xcomargs.py for tasks to queue
[2026-05-14T00:00:00.607+0000] {logging_mixin.py:188} INFO - [2026-05-14T00:00:00.607+0000] {dagbag.py:545} INFO - Filling up the DagBag from /workspaces/Airflow_project/airflow_env/lib/python3.12/site-packages/airflow/example_dags/example_xcomargs.py
[2026-05-14T00:00:00.617+0000] {processor.py:840} INFO - DAG(s) 'example_xcom_args_with_operators', 'example_xcom_args' retrieved from /workspaces/Airflow_project/airflow_env/lib/python3.12/site-packages/airflow/example_dags/example_xcomargs.py
[2026-05-14T00:00:00.637+0000] {logging_mixin.py:188} INFO - [2026-05-14T00:00:00.636+0000] {dag.py:3089} INFO - Sync 2 DAGs
[2026-05-14T00:00:00.654+0000] {logging_mixin.py:188} INFO - [2026-05-14T00:00:00.653+0000] {dag.py:3947} INFO - Setting next_dagrun for example_xcom_args to None, run_after=None
[2026-05-14T00:00:00.656+0000] {logging_mixin.py:188} INFO - [2026-05-14T00:00:00.656+0000] {dag.py:3947} INFO - Setting next_dagrun for example_xcom_args_with_operators to None, run_after=None
[2026-05-14T00:00:00.672+0000] {processor.py:183} INFO - Processing /workspaces/Airflow_project/airflow_env/lib/python3.12/site-packages/airflow/example_dags/example_xcomargs.py took 0.075 seconds
[2026-05-14T00:00:43.124+0000] {processor.py:161} INFO - Started process (PID=96551) to work on /workspaces/Airflow_project/airflow_env/lib/python3.12/site-packages/airflow/example_dags/example_xcomargs.py
[2026-05-14T00:00:43.125+0000] {processor.py:830} INFO - Processing file /workspaces/Airflow_project/airflow_env/lib/python3.12/site-packages/airflow/example_dags/example_xcomargs.py for tasks to queue
[2026-05-14T00:00:43.126+0000] {logging_mixin.py:188} INFO - [2026-05-14T00:00:43.125+0000] {dagbag.py:545} INFO - Filling up the DagBag from /workspaces/Airflow_project/airflow_env/lib/python3.12/site-packages/airflow/example_dags/example_xcomargs.py
[2026-05-14T00:00:43.132+0000] {processor.py:840} INFO - DAG(s) 'example_xcom_args_with_operators', 'example_xcom_args' retrieved from /workspaces/Airflow_project/airflow_env/lib/python3.12/site-packages/airflow/example_dags/example_xcomargs.py
[2026-05-14T00:00:43.149+0000] {logging_mixin.py:188} INFO - [2026-05-14T00:00:43.149+0000] {dag.py:3089} INFO - Sync 2 DAGs
[2026-05-14T00:00:43.159+0000] {logging_mixin.py:188} INFO - [2026-05-14T00:00:43.158+0000] {dag.py:3947} INFO - Setting next_dagrun for example_xcom_args to None, run_after=None
[2026-05-14T00:00:43.161+0000] {logging_mixin.py:188} INFO - [2026-05-14T00:00:43.160+0000] {dag.py:3947} INFO - Setting next_dagrun for example_xcom_args_with_operators to None, run_after=None
[2026-05-14T00:00:43.174+0000] {processor.py:183} INFO - Processing /workspaces/Airflow_project/airflow_env/lib/python3.12/site-packages/airflow/example_dags/example_xcomargs.py took 0.054 seconds
[2026-05-14T00:01:35.046+0000] {processor.py:161} INFO - Started process (PID=96962) to work on /workspaces/Airflow_project/airflow_env/lib/python3.12/site-packages/airflow/example_dags/example_xcomargs.py
[2026-05-14T00:01:35.047+0000] {processor.py:830} INFO - Processing file /workspaces/Airflow_project/airflow_env/lib/python3.12/site-packages/airflow/example_dags/example_xcomargs.py for tasks to queue
[2026-05-14T00:01:35.047+0000] {logging_mixin.py:188} INFO - [2026-05-14T00:01:35.047+0000] {dagbag.py:545} INFO - Filling up the DagBag from /workspaces/Airflow_project/airflow_env/lib/python3.12/site-packages/airflow/example_dags/example_xcomargs.py
[2026-05-14T00:01:35.053+0000] {processor.py:840} INFO - DAG(s) 'example_xcom_args', 'example_xcom_args_with_operators' retrieved from /workspaces/Airflow_project/airflow_env/lib/python3.12/site-packages/airflow/example_dags/example_xcomargs.py
[2026-05-14T00:01:35.069+0000] {logging_mixin.py:188} INFO - [2026-05-14T00:01:35.068+0000] {dag.py:3089} INFO - Sync 2 DAGs
[2026-05-14T00:01:35.079+0000] {logging_mixin.py:188} INFO - [2026-05-14T00:01:35.078+0000] {dag.py:3947} INFO - Setting next_dagrun for example_xcom_args to None, run_after=None
[2026-05-14T00:01:35.081+0000] {logging_mixin.py:188} INFO - [2026-05-14T00:01:35.080+0000] {dag.py:3947} INFO - Setting next_dagrun for example_xcom_args_with_operators to None, run_after=None
[2026-05-14T00:01:35.094+0000] {processor.py:183} INFO - Processing /workspaces/Airflow_project/airflow_env/lib/python3.12/site-packages/airflow/example_dags/example_xcomargs.py took 0.053 seconds
[2026-05-14T00:02:18.913+0000] {processor.py:161} INFO - Started process (PID=97328) to work on /workspaces/Airflow_project/airflow_env/lib/python3.12/site-packages/airflow/example_dags/example_xcomargs.py
[2026-05-14T00:02:18.914+0000] {processor.py:830} INFO - Processing file /workspaces/Airflow_project/airflow_env/lib/python3.12/site-packages/airflow/example_dags/example_xcomargs.py for tasks to queue
[2026-05-14T00:02:18.914+0000] {logging_mixin.py:188} INFO - [2026-05-14T00:02:18.914+0000] {dagbag.py:545} INFO - Filling up the DagBag from /workspaces/Airflow_project/airflow_env/lib/python3.12/site-packages/airflow/example_dags/example_xcomargs.py
[2026-05-14T00:02:18.920+0000] {processor.py:840} INFO - DAG(s) 'example_xcom_args', 'example_xcom_args_with_operators' retrieved from /workspaces/Airflow_project/airflow_env/lib/python3.12/site-packages/airflow/example_dags/example_xcomargs.py
[2026-05-14T00:02:18.934+0000] {logging_mixin.py:188} INFO - [2026-05-14T00:02:18.934+0000] {dag.py:3089} INFO - Sync 2 DAGs
[2026-05-14T00:02:18.943+0000] {logging_mixin.py:188} INFO - [2026-05-14T00:02:18.943+0000] {dag.py:3947} INFO - Setting next_dagrun for example_xcom_args to None, run_after=None
[2026-05-14T00:02:18.945+0000] {logging_mixin.py:188} INFO - [2026-05-14T00:02:18.945+0000] {dag.py:3947} INFO - Setting next_dagrun for example_xcom_args_with_operators to None, run_after=None
[2026-05-14T00:02:18.961+0000] {processor.py:183} INFO - Processing /workspaces/Airflow_project/airflow_env/lib/python3.12/site-packages/airflow/example_dags/example_xcomargs.py took 0.052 seconds
[2026-05-14T00:03:02.800+0000] {processor.py:161} INFO - Started process (PID=97667) to work on /workspaces/Airflow_project/airflow_env/lib/python3.12/site-packages/airflow/example_dags/example_xcomargs.py
[2026-05-14T00:03:02.800+0000] {processor.py:830} INFO - Processing file /workspaces/Airflow_project/airflow_env/lib/python3.12/site-packages/airflow/example_dags/example_xcomargs.py for tasks to queue
[2026-05-14T00:03:02.801+0000] {logging_mixin.py:188} INFO - [2026-05-14T00:03:02.801+0000] {dagbag.py:545} INFO - Filling up the DagBag from /workspaces/Airflow_project/airflow_env/lib/python3.12/site-packages/airflow/example_dags/example_xcomargs.py
[2026-05-14T00:03:02.807+0000] {processor.py:840} INFO - DAG(s) 'example_xcom_args_with_operators', 'example_xcom_args' retrieved from /workspaces/Airflow_project/airflow_env/lib/python3.12/site-packages/airflow/example_dags/example_xcomargs.py
[2026-05-14T00:03:02.821+0000] {logging_mixin.py:188} INFO - [2026-05-14T00:03:02.821+0000] {dag.py:3089} INFO - Sync 2 DAGs
[2026-05-14T00:03:02.828+0000] {logging_mixin.py:188} INFO - [2026-05-14T00:03:02.828+0000] {dag.py:3947} INFO - Setting next_dagrun for example_xcom_args to None, run_after=None
[2026-05-14T00:03:02.830+0000] {logging_mixin.py:188} INFO - [2026-05-14T00:03:02.830+0000] {dag.py:3947} INFO - Setting next_dagrun for example_xcom_args_with_operators to None, run_after=None
[2026-05-14T00:03:02.849+0000] {processor.py:183} INFO - Processing /workspaces/Airflow_project/airflow_env/lib/python3.12/site-packages/airflow/example_dags/example_xcomargs.py took 0.054 seconds
[2026-05-14T00:03:47.427+0000] {processor.py:161} INFO - Started process (PID=98022) to work on /workspaces/Airflow_project/airflow_env/lib/python3.12/site-packages/airflow/example_dags/example_xcomargs.py
[2026-05-14T00:03:47.428+0000] {processor.py:830} INFO - Processing file /workspaces/Airflow_project/airflow_env/lib/python3.12/site-packages/airflow/example_dags/example_xcomargs.py for tasks to queue
[2026-05-14T00:03:47.429+0000] {logging_mixin.py:188} INFO - [2026-05-14T00:03:47.428+0000] {dagbag.py:545} INFO - Filling up the DagBag from /workspaces/Airflow_project/airflow_env/lib/python3.12/site-packages/airflow/example_dags/example_xcomargs.py
[2026-05-14T00:03:47.434+0000] {processor.py:840} INFO - DAG(s) 'example_xcom_args_with_operators', 'example_xcom_args' retrieved from /workspaces/Airflow_project/airflow_env/lib/python3.12/site-packages/airflow/example_dags/example_xcomargs.py
[2026-05-14T00:03:47.452+0000] {logging_mixin.py:188} INFO - [2026-05-14T00:03:47.452+0000] {dag.py:3089} INFO - Sync 2 DAGs
[2026-05-14T00:03:47.461+0000] {logging_mixin.py:188} INFO - [2026-05-14T00:03:47.461+0000] {dag.py:3947} INFO - Setting next_dagrun for example_xcom_args to None, run_after=None
[2026-05-14T00:03:47.463+0000] {logging_mixin.py:188} INFO - [2026-05-14T00:03:47.463+0000] {dag.py:3947} INFO - Setting next_dagrun for example_xcom_args_with_operators to None, run_after=None
[2026-05-14T00:03:47.487+0000] {processor.py:183} INFO - Processing /workspaces/Airflow_project/airflow_env/lib/python3.12/site-packages/airflow/example_dags/example_xcomargs.py took 0.064 seconds
[2026-05-14T00:04:36.919+0000] {processor.py:161} INFO - Started process (PID=98443) to work on /workspaces/Airflow_project/airflow_env/lib/python3.12/site-packages/airflow/example_dags/example_xcomargs.py
[2026-05-14T00:04:36.919+0000] {processor.py:830} INFO - Processing file /workspaces/Airflow_project/airflow_env/lib/python3.12/site-packages/airflow/example_dags/example_xcomargs.py for tasks to queue
[2026-05-14T00:04:36.920+0000] {logging_mixin.py:188} INFO - [2026-05-14T00:04:36.920+0000] {dagbag.py:545} INFO - Filling up the DagBag from /workspaces/Airflow_project/airflow_env/lib/python3.12/site-packages/airflow/example_dags/example_xcomargs.py
[2026-05-14T00:04:36.926+0000] {processor.py:840} INFO - DAG(s) 'example_xcom_args_with_operators', 'example_xcom_args' retrieved from /workspaces/Airflow_project/airflow_env/lib/python3.12/site-packages/airflow/example_dags/example_xcomargs.py
[2026-05-14T00:04:36.941+0000] {logging_mixin.py:188} INFO - [2026-05-14T00:04:36.941+0000] {dag.py:3089} INFO - Sync 2 DAGs
[2026-05-14T00:04:36.951+0000] {logging_mixin.py:188} INFO - [2026-05-14T00:04:36.951+0000] {dag.py:3947} INFO - Setting next_dagrun for example_xcom_args to None, run_after=None
[2026-05-14T00:04:36.954+0000] {logging_mixin.py:188} INFO - [2026-05-14T00:04:36.953+0000] {dag.py:3947} INFO - Setting next_dagrun for example_xcom_args_with_operators to None, run_after=None
[2026-05-14T00:04:36.968+0000] {processor.py:183} INFO - Processing /workspaces/Airflow_project/airflow_env/lib/python3.12/site-packages/airflow/example_dags/example_xcomargs.py took 0.054 seconds
[2026-05-14T00:05:25.371+0000] {processor.py:161} INFO - Started process (PID=98823) to work on /workspaces/Airflow_project/airflow_env/lib/python3.12/site-packages/airflow/example_dags/example_xcomargs.py
[2026-05-14T00:05:25.372+0000] {processor.py:830} INFO - Processing file /workspaces/Airflow_project/airflow_env/lib/python3.12/site-packages/airflow/example_dags/example_xcomargs.py for tasks to queue
[2026-05-14T00:05:25.373+0000] {logging_mixin.py:188} INFO - [2026-05-14T00:05:25.372+0000] {dagbag.py:545} INFO - Filling up the DagBag from /workspaces/Airflow_project/airflow_env/lib/python3.12/site-packages/airflow/example_dags/example_xcomargs.py
[2026-05-14T00:05:25.379+0000] {processor.py:840} INFO - DAG(s) 'example_xcom_args', 'example_xcom_args_with_operators' retrieved from /workspaces/Airflow_project/airflow_env/lib/python3.12/site-packages/airflow/example_dags/example_xcomargs.py
[2026-05-14T00:05:25.393+0000] {logging_mixin.py:188} INFO - [2026-05-14T00:05:25.393+0000] {dag.py:3089} INFO - Sync 2 DAGs
[2026-05-14T00:05:25.402+0000] {logging_mixin.py:188} INFO - [2026-05-14T00:05:25.402+0000] {dag.py:3947} INFO - Setting next_dagrun for example_xcom_args to None, run_after=None
[2026-05-14T00:05:25.404+0000] {logging_mixin.py:188} INFO - [2026-05-14T00:05:25.403+0000] {dag.py:3947} INFO - Setting next_dagrun for example_xcom_args_with_operators to None, run_after=None
[2026-05-14T00:05:25.418+0000] {processor.py:183} INFO - Processing /workspaces/Airflow_project/airflow_env/lib/python3.12/site-packages/airflow/example_dags/example_xcomargs.py took 0.051 seconds
[2026-05-14T00:06:08.026+0000] {processor.py:161} INFO - Started process (PID=99170) to work on /workspaces/Airflow_project/airflow_env/lib/python3.12/site-packages/airflow/example_dags/example_xcomargs.py
[2026-05-14T00:06:08.027+0000] {processor.py:830} INFO - Processing file /workspaces/Airflow_project/airflow_env/lib/python3.12/site-packages/airflow/example_dags/example_xcomargs.py for tasks to queue
[2026-05-14T00:06:08.027+0000] {logging_mixin.py:188} INFO - [2026-05-14T00:06:08.027+0000] {dagbag.py:545} INFO - Filling up the DagBag from /workspaces/Airflow_project/airflow_env/lib/python3.12/site-packages/airflow/example_dags/example_xcomargs.py
[2026-05-14T00:06:08.033+0000] {processor.py:840} INFO - DAG(s) 'example_xcom_args_with_operators', 'example_xcom_args' retrieved from /workspaces/Airflow_project/airflow_env/lib/python3.12/site-packages/airflow/example_dags/example_xcomargs.py
[2026-05-14T00:06:08.052+0000] {logging_mixin.py:188} INFO - [2026-05-14T00:06:08.052+0000] {dag.py:3089} INFO - Sync 2 DAGs
[2026-05-14T00:06:08.063+0000] {logging_mixin.py:188} INFO - [2026-05-14T00:06:08.063+0000] {dag.py:3947} INFO - Setting next_dagrun for example_xcom_args to None, run_after=None
[2026-05-14T00:06:08.065+0000] {logging_mixin.py:188} INFO - [2026-05-14T00:06:08.065+0000] {dag.py:3947} INFO - Setting next_dagrun for example_xcom_args_with_operators to None, run_after=None
[2026-05-14T00:06:08.080+0000] {processor.py:183} INFO - Processing /workspaces/Airflow_project/airflow_env/lib/python3.12/site-packages/airflow/example_dags/example_xcomargs.py took 0.058 seconds
[2026-05-14T00:06:49.785+0000] {processor.py:161} INFO - Started process (PID=99490) to work on /workspaces/Airflow_project/airflow_env/lib/python3.12/site-packages/airflow/example_dags/example_xcomargs.py
[2026-05-14T00:06:49.786+0000] {processor.py:830} INFO - Processing file /workspaces/Airflow_project/airflow_env/lib/python3.12/site-packages/airflow/example_dags/example_xcomargs.py for tasks to queue
[2026-05-14T00:06:49.786+0000] {logging_mixin.py:188} INFO - [2026-05-14T00:06:49.786+0000] {dagbag.py:545} INFO - Filling up the DagBag from /workspaces/Airflow_project/airflow_env/lib/python3.12/site-packages/airflow/example_dags/example_xcomargs.py
[2026-05-14T00:06:49.792+0000] {processor.py:840} INFO - DAG(s) 'example_xcom_args_with_operators', 'example_xcom_args' retrieved from /workspaces/Airflow_project/airflow_env/lib/python3.12/site-packages/airflow/example_dags/example_xcomargs.py
[2026-05-14T00:06:49.807+0000] {logging_mixin.py:188} INFO - [2026-05-14T00:06:49.806+0000] {dag.py:3089} INFO - Sync 2 DAGs
[2026-05-14T00:06:49.814+0000] {logging_mixin.py:188} INFO - [2026-05-14T00:06:49.814+0000] {dag.py:3947} INFO - Setting next_dagrun for example_xcom_args to None, run_after=None
[2026-05-14T00:06:49.817+0000] {logging_mixin.py:188} INFO - [2026-05-14T00:06:49.817+0000] {dag.py:3947} INFO - Setting next_dagrun for example_xcom_args_with_operators to None, run_after=None
[2026-05-14T00:06:49.830+0000] {processor.py:183} INFO - Processing /workspaces/Airflow_project/airflow_env/lib/python3.12/site-packages/airflow/example_dags/example_xcomargs.py took 0.050 seconds
[2026-05-14T00:07:38.355+0000] {processor.py:161} INFO - Started process (PID=99887) to work on /workspaces/Airflow_project/airflow_env/lib/python3.12/site-packages/airflow/example_dags/example_xcomargs.py
[2026-05-14T00:07:38.356+0000] {processor.py:830} INFO - Processing file /workspaces/Airflow_project/airflow_env/lib/python3.12/site-packages/airflow/example_dags/example_xcomargs.py for tasks to queue
[2026-05-14T00:07:38.357+0000] {logging_mixin.py:188} INFO - [2026-05-14T00:07:38.356+0000] {dagbag.py:545} INFO - Filling up the DagBag from /workspaces/Airflow_project/airflow_env/lib/python3.12/site-packages/airflow/example_dags/example_xcomargs.py
[2026-05-14T00:07:38.362+0000] {processor.py:840} INFO - DAG(s) 'example_xcom_args', 'example_xcom_args_with_operators' retrieved from /workspaces/Airflow_project/airflow_env/lib/python3.12/site-packages/airflow/example_dags/example_xcomargs.py
[2026-05-14T00:07:38.376+0000] {logging_mixin.py:188} INFO - [2026-05-14T00:07:38.376+0000] {dag.py:3089} INFO - Sync 2 DAGs
[2026-05-14T00:07:38.384+0000] {logging_mixin.py:188} INFO - [2026-05-14T00:07:38.384+0000] {dag.py:3947} INFO - Setting next_dagrun for example_xcom_args to None, run_after=None
[2026-05-14T00:07:38.386+0000] {logging_mixin.py:188} INFO - [2026-05-14T00:07:38.385+0000] {dag.py:3947} INFO - Setting next_dagrun for example_xcom_args_with_operators to None, run_after=None
[2026-05-14T00:07:38.399+0000] {processor.py:183} INFO - Processing /workspaces/Airflow_project/airflow_env/lib/python3.12/site-packages/airflow/example_dags/example_xcomargs.py took 0.050 seconds
[2026-05-14T00:08:22.984+0000] {processor.py:161} INFO - Started process (PID=100252) to work on /workspaces/Airflow_project/airflow_env/lib/python3.12/site-packages/airflow/example_dags/example_xcomargs.py
[2026-05-14T00:08:22.985+0000] {processor.py:830} INFO - Processing file /workspaces/Airflow_project/airflow_env/lib/python3.12/site-packages/airflow/example_dags/example_xcomargs.py for tasks to queue
[2026-05-14T00:08:22.986+0000] {logging_mixin.py:188} INFO - [2026-05-14T00:08:22.985+0000] {dagbag.py:545} INFO - Filling up the DagBag from /workspaces/Airflow_project/airflow_env/lib/python3.12/site-packages/airflow/example_dags/example_xcomargs.py
[2026-05-14T00:08:22.991+0000] {processor.py:840} INFO - DAG(s) 'example_xcom_args_with_operators', 'example_xcom_args' retrieved from /workspaces/Airflow_project/airflow_env/lib/python3.12/site-packages/airflow/example_dags/example_xcomargs.py
[2026-05-14T00:08:23.006+0000] {logging_mixin.py:188} INFO - [2026-05-14T00:08:23.005+0000] {dag.py:3089} INFO - Sync 2 DAGs
[2026-05-14T00:08:23.013+0000] {logging_mixin.py:188} INFO - [2026-05-14T00:08:23.013+0000] {dag.py:3947} INFO - Setting next_dagrun for example_xcom_args to None, run_after=None
[2026-05-14T00:08:23.015+0000] {logging_mixin.py:188} INFO - [2026-05-14T00:08:23.015+0000] {dag.py:3947} INFO - Setting next_dagrun for example_xcom_args_with_operators to None, run_after=None
[2026-05-14T00:08:23.029+0000] {processor.py:183} INFO - Processing /workspaces/Airflow_project/airflow_env/lib/python3.12/site-packages/airflow/example_dags/example_xcomargs.py took 0.049 seconds
[2026-05-14T00:09:08.865+0000] {processor.py:161} INFO - Started process (PID=101043) to work on /workspaces/Airflow_project/airflow_env/lib/python3.12/site-packages/airflow/example_dags/example_xcomargs.py
[2026-05-14T00:09:08.865+0000] {processor.py:830} INFO - Processing file /workspaces/Airflow_project/airflow_env/lib/python3.12/site-packages/airflow/example_dags/example_xcomargs.py for tasks to queue
[2026-05-14T00:09:08.866+0000] {logging_mixin.py:188} INFO - [2026-05-14T00:09:08.866+0000] {dagbag.py:545} INFO - Filling up the DagBag from /workspaces/Airflow_project/airflow_env/lib/python3.12/site-packages/airflow/example_dags/example_xcomargs.py
[2026-05-14T00:09:08.872+0000] {processor.py:840} INFO - DAG(s) 'example_xcom_args_with_operators', 'example_xcom_args' retrieved from /workspaces/Airflow_project/airflow_env/lib/python3.12/site-packages/airflow/example_dags/example_xcomargs.py
[2026-05-14T00:09:08.886+0000] {logging_mixin.py:188} INFO - [2026-05-14T00:09:08.886+0000] {dag.py:3089} INFO - Sync 2 DAGs
[2026-05-14T00:09:08.894+0000] {logging_mixin.py:188} INFO - [2026-05-14T00:09:08.894+0000] {dag.py:3947} INFO - Setting next_dagrun for example_xcom_args to None, run_after=None
[2026-05-14T00:09:08.896+0000] {logging_mixin.py:188} INFO - [2026-05-14T00:09:08.896+0000] {dag.py:3947} INFO - Setting next_dagrun for example_xcom_args_with_operators to None, run_after=None
[2026-05-14T00:09:08.909+0000] {processor.py:183} INFO - Processing /workspaces/Airflow_project/airflow_env/lib/python3.12/site-packages/airflow/example_dags/example_xcomargs.py took 0.049 seconds
