[2026-05-14T00:00:29.070+0000] {processor.py:161} INFO - Started process (PID=96418) to work on /workspaces/Airflow_project/airflow_env/lib/python3.12/site-packages/airflow/example_dags/example_display_name.py
[2026-05-14T00:00:29.070+0000] {processor.py:830} INFO - Processing file /workspaces/Airflow_project/airflow_env/lib/python3.12/site-packages/airflow/example_dags/example_display_name.py for tasks to queue
[2026-05-14T00:00:29.071+0000] {logging_mixin.py:188} INFO - [2026-05-14T00:00:29.071+0000] {dagbag.py:545} INFO - Filling up the DagBag from /workspaces/Airflow_project/airflow_env/lib/python3.12/site-packages/airflow/example_dags/example_display_name.py
[2026-05-14T00:00:29.075+0000] {processor.py:840} INFO - DAG(s) 'example_display_name' retrieved from /workspaces/Airflow_project/airflow_env/lib/python3.12/site-packages/airflow/example_dags/example_display_name.py
[2026-05-14T00:00:29.087+0000] {logging_mixin.py:188} INFO - [2026-05-14T00:00:29.087+0000] {dag.py:3089} INFO - Sync 1 DAGs
[2026-05-14T00:00:29.095+0000] {logging_mixin.py:188} INFO - [2026-05-14T00:00:29.095+0000] {dag.py:3947} INFO - Setting next_dagrun for example_display_name to None, run_after=None
[2026-05-14T00:00:29.109+0000] {processor.py:183} INFO - Processing /workspaces/Airflow_project/airflow_env/lib/python3.12/site-packages/airflow/example_dags/example_display_name.py took 0.045 seconds
[2026-05-14T00:01:22.105+0000] {processor.py:161} INFO - Started process (PID=96839) to work on /workspaces/Airflow_project/airflow_env/lib/python3.12/site-packages/airflow/example_dags/example_display_name.py
[2026-05-14T00:01:22.105+0000] {processor.py:830} INFO - Processing file /workspaces/Airflow_project/airflow_env/lib/python3.12/site-packages/airflow/example_dags/example_display_name.py for tasks to queue
[2026-05-14T00:01:22.106+0000] {logging_mixin.py:188} INFO - [2026-05-14T00:01:22.106+0000] {dagbag.py:545} INFO - Filling up the DagBag from /workspaces/Airflow_project/airflow_env/lib/python3.12/site-packages/airflow/example_dags/example_display_name.py
[2026-05-14T00:01:22.110+0000] {processor.py:840} INFO - DAG(s) 'example_display_name' retrieved from /workspaces/Airflow_project/airflow_env/lib/python3.12/site-packages/airflow/example_dags/example_display_name.py
[2026-05-14T00:01:22.122+0000] {logging_mixin.py:188} INFO - [2026-05-14T00:01:22.122+0000] {dag.py:3089} INFO - Sync 1 DAGs
[2026-05-14T00:01:22.129+0000] {logging_mixin.py:188} INFO - [2026-05-14T00:01:22.129+0000] {dag.py:3947} INFO - Setting next_dagrun for example_display_name to None, run_after=None
[2026-05-14T00:01:22.146+0000] {processor.py:183} INFO - Processing /workspaces/Airflow_project/airflow_env/lib/python3.12/site-packages/airflow/example_dags/example_display_name.py took 0.046 seconds
[2026-05-14T00:02:28.048+0000] {processor.py:161} INFO - Started process (PID=97395) to work on /workspaces/Airflow_project/airflow_env/lib/python3.12/site-packages/airflow/example_dags/example_display_name.py
[2026-05-14T00:02:28.049+0000] {processor.py:830} INFO - Processing file /workspaces/Airflow_project/airflow_env/lib/python3.12/site-packages/airflow/example_dags/example_display_name.py for tasks to queue
[2026-05-14T00:02:28.049+0000] {logging_mixin.py:188} INFO - [2026-05-14T00:02:28.049+0000] {dagbag.py:545} INFO - Filling up the DagBag from /workspaces/Airflow_project/airflow_env/lib/python3.12/site-packages/airflow/example_dags/example_display_name.py
[2026-05-14T00:02:28.054+0000] {processor.py:840} INFO - DAG(s) 'example_display_name' retrieved from /workspaces/Airflow_project/airflow_env/lib/python3.12/site-packages/airflow/example_dags/example_display_name.py
[2026-05-14T00:02:28.066+0000] {logging_mixin.py:188} INFO - [2026-05-14T00:02:28.065+0000] {dag.py:3089} INFO - Sync 1 DAGs
[2026-05-14T00:02:28.073+0000] {logging_mixin.py:188} INFO - [2026-05-14T00:02:28.073+0000] {dag.py:3947} INFO - Setting next_dagrun for example_display_name to None, run_after=None
[2026-05-14T00:02:28.091+0000] {processor.py:183} INFO - Processing /workspaces/Airflow_project/airflow_env/lib/python3.12/site-packages/airflow/example_dags/example_display_name.py took 0.048 seconds
[2026-05-14T00:03:35.475+0000] {processor.py:161} INFO - Started process (PID=97937) to work on /workspaces/Airflow_project/airflow_env/lib/python3.12/site-packages/airflow/example_dags/example_display_name.py
[2026-05-14T00:03:35.476+0000] {processor.py:830} INFO - Processing file /workspaces/Airflow_project/airflow_env/lib/python3.12/site-packages/airflow/example_dags/example_display_name.py for tasks to queue
[2026-05-14T00:03:35.477+0000] {logging_mixin.py:188} INFO - [2026-05-14T00:03:35.476+0000] {dagbag.py:545} INFO - Filling up the DagBag from /workspaces/Airflow_project/airflow_env/lib/python3.12/site-packages/airflow/example_dags/example_display_name.py
[2026-05-14T00:03:35.481+0000] {processor.py:840} INFO - DAG(s) 'example_display_name' retrieved from /workspaces/Airflow_project/airflow_env/lib/python3.12/site-packages/airflow/example_dags/example_display_name.py
[2026-05-14T00:03:35.494+0000] {logging_mixin.py:188} INFO - [2026-05-14T00:03:35.494+0000] {dag.py:3089} INFO - Sync 1 DAGs
[2026-05-14T00:03:35.501+0000] {logging_mixin.py:188} INFO - [2026-05-14T00:03:35.501+0000] {dag.py:3947} INFO - Setting next_dagrun for example_display_name to None, run_after=None
[2026-05-14T00:03:35.516+0000] {processor.py:183} INFO - Processing /workspaces/Airflow_project/airflow_env/lib/python3.12/site-packages/airflow/example_dags/example_display_name.py took 0.046 seconds
[2026-05-14T00:04:49.323+0000] {processor.py:161} INFO - Started process (PID=98534) to work on /workspaces/Airflow_project/airflow_env/lib/python3.12/site-packages/airflow/example_dags/example_display_name.py
[2026-05-14T00:04:49.324+0000] {processor.py:830} INFO - Processing file /workspaces/Airflow_project/airflow_env/lib/python3.12/site-packages/airflow/example_dags/example_display_name.py for tasks to queue
[2026-05-14T00:04:49.325+0000] {logging_mixin.py:188} INFO - [2026-05-14T00:04:49.324+0000] {dagbag.py:545} INFO - Filling up the DagBag from /workspaces/Airflow_project/airflow_env/lib/python3.12/site-packages/airflow/example_dags/example_display_name.py
[2026-05-14T00:04:49.329+0000] {processor.py:840} INFO - DAG(s) 'example_display_name' retrieved from /workspaces/Airflow_project/airflow_env/lib/python3.12/site-packages/airflow/example_dags/example_display_name.py
[2026-05-14T00:04:49.342+0000] {logging_mixin.py:188} INFO - [2026-05-14T00:04:49.342+0000] {dag.py:3089} INFO - Sync 1 DAGs
[2026-05-14T00:04:49.353+0000] {logging_mixin.py:188} INFO - [2026-05-14T00:04:49.353+0000] {dag.py:3947} INFO - Setting next_dagrun for example_display_name to None, run_after=None
[2026-05-14T00:04:49.368+0000] {processor.py:183} INFO - Processing /workspaces/Airflow_project/airflow_env/lib/python3.12/site-packages/airflow/example_dags/example_display_name.py took 0.049 seconds
[2026-05-14T00:05:56.475+0000] {processor.py:161} INFO - Started process (PID=99061) to work on /workspaces/Airflow_project/airflow_env/lib/python3.12/site-packages/airflow/example_dags/example_display_name.py
[2026-05-14T00:05:56.475+0000] {processor.py:830} INFO - Processing file /workspaces/Airflow_project/airflow_env/lib/python3.12/site-packages/airflow/example_dags/example_display_name.py for tasks to queue
[2026-05-14T00:05:56.476+0000] {logging_mixin.py:188} INFO - [2026-05-14T00:05:56.476+0000] {dagbag.py:545} INFO - Filling up the DagBag from /workspaces/Airflow_project/airflow_env/lib/python3.12/site-packages/airflow/example_dags/example_display_name.py
[2026-05-14T00:05:56.480+0000] {processor.py:840} INFO - DAG(s) 'example_display_name' retrieved from /workspaces/Airflow_project/airflow_env/lib/python3.12/site-packages/airflow/example_dags/example_display_name.py
[2026-05-14T00:05:56.492+0000] {logging_mixin.py:188} INFO - [2026-05-14T00:05:56.492+0000] {dag.py:3089} INFO - Sync 1 DAGs
[2026-05-14T00:05:56.499+0000] {logging_mixin.py:188} INFO - [2026-05-14T00:05:56.499+0000] {dag.py:3947} INFO - Setting next_dagrun for example_display_name to None, run_after=None
[2026-05-14T00:05:56.514+0000] {processor.py:183} INFO - Processing /workspaces/Airflow_project/airflow_env/lib/python3.12/site-packages/airflow/example_dags/example_display_name.py took 0.044 seconds
[2026-05-14T00:07:02.076+0000] {processor.py:161} INFO - Started process (PID=99609) to work on /workspaces/Airflow_project/airflow_env/lib/python3.12/site-packages/airflow/example_dags/example_display_name.py
[2026-05-14T00:07:02.077+0000] {processor.py:830} INFO - Processing file /workspaces/Airflow_project/airflow_env/lib/python3.12/site-packages/airflow/example_dags/example_display_name.py for tasks to queue
[2026-05-14T00:07:02.078+0000] {logging_mixin.py:188} INFO - [2026-05-14T00:07:02.077+0000] {dagbag.py:545} INFO - Filling up the DagBag from /workspaces/Airflow_project/airflow_env/lib/python3.12/site-packages/airflow/example_dags/example_display_name.py
[2026-05-14T00:07:02.082+0000] {processor.py:840} INFO - DAG(s) 'example_display_name' retrieved from /workspaces/Airflow_project/airflow_env/lib/python3.12/site-packages/airflow/example_dags/example_display_name.py
[2026-05-14T00:07:02.093+0000] {logging_mixin.py:188} INFO - [2026-05-14T00:07:02.093+0000] {dag.py:3089} INFO - Sync 1 DAGs
[2026-05-14T00:07:02.101+0000] {logging_mixin.py:188} INFO - [2026-05-14T00:07:02.101+0000] {dag.py:3947} INFO - Setting next_dagrun for example_display_name to None, run_after=None
[2026-05-14T00:07:02.116+0000] {processor.py:183} INFO - Processing /workspaces/Airflow_project/airflow_env/lib/python3.12/site-packages/airflow/example_dags/example_display_name.py took 0.044 seconds
[2026-05-14T00:08:09.727+0000] {processor.py:161} INFO - Started process (PID=100139) to work on /workspaces/Airflow_project/airflow_env/lib/python3.12/site-packages/airflow/example_dags/example_display_name.py
[2026-05-14T00:08:09.728+0000] {processor.py:830} INFO - Processing file /workspaces/Airflow_project/airflow_env/lib/python3.12/site-packages/airflow/example_dags/example_display_name.py for tasks to queue
[2026-05-14T00:08:09.728+0000] {logging_mixin.py:188} INFO - [2026-05-14T00:08:09.728+0000] {dagbag.py:545} INFO - Filling up the DagBag from /workspaces/Airflow_project/airflow_env/lib/python3.12/site-packages/airflow/example_dags/example_display_name.py
[2026-05-14T00:08:09.732+0000] {processor.py:840} INFO - DAG(s) 'example_display_name' retrieved from /workspaces/Airflow_project/airflow_env/lib/python3.12/site-packages/airflow/example_dags/example_display_name.py
[2026-05-14T00:08:09.746+0000] {logging_mixin.py:188} INFO - [2026-05-14T00:08:09.746+0000] {dag.py:3089} INFO - Sync 1 DAGs
[2026-05-14T00:08:09.756+0000] {logging_mixin.py:188} INFO - [2026-05-14T00:08:09.756+0000] {dag.py:3947} INFO - Setting next_dagrun for example_display_name to None, run_after=None
[2026-05-14T00:08:09.772+0000] {processor.py:183} INFO - Processing /workspaces/Airflow_project/airflow_env/lib/python3.12/site-packages/airflow/example_dags/example_display_name.py took 0.049 seconds
[2026-05-14T00:09:16.877+0000] {processor.py:161} INFO - Started process (PID=101114) to work on /workspaces/Airflow_project/airflow_env/lib/python3.12/site-packages/airflow/example_dags/example_display_name.py
[2026-05-14T00:09:16.878+0000] {processor.py:830} INFO - Processing file /workspaces/Airflow_project/airflow_env/lib/python3.12/site-packages/airflow/example_dags/example_display_name.py for tasks to queue
[2026-05-14T00:09:16.879+0000] {logging_mixin.py:188} INFO - [2026-05-14T00:09:16.878+0000] {dagbag.py:545} INFO - Filling up the DagBag from /workspaces/Airflow_project/airflow_env/lib/python3.12/site-packages/airflow/example_dags/example_display_name.py
[2026-05-14T00:09:16.883+0000] {processor.py:840} INFO - DAG(s) 'example_display_name' retrieved from /workspaces/Airflow_project/airflow_env/lib/python3.12/site-packages/airflow/example_dags/example_display_name.py
[2026-05-14T00:09:16.905+0000] {logging_mixin.py:188} INFO - [2026-05-14T00:09:16.904+0000] {dag.py:3089} INFO - Sync 1 DAGs
[2026-05-14T00:09:16.916+0000] {logging_mixin.py:188} INFO - [2026-05-14T00:09:16.916+0000] {dag.py:3947} INFO - Setting next_dagrun for example_display_name to None, run_after=None
[2026-05-14T00:09:16.937+0000] {processor.py:183} INFO - Processing /workspaces/Airflow_project/airflow_env/lib/python3.12/site-packages/airflow/example_dags/example_display_name.py took 0.064 seconds
