[2026-05-14T00:00:51.625+0000] {processor.py:161} INFO - Started process (PID=96609) to work on /workspaces/Airflow_project/airflow_env/lib/python3.12/site-packages/airflow/example_dags/example_nested_branch_dag.py
[2026-05-14T00:00:51.625+0000] {processor.py:830} INFO - Processing file /workspaces/Airflow_project/airflow_env/lib/python3.12/site-packages/airflow/example_dags/example_nested_branch_dag.py for tasks to queue
[2026-05-14T00:00:51.626+0000] {logging_mixin.py:188} INFO - [2026-05-14T00:00:51.626+0000] {dagbag.py:545} INFO - Filling up the DagBag from /workspaces/Airflow_project/airflow_env/lib/python3.12/site-packages/airflow/example_dags/example_nested_branch_dag.py
[2026-05-14T00:00:51.636+0000] {processor.py:840} INFO - DAG(s) 'example_nested_branch_dag' retrieved from /workspaces/Airflow_project/airflow_env/lib/python3.12/site-packages/airflow/example_dags/example_nested_branch_dag.py
[2026-05-14T00:00:51.656+0000] {logging_mixin.py:188} INFO - [2026-05-14T00:00:51.655+0000] {dag.py:3089} INFO - Sync 1 DAGs
[2026-05-14T00:00:51.669+0000] {logging_mixin.py:188} INFO - [2026-05-14T00:00:51.669+0000] {dag.py:3947} INFO - Setting next_dagrun for example_nested_branch_dag to 2026-05-13 00:00:00+00:00, run_after=2026-05-14 00:00:00+00:00
[2026-05-14T00:00:51.684+0000] {processor.py:183} INFO - Processing /workspaces/Airflow_project/airflow_env/lib/python3.12/site-packages/airflow/example_dags/example_nested_branch_dag.py took 0.064 seconds
[2026-05-14T00:01:45.419+0000] {processor.py:161} INFO - Started process (PID=97044) to work on /workspaces/Airflow_project/airflow_env/lib/python3.12/site-packages/airflow/example_dags/example_nested_branch_dag.py
[2026-05-14T00:01:45.420+0000] {processor.py:830} INFO - Processing file /workspaces/Airflow_project/airflow_env/lib/python3.12/site-packages/airflow/example_dags/example_nested_branch_dag.py for tasks to queue
[2026-05-14T00:01:45.420+0000] {logging_mixin.py:188} INFO - [2026-05-14T00:01:45.420+0000] {dagbag.py:545} INFO - Filling up the DagBag from /workspaces/Airflow_project/airflow_env/lib/python3.12/site-packages/airflow/example_dags/example_nested_branch_dag.py
[2026-05-14T00:01:45.428+0000] {processor.py:840} INFO - DAG(s) 'example_nested_branch_dag' retrieved from /workspaces/Airflow_project/airflow_env/lib/python3.12/site-packages/airflow/example_dags/example_nested_branch_dag.py
[2026-05-14T00:01:45.443+0000] {logging_mixin.py:188} INFO - [2026-05-14T00:01:45.442+0000] {dag.py:3089} INFO - Sync 1 DAGs
[2026-05-14T00:01:45.457+0000] {logging_mixin.py:188} INFO - [2026-05-14T00:01:45.457+0000] {dag.py:3947} INFO - Setting next_dagrun for example_nested_branch_dag to 2026-05-13 00:00:00+00:00, run_after=2026-05-14 00:00:00+00:00
[2026-05-14T00:01:45.472+0000] {processor.py:183} INFO - Processing /workspaces/Airflow_project/airflow_env/lib/python3.12/site-packages/airflow/example_dags/example_nested_branch_dag.py took 0.058 seconds
[2026-05-14T00:02:48.912+0000] {processor.py:161} INFO - Started process (PID=97561) to work on /workspaces/Airflow_project/airflow_env/lib/python3.12/site-packages/airflow/example_dags/example_nested_branch_dag.py
[2026-05-14T00:02:48.913+0000] {processor.py:830} INFO - Processing file /workspaces/Airflow_project/airflow_env/lib/python3.12/site-packages/airflow/example_dags/example_nested_branch_dag.py for tasks to queue
[2026-05-14T00:02:48.914+0000] {logging_mixin.py:188} INFO - [2026-05-14T00:02:48.914+0000] {dagbag.py:545} INFO - Filling up the DagBag from /workspaces/Airflow_project/airflow_env/lib/python3.12/site-packages/airflow/example_dags/example_nested_branch_dag.py
[2026-05-14T00:02:48.921+0000] {processor.py:840} INFO - DAG(s) 'example_nested_branch_dag' retrieved from /workspaces/Airflow_project/airflow_env/lib/python3.12/site-packages/airflow/example_dags/example_nested_branch_dag.py
[2026-05-14T00:02:48.934+0000] {logging_mixin.py:188} INFO - [2026-05-14T00:02:48.934+0000] {dag.py:3089} INFO - Sync 1 DAGs
[2026-05-14T00:02:48.949+0000] {logging_mixin.py:188} INFO - [2026-05-14T00:02:48.949+0000] {dag.py:3947} INFO - Setting next_dagrun for example_nested_branch_dag to 2026-05-13 00:00:00+00:00, run_after=2026-05-14 00:00:00+00:00
[2026-05-14T00:02:48.966+0000] {processor.py:183} INFO - Processing /workspaces/Airflow_project/airflow_env/lib/python3.12/site-packages/airflow/example_dags/example_nested_branch_dag.py took 0.059 seconds
[2026-05-14T00:03:56.334+0000] {processor.py:161} INFO - Started process (PID=98095) to work on /workspaces/Airflow_project/airflow_env/lib/python3.12/site-packages/airflow/example_dags/example_nested_branch_dag.py
[2026-05-14T00:03:56.335+0000] {processor.py:830} INFO - Processing file /workspaces/Airflow_project/airflow_env/lib/python3.12/site-packages/airflow/example_dags/example_nested_branch_dag.py for tasks to queue
[2026-05-14T00:03:56.336+0000] {logging_mixin.py:188} INFO - [2026-05-14T00:03:56.335+0000] {dagbag.py:545} INFO - Filling up the DagBag from /workspaces/Airflow_project/airflow_env/lib/python3.12/site-packages/airflow/example_dags/example_nested_branch_dag.py
[2026-05-14T00:03:56.345+0000] {processor.py:840} INFO - DAG(s) 'example_nested_branch_dag' retrieved from /workspaces/Airflow_project/airflow_env/lib/python3.12/site-packages/airflow/example_dags/example_nested_branch_dag.py
[2026-05-14T00:03:56.362+0000] {logging_mixin.py:188} INFO - [2026-05-14T00:03:56.362+0000] {dag.py:3089} INFO - Sync 1 DAGs
[2026-05-14T00:03:56.374+0000] {logging_mixin.py:188} INFO - [2026-05-14T00:03:56.373+0000] {dag.py:3947} INFO - Setting next_dagrun for example_nested_branch_dag to 2026-05-13 00:00:00+00:00, run_after=2026-05-14 00:00:00+00:00
[2026-05-14T00:03:56.391+0000] {processor.py:183} INFO - Processing /workspaces/Airflow_project/airflow_env/lib/python3.12/site-packages/airflow/example_dags/example_nested_branch_dag.py took 0.061 seconds
[2026-05-14T00:04:45.787+0000] {processor.py:161} INFO - Started process (PID=98502) to work on /workspaces/Airflow_project/airflow_env/lib/python3.12/site-packages/airflow/example_dags/example_nested_branch_dag.py
[2026-05-14T00:04:45.787+0000] {processor.py:830} INFO - Processing file /workspaces/Airflow_project/airflow_env/lib/python3.12/site-packages/airflow/example_dags/example_nested_branch_dag.py for tasks to queue
[2026-05-14T00:04:45.788+0000] {logging_mixin.py:188} INFO - [2026-05-14T00:04:45.788+0000] {dagbag.py:545} INFO - Filling up the DagBag from /workspaces/Airflow_project/airflow_env/lib/python3.12/site-packages/airflow/example_dags/example_nested_branch_dag.py
[2026-05-14T00:04:45.795+0000] {processor.py:840} INFO - DAG(s) 'example_nested_branch_dag' retrieved from /workspaces/Airflow_project/airflow_env/lib/python3.12/site-packages/airflow/example_dags/example_nested_branch_dag.py
[2026-05-14T00:04:45.808+0000] {logging_mixin.py:188} INFO - [2026-05-14T00:04:45.808+0000] {dag.py:3089} INFO - Sync 1 DAGs
[2026-05-14T00:04:45.820+0000] {logging_mixin.py:188} INFO - [2026-05-14T00:04:45.820+0000] {dag.py:3947} INFO - Setting next_dagrun for example_nested_branch_dag to 2026-05-13 00:00:00+00:00, run_after=2026-05-14 00:00:00+00:00
[2026-05-14T00:04:45.837+0000] {processor.py:183} INFO - Processing /workspaces/Airflow_project/airflow_env/lib/python3.12/site-packages/airflow/example_dags/example_nested_branch_dag.py took 0.055 seconds
[2026-05-14T00:05:33.903+0000] {processor.py:161} INFO - Started process (PID=98887) to work on /workspaces/Airflow_project/airflow_env/lib/python3.12/site-packages/airflow/example_dags/example_nested_branch_dag.py
[2026-05-14T00:05:33.904+0000] {processor.py:830} INFO - Processing file /workspaces/Airflow_project/airflow_env/lib/python3.12/site-packages/airflow/example_dags/example_nested_branch_dag.py for tasks to queue
[2026-05-14T00:05:33.904+0000] {logging_mixin.py:188} INFO - [2026-05-14T00:05:33.904+0000] {dagbag.py:545} INFO - Filling up the DagBag from /workspaces/Airflow_project/airflow_env/lib/python3.12/site-packages/airflow/example_dags/example_nested_branch_dag.py
[2026-05-14T00:05:33.911+0000] {processor.py:840} INFO - DAG(s) 'example_nested_branch_dag' retrieved from /workspaces/Airflow_project/airflow_env/lib/python3.12/site-packages/airflow/example_dags/example_nested_branch_dag.py
[2026-05-14T00:05:33.925+0000] {logging_mixin.py:188} INFO - [2026-05-14T00:05:33.924+0000] {dag.py:3089} INFO - Sync 1 DAGs
[2026-05-14T00:05:33.945+0000] {logging_mixin.py:188} INFO - [2026-05-14T00:05:33.944+0000] {dag.py:3947} INFO - Setting next_dagrun for example_nested_branch_dag to 2026-05-13 00:00:00+00:00, run_after=2026-05-14 00:00:00+00:00
[2026-05-14T00:05:33.990+0000] {processor.py:183} INFO - Processing /workspaces/Airflow_project/airflow_env/lib/python3.12/site-packages/airflow/example_dags/example_nested_branch_dag.py took 0.092 seconds
[2026-05-14T00:06:35.038+0000] {processor.py:161} INFO - Started process (PID=99363) to work on /workspaces/Airflow_project/airflow_env/lib/python3.12/site-packages/airflow/example_dags/example_nested_branch_dag.py
[2026-05-14T00:06:35.039+0000] {processor.py:830} INFO - Processing file /workspaces/Airflow_project/airflow_env/lib/python3.12/site-packages/airflow/example_dags/example_nested_branch_dag.py for tasks to queue
[2026-05-14T00:06:35.039+0000] {logging_mixin.py:188} INFO - [2026-05-14T00:06:35.039+0000] {dagbag.py:545} INFO - Filling up the DagBag from /workspaces/Airflow_project/airflow_env/lib/python3.12/site-packages/airflow/example_dags/example_nested_branch_dag.py
[2026-05-14T00:06:35.048+0000] {processor.py:840} INFO - DAG(s) 'example_nested_branch_dag' retrieved from /workspaces/Airflow_project/airflow_env/lib/python3.12/site-packages/airflow/example_dags/example_nested_branch_dag.py
[2026-05-14T00:06:35.065+0000] {logging_mixin.py:188} INFO - [2026-05-14T00:06:35.064+0000] {dag.py:3089} INFO - Sync 1 DAGs
[2026-05-14T00:06:35.076+0000] {logging_mixin.py:188} INFO - [2026-05-14T00:06:35.076+0000] {dag.py:3947} INFO - Setting next_dagrun for example_nested_branch_dag to 2026-05-13 00:00:00+00:00, run_after=2026-05-14 00:00:00+00:00
[2026-05-14T00:06:35.091+0000] {processor.py:183} INFO - Processing /workspaces/Airflow_project/airflow_env/lib/python3.12/site-packages/airflow/example_dags/example_nested_branch_dag.py took 0.060 seconds
[2026-05-14T00:07:22.835+0000] {processor.py:161} INFO - Started process (PID=99770) to work on /workspaces/Airflow_project/airflow_env/lib/python3.12/site-packages/airflow/example_dags/example_nested_branch_dag.py
[2026-05-14T00:07:22.836+0000] {processor.py:830} INFO - Processing file /workspaces/Airflow_project/airflow_env/lib/python3.12/site-packages/airflow/example_dags/example_nested_branch_dag.py for tasks to queue
[2026-05-14T00:07:22.837+0000] {logging_mixin.py:188} INFO - [2026-05-14T00:07:22.836+0000] {dagbag.py:545} INFO - Filling up the DagBag from /workspaces/Airflow_project/airflow_env/lib/python3.12/site-packages/airflow/example_dags/example_nested_branch_dag.py
[2026-05-14T00:07:22.845+0000] {processor.py:840} INFO - DAG(s) 'example_nested_branch_dag' retrieved from /workspaces/Airflow_project/airflow_env/lib/python3.12/site-packages/airflow/example_dags/example_nested_branch_dag.py
[2026-05-14T00:07:22.861+0000] {logging_mixin.py:188} INFO - [2026-05-14T00:07:22.861+0000] {dag.py:3089} INFO - Sync 1 DAGs
[2026-05-14T00:07:22.873+0000] {logging_mixin.py:188} INFO - [2026-05-14T00:07:22.873+0000] {dag.py:3947} INFO - Setting next_dagrun for example_nested_branch_dag to 2026-05-13 00:00:00+00:00, run_after=2026-05-14 00:00:00+00:00
[2026-05-14T00:07:22.888+0000] {processor.py:183} INFO - Processing /workspaces/Airflow_project/airflow_env/lib/python3.12/site-packages/airflow/example_dags/example_nested_branch_dag.py took 0.057 seconds
[2026-05-14T00:08:28.265+0000] {processor.py:161} INFO - Started process (PID=100285) to work on /workspaces/Airflow_project/airflow_env/lib/python3.12/site-packages/airflow/example_dags/example_nested_branch_dag.py
[2026-05-14T00:08:28.266+0000] {processor.py:830} INFO - Processing file /workspaces/Airflow_project/airflow_env/lib/python3.12/site-packages/airflow/example_dags/example_nested_branch_dag.py for tasks to queue
[2026-05-14T00:08:28.267+0000] {logging_mixin.py:188} INFO - [2026-05-14T00:08:28.267+0000] {dagbag.py:545} INFO - Filling up the DagBag from /workspaces/Airflow_project/airflow_env/lib/python3.12/site-packages/airflow/example_dags/example_nested_branch_dag.py
[2026-05-14T00:08:28.274+0000] {processor.py:840} INFO - DAG(s) 'example_nested_branch_dag' retrieved from /workspaces/Airflow_project/airflow_env/lib/python3.12/site-packages/airflow/example_dags/example_nested_branch_dag.py
[2026-05-14T00:08:28.287+0000] {logging_mixin.py:188} INFO - [2026-05-14T00:08:28.287+0000] {dag.py:3089} INFO - Sync 1 DAGs
[2026-05-14T00:08:28.299+0000] {logging_mixin.py:188} INFO - [2026-05-14T00:08:28.299+0000] {dag.py:3947} INFO - Setting next_dagrun for example_nested_branch_dag to 2026-05-13 00:00:00+00:00, run_after=2026-05-14 00:00:00+00:00
[2026-05-14T00:08:28.314+0000] {processor.py:183} INFO - Processing /workspaces/Airflow_project/airflow_env/lib/python3.12/site-packages/airflow/example_dags/example_nested_branch_dag.py took 0.053 seconds
[2026-05-14T00:09:13.801+0000] {processor.py:161} INFO - Started process (PID=101096) to work on /workspaces/Airflow_project/airflow_env/lib/python3.12/site-packages/airflow/example_dags/example_nested_branch_dag.py
[2026-05-14T00:09:13.802+0000] {processor.py:830} INFO - Processing file /workspaces/Airflow_project/airflow_env/lib/python3.12/site-packages/airflow/example_dags/example_nested_branch_dag.py for tasks to queue
[2026-05-14T00:09:13.803+0000] {logging_mixin.py:188} INFO - [2026-05-14T00:09:13.802+0000] {dagbag.py:545} INFO - Filling up the DagBag from /workspaces/Airflow_project/airflow_env/lib/python3.12/site-packages/airflow/example_dags/example_nested_branch_dag.py
[2026-05-14T00:09:13.810+0000] {processor.py:840} INFO - DAG(s) 'example_nested_branch_dag' retrieved from /workspaces/Airflow_project/airflow_env/lib/python3.12/site-packages/airflow/example_dags/example_nested_branch_dag.py
[2026-05-14T00:09:13.823+0000] {logging_mixin.py:188} INFO - [2026-05-14T00:09:13.823+0000] {dag.py:3089} INFO - Sync 1 DAGs
[2026-05-14T00:09:13.836+0000] {logging_mixin.py:188} INFO - [2026-05-14T00:09:13.835+0000] {dag.py:3947} INFO - Setting next_dagrun for example_nested_branch_dag to 2026-05-13 00:00:00+00:00, run_after=2026-05-14 00:00:00+00:00
[2026-05-14T00:09:13.853+0000] {processor.py:183} INFO - Processing /workspaces/Airflow_project/airflow_env/lib/python3.12/site-packages/airflow/example_dags/example_nested_branch_dag.py took 0.056 seconds
