[2026-05-14T00:00:53.996+0000] {processor.py:161} INFO - Started process (PID=96639) to work on /workspaces/Airflow_project/airflow_env/lib/python3.12/site-packages/airflow/example_dags/example_dynamic_task_mapping.py
[2026-05-14T00:00:53.997+0000] {processor.py:830} INFO - Processing file /workspaces/Airflow_project/airflow_env/lib/python3.12/site-packages/airflow/example_dags/example_dynamic_task_mapping.py for tasks to queue
[2026-05-14T00:00:53.997+0000] {logging_mixin.py:188} INFO - [2026-05-14T00:00:53.997+0000] {dagbag.py:545} INFO - Filling up the DagBag from /workspaces/Airflow_project/airflow_env/lib/python3.12/site-packages/airflow/example_dags/example_dynamic_task_mapping.py
[2026-05-14T00:00:54.002+0000] {processor.py:840} INFO - DAG(s) 'example_dynamic_task_mapping' retrieved from /workspaces/Airflow_project/airflow_env/lib/python3.12/site-packages/airflow/example_dags/example_dynamic_task_mapping.py
[2026-05-14T00:00:54.014+0000] {logging_mixin.py:188} INFO - [2026-05-14T00:00:54.014+0000] {dag.py:3089} INFO - Sync 1 DAGs
[2026-05-14T00:00:54.026+0000] {logging_mixin.py:188} INFO - [2026-05-14T00:00:54.026+0000] {dag.py:3947} INFO - Setting next_dagrun for example_dynamic_task_mapping to 2022-03-04 00:00:00+00:00, run_after=2022-03-05 00:00:00+00:00
[2026-05-14T00:00:54.042+0000] {processor.py:183} INFO - Processing /workspaces/Airflow_project/airflow_env/lib/python3.12/site-packages/airflow/example_dags/example_dynamic_task_mapping.py took 0.050 seconds
[2026-05-14T00:01:48.068+0000] {processor.py:161} INFO - Started process (PID=97055) to work on /workspaces/Airflow_project/airflow_env/lib/python3.12/site-packages/airflow/example_dags/example_dynamic_task_mapping.py
[2026-05-14T00:01:48.069+0000] {processor.py:830} INFO - Processing file /workspaces/Airflow_project/airflow_env/lib/python3.12/site-packages/airflow/example_dags/example_dynamic_task_mapping.py for tasks to queue
[2026-05-14T00:01:48.070+0000] {logging_mixin.py:188} INFO - [2026-05-14T00:01:48.069+0000] {dagbag.py:545} INFO - Filling up the DagBag from /workspaces/Airflow_project/airflow_env/lib/python3.12/site-packages/airflow/example_dags/example_dynamic_task_mapping.py
[2026-05-14T00:01:48.074+0000] {processor.py:840} INFO - DAG(s) 'example_dynamic_task_mapping' retrieved from /workspaces/Airflow_project/airflow_env/lib/python3.12/site-packages/airflow/example_dags/example_dynamic_task_mapping.py
[2026-05-14T00:01:48.086+0000] {logging_mixin.py:188} INFO - [2026-05-14T00:01:48.086+0000] {dag.py:3089} INFO - Sync 1 DAGs
[2026-05-14T00:01:48.097+0000] {logging_mixin.py:188} INFO - [2026-05-14T00:01:48.097+0000] {dag.py:3947} INFO - Setting next_dagrun for example_dynamic_task_mapping to 2022-03-04 00:00:00+00:00, run_after=2022-03-05 00:00:00+00:00
[2026-05-14T00:01:48.113+0000] {processor.py:183} INFO - Processing /workspaces/Airflow_project/airflow_env/lib/python3.12/site-packages/airflow/example_dags/example_dynamic_task_mapping.py took 0.049 seconds
[2026-05-14T00:02:51.865+0000] {processor.py:161} INFO - Started process (PID=97585) to work on /workspaces/Airflow_project/airflow_env/lib/python3.12/site-packages/airflow/example_dags/example_dynamic_task_mapping.py
[2026-05-14T00:02:51.866+0000] {processor.py:830} INFO - Processing file /workspaces/Airflow_project/airflow_env/lib/python3.12/site-packages/airflow/example_dags/example_dynamic_task_mapping.py for tasks to queue
[2026-05-14T00:02:51.867+0000] {logging_mixin.py:188} INFO - [2026-05-14T00:02:51.866+0000] {dagbag.py:545} INFO - Filling up the DagBag from /workspaces/Airflow_project/airflow_env/lib/python3.12/site-packages/airflow/example_dags/example_dynamic_task_mapping.py
[2026-05-14T00:02:51.872+0000] {processor.py:840} INFO - DAG(s) 'example_dynamic_task_mapping' retrieved from /workspaces/Airflow_project/airflow_env/lib/python3.12/site-packages/airflow/example_dags/example_dynamic_task_mapping.py
[2026-05-14T00:02:51.884+0000] {logging_mixin.py:188} INFO - [2026-05-14T00:02:51.883+0000] {dag.py:3089} INFO - Sync 1 DAGs
[2026-05-14T00:02:51.895+0000] {logging_mixin.py:188} INFO - [2026-05-14T00:02:51.894+0000] {dag.py:3947} INFO - Setting next_dagrun for example_dynamic_task_mapping to 2022-03-04 00:00:00+00:00, run_after=2022-03-05 00:00:00+00:00
[2026-05-14T00:02:51.909+0000] {processor.py:183} INFO - Processing /workspaces/Airflow_project/airflow_env/lib/python3.12/site-packages/airflow/example_dags/example_dynamic_task_mapping.py took 0.048 seconds
[2026-05-14T00:03:59.740+0000] {processor.py:161} INFO - Started process (PID=98114) to work on /workspaces/Airflow_project/airflow_env/lib/python3.12/site-packages/airflow/example_dags/example_dynamic_task_mapping.py
[2026-05-14T00:03:59.741+0000] {processor.py:830} INFO - Processing file /workspaces/Airflow_project/airflow_env/lib/python3.12/site-packages/airflow/example_dags/example_dynamic_task_mapping.py for tasks to queue
[2026-05-14T00:03:59.741+0000] {logging_mixin.py:188} INFO - [2026-05-14T00:03:59.741+0000] {dagbag.py:545} INFO - Filling up the DagBag from /workspaces/Airflow_project/airflow_env/lib/python3.12/site-packages/airflow/example_dags/example_dynamic_task_mapping.py
[2026-05-14T00:03:59.747+0000] {processor.py:840} INFO - DAG(s) 'example_dynamic_task_mapping' retrieved from /workspaces/Airflow_project/airflow_env/lib/python3.12/site-packages/airflow/example_dags/example_dynamic_task_mapping.py
[2026-05-14T00:03:59.761+0000] {logging_mixin.py:188} INFO - [2026-05-14T00:03:59.761+0000] {dag.py:3089} INFO - Sync 1 DAGs
[2026-05-14T00:03:59.773+0000] {logging_mixin.py:188} INFO - [2026-05-14T00:03:59.772+0000] {dag.py:3947} INFO - Setting next_dagrun for example_dynamic_task_mapping to 2022-03-04 00:00:00+00:00, run_after=2022-03-05 00:00:00+00:00
[2026-05-14T00:03:59.788+0000] {processor.py:183} INFO - Processing /workspaces/Airflow_project/airflow_env/lib/python3.12/site-packages/airflow/example_dags/example_dynamic_task_mapping.py took 0.053 seconds
[2026-05-14T00:05:10.236+0000] {processor.py:161} INFO - Started process (PID=98696) to work on /workspaces/Airflow_project/airflow_env/lib/python3.12/site-packages/airflow/example_dags/example_dynamic_task_mapping.py
[2026-05-14T00:05:10.237+0000] {processor.py:830} INFO - Processing file /workspaces/Airflow_project/airflow_env/lib/python3.12/site-packages/airflow/example_dags/example_dynamic_task_mapping.py for tasks to queue
[2026-05-14T00:05:10.237+0000] {logging_mixin.py:188} INFO - [2026-05-14T00:05:10.237+0000] {dagbag.py:545} INFO - Filling up the DagBag from /workspaces/Airflow_project/airflow_env/lib/python3.12/site-packages/airflow/example_dags/example_dynamic_task_mapping.py
[2026-05-14T00:05:10.243+0000] {processor.py:840} INFO - DAG(s) 'example_dynamic_task_mapping' retrieved from /workspaces/Airflow_project/airflow_env/lib/python3.12/site-packages/airflow/example_dags/example_dynamic_task_mapping.py
[2026-05-14T00:05:10.259+0000] {logging_mixin.py:188} INFO - [2026-05-14T00:05:10.259+0000] {dag.py:3089} INFO - Sync 1 DAGs
[2026-05-14T00:05:10.271+0000] {logging_mixin.py:188} INFO - [2026-05-14T00:05:10.271+0000] {dag.py:3947} INFO - Setting next_dagrun for example_dynamic_task_mapping to 2022-03-04 00:00:00+00:00, run_after=2022-03-05 00:00:00+00:00
[2026-05-14T00:05:10.286+0000] {processor.py:183} INFO - Processing /workspaces/Airflow_project/airflow_env/lib/python3.12/site-packages/airflow/example_dags/example_dynamic_task_mapping.py took 0.055 seconds
[2026-05-14T00:06:13.569+0000] {processor.py:161} INFO - Started process (PID=99206) to work on /workspaces/Airflow_project/airflow_env/lib/python3.12/site-packages/airflow/example_dags/example_dynamic_task_mapping.py
[2026-05-14T00:06:13.570+0000] {processor.py:830} INFO - Processing file /workspaces/Airflow_project/airflow_env/lib/python3.12/site-packages/airflow/example_dags/example_dynamic_task_mapping.py for tasks to queue
[2026-05-14T00:06:13.570+0000] {logging_mixin.py:188} INFO - [2026-05-14T00:06:13.570+0000] {dagbag.py:545} INFO - Filling up the DagBag from /workspaces/Airflow_project/airflow_env/lib/python3.12/site-packages/airflow/example_dags/example_dynamic_task_mapping.py
[2026-05-14T00:06:13.575+0000] {processor.py:840} INFO - DAG(s) 'example_dynamic_task_mapping' retrieved from /workspaces/Airflow_project/airflow_env/lib/python3.12/site-packages/airflow/example_dags/example_dynamic_task_mapping.py
[2026-05-14T00:06:13.588+0000] {logging_mixin.py:188} INFO - [2026-05-14T00:06:13.588+0000] {dag.py:3089} INFO - Sync 1 DAGs
[2026-05-14T00:06:13.600+0000] {logging_mixin.py:188} INFO - [2026-05-14T00:06:13.600+0000] {dag.py:3947} INFO - Setting next_dagrun for example_dynamic_task_mapping to 2022-03-04 00:00:00+00:00, run_after=2022-03-05 00:00:00+00:00
[2026-05-14T00:06:13.615+0000] {processor.py:183} INFO - Processing /workspaces/Airflow_project/airflow_env/lib/python3.12/site-packages/airflow/example_dags/example_dynamic_task_mapping.py took 0.051 seconds
[2026-05-14T00:07:24.321+0000] {processor.py:161} INFO - Started process (PID=99780) to work on /workspaces/Airflow_project/airflow_env/lib/python3.12/site-packages/airflow/example_dags/example_dynamic_task_mapping.py
[2026-05-14T00:07:24.322+0000] {processor.py:830} INFO - Processing file /workspaces/Airflow_project/airflow_env/lib/python3.12/site-packages/airflow/example_dags/example_dynamic_task_mapping.py for tasks to queue
[2026-05-14T00:07:24.323+0000] {logging_mixin.py:188} INFO - [2026-05-14T00:07:24.322+0000] {dagbag.py:545} INFO - Filling up the DagBag from /workspaces/Airflow_project/airflow_env/lib/python3.12/site-packages/airflow/example_dags/example_dynamic_task_mapping.py
[2026-05-14T00:07:24.327+0000] {processor.py:840} INFO - DAG(s) 'example_dynamic_task_mapping' retrieved from /workspaces/Airflow_project/airflow_env/lib/python3.12/site-packages/airflow/example_dags/example_dynamic_task_mapping.py
[2026-05-14T00:07:24.339+0000] {logging_mixin.py:188} INFO - [2026-05-14T00:07:24.339+0000] {dag.py:3089} INFO - Sync 1 DAGs
[2026-05-14T00:07:24.354+0000] {logging_mixin.py:188} INFO - [2026-05-14T00:07:24.353+0000] {dag.py:3947} INFO - Setting next_dagrun for example_dynamic_task_mapping to 2022-03-04 00:00:00+00:00, run_after=2022-03-05 00:00:00+00:00
[2026-05-14T00:07:24.369+0000] {processor.py:183} INFO - Processing /workspaces/Airflow_project/airflow_env/lib/python3.12/site-packages/airflow/example_dags/example_dynamic_task_mapping.py took 0.052 seconds
[2026-05-14T00:08:30.396+0000] {processor.py:161} INFO - Started process (PID=100295) to work on /workspaces/Airflow_project/airflow_env/lib/python3.12/site-packages/airflow/example_dags/example_dynamic_task_mapping.py
[2026-05-14T00:08:30.397+0000] {processor.py:830} INFO - Processing file /workspaces/Airflow_project/airflow_env/lib/python3.12/site-packages/airflow/example_dags/example_dynamic_task_mapping.py for tasks to queue
[2026-05-14T00:08:30.397+0000] {logging_mixin.py:188} INFO - [2026-05-14T00:08:30.397+0000] {dagbag.py:545} INFO - Filling up the DagBag from /workspaces/Airflow_project/airflow_env/lib/python3.12/site-packages/airflow/example_dags/example_dynamic_task_mapping.py
[2026-05-14T00:08:30.403+0000] {processor.py:840} INFO - DAG(s) 'example_dynamic_task_mapping' retrieved from /workspaces/Airflow_project/airflow_env/lib/python3.12/site-packages/airflow/example_dags/example_dynamic_task_mapping.py
[2026-05-14T00:08:30.415+0000] {logging_mixin.py:188} INFO - [2026-05-14T00:08:30.415+0000] {dag.py:3089} INFO - Sync 1 DAGs
[2026-05-14T00:08:30.428+0000] {logging_mixin.py:188} INFO - [2026-05-14T00:08:30.428+0000] {dag.py:3947} INFO - Setting next_dagrun for example_dynamic_task_mapping to 2022-03-04 00:00:00+00:00, run_after=2022-03-05 00:00:00+00:00
[2026-05-14T00:08:30.445+0000] {processor.py:183} INFO - Processing /workspaces/Airflow_project/airflow_env/lib/python3.12/site-packages/airflow/example_dags/example_dynamic_task_mapping.py took 0.054 seconds
