[2026-05-14T00:00:27.930+0000] {processor.py:161} INFO - Started process (PID=96390) to work on /workspaces/Airflow_project/airflow_env/lib/python3.12/site-packages/airflow/example_dags/example_datasets.py
[2026-05-14T00:00:27.931+0000] {processor.py:830} INFO - Processing file /workspaces/Airflow_project/airflow_env/lib/python3.12/site-packages/airflow/example_dags/example_datasets.py for tasks to queue
[2026-05-14T00:00:27.931+0000] {logging_mixin.py:188} INFO - [2026-05-14T00:00:27.931+0000] {dagbag.py:545} INFO - Filling up the DagBag from /workspaces/Airflow_project/airflow_env/lib/python3.12/site-packages/airflow/example_dags/example_datasets.py
[2026-05-14T00:00:27.943+0000] {processor.py:840} INFO - DAG(s) 'dataset_consumes_1_and_2', 'dataset_consumes_1', 'consume_1_or_both_2_and_3_with_dataset_expressions', 'dataset_produces_1', 'consume_1_and_2_with_dataset_expressions', 'consume_1_or_2_with_dataset_expressions', 'dataset_consumes_unknown_never_scheduled', 'dataset_consumes_1_never_scheduled', 'conditional_dataset_and_time_based_timetable', 'dataset_produces_2' retrieved from /workspaces/Airflow_project/airflow_env/lib/python3.12/site-packages/airflow/example_dags/example_datasets.py
[2026-05-14T00:00:27.974+0000] {logging_mixin.py:188} INFO - [2026-05-14T00:00:27.974+0000] {dag.py:3089} INFO - Sync 10 DAGs
[2026-05-14T00:00:27.987+0000] {logging_mixin.py:188} INFO - [2026-05-14T00:00:27.987+0000] {dag.py:3947} INFO - Setting next_dagrun for conditional_dataset_and_time_based_timetable to 2026-05-13 01:00:00+00:00, run_after=2026-05-13 01:00:00+00:00
[2026-05-14T00:00:27.989+0000] {logging_mixin.py:188} INFO - [2026-05-14T00:00:27.989+0000] {dag.py:3947} INFO - Setting next_dagrun for consume_1_and_2_with_dataset_expressions to None, run_after=None
[2026-05-14T00:00:27.990+0000] {logging_mixin.py:188} INFO - [2026-05-14T00:00:27.990+0000] {dag.py:3947} INFO - Setting next_dagrun for consume_1_or_2_with_dataset_expressions to None, run_after=None
[2026-05-14T00:00:27.991+0000] {logging_mixin.py:188} INFO - [2026-05-14T00:00:27.991+0000] {dag.py:3947} INFO - Setting next_dagrun for consume_1_or_both_2_and_3_with_dataset_expressions to None, run_after=None
[2026-05-14T00:00:27.991+0000] {logging_mixin.py:188} INFO - [2026-05-14T00:00:27.991+0000] {dag.py:3947} INFO - Setting next_dagrun for dataset_consumes_1 to None, run_after=None
[2026-05-14T00:00:27.992+0000] {logging_mixin.py:188} INFO - [2026-05-14T00:00:27.992+0000] {dag.py:3947} INFO - Setting next_dagrun for dataset_consumes_1_and_2 to None, run_after=None
[2026-05-14T00:00:27.993+0000] {logging_mixin.py:188} INFO - [2026-05-14T00:00:27.992+0000] {dag.py:3947} INFO - Setting next_dagrun for dataset_consumes_1_never_scheduled to None, run_after=None
[2026-05-14T00:00:27.993+0000] {logging_mixin.py:188} INFO - [2026-05-14T00:00:27.993+0000] {dag.py:3947} INFO - Setting next_dagrun for dataset_consumes_unknown_never_scheduled to None, run_after=None
[2026-05-14T00:00:27.995+0000] {logging_mixin.py:188} INFO - [2026-05-14T00:00:27.994+0000] {dag.py:3947} INFO - Setting next_dagrun for dataset_produces_1 to 2026-05-13 00:00:00+00:00, run_after=2026-05-14 00:00:00+00:00
[2026-05-14T00:00:27.995+0000] {logging_mixin.py:188} INFO - [2026-05-14T00:00:27.995+0000] {dag.py:3947} INFO - Setting next_dagrun for dataset_produces_2 to None, run_after=None
[2026-05-14T00:00:28.018+0000] {processor.py:183} INFO - Processing /workspaces/Airflow_project/airflow_env/lib/python3.12/site-packages/airflow/example_dags/example_datasets.py took 0.092 seconds
[2026-05-14T00:01:20.870+0000] {processor.py:161} INFO - Started process (PID=96837) to work on /workspaces/Airflow_project/airflow_env/lib/python3.12/site-packages/airflow/example_dags/example_datasets.py
[2026-05-14T00:01:20.871+0000] {processor.py:830} INFO - Processing file /workspaces/Airflow_project/airflow_env/lib/python3.12/site-packages/airflow/example_dags/example_datasets.py for tasks to queue
[2026-05-14T00:01:20.872+0000] {logging_mixin.py:188} INFO - [2026-05-14T00:01:20.871+0000] {dagbag.py:545} INFO - Filling up the DagBag from /workspaces/Airflow_project/airflow_env/lib/python3.12/site-packages/airflow/example_dags/example_datasets.py
[2026-05-14T00:01:20.887+0000] {processor.py:840} INFO - DAG(s) 'dataset_consumes_1', 'consume_1_or_both_2_and_3_with_dataset_expressions', 'dataset_produces_1', 'dataset_consumes_1_and_2', 'conditional_dataset_and_time_based_timetable', 'dataset_consumes_1_never_scheduled', 'dataset_consumes_unknown_never_scheduled', 'consume_1_or_2_with_dataset_expressions', 'dataset_produces_2', 'consume_1_and_2_with_dataset_expressions' retrieved from /workspaces/Airflow_project/airflow_env/lib/python3.12/site-packages/airflow/example_dags/example_datasets.py
[2026-05-14T00:01:20.937+0000] {logging_mixin.py:188} INFO - [2026-05-14T00:01:20.937+0000] {dag.py:3089} INFO - Sync 10 DAGs
[2026-05-14T00:01:20.960+0000] {logging_mixin.py:188} INFO - [2026-05-14T00:01:20.960+0000] {dag.py:3947} INFO - Setting next_dagrun for conditional_dataset_and_time_based_timetable to 2026-05-13 01:00:00+00:00, run_after=2026-05-13 01:00:00+00:00
[2026-05-14T00:01:20.962+0000] {logging_mixin.py:188} INFO - [2026-05-14T00:01:20.962+0000] {dag.py:3947} INFO - Setting next_dagrun for consume_1_and_2_with_dataset_expressions to None, run_after=None
[2026-05-14T00:01:20.963+0000] {logging_mixin.py:188} INFO - [2026-05-14T00:01:20.963+0000] {dag.py:3947} INFO - Setting next_dagrun for consume_1_or_2_with_dataset_expressions to None, run_after=None
[2026-05-14T00:01:20.964+0000] {logging_mixin.py:188} INFO - [2026-05-14T00:01:20.964+0000] {dag.py:3947} INFO - Setting next_dagrun for consume_1_or_both_2_and_3_with_dataset_expressions to None, run_after=None
[2026-05-14T00:01:20.965+0000] {logging_mixin.py:188} INFO - [2026-05-14T00:01:20.965+0000] {dag.py:3947} INFO - Setting next_dagrun for dataset_consumes_1 to None, run_after=None
[2026-05-14T00:01:20.966+0000] {logging_mixin.py:188} INFO - [2026-05-14T00:01:20.966+0000] {dag.py:3947} INFO - Setting next_dagrun for dataset_consumes_1_and_2 to None, run_after=None
[2026-05-14T00:01:20.967+0000] {logging_mixin.py:188} INFO - [2026-05-14T00:01:20.966+0000] {dag.py:3947} INFO - Setting next_dagrun for dataset_consumes_1_never_scheduled to None, run_after=None
[2026-05-14T00:01:20.967+0000] {logging_mixin.py:188} INFO - [2026-05-14T00:01:20.967+0000] {dag.py:3947} INFO - Setting next_dagrun for dataset_consumes_unknown_never_scheduled to None, run_after=None
[2026-05-14T00:01:20.969+0000] {logging_mixin.py:188} INFO - [2026-05-14T00:01:20.969+0000] {dag.py:3947} INFO - Setting next_dagrun for dataset_produces_1 to 2026-05-13 00:00:00+00:00, run_after=2026-05-14 00:00:00+00:00
[2026-05-14T00:01:20.970+0000] {logging_mixin.py:188} INFO - [2026-05-14T00:01:20.970+0000] {dag.py:3947} INFO - Setting next_dagrun for dataset_produces_2 to None, run_after=None
[2026-05-14T00:01:20.996+0000] {processor.py:183} INFO - Processing /workspaces/Airflow_project/airflow_env/lib/python3.12/site-packages/airflow/example_dags/example_datasets.py took 0.130 seconds
[2026-05-14T00:02:26.909+0000] {processor.py:161} INFO - Started process (PID=97393) to work on /workspaces/Airflow_project/airflow_env/lib/python3.12/site-packages/airflow/example_dags/example_datasets.py
[2026-05-14T00:02:26.910+0000] {processor.py:830} INFO - Processing file /workspaces/Airflow_project/airflow_env/lib/python3.12/site-packages/airflow/example_dags/example_datasets.py for tasks to queue
[2026-05-14T00:02:26.910+0000] {logging_mixin.py:188} INFO - [2026-05-14T00:02:26.910+0000] {dagbag.py:545} INFO - Filling up the DagBag from /workspaces/Airflow_project/airflow_env/lib/python3.12/site-packages/airflow/example_dags/example_datasets.py
[2026-05-14T00:02:26.920+0000] {processor.py:840} INFO - DAG(s) 'dataset_produces_2', 'consume_1_or_both_2_and_3_with_dataset_expressions', 'dataset_consumes_1', 'consume_1_or_2_with_dataset_expressions', 'consume_1_and_2_with_dataset_expressions', 'dataset_consumes_1_never_scheduled', 'dataset_consumes_unknown_never_scheduled', 'dataset_produces_1', 'conditional_dataset_and_time_based_timetable', 'dataset_consumes_1_and_2' retrieved from /workspaces/Airflow_project/airflow_env/lib/python3.12/site-packages/airflow/example_dags/example_datasets.py
[2026-05-14T00:02:26.952+0000] {logging_mixin.py:188} INFO - [2026-05-14T00:02:26.951+0000] {dag.py:3089} INFO - Sync 10 DAGs
[2026-05-14T00:02:26.966+0000] {logging_mixin.py:188} INFO - [2026-05-14T00:02:26.966+0000] {dag.py:3947} INFO - Setting next_dagrun for conditional_dataset_and_time_based_timetable to 2026-05-13 01:00:00+00:00, run_after=2026-05-13 01:00:00+00:00
[2026-05-14T00:02:26.968+0000] {logging_mixin.py:188} INFO - [2026-05-14T00:02:26.968+0000] {dag.py:3947} INFO - Setting next_dagrun for consume_1_and_2_with_dataset_expressions to None, run_after=None
[2026-05-14T00:02:26.969+0000] {logging_mixin.py:188} INFO - [2026-05-14T00:02:26.969+0000] {dag.py:3947} INFO - Setting next_dagrun for consume_1_or_2_with_dataset_expressions to None, run_after=None
[2026-05-14T00:02:26.970+0000] {logging_mixin.py:188} INFO - [2026-05-14T00:02:26.970+0000] {dag.py:3947} INFO - Setting next_dagrun for consume_1_or_both_2_and_3_with_dataset_expressions to None, run_after=None
[2026-05-14T00:02:26.971+0000] {logging_mixin.py:188} INFO - [2026-05-14T00:02:26.970+0000] {dag.py:3947} INFO - Setting next_dagrun for dataset_consumes_1 to None, run_after=None
[2026-05-14T00:02:26.971+0000] {logging_mixin.py:188} INFO - [2026-05-14T00:02:26.971+0000] {dag.py:3947} INFO - Setting next_dagrun for dataset_consumes_1_and_2 to None, run_after=None
[2026-05-14T00:02:26.972+0000] {logging_mixin.py:188} INFO - [2026-05-14T00:02:26.972+0000] {dag.py:3947} INFO - Setting next_dagrun for dataset_consumes_1_never_scheduled to None, run_after=None
[2026-05-14T00:02:26.972+0000] {logging_mixin.py:188} INFO - [2026-05-14T00:02:26.972+0000] {dag.py:3947} INFO - Setting next_dagrun for dataset_consumes_unknown_never_scheduled to None, run_after=None
[2026-05-14T00:02:26.974+0000] {logging_mixin.py:188} INFO - [2026-05-14T00:02:26.974+0000] {dag.py:3947} INFO - Setting next_dagrun for dataset_produces_1 to 2026-05-13 00:00:00+00:00, run_after=2026-05-14 00:00:00+00:00
[2026-05-14T00:02:26.974+0000] {logging_mixin.py:188} INFO - [2026-05-14T00:02:26.974+0000] {dag.py:3947} INFO - Setting next_dagrun for dataset_produces_2 to None, run_after=None
[2026-05-14T00:02:26.995+0000] {processor.py:183} INFO - Processing /workspaces/Airflow_project/airflow_env/lib/python3.12/site-packages/airflow/example_dags/example_datasets.py took 0.091 seconds
[2026-05-14T00:03:34.334+0000] {processor.py:161} INFO - Started process (PID=97904) to work on /workspaces/Airflow_project/airflow_env/lib/python3.12/site-packages/airflow/example_dags/example_datasets.py
[2026-05-14T00:03:34.335+0000] {processor.py:830} INFO - Processing file /workspaces/Airflow_project/airflow_env/lib/python3.12/site-packages/airflow/example_dags/example_datasets.py for tasks to queue
[2026-05-14T00:03:34.336+0000] {logging_mixin.py:188} INFO - [2026-05-14T00:03:34.335+0000] {dagbag.py:545} INFO - Filling up the DagBag from /workspaces/Airflow_project/airflow_env/lib/python3.12/site-packages/airflow/example_dags/example_datasets.py
[2026-05-14T00:03:34.348+0000] {processor.py:840} INFO - DAG(s) 'consume_1_or_2_with_dataset_expressions', 'consume_1_or_both_2_and_3_with_dataset_expressions', 'dataset_consumes_unknown_never_scheduled', 'consume_1_and_2_with_dataset_expressions', 'dataset_consumes_1_never_scheduled', 'dataset_produces_1', 'dataset_produces_2', 'dataset_consumes_1_and_2', 'dataset_consumes_1', 'conditional_dataset_and_time_based_timetable' retrieved from /workspaces/Airflow_project/airflow_env/lib/python3.12/site-packages/airflow/example_dags/example_datasets.py
[2026-05-14T00:03:34.379+0000] {logging_mixin.py:188} INFO - [2026-05-14T00:03:34.379+0000] {dag.py:3089} INFO - Sync 10 DAGs
[2026-05-14T00:03:34.394+0000] {logging_mixin.py:188} INFO - [2026-05-14T00:03:34.394+0000] {dag.py:3947} INFO - Setting next_dagrun for conditional_dataset_and_time_based_timetable to 2026-05-13 01:00:00+00:00, run_after=2026-05-13 01:00:00+00:00
[2026-05-14T00:03:34.396+0000] {logging_mixin.py:188} INFO - [2026-05-14T00:03:34.396+0000] {dag.py:3947} INFO - Setting next_dagrun for consume_1_and_2_with_dataset_expressions to None, run_after=None
[2026-05-14T00:03:34.397+0000] {logging_mixin.py:188} INFO - [2026-05-14T00:03:34.397+0000] {dag.py:3947} INFO - Setting next_dagrun for consume_1_or_2_with_dataset_expressions to None, run_after=None
[2026-05-14T00:03:34.397+0000] {logging_mixin.py:188} INFO - [2026-05-14T00:03:34.397+0000] {dag.py:3947} INFO - Setting next_dagrun for consume_1_or_both_2_and_3_with_dataset_expressions to None, run_after=None
[2026-05-14T00:03:34.398+0000] {logging_mixin.py:188} INFO - [2026-05-14T00:03:34.398+0000] {dag.py:3947} INFO - Setting next_dagrun for dataset_consumes_1 to None, run_after=None
[2026-05-14T00:03:34.399+0000] {logging_mixin.py:188} INFO - [2026-05-14T00:03:34.399+0000] {dag.py:3947} INFO - Setting next_dagrun for dataset_consumes_1_and_2 to None, run_after=None
[2026-05-14T00:03:34.400+0000] {logging_mixin.py:188} INFO - [2026-05-14T00:03:34.399+0000] {dag.py:3947} INFO - Setting next_dagrun for dataset_consumes_1_never_scheduled to None, run_after=None
[2026-05-14T00:03:34.400+0000] {logging_mixin.py:188} INFO - [2026-05-14T00:03:34.400+0000] {dag.py:3947} INFO - Setting next_dagrun for dataset_consumes_unknown_never_scheduled to None, run_after=None
[2026-05-14T00:03:34.402+0000] {logging_mixin.py:188} INFO - [2026-05-14T00:03:34.402+0000] {dag.py:3947} INFO - Setting next_dagrun for dataset_produces_1 to 2026-05-13 00:00:00+00:00, run_after=2026-05-14 00:00:00+00:00
[2026-05-14T00:03:34.403+0000] {logging_mixin.py:188} INFO - [2026-05-14T00:03:34.402+0000] {dag.py:3947} INFO - Setting next_dagrun for dataset_produces_2 to None, run_after=None
[2026-05-14T00:03:34.424+0000] {processor.py:183} INFO - Processing /workspaces/Airflow_project/airflow_env/lib/python3.12/site-packages/airflow/example_dags/example_datasets.py took 0.094 seconds
[2026-05-14T00:04:48.193+0000] {processor.py:161} INFO - Started process (PID=98531) to work on /workspaces/Airflow_project/airflow_env/lib/python3.12/site-packages/airflow/example_dags/example_datasets.py
[2026-05-14T00:04:48.193+0000] {processor.py:830} INFO - Processing file /workspaces/Airflow_project/airflow_env/lib/python3.12/site-packages/airflow/example_dags/example_datasets.py for tasks to queue
[2026-05-14T00:04:48.194+0000] {logging_mixin.py:188} INFO - [2026-05-14T00:04:48.194+0000] {dagbag.py:545} INFO - Filling up the DagBag from /workspaces/Airflow_project/airflow_env/lib/python3.12/site-packages/airflow/example_dags/example_datasets.py
[2026-05-14T00:04:48.204+0000] {processor.py:840} INFO - DAG(s) 'conditional_dataset_and_time_based_timetable', 'consume_1_and_2_with_dataset_expressions', 'dataset_consumes_1_and_2', 'consume_1_or_both_2_and_3_with_dataset_expressions', 'dataset_produces_1', 'consume_1_or_2_with_dataset_expressions', 'dataset_consumes_1_never_scheduled', 'dataset_consumes_1', 'dataset_produces_2', 'dataset_consumes_unknown_never_scheduled' retrieved from /workspaces/Airflow_project/airflow_env/lib/python3.12/site-packages/airflow/example_dags/example_datasets.py
[2026-05-14T00:04:48.231+0000] {logging_mixin.py:188} INFO - [2026-05-14T00:04:48.231+0000] {dag.py:3089} INFO - Sync 10 DAGs
[2026-05-14T00:04:48.247+0000] {logging_mixin.py:188} INFO - [2026-05-14T00:04:48.246+0000] {dag.py:3947} INFO - Setting next_dagrun for conditional_dataset_and_time_based_timetable to 2026-05-13 01:00:00+00:00, run_after=2026-05-13 01:00:00+00:00
[2026-05-14T00:04:48.249+0000] {logging_mixin.py:188} INFO - [2026-05-14T00:04:48.249+0000] {dag.py:3947} INFO - Setting next_dagrun for consume_1_and_2_with_dataset_expressions to None, run_after=None
[2026-05-14T00:04:48.250+0000] {logging_mixin.py:188} INFO - [2026-05-14T00:04:48.250+0000] {dag.py:3947} INFO - Setting next_dagrun for consume_1_or_2_with_dataset_expressions to None, run_after=None
[2026-05-14T00:04:48.251+0000] {logging_mixin.py:188} INFO - [2026-05-14T00:04:48.250+0000] {dag.py:3947} INFO - Setting next_dagrun for consume_1_or_both_2_and_3_with_dataset_expressions to None, run_after=None
[2026-05-14T00:04:48.251+0000] {logging_mixin.py:188} INFO - [2026-05-14T00:04:48.251+0000] {dag.py:3947} INFO - Setting next_dagrun for dataset_consumes_1 to None, run_after=None
[2026-05-14T00:04:48.252+0000] {logging_mixin.py:188} INFO - [2026-05-14T00:04:48.252+0000] {dag.py:3947} INFO - Setting next_dagrun for dataset_consumes_1_and_2 to None, run_after=None
[2026-05-14T00:04:48.253+0000] {logging_mixin.py:188} INFO - [2026-05-14T00:04:48.253+0000] {dag.py:3947} INFO - Setting next_dagrun for dataset_consumes_1_never_scheduled to None, run_after=None
[2026-05-14T00:04:48.254+0000] {logging_mixin.py:188} INFO - [2026-05-14T00:04:48.254+0000] {dag.py:3947} INFO - Setting next_dagrun for dataset_consumes_unknown_never_scheduled to None, run_after=None
[2026-05-14T00:04:48.256+0000] {logging_mixin.py:188} INFO - [2026-05-14T00:04:48.256+0000] {dag.py:3947} INFO - Setting next_dagrun for dataset_produces_1 to 2026-05-13 00:00:00+00:00, run_after=2026-05-14 00:00:00+00:00
[2026-05-14T00:04:48.257+0000] {logging_mixin.py:188} INFO - [2026-05-14T00:04:48.257+0000] {dag.py:3947} INFO - Setting next_dagrun for dataset_produces_2 to None, run_after=None
[2026-05-14T00:04:48.278+0000] {processor.py:183} INFO - Processing /workspaces/Airflow_project/airflow_env/lib/python3.12/site-packages/airflow/example_dags/example_datasets.py took 0.090 seconds
[2026-05-14T00:05:55.944+0000] {processor.py:161} INFO - Started process (PID=99053) to work on /workspaces/Airflow_project/airflow_env/lib/python3.12/site-packages/airflow/example_dags/example_datasets.py
[2026-05-14T00:05:55.948+0000] {processor.py:830} INFO - Processing file /workspaces/Airflow_project/airflow_env/lib/python3.12/site-packages/airflow/example_dags/example_datasets.py for tasks to queue
[2026-05-14T00:05:55.949+0000] {logging_mixin.py:188} INFO - [2026-05-14T00:05:55.949+0000] {dagbag.py:545} INFO - Filling up the DagBag from /workspaces/Airflow_project/airflow_env/lib/python3.12/site-packages/airflow/example_dags/example_datasets.py
[2026-05-14T00:05:55.967+0000] {processor.py:840} INFO - DAG(s) 'dataset_consumes_1', 'consume_1_or_2_with_dataset_expressions', 'dataset_produces_2', 'dataset_consumes_1_and_2', 'conditional_dataset_and_time_based_timetable', 'dataset_consumes_1_never_scheduled', 'dataset_consumes_unknown_never_scheduled', 'consume_1_and_2_with_dataset_expressions', 'dataset_produces_1', 'consume_1_or_both_2_and_3_with_dataset_expressions' retrieved from /workspaces/Airflow_project/airflow_env/lib/python3.12/site-packages/airflow/example_dags/example_datasets.py
[2026-05-14T00:05:56.037+0000] {logging_mixin.py:188} INFO - [2026-05-14T00:05:56.037+0000] {dag.py:3089} INFO - Sync 10 DAGs
[2026-05-14T00:05:56.055+0000] {logging_mixin.py:188} INFO - [2026-05-14T00:05:56.055+0000] {dag.py:3947} INFO - Setting next_dagrun for conditional_dataset_and_time_based_timetable to 2026-05-13 01:00:00+00:00, run_after=2026-05-13 01:00:00+00:00
[2026-05-14T00:05:56.057+0000] {logging_mixin.py:188} INFO - [2026-05-14T00:05:56.057+0000] {dag.py:3947} INFO - Setting next_dagrun for consume_1_and_2_with_dataset_expressions to None, run_after=None
[2026-05-14T00:05:56.058+0000] {logging_mixin.py:188} INFO - [2026-05-14T00:05:56.058+0000] {dag.py:3947} INFO - Setting next_dagrun for consume_1_or_2_with_dataset_expressions to None, run_after=None
[2026-05-14T00:05:56.059+0000] {logging_mixin.py:188} INFO - [2026-05-14T00:05:56.059+0000] {dag.py:3947} INFO - Setting next_dagrun for consume_1_or_both_2_and_3_with_dataset_expressions to None, run_after=None
[2026-05-14T00:05:56.060+0000] {logging_mixin.py:188} INFO - [2026-05-14T00:05:56.060+0000] {dag.py:3947} INFO - Setting next_dagrun for dataset_consumes_1 to None, run_after=None
[2026-05-14T00:05:56.061+0000] {logging_mixin.py:188} INFO - [2026-05-14T00:05:56.061+0000] {dag.py:3947} INFO - Setting next_dagrun for dataset_consumes_1_and_2 to None, run_after=None
[2026-05-14T00:05:56.062+0000] {logging_mixin.py:188} INFO - [2026-05-14T00:05:56.062+0000] {dag.py:3947} INFO - Setting next_dagrun for dataset_consumes_1_never_scheduled to None, run_after=None
[2026-05-14T00:05:56.062+0000] {logging_mixin.py:188} INFO - [2026-05-14T00:05:56.062+0000] {dag.py:3947} INFO - Setting next_dagrun for dataset_consumes_unknown_never_scheduled to None, run_after=None
[2026-05-14T00:05:56.064+0000] {logging_mixin.py:188} INFO - [2026-05-14T00:05:56.064+0000] {dag.py:3947} INFO - Setting next_dagrun for dataset_produces_1 to 2026-05-13 00:00:00+00:00, run_after=2026-05-14 00:00:00+00:00
[2026-05-14T00:05:56.064+0000] {logging_mixin.py:188} INFO - [2026-05-14T00:05:56.064+0000] {dag.py:3947} INFO - Setting next_dagrun for dataset_produces_2 to None, run_after=None
[2026-05-14T00:05:56.085+0000] {processor.py:183} INFO - Processing /workspaces/Airflow_project/airflow_env/lib/python3.12/site-packages/airflow/example_dags/example_datasets.py took 0.147 seconds
[2026-05-14T00:07:00.937+0000] {processor.py:161} INFO - Started process (PID=99607) to work on /workspaces/Airflow_project/airflow_env/lib/python3.12/site-packages/airflow/example_dags/example_datasets.py
[2026-05-14T00:07:00.939+0000] {processor.py:830} INFO - Processing file /workspaces/Airflow_project/airflow_env/lib/python3.12/site-packages/airflow/example_dags/example_datasets.py for tasks to queue
[2026-05-14T00:07:00.940+0000] {logging_mixin.py:188} INFO - [2026-05-14T00:07:00.940+0000] {dagbag.py:545} INFO - Filling up the DagBag from /workspaces/Airflow_project/airflow_env/lib/python3.12/site-packages/airflow/example_dags/example_datasets.py
[2026-05-14T00:07:00.953+0000] {processor.py:840} INFO - DAG(s) 'dataset_consumes_1_and_2', 'dataset_consumes_1_never_scheduled', 'consume_1_or_2_with_dataset_expressions', 'consume_1_or_both_2_and_3_with_dataset_expressions', 'consume_1_and_2_with_dataset_expressions', 'dataset_produces_1', 'dataset_consumes_unknown_never_scheduled', 'dataset_produces_2', 'dataset_consumes_1', 'conditional_dataset_and_time_based_timetable' retrieved from /workspaces/Airflow_project/airflow_env/lib/python3.12/site-packages/airflow/example_dags/example_datasets.py
[2026-05-14T00:07:00.981+0000] {logging_mixin.py:188} INFO - [2026-05-14T00:07:00.981+0000] {dag.py:3089} INFO - Sync 10 DAGs
[2026-05-14T00:07:00.995+0000] {logging_mixin.py:188} INFO - [2026-05-14T00:07:00.995+0000] {dag.py:3947} INFO - Setting next_dagrun for conditional_dataset_and_time_based_timetable to 2026-05-13 01:00:00+00:00, run_after=2026-05-13 01:00:00+00:00
[2026-05-14T00:07:00.997+0000] {logging_mixin.py:188} INFO - [2026-05-14T00:07:00.997+0000] {dag.py:3947} INFO - Setting next_dagrun for consume_1_and_2_with_dataset_expressions to None, run_after=None
[2026-05-14T00:07:00.998+0000] {logging_mixin.py:188} INFO - [2026-05-14T00:07:00.998+0000] {dag.py:3947} INFO - Setting next_dagrun for consume_1_or_2_with_dataset_expressions to None, run_after=None
[2026-05-14T00:07:00.998+0000] {logging_mixin.py:188} INFO - [2026-05-14T00:07:00.998+0000] {dag.py:3947} INFO - Setting next_dagrun for consume_1_or_both_2_and_3_with_dataset_expressions to None, run_after=None
[2026-05-14T00:07:00.999+0000] {logging_mixin.py:188} INFO - [2026-05-14T00:07:00.999+0000] {dag.py:3947} INFO - Setting next_dagrun for dataset_consumes_1 to None, run_after=None
[2026-05-14T00:07:01.000+0000] {logging_mixin.py:188} INFO - [2026-05-14T00:07:01.000+0000] {dag.py:3947} INFO - Setting next_dagrun for dataset_consumes_1_and_2 to None, run_after=None
[2026-05-14T00:07:01.000+0000] {logging_mixin.py:188} INFO - [2026-05-14T00:07:01.000+0000] {dag.py:3947} INFO - Setting next_dagrun for dataset_consumes_1_never_scheduled to None, run_after=None
[2026-05-14T00:07:01.001+0000] {logging_mixin.py:188} INFO - [2026-05-14T00:07:01.001+0000] {dag.py:3947} INFO - Setting next_dagrun for dataset_consumes_unknown_never_scheduled to None, run_after=None
[2026-05-14T00:07:01.002+0000] {logging_mixin.py:188} INFO - [2026-05-14T00:07:01.002+0000] {dag.py:3947} INFO - Setting next_dagrun for dataset_produces_1 to 2026-05-13 00:00:00+00:00, run_after=2026-05-14 00:00:00+00:00
[2026-05-14T00:07:01.003+0000] {logging_mixin.py:188} INFO - [2026-05-14T00:07:01.003+0000] {dag.py:3947} INFO - Setting next_dagrun for dataset_produces_2 to None, run_after=None
[2026-05-14T00:07:01.024+0000] {processor.py:183} INFO - Processing /workspaces/Airflow_project/airflow_env/lib/python3.12/site-packages/airflow/example_dags/example_datasets.py took 0.092 seconds
[2026-05-14T00:08:09.387+0000] {processor.py:161} INFO - Started process (PID=100138) to work on /workspaces/Airflow_project/airflow_env/lib/python3.12/site-packages/airflow/example_dags/example_datasets.py
[2026-05-14T00:08:09.388+0000] {processor.py:830} INFO - Processing file /workspaces/Airflow_project/airflow_env/lib/python3.12/site-packages/airflow/example_dags/example_datasets.py for tasks to queue
[2026-05-14T00:08:09.389+0000] {logging_mixin.py:188} INFO - [2026-05-14T00:08:09.388+0000] {dagbag.py:545} INFO - Filling up the DagBag from /workspaces/Airflow_project/airflow_env/lib/python3.12/site-packages/airflow/example_dags/example_datasets.py
[2026-05-14T00:08:09.399+0000] {processor.py:840} INFO - DAG(s) 'consume_1_or_both_2_and_3_with_dataset_expressions', 'consume_1_and_2_with_dataset_expressions', 'dataset_consumes_1', 'dataset_produces_2', 'dataset_consumes_1_and_2', 'consume_1_or_2_with_dataset_expressions', 'conditional_dataset_and_time_based_timetable', 'dataset_consumes_1_never_scheduled', 'dataset_produces_1', 'dataset_consumes_unknown_never_scheduled' retrieved from /workspaces/Airflow_project/airflow_env/lib/python3.12/site-packages/airflow/example_dags/example_datasets.py
[2026-05-14T00:08:09.428+0000] {logging_mixin.py:188} INFO - [2026-05-14T00:08:09.428+0000] {dag.py:3089} INFO - Sync 10 DAGs
[2026-05-14T00:08:09.443+0000] {logging_mixin.py:188} INFO - [2026-05-14T00:08:09.443+0000] {dag.py:3947} INFO - Setting next_dagrun for conditional_dataset_and_time_based_timetable to 2026-05-13 01:00:00+00:00, run_after=2026-05-13 01:00:00+00:00
[2026-05-14T00:08:09.446+0000] {logging_mixin.py:188} INFO - [2026-05-14T00:08:09.445+0000] {dag.py:3947} INFO - Setting next_dagrun for consume_1_and_2_with_dataset_expressions to None, run_after=None
[2026-05-14T00:08:09.446+0000] {logging_mixin.py:188} INFO - [2026-05-14T00:08:09.446+0000] {dag.py:3947} INFO - Setting next_dagrun for consume_1_or_2_with_dataset_expressions to None, run_after=None
[2026-05-14T00:08:09.447+0000] {logging_mixin.py:188} INFO - [2026-05-14T00:08:09.447+0000] {dag.py:3947} INFO - Setting next_dagrun for consume_1_or_both_2_and_3_with_dataset_expressions to None, run_after=None
[2026-05-14T00:08:09.448+0000] {logging_mixin.py:188} INFO - [2026-05-14T00:08:09.448+0000] {dag.py:3947} INFO - Setting next_dagrun for dataset_consumes_1 to None, run_after=None
[2026-05-14T00:08:09.449+0000] {logging_mixin.py:188} INFO - [2026-05-14T00:08:09.449+0000] {dag.py:3947} INFO - Setting next_dagrun for dataset_consumes_1_and_2 to None, run_after=None
[2026-05-14T00:08:09.450+0000] {logging_mixin.py:188} INFO - [2026-05-14T00:08:09.450+0000] {dag.py:3947} INFO - Setting next_dagrun for dataset_consumes_1_never_scheduled to None, run_after=None
[2026-05-14T00:08:09.451+0000] {logging_mixin.py:188} INFO - [2026-05-14T00:08:09.450+0000] {dag.py:3947} INFO - Setting next_dagrun for dataset_consumes_unknown_never_scheduled to None, run_after=None
[2026-05-14T00:08:09.453+0000] {logging_mixin.py:188} INFO - [2026-05-14T00:08:09.452+0000] {dag.py:3947} INFO - Setting next_dagrun for dataset_produces_1 to 2026-05-13 00:00:00+00:00, run_after=2026-05-14 00:00:00+00:00
[2026-05-14T00:08:09.453+0000] {logging_mixin.py:188} INFO - [2026-05-14T00:08:09.453+0000] {dag.py:3947} INFO - Setting next_dagrun for dataset_produces_2 to None, run_after=None
[2026-05-14T00:08:09.475+0000] {processor.py:183} INFO - Processing /workspaces/Airflow_project/airflow_env/lib/python3.12/site-packages/airflow/example_dags/example_datasets.py took 0.093 seconds
[2026-05-14T00:09:15.738+0000] {processor.py:161} INFO - Started process (PID=101112) to work on /workspaces/Airflow_project/airflow_env/lib/python3.12/site-packages/airflow/example_dags/example_datasets.py
[2026-05-14T00:09:15.739+0000] {processor.py:830} INFO - Processing file /workspaces/Airflow_project/airflow_env/lib/python3.12/site-packages/airflow/example_dags/example_datasets.py for tasks to queue
[2026-05-14T00:09:15.740+0000] {logging_mixin.py:188} INFO - [2026-05-14T00:09:15.739+0000] {dagbag.py:545} INFO - Filling up the DagBag from /workspaces/Airflow_project/airflow_env/lib/python3.12/site-packages/airflow/example_dags/example_datasets.py
[2026-05-14T00:09:15.753+0000] {processor.py:840} INFO - DAG(s) 'consume_1_and_2_with_dataset_expressions', 'dataset_produces_2', 'consume_1_or_2_with_dataset_expressions', 'dataset_consumes_1', 'consume_1_or_both_2_and_3_with_dataset_expressions', 'dataset_consumes_unknown_never_scheduled', 'dataset_consumes_1_and_2', 'dataset_produces_1', 'conditional_dataset_and_time_based_timetable', 'dataset_consumes_1_never_scheduled' retrieved from /workspaces/Airflow_project/airflow_env/lib/python3.12/site-packages/airflow/example_dags/example_datasets.py
[2026-05-14T00:09:15.781+0000] {logging_mixin.py:188} INFO - [2026-05-14T00:09:15.781+0000] {dag.py:3089} INFO - Sync 10 DAGs
[2026-05-14T00:09:15.795+0000] {logging_mixin.py:188} INFO - [2026-05-14T00:09:15.795+0000] {dag.py:3947} INFO - Setting next_dagrun for conditional_dataset_and_time_based_timetable to 2026-05-13 01:00:00+00:00, run_after=2026-05-13 01:00:00+00:00
[2026-05-14T00:09:15.797+0000] {logging_mixin.py:188} INFO - [2026-05-14T00:09:15.797+0000] {dag.py:3947} INFO - Setting next_dagrun for consume_1_and_2_with_dataset_expressions to None, run_after=None
[2026-05-14T00:09:15.797+0000] {logging_mixin.py:188} INFO - [2026-05-14T00:09:15.797+0000] {dag.py:3947} INFO - Setting next_dagrun for consume_1_or_2_with_dataset_expressions to None, run_after=None
[2026-05-14T00:09:15.798+0000] {logging_mixin.py:188} INFO - [2026-05-14T00:09:15.798+0000] {dag.py:3947} INFO - Setting next_dagrun for consume_1_or_both_2_and_3_with_dataset_expressions to None, run_after=None
[2026-05-14T00:09:15.799+0000] {logging_mixin.py:188} INFO - [2026-05-14T00:09:15.799+0000] {dag.py:3947} INFO - Setting next_dagrun for dataset_consumes_1 to None, run_after=None
[2026-05-14T00:09:15.799+0000] {logging_mixin.py:188} INFO - [2026-05-14T00:09:15.799+0000] {dag.py:3947} INFO - Setting next_dagrun for dataset_consumes_1_and_2 to None, run_after=None
[2026-05-14T00:09:15.800+0000] {logging_mixin.py:188} INFO - [2026-05-14T00:09:15.800+0000] {dag.py:3947} INFO - Setting next_dagrun for dataset_consumes_1_never_scheduled to None, run_after=None
[2026-05-14T00:09:15.800+0000] {logging_mixin.py:188} INFO - [2026-05-14T00:09:15.800+0000] {dag.py:3947} INFO - Setting next_dagrun for dataset_consumes_unknown_never_scheduled to None, run_after=None
[2026-05-14T00:09:15.802+0000] {logging_mixin.py:188} INFO - [2026-05-14T00:09:15.802+0000] {dag.py:3947} INFO - Setting next_dagrun for dataset_produces_1 to 2026-05-13 00:00:00+00:00, run_after=2026-05-14 00:00:00+00:00
[2026-05-14T00:09:15.802+0000] {logging_mixin.py:188} INFO - [2026-05-14T00:09:15.802+0000] {dag.py:3947} INFO - Setting next_dagrun for dataset_produces_2 to None, run_after=None
[2026-05-14T00:09:15.823+0000] {processor.py:183} INFO - Processing /workspaces/Airflow_project/airflow_env/lib/python3.12/site-packages/airflow/example_dags/example_datasets.py took 0.090 seconds
