[2026-05-14T00:00:32.466+0000] {processor.py:161} INFO - Started process (PID=96462) to work on /workspaces/Airflow_project/airflow_env/lib/python3.12/site-packages/airflow/example_dags/example_branch_operator_decorator.py
[2026-05-14T00:00:32.467+0000] {processor.py:830} INFO - Processing file /workspaces/Airflow_project/airflow_env/lib/python3.12/site-packages/airflow/example_dags/example_branch_operator_decorator.py for tasks to queue
[2026-05-14T00:00:32.468+0000] {logging_mixin.py:188} INFO - [2026-05-14T00:00:32.467+0000] {dagbag.py:545} INFO - Filling up the DagBag from /workspaces/Airflow_project/airflow_env/lib/python3.12/site-packages/airflow/example_dags/example_branch_operator_decorator.py
[2026-05-14T00:00:32.483+0000] {processor.py:840} INFO - DAG(s) 'example_branch_python_operator_decorator' retrieved from /workspaces/Airflow_project/airflow_env/lib/python3.12/site-packages/airflow/example_dags/example_branch_operator_decorator.py
[2026-05-14T00:00:32.511+0000] {logging_mixin.py:188} INFO - [2026-05-14T00:00:32.510+0000] {dag.py:3089} INFO - Sync 1 DAGs
[2026-05-14T00:00:32.532+0000] {logging_mixin.py:188} INFO - [2026-05-14T00:00:32.531+0000] {dag.py:3947} INFO - Setting next_dagrun for example_branch_python_operator_decorator to 2026-05-13 00:00:00+00:00, run_after=2026-05-14 00:00:00+00:00
[2026-05-14T00:00:32.554+0000] {processor.py:183} INFO - Processing /workspaces/Airflow_project/airflow_env/lib/python3.12/site-packages/airflow/example_dags/example_branch_operator_decorator.py took 0.092 seconds
[2026-05-14T00:01:25.040+0000] {processor.py:161} INFO - Started process (PID=96881) to work on /workspaces/Airflow_project/airflow_env/lib/python3.12/site-packages/airflow/example_dags/example_branch_operator_decorator.py
[2026-05-14T00:01:25.042+0000] {processor.py:830} INFO - Processing file /workspaces/Airflow_project/airflow_env/lib/python3.12/site-packages/airflow/example_dags/example_branch_operator_decorator.py for tasks to queue
[2026-05-14T00:01:25.043+0000] {logging_mixin.py:188} INFO - [2026-05-14T00:01:25.042+0000] {dagbag.py:545} INFO - Filling up the DagBag from /workspaces/Airflow_project/airflow_env/lib/python3.12/site-packages/airflow/example_dags/example_branch_operator_decorator.py
[2026-05-14T00:01:25.065+0000] {processor.py:840} INFO - DAG(s) 'example_branch_python_operator_decorator' retrieved from /workspaces/Airflow_project/airflow_env/lib/python3.12/site-packages/airflow/example_dags/example_branch_operator_decorator.py
[2026-05-14T00:01:25.091+0000] {logging_mixin.py:188} INFO - [2026-05-14T00:01:25.090+0000] {dag.py:3089} INFO - Sync 1 DAGs
[2026-05-14T00:01:25.106+0000] {logging_mixin.py:188} INFO - [2026-05-14T00:01:25.106+0000] {dag.py:3947} INFO - Setting next_dagrun for example_branch_python_operator_decorator to 2026-05-13 00:00:00+00:00, run_after=2026-05-14 00:00:00+00:00
[2026-05-14T00:01:25.121+0000] {processor.py:183} INFO - Processing /workspaces/Airflow_project/airflow_env/lib/python3.12/site-packages/airflow/example_dags/example_branch_operator_decorator.py took 0.087 seconds
[2026-05-14T00:02:31.549+0000] {processor.py:161} INFO - Started process (PID=97420) to work on /workspaces/Airflow_project/airflow_env/lib/python3.12/site-packages/airflow/example_dags/example_branch_operator_decorator.py
[2026-05-14T00:02:31.550+0000] {processor.py:830} INFO - Processing file /workspaces/Airflow_project/airflow_env/lib/python3.12/site-packages/airflow/example_dags/example_branch_operator_decorator.py for tasks to queue
[2026-05-14T00:02:31.551+0000] {logging_mixin.py:188} INFO - [2026-05-14T00:02:31.551+0000] {dagbag.py:545} INFO - Filling up the DagBag from /workspaces/Airflow_project/airflow_env/lib/python3.12/site-packages/airflow/example_dags/example_branch_operator_decorator.py
[2026-05-14T00:02:31.568+0000] {processor.py:840} INFO - DAG(s) 'example_branch_python_operator_decorator' retrieved from /workspaces/Airflow_project/airflow_env/lib/python3.12/site-packages/airflow/example_dags/example_branch_operator_decorator.py
[2026-05-14T00:02:31.586+0000] {logging_mixin.py:188} INFO - [2026-05-14T00:02:31.586+0000] {dag.py:3089} INFO - Sync 1 DAGs
[2026-05-14T00:02:31.598+0000] {logging_mixin.py:188} INFO - [2026-05-14T00:02:31.598+0000] {dag.py:3947} INFO - Setting next_dagrun for example_branch_python_operator_decorator to 2026-05-13 00:00:00+00:00, run_after=2026-05-14 00:00:00+00:00
[2026-05-14T00:02:31.615+0000] {processor.py:183} INFO - Processing /workspaces/Airflow_project/airflow_env/lib/python3.12/site-packages/airflow/example_dags/example_branch_operator_decorator.py took 0.072 seconds
[2026-05-14T00:03:38.399+0000] {processor.py:161} INFO - Started process (PID=97949) to work on /workspaces/Airflow_project/airflow_env/lib/python3.12/site-packages/airflow/example_dags/example_branch_operator_decorator.py
[2026-05-14T00:03:38.400+0000] {processor.py:830} INFO - Processing file /workspaces/Airflow_project/airflow_env/lib/python3.12/site-packages/airflow/example_dags/example_branch_operator_decorator.py for tasks to queue
[2026-05-14T00:03:38.401+0000] {logging_mixin.py:188} INFO - [2026-05-14T00:03:38.401+0000] {dagbag.py:545} INFO - Filling up the DagBag from /workspaces/Airflow_project/airflow_env/lib/python3.12/site-packages/airflow/example_dags/example_branch_operator_decorator.py
[2026-05-14T00:03:38.416+0000] {processor.py:840} INFO - DAG(s) 'example_branch_python_operator_decorator' retrieved from /workspaces/Airflow_project/airflow_env/lib/python3.12/site-packages/airflow/example_dags/example_branch_operator_decorator.py
[2026-05-14T00:03:38.433+0000] {logging_mixin.py:188} INFO - [2026-05-14T00:03:38.433+0000] {dag.py:3089} INFO - Sync 1 DAGs
[2026-05-14T00:03:38.448+0000] {logging_mixin.py:188} INFO - [2026-05-14T00:03:38.448+0000] {dag.py:3947} INFO - Setting next_dagrun for example_branch_python_operator_decorator to 2026-05-13 00:00:00+00:00, run_after=2026-05-14 00:00:00+00:00
[2026-05-14T00:03:38.464+0000] {processor.py:183} INFO - Processing /workspaces/Airflow_project/airflow_env/lib/python3.12/site-packages/airflow/example_dags/example_branch_operator_decorator.py took 0.070 seconds
[2026-05-14T00:04:52.830+0000] {processor.py:161} INFO - Started process (PID=98558) to work on /workspaces/Airflow_project/airflow_env/lib/python3.12/site-packages/airflow/example_dags/example_branch_operator_decorator.py
[2026-05-14T00:04:52.831+0000] {processor.py:830} INFO - Processing file /workspaces/Airflow_project/airflow_env/lib/python3.12/site-packages/airflow/example_dags/example_branch_operator_decorator.py for tasks to queue
[2026-05-14T00:04:52.831+0000] {logging_mixin.py:188} INFO - [2026-05-14T00:04:52.831+0000] {dagbag.py:545} INFO - Filling up the DagBag from /workspaces/Airflow_project/airflow_env/lib/python3.12/site-packages/airflow/example_dags/example_branch_operator_decorator.py
[2026-05-14T00:04:52.851+0000] {processor.py:840} INFO - DAG(s) 'example_branch_python_operator_decorator' retrieved from /workspaces/Airflow_project/airflow_env/lib/python3.12/site-packages/airflow/example_dags/example_branch_operator_decorator.py
[2026-05-14T00:04:52.879+0000] {logging_mixin.py:188} INFO - [2026-05-14T00:04:52.879+0000] {dag.py:3089} INFO - Sync 1 DAGs
[2026-05-14T00:04:52.891+0000] {logging_mixin.py:188} INFO - [2026-05-14T00:04:52.891+0000] {dag.py:3947} INFO - Setting next_dagrun for example_branch_python_operator_decorator to 2026-05-13 00:00:00+00:00, run_after=2026-05-14 00:00:00+00:00
[2026-05-14T00:04:52.906+0000] {processor.py:183} INFO - Processing /workspaces/Airflow_project/airflow_env/lib/python3.12/site-packages/airflow/example_dags/example_branch_operator_decorator.py took 0.080 seconds
[2026-05-14T00:05:58.562+0000] {processor.py:161} INFO - Started process (PID=99096) to work on /workspaces/Airflow_project/airflow_env/lib/python3.12/site-packages/airflow/example_dags/example_branch_operator_decorator.py
[2026-05-14T00:05:58.563+0000] {processor.py:830} INFO - Processing file /workspaces/Airflow_project/airflow_env/lib/python3.12/site-packages/airflow/example_dags/example_branch_operator_decorator.py for tasks to queue
[2026-05-14T00:05:58.563+0000] {logging_mixin.py:188} INFO - [2026-05-14T00:05:58.563+0000] {dagbag.py:545} INFO - Filling up the DagBag from /workspaces/Airflow_project/airflow_env/lib/python3.12/site-packages/airflow/example_dags/example_branch_operator_decorator.py
[2026-05-14T00:05:58.580+0000] {processor.py:840} INFO - DAG(s) 'example_branch_python_operator_decorator' retrieved from /workspaces/Airflow_project/airflow_env/lib/python3.12/site-packages/airflow/example_dags/example_branch_operator_decorator.py
[2026-05-14T00:05:58.597+0000] {logging_mixin.py:188} INFO - [2026-05-14T00:05:58.597+0000] {dag.py:3089} INFO - Sync 1 DAGs
[2026-05-14T00:05:58.609+0000] {logging_mixin.py:188} INFO - [2026-05-14T00:05:58.609+0000] {dag.py:3947} INFO - Setting next_dagrun for example_branch_python_operator_decorator to 2026-05-13 00:00:00+00:00, run_after=2026-05-14 00:00:00+00:00
[2026-05-14T00:05:58.624+0000] {processor.py:183} INFO - Processing /workspaces/Airflow_project/airflow_env/lib/python3.12/site-packages/airflow/example_dags/example_branch_operator_decorator.py took 0.072 seconds
[2026-05-14T00:07:05.506+0000] {processor.py:161} INFO - Started process (PID=99634) to work on /workspaces/Airflow_project/airflow_env/lib/python3.12/site-packages/airflow/example_dags/example_branch_operator_decorator.py
[2026-05-14T00:07:05.507+0000] {processor.py:830} INFO - Processing file /workspaces/Airflow_project/airflow_env/lib/python3.12/site-packages/airflow/example_dags/example_branch_operator_decorator.py for tasks to queue
[2026-05-14T00:07:05.507+0000] {logging_mixin.py:188} INFO - [2026-05-14T00:07:05.507+0000] {dagbag.py:545} INFO - Filling up the DagBag from /workspaces/Airflow_project/airflow_env/lib/python3.12/site-packages/airflow/example_dags/example_branch_operator_decorator.py
[2026-05-14T00:07:05.523+0000] {processor.py:840} INFO - DAG(s) 'example_branch_python_operator_decorator' retrieved from /workspaces/Airflow_project/airflow_env/lib/python3.12/site-packages/airflow/example_dags/example_branch_operator_decorator.py
[2026-05-14T00:07:05.541+0000] {logging_mixin.py:188} INFO - [2026-05-14T00:07:05.541+0000] {dag.py:3089} INFO - Sync 1 DAGs
[2026-05-14T00:07:05.557+0000] {logging_mixin.py:188} INFO - [2026-05-14T00:07:05.557+0000] {dag.py:3947} INFO - Setting next_dagrun for example_branch_python_operator_decorator to 2026-05-13 00:00:00+00:00, run_after=2026-05-14 00:00:00+00:00
[2026-05-14T00:07:05.572+0000] {processor.py:183} INFO - Processing /workspaces/Airflow_project/airflow_env/lib/python3.12/site-packages/airflow/example_dags/example_branch_operator_decorator.py took 0.070 seconds
[2026-05-14T00:08:12.846+0000] {processor.py:161} INFO - Started process (PID=100168) to work on /workspaces/Airflow_project/airflow_env/lib/python3.12/site-packages/airflow/example_dags/example_branch_operator_decorator.py
[2026-05-14T00:08:12.847+0000] {processor.py:830} INFO - Processing file /workspaces/Airflow_project/airflow_env/lib/python3.12/site-packages/airflow/example_dags/example_branch_operator_decorator.py for tasks to queue
[2026-05-14T00:08:12.847+0000] {logging_mixin.py:188} INFO - [2026-05-14T00:08:12.847+0000] {dagbag.py:545} INFO - Filling up the DagBag from /workspaces/Airflow_project/airflow_env/lib/python3.12/site-packages/airflow/example_dags/example_branch_operator_decorator.py
[2026-05-14T00:08:12.866+0000] {processor.py:840} INFO - DAG(s) 'example_branch_python_operator_decorator' retrieved from /workspaces/Airflow_project/airflow_env/lib/python3.12/site-packages/airflow/example_dags/example_branch_operator_decorator.py
[2026-05-14T00:08:12.883+0000] {logging_mixin.py:188} INFO - [2026-05-14T00:08:12.883+0000] {dag.py:3089} INFO - Sync 1 DAGs
[2026-05-14T00:08:12.896+0000] {logging_mixin.py:188} INFO - [2026-05-14T00:08:12.895+0000] {dag.py:3947} INFO - Setting next_dagrun for example_branch_python_operator_decorator to 2026-05-13 00:00:00+00:00, run_after=2026-05-14 00:00:00+00:00
[2026-05-14T00:08:12.910+0000] {processor.py:183} INFO - Processing /workspaces/Airflow_project/airflow_env/lib/python3.12/site-packages/airflow/example_dags/example_branch_operator_decorator.py took 0.070 seconds
[2026-05-14T00:09:20.284+0000] {processor.py:161} INFO - Started process (PID=101140) to work on /workspaces/Airflow_project/airflow_env/lib/python3.12/site-packages/airflow/example_dags/example_branch_operator_decorator.py
[2026-05-14T00:09:20.340+0000] {processor.py:830} INFO - Processing file /workspaces/Airflow_project/airflow_env/lib/python3.12/site-packages/airflow/example_dags/example_branch_operator_decorator.py for tasks to queue
[2026-05-14T00:09:20.343+0000] {logging_mixin.py:188} INFO - [2026-05-14T00:09:20.341+0000] {dagbag.py:545} INFO - Filling up the DagBag from /workspaces/Airflow_project/airflow_env/lib/python3.12/site-packages/airflow/example_dags/example_branch_operator_decorator.py
[2026-05-14T00:09:20.405+0000] {processor.py:840} INFO - DAG(s) 'example_branch_python_operator_decorator' retrieved from /workspaces/Airflow_project/airflow_env/lib/python3.12/site-packages/airflow/example_dags/example_branch_operator_decorator.py
[2026-05-14T00:09:20.445+0000] {logging_mixin.py:188} INFO - [2026-05-14T00:09:20.444+0000] {dag.py:3089} INFO - Sync 1 DAGs
[2026-05-14T00:09:20.464+0000] {logging_mixin.py:188} INFO - [2026-05-14T00:09:20.464+0000] {dag.py:3947} INFO - Setting next_dagrun for example_branch_python_operator_decorator to 2026-05-13 00:00:00+00:00, run_after=2026-05-14 00:00:00+00:00
[2026-05-14T00:09:20.576+0000] {processor.py:183} INFO - Processing /workspaces/Airflow_project/airflow_env/lib/python3.12/site-packages/airflow/example_dags/example_branch_operator_decorator.py took 0.302 seconds
