[2026-05-14T00:00:50.396+0000] {processor.py:161} INFO - Started process (PID=96601) to work on /workspaces/Airflow_project/airflow_env/lib/python3.12/site-packages/airflow/example_dags/example_params_ui_tutorial.py
[2026-05-14T00:00:50.396+0000] {processor.py:830} INFO - Processing file /workspaces/Airflow_project/airflow_env/lib/python3.12/site-packages/airflow/example_dags/example_params_ui_tutorial.py for tasks to queue
[2026-05-14T00:00:50.397+0000] {logging_mixin.py:188} INFO - [2026-05-14T00:00:50.397+0000] {dagbag.py:545} INFO - Filling up the DagBag from /workspaces/Airflow_project/airflow_env/lib/python3.12/site-packages/airflow/example_dags/example_params_ui_tutorial.py
[2026-05-14T00:00:50.406+0000] {processor.py:840} INFO - DAG(s) 'example_params_ui_tutorial' retrieved from /workspaces/Airflow_project/airflow_env/lib/python3.12/site-packages/airflow/example_dags/example_params_ui_tutorial.py
[2026-05-14T00:00:50.554+0000] {logging_mixin.py:188} INFO - [2026-05-14T00:00:50.554+0000] {dag.py:3089} INFO - Sync 1 DAGs
[2026-05-14T00:00:50.563+0000] {logging_mixin.py:188} INFO - [2026-05-14T00:00:50.563+0000] {dag.py:3947} INFO - Setting next_dagrun for example_params_ui_tutorial to None, run_after=None
[2026-05-14T00:00:50.579+0000] {processor.py:183} INFO - Processing /workspaces/Airflow_project/airflow_env/lib/python3.12/site-packages/airflow/example_dags/example_params_ui_tutorial.py took 0.190 seconds
[2026-05-14T00:01:44.281+0000] {processor.py:161} INFO - Started process (PID=97029) to work on /workspaces/Airflow_project/airflow_env/lib/python3.12/site-packages/airflow/example_dags/example_params_ui_tutorial.py
[2026-05-14T00:01:44.282+0000] {processor.py:830} INFO - Processing file /workspaces/Airflow_project/airflow_env/lib/python3.12/site-packages/airflow/example_dags/example_params_ui_tutorial.py for tasks to queue
[2026-05-14T00:01:44.282+0000] {logging_mixin.py:188} INFO - [2026-05-14T00:01:44.282+0000] {dagbag.py:545} INFO - Filling up the DagBag from /workspaces/Airflow_project/airflow_env/lib/python3.12/site-packages/airflow/example_dags/example_params_ui_tutorial.py
[2026-05-14T00:01:44.287+0000] {processor.py:840} INFO - DAG(s) 'example_params_ui_tutorial' retrieved from /workspaces/Airflow_project/airflow_env/lib/python3.12/site-packages/airflow/example_dags/example_params_ui_tutorial.py
[2026-05-14T00:01:44.323+0000] {logging_mixin.py:188} INFO - [2026-05-14T00:01:44.322+0000] {dag.py:3089} INFO - Sync 1 DAGs
[2026-05-14T00:01:44.332+0000] {logging_mixin.py:188} INFO - [2026-05-14T00:01:44.332+0000] {dag.py:3947} INFO - Setting next_dagrun for example_params_ui_tutorial to None, run_after=None
[2026-05-14T00:01:44.348+0000] {processor.py:183} INFO - Processing /workspaces/Airflow_project/airflow_env/lib/python3.12/site-packages/airflow/example_dags/example_params_ui_tutorial.py took 0.072 seconds
[2026-05-14T00:02:47.773+0000] {processor.py:161} INFO - Started process (PID=97558) to work on /workspaces/Airflow_project/airflow_env/lib/python3.12/site-packages/airflow/example_dags/example_params_ui_tutorial.py
[2026-05-14T00:02:47.774+0000] {processor.py:830} INFO - Processing file /workspaces/Airflow_project/airflow_env/lib/python3.12/site-packages/airflow/example_dags/example_params_ui_tutorial.py for tasks to queue
[2026-05-14T00:02:47.775+0000] {logging_mixin.py:188} INFO - [2026-05-14T00:02:47.774+0000] {dagbag.py:545} INFO - Filling up the DagBag from /workspaces/Airflow_project/airflow_env/lib/python3.12/site-packages/airflow/example_dags/example_params_ui_tutorial.py
[2026-05-14T00:02:47.780+0000] {processor.py:840} INFO - DAG(s) 'example_params_ui_tutorial' retrieved from /workspaces/Airflow_project/airflow_env/lib/python3.12/site-packages/airflow/example_dags/example_params_ui_tutorial.py
[2026-05-14T00:02:47.808+0000] {logging_mixin.py:188} INFO - [2026-05-14T00:02:47.808+0000] {dag.py:3089} INFO - Sync 1 DAGs
[2026-05-14T00:02:47.816+0000] {logging_mixin.py:188} INFO - [2026-05-14T00:02:47.816+0000] {dag.py:3947} INFO - Setting next_dagrun for example_params_ui_tutorial to None, run_after=None
[2026-05-14T00:02:47.831+0000] {processor.py:183} INFO - Processing /workspaces/Airflow_project/airflow_env/lib/python3.12/site-packages/airflow/example_dags/example_params_ui_tutorial.py took 0.062 seconds
[2026-05-14T00:03:55.196+0000] {processor.py:161} INFO - Started process (PID=98069) to work on /workspaces/Airflow_project/airflow_env/lib/python3.12/site-packages/airflow/example_dags/example_params_ui_tutorial.py
[2026-05-14T00:03:55.197+0000] {processor.py:830} INFO - Processing file /workspaces/Airflow_project/airflow_env/lib/python3.12/site-packages/airflow/example_dags/example_params_ui_tutorial.py for tasks to queue
[2026-05-14T00:03:55.198+0000] {logging_mixin.py:188} INFO - [2026-05-14T00:03:55.198+0000] {dagbag.py:545} INFO - Filling up the DagBag from /workspaces/Airflow_project/airflow_env/lib/python3.12/site-packages/airflow/example_dags/example_params_ui_tutorial.py
[2026-05-14T00:03:55.203+0000] {processor.py:840} INFO - DAG(s) 'example_params_ui_tutorial' retrieved from /workspaces/Airflow_project/airflow_env/lib/python3.12/site-packages/airflow/example_dags/example_params_ui_tutorial.py
[2026-05-14T00:03:55.231+0000] {logging_mixin.py:188} INFO - [2026-05-14T00:03:55.231+0000] {dag.py:3089} INFO - Sync 1 DAGs
[2026-05-14T00:03:55.240+0000] {logging_mixin.py:188} INFO - [2026-05-14T00:03:55.239+0000] {dag.py:3947} INFO - Setting next_dagrun for example_params_ui_tutorial to None, run_after=None
[2026-05-14T00:03:55.258+0000] {processor.py:183} INFO - Processing /workspaces/Airflow_project/airflow_env/lib/python3.12/site-packages/airflow/example_dags/example_params_ui_tutorial.py took 0.066 seconds
[2026-05-14T00:04:44.650+0000] {processor.py:161} INFO - Started process (PID=98488) to work on /workspaces/Airflow_project/airflow_env/lib/python3.12/site-packages/airflow/example_dags/example_params_ui_tutorial.py
[2026-05-14T00:04:44.651+0000] {processor.py:830} INFO - Processing file /workspaces/Airflow_project/airflow_env/lib/python3.12/site-packages/airflow/example_dags/example_params_ui_tutorial.py for tasks to queue
[2026-05-14T00:04:44.652+0000] {logging_mixin.py:188} INFO - [2026-05-14T00:04:44.651+0000] {dagbag.py:545} INFO - Filling up the DagBag from /workspaces/Airflow_project/airflow_env/lib/python3.12/site-packages/airflow/example_dags/example_params_ui_tutorial.py
[2026-05-14T00:04:44.658+0000] {processor.py:840} INFO - DAG(s) 'example_params_ui_tutorial' retrieved from /workspaces/Airflow_project/airflow_env/lib/python3.12/site-packages/airflow/example_dags/example_params_ui_tutorial.py
[2026-05-14T00:04:44.687+0000] {logging_mixin.py:188} INFO - [2026-05-14T00:04:44.687+0000] {dag.py:3089} INFO - Sync 1 DAGs
[2026-05-14T00:04:44.695+0000] {logging_mixin.py:188} INFO - [2026-05-14T00:04:44.694+0000] {dag.py:3947} INFO - Setting next_dagrun for example_params_ui_tutorial to None, run_after=None
[2026-05-14T00:04:44.709+0000] {processor.py:183} INFO - Processing /workspaces/Airflow_project/airflow_env/lib/python3.12/site-packages/airflow/example_dags/example_params_ui_tutorial.py took 0.065 seconds
[2026-05-14T00:05:32.765+0000] {processor.py:161} INFO - Started process (PID=98879) to work on /workspaces/Airflow_project/airflow_env/lib/python3.12/site-packages/airflow/example_dags/example_params_ui_tutorial.py
[2026-05-14T00:05:32.766+0000] {processor.py:830} INFO - Processing file /workspaces/Airflow_project/airflow_env/lib/python3.12/site-packages/airflow/example_dags/example_params_ui_tutorial.py for tasks to queue
[2026-05-14T00:05:32.766+0000] {logging_mixin.py:188} INFO - [2026-05-14T00:05:32.766+0000] {dagbag.py:545} INFO - Filling up the DagBag from /workspaces/Airflow_project/airflow_env/lib/python3.12/site-packages/airflow/example_dags/example_params_ui_tutorial.py
[2026-05-14T00:05:32.771+0000] {processor.py:840} INFO - DAG(s) 'example_params_ui_tutorial' retrieved from /workspaces/Airflow_project/airflow_env/lib/python3.12/site-packages/airflow/example_dags/example_params_ui_tutorial.py
[2026-05-14T00:05:32.800+0000] {logging_mixin.py:188} INFO - [2026-05-14T00:05:32.800+0000] {dag.py:3089} INFO - Sync 1 DAGs
[2026-05-14T00:05:32.808+0000] {logging_mixin.py:188} INFO - [2026-05-14T00:05:32.808+0000] {dag.py:3947} INFO - Setting next_dagrun for example_params_ui_tutorial to None, run_after=None
[2026-05-14T00:05:32.824+0000] {processor.py:183} INFO - Processing /workspaces/Airflow_project/airflow_env/lib/python3.12/site-packages/airflow/example_dags/example_params_ui_tutorial.py took 0.064 seconds
[2026-05-14T00:06:34.444+0000] {processor.py:161} INFO - Started process (PID=99362) to work on /workspaces/Airflow_project/airflow_env/lib/python3.12/site-packages/airflow/example_dags/example_params_ui_tutorial.py
[2026-05-14T00:06:34.445+0000] {processor.py:830} INFO - Processing file /workspaces/Airflow_project/airflow_env/lib/python3.12/site-packages/airflow/example_dags/example_params_ui_tutorial.py for tasks to queue
[2026-05-14T00:06:34.446+0000] {logging_mixin.py:188} INFO - [2026-05-14T00:06:34.445+0000] {dagbag.py:545} INFO - Filling up the DagBag from /workspaces/Airflow_project/airflow_env/lib/python3.12/site-packages/airflow/example_dags/example_params_ui_tutorial.py
[2026-05-14T00:06:34.452+0000] {processor.py:840} INFO - DAG(s) 'example_params_ui_tutorial' retrieved from /workspaces/Airflow_project/airflow_env/lib/python3.12/site-packages/airflow/example_dags/example_params_ui_tutorial.py
[2026-05-14T00:06:34.481+0000] {logging_mixin.py:188} INFO - [2026-05-14T00:06:34.481+0000] {dag.py:3089} INFO - Sync 1 DAGs
[2026-05-14T00:06:34.489+0000] {logging_mixin.py:188} INFO - [2026-05-14T00:06:34.489+0000] {dag.py:3947} INFO - Setting next_dagrun for example_params_ui_tutorial to None, run_after=None
[2026-05-14T00:06:34.504+0000] {processor.py:183} INFO - Processing /workspaces/Airflow_project/airflow_env/lib/python3.12/site-packages/airflow/example_dags/example_params_ui_tutorial.py took 0.066 seconds
[2026-05-14T00:07:21.698+0000] {processor.py:161} INFO - Started process (PID=99768) to work on /workspaces/Airflow_project/airflow_env/lib/python3.12/site-packages/airflow/example_dags/example_params_ui_tutorial.py
[2026-05-14T00:07:21.698+0000] {processor.py:830} INFO - Processing file /workspaces/Airflow_project/airflow_env/lib/python3.12/site-packages/airflow/example_dags/example_params_ui_tutorial.py for tasks to queue
[2026-05-14T00:07:21.699+0000] {logging_mixin.py:188} INFO - [2026-05-14T00:07:21.699+0000] {dagbag.py:545} INFO - Filling up the DagBag from /workspaces/Airflow_project/airflow_env/lib/python3.12/site-packages/airflow/example_dags/example_params_ui_tutorial.py
[2026-05-14T00:07:21.704+0000] {processor.py:840} INFO - DAG(s) 'example_params_ui_tutorial' retrieved from /workspaces/Airflow_project/airflow_env/lib/python3.12/site-packages/airflow/example_dags/example_params_ui_tutorial.py
[2026-05-14T00:07:21.732+0000] {logging_mixin.py:188} INFO - [2026-05-14T00:07:21.732+0000] {dag.py:3089} INFO - Sync 1 DAGs
[2026-05-14T00:07:21.741+0000] {logging_mixin.py:188} INFO - [2026-05-14T00:07:21.740+0000] {dag.py:3947} INFO - Setting next_dagrun for example_params_ui_tutorial to None, run_after=None
[2026-05-14T00:07:21.759+0000] {processor.py:183} INFO - Processing /workspaces/Airflow_project/airflow_env/lib/python3.12/site-packages/airflow/example_dags/example_params_ui_tutorial.py took 0.066 seconds
[2026-05-14T00:08:07.641+0000] {processor.py:161} INFO - Started process (PID=100123) to work on /workspaces/Airflow_project/airflow_env/lib/python3.12/site-packages/airflow/example_dags/example_params_ui_tutorial.py
[2026-05-14T00:08:07.641+0000] {processor.py:830} INFO - Processing file /workspaces/Airflow_project/airflow_env/lib/python3.12/site-packages/airflow/example_dags/example_params_ui_tutorial.py for tasks to queue
[2026-05-14T00:08:07.642+0000] {logging_mixin.py:188} INFO - [2026-05-14T00:08:07.642+0000] {dagbag.py:545} INFO - Filling up the DagBag from /workspaces/Airflow_project/airflow_env/lib/python3.12/site-packages/airflow/example_dags/example_params_ui_tutorial.py
[2026-05-14T00:08:07.649+0000] {processor.py:840} INFO - DAG(s) 'example_params_ui_tutorial' retrieved from /workspaces/Airflow_project/airflow_env/lib/python3.12/site-packages/airflow/example_dags/example_params_ui_tutorial.py
[2026-05-14T00:08:07.681+0000] {logging_mixin.py:188} INFO - [2026-05-14T00:08:07.681+0000] {dag.py:3089} INFO - Sync 1 DAGs
[2026-05-14T00:08:07.689+0000] {logging_mixin.py:188} INFO - [2026-05-14T00:08:07.689+0000] {dag.py:3947} INFO - Setting next_dagrun for example_params_ui_tutorial to None, run_after=None
[2026-05-14T00:08:07.704+0000] {processor.py:183} INFO - Processing /workspaces/Airflow_project/airflow_env/lib/python3.12/site-packages/airflow/example_dags/example_params_ui_tutorial.py took 0.069 seconds
[2026-05-14T00:09:12.671+0000] {processor.py:161} INFO - Started process (PID=101088) to work on /workspaces/Airflow_project/airflow_env/lib/python3.12/site-packages/airflow/example_dags/example_params_ui_tutorial.py
[2026-05-14T00:09:12.672+0000] {processor.py:830} INFO - Processing file /workspaces/Airflow_project/airflow_env/lib/python3.12/site-packages/airflow/example_dags/example_params_ui_tutorial.py for tasks to queue
[2026-05-14T00:09:12.672+0000] {logging_mixin.py:188} INFO - [2026-05-14T00:09:12.672+0000] {dagbag.py:545} INFO - Filling up the DagBag from /workspaces/Airflow_project/airflow_env/lib/python3.12/site-packages/airflow/example_dags/example_params_ui_tutorial.py
[2026-05-14T00:09:12.677+0000] {processor.py:840} INFO - DAG(s) 'example_params_ui_tutorial' retrieved from /workspaces/Airflow_project/airflow_env/lib/python3.12/site-packages/airflow/example_dags/example_params_ui_tutorial.py
[2026-05-14T00:09:12.706+0000] {logging_mixin.py:188} INFO - [2026-05-14T00:09:12.706+0000] {dag.py:3089} INFO - Sync 1 DAGs
[2026-05-14T00:09:12.713+0000] {logging_mixin.py:188} INFO - [2026-05-14T00:09:12.713+0000] {dag.py:3947} INFO - Setting next_dagrun for example_params_ui_tutorial to None, run_after=None
[2026-05-14T00:09:12.730+0000] {processor.py:183} INFO - Processing /workspaces/Airflow_project/airflow_env/lib/python3.12/site-packages/airflow/example_dags/example_params_ui_tutorial.py took 0.063 seconds
