[2026-05-14T00:01:03.636+0000] {processor.py:161} INFO - Started process (PID=96719) to work on /workspaces/Airflow_project/airflow_env/lib/python3.12/site-packages/airflow/example_dags/example_bash_decorator.py
[2026-05-14T00:01:03.637+0000] {processor.py:830} INFO - Processing file /workspaces/Airflow_project/airflow_env/lib/python3.12/site-packages/airflow/example_dags/example_bash_decorator.py for tasks to queue
[2026-05-14T00:01:03.638+0000] {logging_mixin.py:188} INFO - [2026-05-14T00:01:03.638+0000] {dagbag.py:545} INFO - Filling up the DagBag from /workspaces/Airflow_project/airflow_env/lib/python3.12/site-packages/airflow/example_dags/example_bash_decorator.py
[2026-05-14T00:01:03.652+0000] {processor.py:840} INFO - DAG(s) 'example_bash_decorator' retrieved from /workspaces/Airflow_project/airflow_env/lib/python3.12/site-packages/airflow/example_dags/example_bash_decorator.py
[2026-05-14T00:01:03.667+0000] {logging_mixin.py:188} INFO - [2026-05-14T00:01:03.667+0000] {dag.py:3089} INFO - Sync 1 DAGs
[2026-05-14T00:01:03.674+0000] {logging_mixin.py:188} INFO - [2026-05-14T00:01:03.674+0000] {dag.py:3947} INFO - Setting next_dagrun for example_bash_decorator to None, run_after=None
[2026-05-14T00:01:03.689+0000] {processor.py:183} INFO - Processing /workspaces/Airflow_project/airflow_env/lib/python3.12/site-packages/airflow/example_dags/example_bash_decorator.py took 0.057 seconds
[2026-05-14T00:02:09.749+0000] {processor.py:161} INFO - Started process (PID=97249) to work on /workspaces/Airflow_project/airflow_env/lib/python3.12/site-packages/airflow/example_dags/example_bash_decorator.py
[2026-05-14T00:02:09.749+0000] {processor.py:830} INFO - Processing file /workspaces/Airflow_project/airflow_env/lib/python3.12/site-packages/airflow/example_dags/example_bash_decorator.py for tasks to queue
[2026-05-14T00:02:09.750+0000] {logging_mixin.py:188} INFO - [2026-05-14T00:02:09.750+0000] {dagbag.py:545} INFO - Filling up the DagBag from /workspaces/Airflow_project/airflow_env/lib/python3.12/site-packages/airflow/example_dags/example_bash_decorator.py
[2026-05-14T00:02:09.762+0000] {processor.py:840} INFO - DAG(s) 'example_bash_decorator' retrieved from /workspaces/Airflow_project/airflow_env/lib/python3.12/site-packages/airflow/example_dags/example_bash_decorator.py
[2026-05-14T00:02:09.777+0000] {logging_mixin.py:188} INFO - [2026-05-14T00:02:09.776+0000] {dag.py:3089} INFO - Sync 1 DAGs
[2026-05-14T00:02:09.784+0000] {logging_mixin.py:188} INFO - [2026-05-14T00:02:09.784+0000] {dag.py:3947} INFO - Setting next_dagrun for example_bash_decorator to None, run_after=None
[2026-05-14T00:02:09.798+0000] {processor.py:183} INFO - Processing /workspaces/Airflow_project/airflow_env/lib/python3.12/site-packages/airflow/example_dags/example_bash_decorator.py took 0.055 seconds
[2026-05-14T00:03:14.913+0000] {processor.py:161} INFO - Started process (PID=97776) to work on /workspaces/Airflow_project/airflow_env/lib/python3.12/site-packages/airflow/example_dags/example_bash_decorator.py
[2026-05-14T00:03:14.913+0000] {processor.py:830} INFO - Processing file /workspaces/Airflow_project/airflow_env/lib/python3.12/site-packages/airflow/example_dags/example_bash_decorator.py for tasks to queue
[2026-05-14T00:03:14.914+0000] {logging_mixin.py:188} INFO - [2026-05-14T00:03:14.914+0000] {dagbag.py:545} INFO - Filling up the DagBag from /workspaces/Airflow_project/airflow_env/lib/python3.12/site-packages/airflow/example_dags/example_bash_decorator.py
[2026-05-14T00:03:14.924+0000] {processor.py:840} INFO - DAG(s) 'example_bash_decorator' retrieved from /workspaces/Airflow_project/airflow_env/lib/python3.12/site-packages/airflow/example_dags/example_bash_decorator.py
[2026-05-14T00:03:14.938+0000] {logging_mixin.py:188} INFO - [2026-05-14T00:03:14.938+0000] {dag.py:3089} INFO - Sync 1 DAGs
[2026-05-14T00:03:14.949+0000] {logging_mixin.py:188} INFO - [2026-05-14T00:03:14.948+0000] {dag.py:3947} INFO - Setting next_dagrun for example_bash_decorator to None, run_after=None
[2026-05-14T00:03:14.964+0000] {processor.py:183} INFO - Processing /workspaces/Airflow_project/airflow_env/lib/python3.12/site-packages/airflow/example_dags/example_bash_decorator.py took 0.056 seconds
[2026-05-14T00:04:27.919+0000] {processor.py:161} INFO - Started process (PID=98339) to work on /workspaces/Airflow_project/airflow_env/lib/python3.12/site-packages/airflow/example_dags/example_bash_decorator.py
[2026-05-14T00:04:27.920+0000] {processor.py:830} INFO - Processing file /workspaces/Airflow_project/airflow_env/lib/python3.12/site-packages/airflow/example_dags/example_bash_decorator.py for tasks to queue
[2026-05-14T00:04:27.920+0000] {logging_mixin.py:188} INFO - [2026-05-14T00:04:27.920+0000] {dagbag.py:545} INFO - Filling up the DagBag from /workspaces/Airflow_project/airflow_env/lib/python3.12/site-packages/airflow/example_dags/example_bash_decorator.py
[2026-05-14T00:04:27.930+0000] {processor.py:840} INFO - DAG(s) 'example_bash_decorator' retrieved from /workspaces/Airflow_project/airflow_env/lib/python3.12/site-packages/airflow/example_dags/example_bash_decorator.py
[2026-05-14T00:04:27.947+0000] {logging_mixin.py:188} INFO - [2026-05-14T00:04:27.947+0000] {dag.py:3089} INFO - Sync 1 DAGs
[2026-05-14T00:04:27.957+0000] {logging_mixin.py:188} INFO - [2026-05-14T00:04:27.957+0000] {dag.py:3947} INFO - Setting next_dagrun for example_bash_decorator to None, run_after=None
[2026-05-14T00:04:27.972+0000] {processor.py:183} INFO - Processing /workspaces/Airflow_project/airflow_env/lib/python3.12/site-packages/airflow/example_dags/example_bash_decorator.py took 0.058 seconds
[2026-05-14T00:05:37.903+0000] {processor.py:161} INFO - Started process (PID=98931) to work on /workspaces/Airflow_project/airflow_env/lib/python3.12/site-packages/airflow/example_dags/example_bash_decorator.py
[2026-05-14T00:05:37.904+0000] {processor.py:830} INFO - Processing file /workspaces/Airflow_project/airflow_env/lib/python3.12/site-packages/airflow/example_dags/example_bash_decorator.py for tasks to queue
[2026-05-14T00:05:37.904+0000] {logging_mixin.py:188} INFO - [2026-05-14T00:05:37.904+0000] {dagbag.py:545} INFO - Filling up the DagBag from /workspaces/Airflow_project/airflow_env/lib/python3.12/site-packages/airflow/example_dags/example_bash_decorator.py
[2026-05-14T00:05:37.914+0000] {processor.py:840} INFO - DAG(s) 'example_bash_decorator' retrieved from /workspaces/Airflow_project/airflow_env/lib/python3.12/site-packages/airflow/example_dags/example_bash_decorator.py
[2026-05-14T00:05:37.928+0000] {logging_mixin.py:188} INFO - [2026-05-14T00:05:37.928+0000] {dag.py:3089} INFO - Sync 1 DAGs
[2026-05-14T00:05:37.936+0000] {logging_mixin.py:188} INFO - [2026-05-14T00:05:37.936+0000] {dag.py:3947} INFO - Setting next_dagrun for example_bash_decorator to None, run_after=None
[2026-05-14T00:05:37.953+0000] {processor.py:183} INFO - Processing /workspaces/Airflow_project/airflow_env/lib/python3.12/site-packages/airflow/example_dags/example_bash_decorator.py took 0.054 seconds
[2026-05-14T00:06:40.177+0000] {processor.py:161} INFO - Started process (PID=99416) to work on /workspaces/Airflow_project/airflow_env/lib/python3.12/site-packages/airflow/example_dags/example_bash_decorator.py
[2026-05-14T00:06:40.177+0000] {processor.py:830} INFO - Processing file /workspaces/Airflow_project/airflow_env/lib/python3.12/site-packages/airflow/example_dags/example_bash_decorator.py for tasks to queue
[2026-05-14T00:06:40.178+0000] {logging_mixin.py:188} INFO - [2026-05-14T00:06:40.178+0000] {dagbag.py:545} INFO - Filling up the DagBag from /workspaces/Airflow_project/airflow_env/lib/python3.12/site-packages/airflow/example_dags/example_bash_decorator.py
[2026-05-14T00:06:40.189+0000] {processor.py:840} INFO - DAG(s) 'example_bash_decorator' retrieved from /workspaces/Airflow_project/airflow_env/lib/python3.12/site-packages/airflow/example_dags/example_bash_decorator.py
[2026-05-14T00:06:40.203+0000] {logging_mixin.py:188} INFO - [2026-05-14T00:06:40.203+0000] {dag.py:3089} INFO - Sync 1 DAGs
[2026-05-14T00:06:40.210+0000] {logging_mixin.py:188} INFO - [2026-05-14T00:06:40.210+0000] {dag.py:3947} INFO - Setting next_dagrun for example_bash_decorator to None, run_after=None
[2026-05-14T00:06:40.226+0000] {processor.py:183} INFO - Processing /workspaces/Airflow_project/airflow_env/lib/python3.12/site-packages/airflow/example_dags/example_bash_decorator.py took 0.053 seconds
[2026-05-14T00:07:51.377+0000] {processor.py:161} INFO - Started process (PID=100007) to work on /workspaces/Airflow_project/airflow_env/lib/python3.12/site-packages/airflow/example_dags/example_bash_decorator.py
[2026-05-14T00:07:51.378+0000] {processor.py:830} INFO - Processing file /workspaces/Airflow_project/airflow_env/lib/python3.12/site-packages/airflow/example_dags/example_bash_decorator.py for tasks to queue
[2026-05-14T00:07:51.379+0000] {logging_mixin.py:188} INFO - [2026-05-14T00:07:51.379+0000] {dagbag.py:545} INFO - Filling up the DagBag from /workspaces/Airflow_project/airflow_env/lib/python3.12/site-packages/airflow/example_dags/example_bash_decorator.py
[2026-05-14T00:07:51.389+0000] {processor.py:840} INFO - DAG(s) 'example_bash_decorator' retrieved from /workspaces/Airflow_project/airflow_env/lib/python3.12/site-packages/airflow/example_dags/example_bash_decorator.py
[2026-05-14T00:07:51.404+0000] {logging_mixin.py:188} INFO - [2026-05-14T00:07:51.404+0000] {dag.py:3089} INFO - Sync 1 DAGs
[2026-05-14T00:07:51.411+0000] {logging_mixin.py:188} INFO - [2026-05-14T00:07:51.411+0000] {dag.py:3947} INFO - Setting next_dagrun for example_bash_decorator to None, run_after=None
[2026-05-14T00:07:51.426+0000] {processor.py:183} INFO - Processing /workspaces/Airflow_project/airflow_env/lib/python3.12/site-packages/airflow/example_dags/example_bash_decorator.py took 0.053 seconds
[2026-05-14T00:08:57.541+0000] {processor.py:161} INFO - Started process (PID=100924) to work on /workspaces/Airflow_project/airflow_env/lib/python3.12/site-packages/airflow/example_dags/example_bash_decorator.py
[2026-05-14T00:08:57.542+0000] {processor.py:830} INFO - Processing file /workspaces/Airflow_project/airflow_env/lib/python3.12/site-packages/airflow/example_dags/example_bash_decorator.py for tasks to queue
[2026-05-14T00:08:57.543+0000] {logging_mixin.py:188} INFO - [2026-05-14T00:08:57.542+0000] {dagbag.py:545} INFO - Filling up the DagBag from /workspaces/Airflow_project/airflow_env/lib/python3.12/site-packages/airflow/example_dags/example_bash_decorator.py
[2026-05-14T00:08:57.557+0000] {processor.py:840} INFO - DAG(s) 'example_bash_decorator' retrieved from /workspaces/Airflow_project/airflow_env/lib/python3.12/site-packages/airflow/example_dags/example_bash_decorator.py
[2026-05-14T00:08:57.571+0000] {logging_mixin.py:188} INFO - [2026-05-14T00:08:57.571+0000] {dag.py:3089} INFO - Sync 1 DAGs
[2026-05-14T00:08:57.579+0000] {logging_mixin.py:188} INFO - [2026-05-14T00:08:57.579+0000] {dag.py:3947} INFO - Setting next_dagrun for example_bash_decorator to None, run_after=None
[2026-05-14T00:08:57.595+0000] {processor.py:183} INFO - Processing /workspaces/Airflow_project/airflow_env/lib/python3.12/site-packages/airflow/example_dags/example_bash_decorator.py took 0.060 seconds
