[2026-05-14T00:00:31.332+0000] {processor.py:161} INFO - Started process (PID=96442) to work on /workspaces/Airflow_project/airflow_env/lib/python3.12/site-packages/airflow/example_dags/example_branch_day_of_week_operator.py
[2026-05-14T00:00:31.333+0000] {processor.py:830} INFO - Processing file /workspaces/Airflow_project/airflow_env/lib/python3.12/site-packages/airflow/example_dags/example_branch_day_of_week_operator.py for tasks to queue
[2026-05-14T00:00:31.334+0000] {logging_mixin.py:188} INFO - [2026-05-14T00:00:31.333+0000] {dagbag.py:545} INFO - Filling up the DagBag from /workspaces/Airflow_project/airflow_env/lib/python3.12/site-packages/airflow/example_dags/example_branch_day_of_week_operator.py
[2026-05-14T00:00:31.340+0000] {processor.py:840} INFO - DAG(s) 'example_weekday_branch_operator' retrieved from /workspaces/Airflow_project/airflow_env/lib/python3.12/site-packages/airflow/example_dags/example_branch_day_of_week_operator.py
[2026-05-14T00:00:31.357+0000] {logging_mixin.py:188} INFO - [2026-05-14T00:00:31.357+0000] {dag.py:3089} INFO - Sync 1 DAGs
[2026-05-14T00:00:31.374+0000] {logging_mixin.py:188} INFO - [2026-05-14T00:00:31.374+0000] {dag.py:3947} INFO - Setting next_dagrun for example_weekday_branch_operator to 2026-05-13 00:00:00+00:00, run_after=2026-05-14 00:00:00+00:00
[2026-05-14T00:00:31.389+0000] {processor.py:183} INFO - Processing /workspaces/Airflow_project/airflow_env/lib/python3.12/site-packages/airflow/example_dags/example_branch_day_of_week_operator.py took 0.062 seconds
[2026-05-14T00:01:23.904+0000] {processor.py:161} INFO - Started process (PID=96873) to work on /workspaces/Airflow_project/airflow_env/lib/python3.12/site-packages/airflow/example_dags/example_branch_day_of_week_operator.py
[2026-05-14T00:01:23.905+0000] {processor.py:830} INFO - Processing file /workspaces/Airflow_project/airflow_env/lib/python3.12/site-packages/airflow/example_dags/example_branch_day_of_week_operator.py for tasks to queue
[2026-05-14T00:01:23.906+0000] {logging_mixin.py:188} INFO - [2026-05-14T00:01:23.905+0000] {dagbag.py:545} INFO - Filling up the DagBag from /workspaces/Airflow_project/airflow_env/lib/python3.12/site-packages/airflow/example_dags/example_branch_day_of_week_operator.py
[2026-05-14T00:01:23.911+0000] {processor.py:840} INFO - DAG(s) 'example_weekday_branch_operator' retrieved from /workspaces/Airflow_project/airflow_env/lib/python3.12/site-packages/airflow/example_dags/example_branch_day_of_week_operator.py
[2026-05-14T00:01:23.924+0000] {logging_mixin.py:188} INFO - [2026-05-14T00:01:23.924+0000] {dag.py:3089} INFO - Sync 1 DAGs
[2026-05-14T00:01:23.936+0000] {logging_mixin.py:188} INFO - [2026-05-14T00:01:23.936+0000] {dag.py:3947} INFO - Setting next_dagrun for example_weekday_branch_operator to 2026-05-13 00:00:00+00:00, run_after=2026-05-14 00:00:00+00:00
[2026-05-14T00:01:23.957+0000] {processor.py:183} INFO - Processing /workspaces/Airflow_project/airflow_env/lib/python3.12/site-packages/airflow/example_dags/example_branch_day_of_week_operator.py took 0.057 seconds
[2026-05-14T00:02:30.415+0000] {processor.py:161} INFO - Started process (PID=97411) to work on /workspaces/Airflow_project/airflow_env/lib/python3.12/site-packages/airflow/example_dags/example_branch_day_of_week_operator.py
[2026-05-14T00:02:30.415+0000] {processor.py:830} INFO - Processing file /workspaces/Airflow_project/airflow_env/lib/python3.12/site-packages/airflow/example_dags/example_branch_day_of_week_operator.py for tasks to queue
[2026-05-14T00:02:30.416+0000] {logging_mixin.py:188} INFO - [2026-05-14T00:02:30.416+0000] {dagbag.py:545} INFO - Filling up the DagBag from /workspaces/Airflow_project/airflow_env/lib/python3.12/site-packages/airflow/example_dags/example_branch_day_of_week_operator.py
[2026-05-14T00:02:30.422+0000] {processor.py:840} INFO - DAG(s) 'example_weekday_branch_operator' retrieved from /workspaces/Airflow_project/airflow_env/lib/python3.12/site-packages/airflow/example_dags/example_branch_day_of_week_operator.py
[2026-05-14T00:02:30.435+0000] {logging_mixin.py:188} INFO - [2026-05-14T00:02:30.434+0000] {dag.py:3089} INFO - Sync 1 DAGs
[2026-05-14T00:02:30.447+0000] {logging_mixin.py:188} INFO - [2026-05-14T00:02:30.447+0000] {dag.py:3947} INFO - Setting next_dagrun for example_weekday_branch_operator to 2026-05-13 00:00:00+00:00, run_after=2026-05-14 00:00:00+00:00
[2026-05-14T00:02:30.465+0000] {processor.py:183} INFO - Processing /workspaces/Airflow_project/airflow_env/lib/python3.12/site-packages/airflow/example_dags/example_branch_day_of_week_operator.py took 0.054 seconds
[2026-05-14T00:03:37.266+0000] {processor.py:161} INFO - Started process (PID=97947) to work on /workspaces/Airflow_project/airflow_env/lib/python3.12/site-packages/airflow/example_dags/example_branch_day_of_week_operator.py
[2026-05-14T00:03:37.266+0000] {processor.py:830} INFO - Processing file /workspaces/Airflow_project/airflow_env/lib/python3.12/site-packages/airflow/example_dags/example_branch_day_of_week_operator.py for tasks to queue
[2026-05-14T00:03:37.267+0000] {logging_mixin.py:188} INFO - [2026-05-14T00:03:37.267+0000] {dagbag.py:545} INFO - Filling up the DagBag from /workspaces/Airflow_project/airflow_env/lib/python3.12/site-packages/airflow/example_dags/example_branch_day_of_week_operator.py
[2026-05-14T00:03:37.273+0000] {processor.py:840} INFO - DAG(s) 'example_weekday_branch_operator' retrieved from /workspaces/Airflow_project/airflow_env/lib/python3.12/site-packages/airflow/example_dags/example_branch_day_of_week_operator.py
[2026-05-14T00:03:37.285+0000] {logging_mixin.py:188} INFO - [2026-05-14T00:03:37.285+0000] {dag.py:3089} INFO - Sync 1 DAGs
[2026-05-14T00:03:37.297+0000] {logging_mixin.py:188} INFO - [2026-05-14T00:03:37.297+0000] {dag.py:3947} INFO - Setting next_dagrun for example_weekday_branch_operator to 2026-05-13 00:00:00+00:00, run_after=2026-05-14 00:00:00+00:00
[2026-05-14T00:03:37.312+0000] {processor.py:183} INFO - Processing /workspaces/Airflow_project/airflow_env/lib/python3.12/site-packages/airflow/example_dags/example_branch_day_of_week_operator.py took 0.051 seconds
[2026-05-14T00:04:51.591+0000] {processor.py:161} INFO - Started process (PID=98550) to work on /workspaces/Airflow_project/airflow_env/lib/python3.12/site-packages/airflow/example_dags/example_branch_day_of_week_operator.py
[2026-05-14T00:04:51.591+0000] {processor.py:830} INFO - Processing file /workspaces/Airflow_project/airflow_env/lib/python3.12/site-packages/airflow/example_dags/example_branch_day_of_week_operator.py for tasks to queue
[2026-05-14T00:04:51.592+0000] {logging_mixin.py:188} INFO - [2026-05-14T00:04:51.592+0000] {dagbag.py:545} INFO - Filling up the DagBag from /workspaces/Airflow_project/airflow_env/lib/python3.12/site-packages/airflow/example_dags/example_branch_day_of_week_operator.py
[2026-05-14T00:04:51.598+0000] {processor.py:840} INFO - DAG(s) 'example_weekday_branch_operator' retrieved from /workspaces/Airflow_project/airflow_env/lib/python3.12/site-packages/airflow/example_dags/example_branch_day_of_week_operator.py
[2026-05-14T00:04:51.613+0000] {logging_mixin.py:188} INFO - [2026-05-14T00:04:51.613+0000] {dag.py:3089} INFO - Sync 1 DAGs
[2026-05-14T00:04:51.630+0000] {logging_mixin.py:188} INFO - [2026-05-14T00:04:51.630+0000] {dag.py:3947} INFO - Setting next_dagrun for example_weekday_branch_operator to 2026-05-13 00:00:00+00:00, run_after=2026-05-14 00:00:00+00:00
[2026-05-14T00:04:51.704+0000] {processor.py:183} INFO - Processing /workspaces/Airflow_project/airflow_env/lib/python3.12/site-packages/airflow/example_dags/example_branch_day_of_week_operator.py took 0.118 seconds
[2026-05-14T00:05:57.894+0000] {processor.py:161} INFO - Started process (PID=99088) to work on /workspaces/Airflow_project/airflow_env/lib/python3.12/site-packages/airflow/example_dags/example_branch_day_of_week_operator.py
[2026-05-14T00:05:57.895+0000] {processor.py:830} INFO - Processing file /workspaces/Airflow_project/airflow_env/lib/python3.12/site-packages/airflow/example_dags/example_branch_day_of_week_operator.py for tasks to queue
[2026-05-14T00:05:57.895+0000] {logging_mixin.py:188} INFO - [2026-05-14T00:05:57.895+0000] {dagbag.py:545} INFO - Filling up the DagBag from /workspaces/Airflow_project/airflow_env/lib/python3.12/site-packages/airflow/example_dags/example_branch_day_of_week_operator.py
[2026-05-14T00:05:57.901+0000] {processor.py:840} INFO - DAG(s) 'example_weekday_branch_operator' retrieved from /workspaces/Airflow_project/airflow_env/lib/python3.12/site-packages/airflow/example_dags/example_branch_day_of_week_operator.py
[2026-05-14T00:05:57.915+0000] {logging_mixin.py:188} INFO - [2026-05-14T00:05:57.915+0000] {dag.py:3089} INFO - Sync 1 DAGs
[2026-05-14T00:05:57.927+0000] {logging_mixin.py:188} INFO - [2026-05-14T00:05:57.927+0000] {dag.py:3947} INFO - Setting next_dagrun for example_weekday_branch_operator to 2026-05-13 00:00:00+00:00, run_after=2026-05-14 00:00:00+00:00
[2026-05-14T00:05:57.944+0000] {processor.py:183} INFO - Processing /workspaces/Airflow_project/airflow_env/lib/python3.12/site-packages/airflow/example_dags/example_branch_day_of_week_operator.py took 0.055 seconds
[2026-05-14T00:07:04.348+0000] {processor.py:161} INFO - Started process (PID=99626) to work on /workspaces/Airflow_project/airflow_env/lib/python3.12/site-packages/airflow/example_dags/example_branch_day_of_week_operator.py
[2026-05-14T00:07:04.348+0000] {processor.py:830} INFO - Processing file /workspaces/Airflow_project/airflow_env/lib/python3.12/site-packages/airflow/example_dags/example_branch_day_of_week_operator.py for tasks to queue
[2026-05-14T00:07:04.349+0000] {logging_mixin.py:188} INFO - [2026-05-14T00:07:04.349+0000] {dagbag.py:545} INFO - Filling up the DagBag from /workspaces/Airflow_project/airflow_env/lib/python3.12/site-packages/airflow/example_dags/example_branch_day_of_week_operator.py
[2026-05-14T00:07:04.357+0000] {processor.py:840} INFO - DAG(s) 'example_weekday_branch_operator' retrieved from /workspaces/Airflow_project/airflow_env/lib/python3.12/site-packages/airflow/example_dags/example_branch_day_of_week_operator.py
[2026-05-14T00:07:04.370+0000] {logging_mixin.py:188} INFO - [2026-05-14T00:07:04.370+0000] {dag.py:3089} INFO - Sync 1 DAGs
[2026-05-14T00:07:04.382+0000] {logging_mixin.py:188} INFO - [2026-05-14T00:07:04.382+0000] {dag.py:3947} INFO - Setting next_dagrun for example_weekday_branch_operator to 2026-05-13 00:00:00+00:00, run_after=2026-05-14 00:00:00+00:00
[2026-05-14T00:07:04.407+0000] {processor.py:183} INFO - Processing /workspaces/Airflow_project/airflow_env/lib/python3.12/site-packages/airflow/example_dags/example_branch_day_of_week_operator.py took 0.066 seconds
[2026-05-14T00:08:11.712+0000] {processor.py:161} INFO - Started process (PID=100166) to work on /workspaces/Airflow_project/airflow_env/lib/python3.12/site-packages/airflow/example_dags/example_branch_day_of_week_operator.py
[2026-05-14T00:08:11.713+0000] {processor.py:830} INFO - Processing file /workspaces/Airflow_project/airflow_env/lib/python3.12/site-packages/airflow/example_dags/example_branch_day_of_week_operator.py for tasks to queue
[2026-05-14T00:08:11.714+0000] {logging_mixin.py:188} INFO - [2026-05-14T00:08:11.713+0000] {dagbag.py:545} INFO - Filling up the DagBag from /workspaces/Airflow_project/airflow_env/lib/python3.12/site-packages/airflow/example_dags/example_branch_day_of_week_operator.py
[2026-05-14T00:08:11.720+0000] {processor.py:840} INFO - DAG(s) 'example_weekday_branch_operator' retrieved from /workspaces/Airflow_project/airflow_env/lib/python3.12/site-packages/airflow/example_dags/example_branch_day_of_week_operator.py
[2026-05-14T00:08:11.732+0000] {logging_mixin.py:188} INFO - [2026-05-14T00:08:11.732+0000] {dag.py:3089} INFO - Sync 1 DAGs
[2026-05-14T00:08:11.747+0000] {logging_mixin.py:188} INFO - [2026-05-14T00:08:11.747+0000] {dag.py:3947} INFO - Setting next_dagrun for example_weekday_branch_operator to 2026-05-13 00:00:00+00:00, run_after=2026-05-14 00:00:00+00:00
[2026-05-14T00:08:11.764+0000] {processor.py:183} INFO - Processing /workspaces/Airflow_project/airflow_env/lib/python3.12/site-packages/airflow/example_dags/example_branch_day_of_week_operator.py took 0.056 seconds
[2026-05-14T00:09:19.145+0000] {processor.py:161} INFO - Started process (PID=101124) to work on /workspaces/Airflow_project/airflow_env/lib/python3.12/site-packages/airflow/example_dags/example_branch_day_of_week_operator.py
[2026-05-14T00:09:19.146+0000] {processor.py:830} INFO - Processing file /workspaces/Airflow_project/airflow_env/lib/python3.12/site-packages/airflow/example_dags/example_branch_day_of_week_operator.py for tasks to queue
[2026-05-14T00:09:19.147+0000] {logging_mixin.py:188} INFO - [2026-05-14T00:09:19.146+0000] {dagbag.py:545} INFO - Filling up the DagBag from /workspaces/Airflow_project/airflow_env/lib/python3.12/site-packages/airflow/example_dags/example_branch_day_of_week_operator.py
[2026-05-14T00:09:19.154+0000] {processor.py:840} INFO - DAG(s) 'example_weekday_branch_operator' retrieved from /workspaces/Airflow_project/airflow_env/lib/python3.12/site-packages/airflow/example_dags/example_branch_day_of_week_operator.py
[2026-05-14T00:09:19.171+0000] {logging_mixin.py:188} INFO - [2026-05-14T00:09:19.171+0000] {dag.py:3089} INFO - Sync 1 DAGs
[2026-05-14T00:09:19.185+0000] {logging_mixin.py:188} INFO - [2026-05-14T00:09:19.185+0000] {dag.py:3947} INFO - Setting next_dagrun for example_weekday_branch_operator to 2026-05-13 00:00:00+00:00, run_after=2026-05-14 00:00:00+00:00
[2026-05-14T00:09:19.199+0000] {processor.py:183} INFO - Processing /workspaces/Airflow_project/airflow_env/lib/python3.12/site-packages/airflow/example_dags/example_branch_day_of_week_operator.py took 0.060 seconds
