[2026-05-14T00:00:11.417+0000] {processor.py:161} INFO - Started process (PID=96187) to work on /workspaces/Airflow_project/airflow_env/lib/python3.12/site-packages/airflow/example_dags/example_trigger_controller_dag.py
[2026-05-14T00:00:11.418+0000] {processor.py:830} INFO - Processing file /workspaces/Airflow_project/airflow_env/lib/python3.12/site-packages/airflow/example_dags/example_trigger_controller_dag.py for tasks to queue
[2026-05-14T00:00:11.419+0000] {logging_mixin.py:188} INFO - [2026-05-14T00:00:11.418+0000] {dagbag.py:545} INFO - Filling up the DagBag from /workspaces/Airflow_project/airflow_env/lib/python3.12/site-packages/airflow/example_dags/example_trigger_controller_dag.py
[2026-05-14T00:00:11.422+0000] {processor.py:840} INFO - DAG(s) 'example_trigger_controller_dag' retrieved from /workspaces/Airflow_project/airflow_env/lib/python3.12/site-packages/airflow/example_dags/example_trigger_controller_dag.py
[2026-05-14T00:00:11.434+0000] {logging_mixin.py:188} INFO - [2026-05-14T00:00:11.434+0000] {dag.py:3089} INFO - Sync 1 DAGs
[2026-05-14T00:00:11.447+0000] {logging_mixin.py:188} INFO - [2026-05-14T00:00:11.447+0000] {dag.py:3947} INFO - Setting next_dagrun for example_trigger_controller_dag to 2021-01-01 00:00:00+00:00, run_after=2021-01-01 00:00:00+00:00
[2026-05-14T00:00:11.465+0000] {processor.py:183} INFO - Processing /workspaces/Airflow_project/airflow_env/lib/python3.12/site-packages/airflow/example_dags/example_trigger_controller_dag.py took 0.052 seconds
[2026-05-14T00:01:08.002+0000] {processor.py:161} INFO - Started process (PID=96746) to work on /workspaces/Airflow_project/airflow_env/lib/python3.12/site-packages/airflow/example_dags/example_trigger_controller_dag.py
[2026-05-14T00:01:08.003+0000] {processor.py:830} INFO - Processing file /workspaces/Airflow_project/airflow_env/lib/python3.12/site-packages/airflow/example_dags/example_trigger_controller_dag.py for tasks to queue
[2026-05-14T00:01:08.004+0000] {logging_mixin.py:188} INFO - [2026-05-14T00:01:08.004+0000] {dagbag.py:545} INFO - Filling up the DagBag from /workspaces/Airflow_project/airflow_env/lib/python3.12/site-packages/airflow/example_dags/example_trigger_controller_dag.py
[2026-05-14T00:01:08.007+0000] {processor.py:840} INFO - DAG(s) 'example_trigger_controller_dag' retrieved from /workspaces/Airflow_project/airflow_env/lib/python3.12/site-packages/airflow/example_dags/example_trigger_controller_dag.py
[2026-05-14T00:01:08.019+0000] {logging_mixin.py:188} INFO - [2026-05-14T00:01:08.019+0000] {dag.py:3089} INFO - Sync 1 DAGs
[2026-05-14T00:01:08.030+0000] {logging_mixin.py:188} INFO - [2026-05-14T00:01:08.030+0000] {dag.py:3947} INFO - Setting next_dagrun for example_trigger_controller_dag to 2021-01-01 00:00:00+00:00, run_after=2021-01-01 00:00:00+00:00
[2026-05-14T00:01:08.047+0000] {processor.py:183} INFO - Processing /workspaces/Airflow_project/airflow_env/lib/python3.12/site-packages/airflow/example_dags/example_trigger_controller_dag.py took 0.049 seconds
[2026-05-14T00:01:52.376+0000] {processor.py:161} INFO - Started process (PID=97111) to work on /workspaces/Airflow_project/airflow_env/lib/python3.12/site-packages/airflow/example_dags/example_trigger_controller_dag.py
[2026-05-14T00:01:52.377+0000] {processor.py:830} INFO - Processing file /workspaces/Airflow_project/airflow_env/lib/python3.12/site-packages/airflow/example_dags/example_trigger_controller_dag.py for tasks to queue
[2026-05-14T00:01:52.377+0000] {logging_mixin.py:188} INFO - [2026-05-14T00:01:52.377+0000] {dagbag.py:545} INFO - Filling up the DagBag from /workspaces/Airflow_project/airflow_env/lib/python3.12/site-packages/airflow/example_dags/example_trigger_controller_dag.py
[2026-05-14T00:01:52.381+0000] {processor.py:840} INFO - DAG(s) 'example_trigger_controller_dag' retrieved from /workspaces/Airflow_project/airflow_env/lib/python3.12/site-packages/airflow/example_dags/example_trigger_controller_dag.py
[2026-05-14T00:01:52.393+0000] {logging_mixin.py:188} INFO - [2026-05-14T00:01:52.393+0000] {dag.py:3089} INFO - Sync 1 DAGs
[2026-05-14T00:01:52.405+0000] {logging_mixin.py:188} INFO - [2026-05-14T00:01:52.405+0000] {dag.py:3947} INFO - Setting next_dagrun for example_trigger_controller_dag to 2021-01-01 00:00:00+00:00, run_after=2021-01-01 00:00:00+00:00
[2026-05-14T00:01:52.426+0000] {processor.py:183} INFO - Processing /workspaces/Airflow_project/airflow_env/lib/python3.12/site-packages/airflow/example_dags/example_trigger_controller_dag.py took 0.055 seconds
[2026-05-14T00:02:34.929+0000] {processor.py:161} INFO - Started process (PID=97459) to work on /workspaces/Airflow_project/airflow_env/lib/python3.12/site-packages/airflow/example_dags/example_trigger_controller_dag.py
[2026-05-14T00:02:34.929+0000] {processor.py:830} INFO - Processing file /workspaces/Airflow_project/airflow_env/lib/python3.12/site-packages/airflow/example_dags/example_trigger_controller_dag.py for tasks to queue
[2026-05-14T00:02:34.930+0000] {logging_mixin.py:188} INFO - [2026-05-14T00:02:34.930+0000] {dagbag.py:545} INFO - Filling up the DagBag from /workspaces/Airflow_project/airflow_env/lib/python3.12/site-packages/airflow/example_dags/example_trigger_controller_dag.py
[2026-05-14T00:02:34.934+0000] {processor.py:840} INFO - DAG(s) 'example_trigger_controller_dag' retrieved from /workspaces/Airflow_project/airflow_env/lib/python3.12/site-packages/airflow/example_dags/example_trigger_controller_dag.py
[2026-05-14T00:02:34.962+0000] {logging_mixin.py:188} INFO - [2026-05-14T00:02:34.961+0000] {dag.py:3089} INFO - Sync 1 DAGs
[2026-05-14T00:02:34.991+0000] {logging_mixin.py:188} INFO - [2026-05-14T00:02:34.987+0000] {dag.py:3947} INFO - Setting next_dagrun for example_trigger_controller_dag to 2021-01-01 00:00:00+00:00, run_after=2021-01-01 00:00:00+00:00
[2026-05-14T00:02:35.025+0000] {processor.py:183} INFO - Processing /workspaces/Airflow_project/airflow_env/lib/python3.12/site-packages/airflow/example_dags/example_trigger_controller_dag.py took 0.101 seconds
[2026-05-14T00:03:18.912+0000] {processor.py:161} INFO - Started process (PID=97802) to work on /workspaces/Airflow_project/airflow_env/lib/python3.12/site-packages/airflow/example_dags/example_trigger_controller_dag.py
[2026-05-14T00:03:18.913+0000] {processor.py:830} INFO - Processing file /workspaces/Airflow_project/airflow_env/lib/python3.12/site-packages/airflow/example_dags/example_trigger_controller_dag.py for tasks to queue
[2026-05-14T00:03:18.913+0000] {logging_mixin.py:188} INFO - [2026-05-14T00:03:18.913+0000] {dagbag.py:545} INFO - Filling up the DagBag from /workspaces/Airflow_project/airflow_env/lib/python3.12/site-packages/airflow/example_dags/example_trigger_controller_dag.py
[2026-05-14T00:03:18.917+0000] {processor.py:840} INFO - DAG(s) 'example_trigger_controller_dag' retrieved from /workspaces/Airflow_project/airflow_env/lib/python3.12/site-packages/airflow/example_dags/example_trigger_controller_dag.py
[2026-05-14T00:03:18.929+0000] {logging_mixin.py:188} INFO - [2026-05-14T00:03:18.928+0000] {dag.py:3089} INFO - Sync 1 DAGs
[2026-05-14T00:03:18.940+0000] {logging_mixin.py:188} INFO - [2026-05-14T00:03:18.940+0000] {dag.py:3947} INFO - Setting next_dagrun for example_trigger_controller_dag to 2021-01-01 00:00:00+00:00, run_after=2021-01-01 00:00:00+00:00
[2026-05-14T00:03:18.956+0000] {processor.py:183} INFO - Processing /workspaces/Airflow_project/airflow_env/lib/python3.12/site-packages/airflow/example_dags/example_trigger_controller_dag.py took 0.048 seconds
[2026-05-14T00:04:07.463+0000] {processor.py:161} INFO - Started process (PID=98183) to work on /workspaces/Airflow_project/airflow_env/lib/python3.12/site-packages/airflow/example_dags/example_trigger_controller_dag.py
[2026-05-14T00:04:07.464+0000] {processor.py:830} INFO - Processing file /workspaces/Airflow_project/airflow_env/lib/python3.12/site-packages/airflow/example_dags/example_trigger_controller_dag.py for tasks to queue
[2026-05-14T00:04:07.465+0000] {logging_mixin.py:188} INFO - [2026-05-14T00:04:07.464+0000] {dagbag.py:545} INFO - Filling up the DagBag from /workspaces/Airflow_project/airflow_env/lib/python3.12/site-packages/airflow/example_dags/example_trigger_controller_dag.py
[2026-05-14T00:04:07.469+0000] {processor.py:840} INFO - DAG(s) 'example_trigger_controller_dag' retrieved from /workspaces/Airflow_project/airflow_env/lib/python3.12/site-packages/airflow/example_dags/example_trigger_controller_dag.py
[2026-05-14T00:04:07.481+0000] {logging_mixin.py:188} INFO - [2026-05-14T00:04:07.481+0000] {dag.py:3089} INFO - Sync 1 DAGs
[2026-05-14T00:04:07.493+0000] {logging_mixin.py:188} INFO - [2026-05-14T00:04:07.493+0000] {dag.py:3947} INFO - Setting next_dagrun for example_trigger_controller_dag to 2021-01-01 00:00:00+00:00, run_after=2021-01-01 00:00:00+00:00
[2026-05-14T00:04:07.507+0000] {processor.py:183} INFO - Processing /workspaces/Airflow_project/airflow_env/lib/python3.12/site-packages/airflow/example_dags/example_trigger_controller_dag.py took 0.048 seconds
[2026-05-14T00:04:56.831+0000] {processor.py:161} INFO - Started process (PID=98603) to work on /workspaces/Airflow_project/airflow_env/lib/python3.12/site-packages/airflow/example_dags/example_trigger_controller_dag.py
[2026-05-14T00:04:56.832+0000] {processor.py:830} INFO - Processing file /workspaces/Airflow_project/airflow_env/lib/python3.12/site-packages/airflow/example_dags/example_trigger_controller_dag.py for tasks to queue
[2026-05-14T00:04:56.833+0000] {logging_mixin.py:188} INFO - [2026-05-14T00:04:56.832+0000] {dagbag.py:545} INFO - Filling up the DagBag from /workspaces/Airflow_project/airflow_env/lib/python3.12/site-packages/airflow/example_dags/example_trigger_controller_dag.py
[2026-05-14T00:04:56.836+0000] {processor.py:840} INFO - DAG(s) 'example_trigger_controller_dag' retrieved from /workspaces/Airflow_project/airflow_env/lib/python3.12/site-packages/airflow/example_dags/example_trigger_controller_dag.py
[2026-05-14T00:04:56.851+0000] {logging_mixin.py:188} INFO - [2026-05-14T00:04:56.850+0000] {dag.py:3089} INFO - Sync 1 DAGs
[2026-05-14T00:04:56.863+0000] {logging_mixin.py:188} INFO - [2026-05-14T00:04:56.863+0000] {dag.py:3947} INFO - Setting next_dagrun for example_trigger_controller_dag to 2021-01-01 00:00:00+00:00, run_after=2021-01-01 00:00:00+00:00
[2026-05-14T00:04:56.880+0000] {processor.py:183} INFO - Processing /workspaces/Airflow_project/airflow_env/lib/python3.12/site-packages/airflow/example_dags/example_trigger_controller_dag.py took 0.054 seconds
[2026-05-14T00:05:41.937+0000] {processor.py:161} INFO - Started process (PID=98958) to work on /workspaces/Airflow_project/airflow_env/lib/python3.12/site-packages/airflow/example_dags/example_trigger_controller_dag.py
[2026-05-14T00:05:41.938+0000] {processor.py:830} INFO - Processing file /workspaces/Airflow_project/airflow_env/lib/python3.12/site-packages/airflow/example_dags/example_trigger_controller_dag.py for tasks to queue
[2026-05-14T00:05:41.938+0000] {logging_mixin.py:188} INFO - [2026-05-14T00:05:41.938+0000] {dagbag.py:545} INFO - Filling up the DagBag from /workspaces/Airflow_project/airflow_env/lib/python3.12/site-packages/airflow/example_dags/example_trigger_controller_dag.py
[2026-05-14T00:05:41.943+0000] {processor.py:840} INFO - DAG(s) 'example_trigger_controller_dag' retrieved from /workspaces/Airflow_project/airflow_env/lib/python3.12/site-packages/airflow/example_dags/example_trigger_controller_dag.py
[2026-05-14T00:05:41.957+0000] {logging_mixin.py:188} INFO - [2026-05-14T00:05:41.957+0000] {dag.py:3089} INFO - Sync 1 DAGs
[2026-05-14T00:05:41.968+0000] {logging_mixin.py:188} INFO - [2026-05-14T00:05:41.968+0000] {dag.py:3947} INFO - Setting next_dagrun for example_trigger_controller_dag to 2021-01-01 00:00:00+00:00, run_after=2021-01-01 00:00:00+00:00
[2026-05-14T00:05:41.983+0000] {processor.py:183} INFO - Processing /workspaces/Airflow_project/airflow_env/lib/python3.12/site-packages/airflow/example_dags/example_trigger_controller_dag.py took 0.051 seconds
[2026-05-14T00:06:23.033+0000] {processor.py:161} INFO - Started process (PID=99279) to work on /workspaces/Airflow_project/airflow_env/lib/python3.12/site-packages/airflow/example_dags/example_trigger_controller_dag.py
[2026-05-14T00:06:23.034+0000] {processor.py:830} INFO - Processing file /workspaces/Airflow_project/airflow_env/lib/python3.12/site-packages/airflow/example_dags/example_trigger_controller_dag.py for tasks to queue
[2026-05-14T00:06:23.034+0000] {logging_mixin.py:188} INFO - [2026-05-14T00:06:23.034+0000] {dagbag.py:545} INFO - Filling up the DagBag from /workspaces/Airflow_project/airflow_env/lib/python3.12/site-packages/airflow/example_dags/example_trigger_controller_dag.py
[2026-05-14T00:06:23.038+0000] {processor.py:840} INFO - DAG(s) 'example_trigger_controller_dag' retrieved from /workspaces/Airflow_project/airflow_env/lib/python3.12/site-packages/airflow/example_dags/example_trigger_controller_dag.py
[2026-05-14T00:06:23.053+0000] {logging_mixin.py:188} INFO - [2026-05-14T00:06:23.052+0000] {dag.py:3089} INFO - Sync 1 DAGs
[2026-05-14T00:06:23.065+0000] {logging_mixin.py:188} INFO - [2026-05-14T00:06:23.065+0000] {dag.py:3947} INFO - Setting next_dagrun for example_trigger_controller_dag to 2021-01-01 00:00:00+00:00, run_after=2021-01-01 00:00:00+00:00
[2026-05-14T00:06:23.080+0000] {processor.py:183} INFO - Processing /workspaces/Airflow_project/airflow_env/lib/python3.12/site-packages/airflow/example_dags/example_trigger_controller_dag.py took 0.051 seconds
[2026-05-14T00:07:09.191+0000] {processor.py:161} INFO - Started process (PID=99672) to work on /workspaces/Airflow_project/airflow_env/lib/python3.12/site-packages/airflow/example_dags/example_trigger_controller_dag.py
[2026-05-14T00:07:09.192+0000] {processor.py:830} INFO - Processing file /workspaces/Airflow_project/airflow_env/lib/python3.12/site-packages/airflow/example_dags/example_trigger_controller_dag.py for tasks to queue
[2026-05-14T00:07:09.193+0000] {logging_mixin.py:188} INFO - [2026-05-14T00:07:09.192+0000] {dagbag.py:545} INFO - Filling up the DagBag from /workspaces/Airflow_project/airflow_env/lib/python3.12/site-packages/airflow/example_dags/example_trigger_controller_dag.py
[2026-05-14T00:07:09.198+0000] {processor.py:840} INFO - DAG(s) 'example_trigger_controller_dag' retrieved from /workspaces/Airflow_project/airflow_env/lib/python3.12/site-packages/airflow/example_dags/example_trigger_controller_dag.py
[2026-05-14T00:07:09.218+0000] {logging_mixin.py:188} INFO - [2026-05-14T00:07:09.218+0000] {dag.py:3089} INFO - Sync 1 DAGs
[2026-05-14T00:07:09.237+0000] {logging_mixin.py:188} INFO - [2026-05-14T00:07:09.236+0000] {dag.py:3947} INFO - Setting next_dagrun for example_trigger_controller_dag to 2021-01-01 00:00:00+00:00, run_after=2021-01-01 00:00:00+00:00
[2026-05-14T00:07:09.261+0000] {processor.py:183} INFO - Processing /workspaces/Airflow_project/airflow_env/lib/python3.12/site-packages/airflow/example_dags/example_trigger_controller_dag.py took 0.076 seconds
[2026-05-14T00:07:55.727+0000] {processor.py:161} INFO - Started process (PID=100034) to work on /workspaces/Airflow_project/airflow_env/lib/python3.12/site-packages/airflow/example_dags/example_trigger_controller_dag.py
[2026-05-14T00:07:55.728+0000] {processor.py:830} INFO - Processing file /workspaces/Airflow_project/airflow_env/lib/python3.12/site-packages/airflow/example_dags/example_trigger_controller_dag.py for tasks to queue
[2026-05-14T00:07:55.729+0000] {logging_mixin.py:188} INFO - [2026-05-14T00:07:55.728+0000] {dagbag.py:545} INFO - Filling up the DagBag from /workspaces/Airflow_project/airflow_env/lib/python3.12/site-packages/airflow/example_dags/example_trigger_controller_dag.py
[2026-05-14T00:07:55.732+0000] {processor.py:840} INFO - DAG(s) 'example_trigger_controller_dag' retrieved from /workspaces/Airflow_project/airflow_env/lib/python3.12/site-packages/airflow/example_dags/example_trigger_controller_dag.py
[2026-05-14T00:07:55.745+0000] {logging_mixin.py:188} INFO - [2026-05-14T00:07:55.745+0000] {dag.py:3089} INFO - Sync 1 DAGs
[2026-05-14T00:07:55.760+0000] {logging_mixin.py:188} INFO - [2026-05-14T00:07:55.760+0000] {dag.py:3947} INFO - Setting next_dagrun for example_trigger_controller_dag to 2021-01-01 00:00:00+00:00, run_after=2021-01-01 00:00:00+00:00
[2026-05-14T00:07:55.775+0000] {processor.py:183} INFO - Processing /workspaces/Airflow_project/airflow_env/lib/python3.12/site-packages/airflow/example_dags/example_trigger_controller_dag.py took 0.053 seconds
[2026-05-14T00:08:38.940+0000] {processor.py:161} INFO - Started process (PID=100366) to work on /workspaces/Airflow_project/airflow_env/lib/python3.12/site-packages/airflow/example_dags/example_trigger_controller_dag.py
[2026-05-14T00:08:38.940+0000] {processor.py:830} INFO - Processing file /workspaces/Airflow_project/airflow_env/lib/python3.12/site-packages/airflow/example_dags/example_trigger_controller_dag.py for tasks to queue
[2026-05-14T00:08:38.941+0000] {logging_mixin.py:188} INFO - [2026-05-14T00:08:38.941+0000] {dagbag.py:545} INFO - Filling up the DagBag from /workspaces/Airflow_project/airflow_env/lib/python3.12/site-packages/airflow/example_dags/example_trigger_controller_dag.py
[2026-05-14T00:08:38.946+0000] {processor.py:840} INFO - DAG(s) 'example_trigger_controller_dag' retrieved from /workspaces/Airflow_project/airflow_env/lib/python3.12/site-packages/airflow/example_dags/example_trigger_controller_dag.py
[2026-05-14T00:08:38.960+0000] {logging_mixin.py:188} INFO - [2026-05-14T00:08:38.960+0000] {dag.py:3089} INFO - Sync 1 DAGs
[2026-05-14T00:08:38.972+0000] {logging_mixin.py:188} INFO - [2026-05-14T00:08:38.972+0000] {dag.py:3947} INFO - Setting next_dagrun for example_trigger_controller_dag to 2021-01-01 00:00:00+00:00, run_after=2021-01-01 00:00:00+00:00
[2026-05-14T00:08:38.987+0000] {processor.py:183} INFO - Processing /workspaces/Airflow_project/airflow_env/lib/python3.12/site-packages/airflow/example_dags/example_trigger_controller_dag.py took 0.052 seconds
[2026-05-14T00:09:23.355+0000] {processor.py:161} INFO - Started process (PID=101201) to work on /workspaces/Airflow_project/airflow_env/lib/python3.12/site-packages/airflow/example_dags/example_trigger_controller_dag.py
[2026-05-14T00:09:23.514+0000] {processor.py:830} INFO - Processing file /workspaces/Airflow_project/airflow_env/lib/python3.12/site-packages/airflow/example_dags/example_trigger_controller_dag.py for tasks to queue
[2026-05-14T00:09:23.515+0000] {logging_mixin.py:188} INFO - [2026-05-14T00:09:23.515+0000] {dagbag.py:545} INFO - Filling up the DagBag from /workspaces/Airflow_project/airflow_env/lib/python3.12/site-packages/airflow/example_dags/example_trigger_controller_dag.py
[2026-05-14T00:09:23.519+0000] {processor.py:840} INFO - DAG(s) 'example_trigger_controller_dag' retrieved from /workspaces/Airflow_project/airflow_env/lib/python3.12/site-packages/airflow/example_dags/example_trigger_controller_dag.py
[2026-05-14T00:09:23.538+0000] {logging_mixin.py:188} INFO - [2026-05-14T00:09:23.537+0000] {dag.py:3089} INFO - Sync 1 DAGs
[2026-05-14T00:09:23.554+0000] {logging_mixin.py:188} INFO - [2026-05-14T00:09:23.554+0000] {dag.py:3947} INFO - Setting next_dagrun for example_trigger_controller_dag to 2021-01-01 00:00:00+00:00, run_after=2021-01-01 00:00:00+00:00
[2026-05-14T00:09:23.659+0000] {processor.py:183} INFO - Processing /workspaces/Airflow_project/airflow_env/lib/python3.12/site-packages/airflow/example_dags/example_trigger_controller_dag.py took 0.310 seconds
