[2026-05-14T00:00:20.255+0000] {processor.py:161} INFO - Started process (PID=96305) to work on /workspaces/Airflow_project/airflow_env/lib/python3.12/site-packages/airflow/example_dags/example_setup_teardown.py
[2026-05-14T00:00:20.256+0000] {processor.py:830} INFO - Processing file /workspaces/Airflow_project/airflow_env/lib/python3.12/site-packages/airflow/example_dags/example_setup_teardown.py for tasks to queue
[2026-05-14T00:00:20.256+0000] {logging_mixin.py:188} INFO - [2026-05-14T00:00:20.256+0000] {dagbag.py:545} INFO - Filling up the DagBag from /workspaces/Airflow_project/airflow_env/lib/python3.12/site-packages/airflow/example_dags/example_setup_teardown.py
[2026-05-14T00:00:20.262+0000] {processor.py:840} INFO - DAG(s) 'example_setup_teardown' retrieved from /workspaces/Airflow_project/airflow_env/lib/python3.12/site-packages/airflow/example_dags/example_setup_teardown.py
[2026-05-14T00:00:20.274+0000] {logging_mixin.py:188} INFO - [2026-05-14T00:00:20.274+0000] {dag.py:3089} INFO - Sync 1 DAGs
[2026-05-14T00:00:20.286+0000] {logging_mixin.py:188} INFO - [2026-05-14T00:00:20.286+0000] {dag.py:3947} INFO - Setting next_dagrun for example_setup_teardown to 2026-05-13 00:00:00+00:00, run_after=2026-05-14 00:00:00+00:00
[2026-05-14T00:00:20.301+0000] {processor.py:183} INFO - Processing /workspaces/Airflow_project/airflow_env/lib/python3.12/site-packages/airflow/example_dags/example_setup_teardown.py took 0.052 seconds
[2026-05-14T00:01:14.873+0000] {processor.py:161} INFO - Started process (PID=96802) to work on /workspaces/Airflow_project/airflow_env/lib/python3.12/site-packages/airflow/example_dags/example_setup_teardown.py
[2026-05-14T00:01:14.874+0000] {processor.py:830} INFO - Processing file /workspaces/Airflow_project/airflow_env/lib/python3.12/site-packages/airflow/example_dags/example_setup_teardown.py for tasks to queue
[2026-05-14T00:01:14.874+0000] {logging_mixin.py:188} INFO - [2026-05-14T00:01:14.874+0000] {dagbag.py:545} INFO - Filling up the DagBag from /workspaces/Airflow_project/airflow_env/lib/python3.12/site-packages/airflow/example_dags/example_setup_teardown.py
[2026-05-14T00:01:14.880+0000] {processor.py:840} INFO - DAG(s) 'example_setup_teardown' retrieved from /workspaces/Airflow_project/airflow_env/lib/python3.12/site-packages/airflow/example_dags/example_setup_teardown.py
[2026-05-14T00:01:14.893+0000] {logging_mixin.py:188} INFO - [2026-05-14T00:01:14.893+0000] {dag.py:3089} INFO - Sync 1 DAGs
[2026-05-14T00:01:14.904+0000] {logging_mixin.py:188} INFO - [2026-05-14T00:01:14.904+0000] {dag.py:3947} INFO - Setting next_dagrun for example_setup_teardown to 2026-05-13 00:00:00+00:00, run_after=2026-05-14 00:00:00+00:00
[2026-05-14T00:01:14.919+0000] {processor.py:183} INFO - Processing /workspaces/Airflow_project/airflow_env/lib/python3.12/site-packages/airflow/example_dags/example_setup_teardown.py took 0.051 seconds
[2026-05-14T00:01:58.498+0000] {processor.py:161} INFO - Started process (PID=97168) to work on /workspaces/Airflow_project/airflow_env/lib/python3.12/site-packages/airflow/example_dags/example_setup_teardown.py
[2026-05-14T00:01:58.499+0000] {processor.py:830} INFO - Processing file /workspaces/Airflow_project/airflow_env/lib/python3.12/site-packages/airflow/example_dags/example_setup_teardown.py for tasks to queue
[2026-05-14T00:01:58.499+0000] {logging_mixin.py:188} INFO - [2026-05-14T00:01:58.499+0000] {dagbag.py:545} INFO - Filling up the DagBag from /workspaces/Airflow_project/airflow_env/lib/python3.12/site-packages/airflow/example_dags/example_setup_teardown.py
[2026-05-14T00:01:58.506+0000] {processor.py:840} INFO - DAG(s) 'example_setup_teardown' retrieved from /workspaces/Airflow_project/airflow_env/lib/python3.12/site-packages/airflow/example_dags/example_setup_teardown.py
[2026-05-14T00:01:58.522+0000] {logging_mixin.py:188} INFO - [2026-05-14T00:01:58.522+0000] {dag.py:3089} INFO - Sync 1 DAGs
[2026-05-14T00:01:58.533+0000] {logging_mixin.py:188} INFO - [2026-05-14T00:01:58.533+0000] {dag.py:3947} INFO - Setting next_dagrun for example_setup_teardown to 2026-05-13 00:00:00+00:00, run_after=2026-05-14 00:00:00+00:00
[2026-05-14T00:01:58.551+0000] {processor.py:183} INFO - Processing /workspaces/Airflow_project/airflow_env/lib/python3.12/site-packages/airflow/example_dags/example_setup_teardown.py took 0.058 seconds
[2026-05-14T00:02:43.772+0000] {processor.py:161} INFO - Started process (PID=97513) to work on /workspaces/Airflow_project/airflow_env/lib/python3.12/site-packages/airflow/example_dags/example_setup_teardown.py
[2026-05-14T00:02:43.773+0000] {processor.py:830} INFO - Processing file /workspaces/Airflow_project/airflow_env/lib/python3.12/site-packages/airflow/example_dags/example_setup_teardown.py for tasks to queue
[2026-05-14T00:02:43.774+0000] {logging_mixin.py:188} INFO - [2026-05-14T00:02:43.773+0000] {dagbag.py:545} INFO - Filling up the DagBag from /workspaces/Airflow_project/airflow_env/lib/python3.12/site-packages/airflow/example_dags/example_setup_teardown.py
[2026-05-14T00:02:43.778+0000] {processor.py:840} INFO - DAG(s) 'example_setup_teardown' retrieved from /workspaces/Airflow_project/airflow_env/lib/python3.12/site-packages/airflow/example_dags/example_setup_teardown.py
[2026-05-14T00:02:43.791+0000] {logging_mixin.py:188} INFO - [2026-05-14T00:02:43.791+0000] {dag.py:3089} INFO - Sync 1 DAGs
[2026-05-14T00:02:43.802+0000] {logging_mixin.py:188} INFO - [2026-05-14T00:02:43.802+0000] {dag.py:3947} INFO - Setting next_dagrun for example_setup_teardown to 2026-05-13 00:00:00+00:00, run_after=2026-05-14 00:00:00+00:00
[2026-05-14T00:02:43.817+0000] {processor.py:183} INFO - Processing /workspaces/Airflow_project/airflow_env/lib/python3.12/site-packages/airflow/example_dags/example_setup_teardown.py took 0.049 seconds
[2026-05-14T00:03:29.192+0000] {processor.py:161} INFO - Started process (PID=97882) to work on /workspaces/Airflow_project/airflow_env/lib/python3.12/site-packages/airflow/example_dags/example_setup_teardown.py
[2026-05-14T00:03:29.193+0000] {processor.py:830} INFO - Processing file /workspaces/Airflow_project/airflow_env/lib/python3.12/site-packages/airflow/example_dags/example_setup_teardown.py for tasks to queue
[2026-05-14T00:03:29.194+0000] {logging_mixin.py:188} INFO - [2026-05-14T00:03:29.193+0000] {dagbag.py:545} INFO - Filling up the DagBag from /workspaces/Airflow_project/airflow_env/lib/python3.12/site-packages/airflow/example_dags/example_setup_teardown.py
[2026-05-14T00:03:29.198+0000] {processor.py:840} INFO - DAG(s) 'example_setup_teardown' retrieved from /workspaces/Airflow_project/airflow_env/lib/python3.12/site-packages/airflow/example_dags/example_setup_teardown.py
[2026-05-14T00:03:29.211+0000] {logging_mixin.py:188} INFO - [2026-05-14T00:03:29.211+0000] {dag.py:3089} INFO - Sync 1 DAGs
[2026-05-14T00:03:29.222+0000] {logging_mixin.py:188} INFO - [2026-05-14T00:03:29.222+0000] {dag.py:3947} INFO - Setting next_dagrun for example_setup_teardown to 2026-05-13 00:00:00+00:00, run_after=2026-05-14 00:00:00+00:00
[2026-05-14T00:03:29.237+0000] {processor.py:183} INFO - Processing /workspaces/Airflow_project/airflow_env/lib/python3.12/site-packages/airflow/example_dags/example_setup_teardown.py took 0.049 seconds
[2026-05-14T00:04:17.751+0000] {processor.py:161} INFO - Started process (PID=98258) to work on /workspaces/Airflow_project/airflow_env/lib/python3.12/site-packages/airflow/example_dags/example_setup_teardown.py
[2026-05-14T00:04:17.752+0000] {processor.py:830} INFO - Processing file /workspaces/Airflow_project/airflow_env/lib/python3.12/site-packages/airflow/example_dags/example_setup_teardown.py for tasks to queue
[2026-05-14T00:04:17.753+0000] {logging_mixin.py:188} INFO - [2026-05-14T00:04:17.752+0000] {dagbag.py:545} INFO - Filling up the DagBag from /workspaces/Airflow_project/airflow_env/lib/python3.12/site-packages/airflow/example_dags/example_setup_teardown.py
[2026-05-14T00:04:17.758+0000] {processor.py:840} INFO - DAG(s) 'example_setup_teardown' retrieved from /workspaces/Airflow_project/airflow_env/lib/python3.12/site-packages/airflow/example_dags/example_setup_teardown.py
[2026-05-14T00:04:17.773+0000] {logging_mixin.py:188} INFO - [2026-05-14T00:04:17.773+0000] {dag.py:3089} INFO - Sync 1 DAGs
[2026-05-14T00:04:17.784+0000] {logging_mixin.py:188} INFO - [2026-05-14T00:04:17.784+0000] {dag.py:3947} INFO - Setting next_dagrun for example_setup_teardown to 2026-05-13 00:00:00+00:00, run_after=2026-05-14 00:00:00+00:00
[2026-05-14T00:04:17.799+0000] {processor.py:183} INFO - Processing /workspaces/Airflow_project/airflow_env/lib/python3.12/site-packages/airflow/example_dags/example_setup_teardown.py took 0.054 seconds
[2026-05-14T00:05:06.526+0000] {processor.py:161} INFO - Started process (PID=98658) to work on /workspaces/Airflow_project/airflow_env/lib/python3.12/site-packages/airflow/example_dags/example_setup_teardown.py
[2026-05-14T00:05:06.527+0000] {processor.py:830} INFO - Processing file /workspaces/Airflow_project/airflow_env/lib/python3.12/site-packages/airflow/example_dags/example_setup_teardown.py for tasks to queue
[2026-05-14T00:05:06.528+0000] {logging_mixin.py:188} INFO - [2026-05-14T00:05:06.528+0000] {dagbag.py:545} INFO - Filling up the DagBag from /workspaces/Airflow_project/airflow_env/lib/python3.12/site-packages/airflow/example_dags/example_setup_teardown.py
[2026-05-14T00:05:06.533+0000] {processor.py:840} INFO - DAG(s) 'example_setup_teardown' retrieved from /workspaces/Airflow_project/airflow_env/lib/python3.12/site-packages/airflow/example_dags/example_setup_teardown.py
[2026-05-14T00:05:06.548+0000] {logging_mixin.py:188} INFO - [2026-05-14T00:05:06.548+0000] {dag.py:3089} INFO - Sync 1 DAGs
[2026-05-14T00:05:06.562+0000] {logging_mixin.py:188} INFO - [2026-05-14T00:05:06.562+0000] {dag.py:3947} INFO - Setting next_dagrun for example_setup_teardown to 2026-05-13 00:00:00+00:00, run_after=2026-05-14 00:00:00+00:00
[2026-05-14T00:05:06.577+0000] {processor.py:183} INFO - Processing /workspaces/Airflow_project/airflow_env/lib/python3.12/site-packages/airflow/example_dags/example_setup_teardown.py took 0.055 seconds
[2026-05-14T00:05:51.676+0000] {processor.py:161} INFO - Started process (PID=99032) to work on /workspaces/Airflow_project/airflow_env/lib/python3.12/site-packages/airflow/example_dags/example_setup_teardown.py
[2026-05-14T00:05:51.676+0000] {processor.py:830} INFO - Processing file /workspaces/Airflow_project/airflow_env/lib/python3.12/site-packages/airflow/example_dags/example_setup_teardown.py for tasks to queue
[2026-05-14T00:05:51.677+0000] {logging_mixin.py:188} INFO - [2026-05-14T00:05:51.677+0000] {dagbag.py:545} INFO - Filling up the DagBag from /workspaces/Airflow_project/airflow_env/lib/python3.12/site-packages/airflow/example_dags/example_setup_teardown.py
[2026-05-14T00:05:51.682+0000] {processor.py:840} INFO - DAG(s) 'example_setup_teardown' retrieved from /workspaces/Airflow_project/airflow_env/lib/python3.12/site-packages/airflow/example_dags/example_setup_teardown.py
[2026-05-14T00:05:51.694+0000] {logging_mixin.py:188} INFO - [2026-05-14T00:05:51.694+0000] {dag.py:3089} INFO - Sync 1 DAGs
[2026-05-14T00:05:51.706+0000] {logging_mixin.py:188} INFO - [2026-05-14T00:05:51.706+0000] {dag.py:3947} INFO - Setting next_dagrun for example_setup_teardown to 2026-05-13 00:00:00+00:00, run_after=2026-05-14 00:00:00+00:00
[2026-05-14T00:05:51.721+0000] {processor.py:183} INFO - Processing /workspaces/Airflow_project/airflow_env/lib/python3.12/site-packages/airflow/example_dags/example_setup_teardown.py took 0.050 seconds
[2026-05-14T00:06:55.797+0000] {processor.py:161} INFO - Started process (PID=99553) to work on /workspaces/Airflow_project/airflow_env/lib/python3.12/site-packages/airflow/example_dags/example_setup_teardown.py
[2026-05-14T00:06:55.798+0000] {processor.py:830} INFO - Processing file /workspaces/Airflow_project/airflow_env/lib/python3.12/site-packages/airflow/example_dags/example_setup_teardown.py for tasks to queue
[2026-05-14T00:06:55.799+0000] {logging_mixin.py:188} INFO - [2026-05-14T00:06:55.799+0000] {dagbag.py:545} INFO - Filling up the DagBag from /workspaces/Airflow_project/airflow_env/lib/python3.12/site-packages/airflow/example_dags/example_setup_teardown.py
[2026-05-14T00:06:55.803+0000] {processor.py:840} INFO - DAG(s) 'example_setup_teardown' retrieved from /workspaces/Airflow_project/airflow_env/lib/python3.12/site-packages/airflow/example_dags/example_setup_teardown.py
[2026-05-14T00:06:55.816+0000] {logging_mixin.py:188} INFO - [2026-05-14T00:06:55.816+0000] {dag.py:3089} INFO - Sync 1 DAGs
[2026-05-14T00:06:55.828+0000] {logging_mixin.py:188} INFO - [2026-05-14T00:06:55.827+0000] {dag.py:3947} INFO - Setting next_dagrun for example_setup_teardown to 2026-05-13 00:00:00+00:00, run_after=2026-05-14 00:00:00+00:00
[2026-05-14T00:06:55.846+0000] {processor.py:183} INFO - Processing /workspaces/Airflow_project/airflow_env/lib/python3.12/site-packages/airflow/example_dags/example_setup_teardown.py took 0.053 seconds
[2026-05-14T00:07:44.627+0000] {processor.py:161} INFO - Started process (PID=99938) to work on /workspaces/Airflow_project/airflow_env/lib/python3.12/site-packages/airflow/example_dags/example_setup_teardown.py
[2026-05-14T00:07:44.628+0000] {processor.py:830} INFO - Processing file /workspaces/Airflow_project/airflow_env/lib/python3.12/site-packages/airflow/example_dags/example_setup_teardown.py for tasks to queue
[2026-05-14T00:07:44.628+0000] {logging_mixin.py:188} INFO - [2026-05-14T00:07:44.628+0000] {dagbag.py:545} INFO - Filling up the DagBag from /workspaces/Airflow_project/airflow_env/lib/python3.12/site-packages/airflow/example_dags/example_setup_teardown.py
[2026-05-14T00:07:44.634+0000] {processor.py:840} INFO - DAG(s) 'example_setup_teardown' retrieved from /workspaces/Airflow_project/airflow_env/lib/python3.12/site-packages/airflow/example_dags/example_setup_teardown.py
[2026-05-14T00:07:44.651+0000] {logging_mixin.py:188} INFO - [2026-05-14T00:07:44.650+0000] {dag.py:3089} INFO - Sync 1 DAGs
[2026-05-14T00:07:44.665+0000] {logging_mixin.py:188} INFO - [2026-05-14T00:07:44.664+0000] {dag.py:3947} INFO - Setting next_dagrun for example_setup_teardown to 2026-05-13 00:00:00+00:00, run_after=2026-05-14 00:00:00+00:00
[2026-05-14T00:07:44.681+0000] {processor.py:183} INFO - Processing /workspaces/Airflow_project/airflow_env/lib/python3.12/site-packages/airflow/example_dags/example_setup_teardown.py took 0.058 seconds
[2026-05-14T00:08:48.604+0000] {processor.py:161} INFO - Started process (PID=100448) to work on /workspaces/Airflow_project/airflow_env/lib/python3.12/site-packages/airflow/example_dags/example_setup_teardown.py
[2026-05-14T00:08:48.605+0000] {processor.py:830} INFO - Processing file /workspaces/Airflow_project/airflow_env/lib/python3.12/site-packages/airflow/example_dags/example_setup_teardown.py for tasks to queue
[2026-05-14T00:08:48.605+0000] {logging_mixin.py:188} INFO - [2026-05-14T00:08:48.605+0000] {dagbag.py:545} INFO - Filling up the DagBag from /workspaces/Airflow_project/airflow_env/lib/python3.12/site-packages/airflow/example_dags/example_setup_teardown.py
[2026-05-14T00:08:48.610+0000] {processor.py:840} INFO - DAG(s) 'example_setup_teardown' retrieved from /workspaces/Airflow_project/airflow_env/lib/python3.12/site-packages/airflow/example_dags/example_setup_teardown.py
[2026-05-14T00:08:48.622+0000] {logging_mixin.py:188} INFO - [2026-05-14T00:08:48.622+0000] {dag.py:3089} INFO - Sync 1 DAGs
[2026-05-14T00:08:48.634+0000] {logging_mixin.py:188} INFO - [2026-05-14T00:08:48.633+0000] {dag.py:3947} INFO - Setting next_dagrun for example_setup_teardown to 2026-05-13 00:00:00+00:00, run_after=2026-05-14 00:00:00+00:00
[2026-05-14T00:08:48.650+0000] {processor.py:183} INFO - Processing /workspaces/Airflow_project/airflow_env/lib/python3.12/site-packages/airflow/example_dags/example_setup_teardown.py took 0.051 seconds
