[2026-05-14T00:00:48.689+0000] {processor.py:161} INFO - Started process (PID=96584) to work on /workspaces/Airflow_project/airflow_env/lib/python3.12/site-packages/airflow/example_dags/example_python_decorator.py
[2026-05-14T00:00:48.689+0000] {processor.py:830} INFO - Processing file /workspaces/Airflow_project/airflow_env/lib/python3.12/site-packages/airflow/example_dags/example_python_decorator.py for tasks to queue
[2026-05-14T00:00:48.690+0000] {logging_mixin.py:188} INFO - [2026-05-14T00:00:48.690+0000] {dagbag.py:545} INFO - Filling up the DagBag from /workspaces/Airflow_project/airflow_env/lib/python3.12/site-packages/airflow/example_dags/example_python_decorator.py
[2026-05-14T00:00:48.700+0000] {processor.py:840} INFO - DAG(s) 'example_python_decorator' retrieved from /workspaces/Airflow_project/airflow_env/lib/python3.12/site-packages/airflow/example_dags/example_python_decorator.py
[2026-05-14T00:00:48.713+0000] {logging_mixin.py:188} INFO - [2026-05-14T00:00:48.713+0000] {dag.py:3089} INFO - Sync 1 DAGs
[2026-05-14T00:00:48.721+0000] {logging_mixin.py:188} INFO - [2026-05-14T00:00:48.720+0000] {dag.py:3947} INFO - Setting next_dagrun for example_python_decorator to None, run_after=None
[2026-05-14T00:00:48.736+0000] {processor.py:183} INFO - Processing /workspaces/Airflow_project/airflow_env/lib/python3.12/site-packages/airflow/example_dags/example_python_decorator.py took 0.052 seconds
[2026-05-14T00:01:41.813+0000] {processor.py:161} INFO - Started process (PID=97000) to work on /workspaces/Airflow_project/airflow_env/lib/python3.12/site-packages/airflow/example_dags/example_python_decorator.py
[2026-05-14T00:01:41.814+0000] {processor.py:830} INFO - Processing file /workspaces/Airflow_project/airflow_env/lib/python3.12/site-packages/airflow/example_dags/example_python_decorator.py for tasks to queue
[2026-05-14T00:01:41.815+0000] {logging_mixin.py:188} INFO - [2026-05-14T00:01:41.814+0000] {dagbag.py:545} INFO - Filling up the DagBag from /workspaces/Airflow_project/airflow_env/lib/python3.12/site-packages/airflow/example_dags/example_python_decorator.py
[2026-05-14T00:01:41.824+0000] {processor.py:840} INFO - DAG(s) 'example_python_decorator' retrieved from /workspaces/Airflow_project/airflow_env/lib/python3.12/site-packages/airflow/example_dags/example_python_decorator.py
[2026-05-14T00:01:41.838+0000] {logging_mixin.py:188} INFO - [2026-05-14T00:01:41.837+0000] {dag.py:3089} INFO - Sync 1 DAGs
[2026-05-14T00:01:41.847+0000] {logging_mixin.py:188} INFO - [2026-05-14T00:01:41.847+0000] {dag.py:3947} INFO - Setting next_dagrun for example_python_decorator to None, run_after=None
[2026-05-14T00:01:41.865+0000] {processor.py:183} INFO - Processing /workspaces/Airflow_project/airflow_env/lib/python3.12/site-packages/airflow/example_dags/example_python_decorator.py took 0.056 seconds
[2026-05-14T00:02:42.034+0000] {processor.py:161} INFO - Started process (PID=97503) to work on /workspaces/Airflow_project/airflow_env/lib/python3.12/site-packages/airflow/example_dags/example_python_decorator.py
[2026-05-14T00:02:42.035+0000] {processor.py:830} INFO - Processing file /workspaces/Airflow_project/airflow_env/lib/python3.12/site-packages/airflow/example_dags/example_python_decorator.py for tasks to queue
[2026-05-14T00:02:42.035+0000] {logging_mixin.py:188} INFO - [2026-05-14T00:02:42.035+0000] {dagbag.py:545} INFO - Filling up the DagBag from /workspaces/Airflow_project/airflow_env/lib/python3.12/site-packages/airflow/example_dags/example_python_decorator.py
[2026-05-14T00:02:42.048+0000] {processor.py:840} INFO - DAG(s) 'example_python_decorator' retrieved from /workspaces/Airflow_project/airflow_env/lib/python3.12/site-packages/airflow/example_dags/example_python_decorator.py
[2026-05-14T00:02:42.063+0000] {logging_mixin.py:188} INFO - [2026-05-14T00:02:42.063+0000] {dag.py:3089} INFO - Sync 1 DAGs
[2026-05-14T00:02:42.071+0000] {logging_mixin.py:188} INFO - [2026-05-14T00:02:42.070+0000] {dag.py:3947} INFO - Setting next_dagrun for example_python_decorator to None, run_after=None
[2026-05-14T00:02:42.089+0000] {processor.py:183} INFO - Processing /workspaces/Airflow_project/airflow_env/lib/python3.12/site-packages/airflow/example_dags/example_python_decorator.py took 0.059 seconds
[2026-05-14T00:03:27.160+0000] {processor.py:161} INFO - Started process (PID=97866) to work on /workspaces/Airflow_project/airflow_env/lib/python3.12/site-packages/airflow/example_dags/example_python_decorator.py
[2026-05-14T00:03:27.161+0000] {processor.py:830} INFO - Processing file /workspaces/Airflow_project/airflow_env/lib/python3.12/site-packages/airflow/example_dags/example_python_decorator.py for tasks to queue
[2026-05-14T00:03:27.162+0000] {logging_mixin.py:188} INFO - [2026-05-14T00:03:27.161+0000] {dagbag.py:545} INFO - Filling up the DagBag from /workspaces/Airflow_project/airflow_env/lib/python3.12/site-packages/airflow/example_dags/example_python_decorator.py
[2026-05-14T00:03:27.172+0000] {processor.py:840} INFO - DAG(s) 'example_python_decorator' retrieved from /workspaces/Airflow_project/airflow_env/lib/python3.12/site-packages/airflow/example_dags/example_python_decorator.py
[2026-05-14T00:03:27.187+0000] {logging_mixin.py:188} INFO - [2026-05-14T00:03:27.187+0000] {dag.py:3089} INFO - Sync 1 DAGs
[2026-05-14T00:03:27.195+0000] {logging_mixin.py:188} INFO - [2026-05-14T00:03:27.195+0000] {dag.py:3947} INFO - Setting next_dagrun for example_python_decorator to None, run_after=None
[2026-05-14T00:03:27.210+0000] {processor.py:183} INFO - Processing /workspaces/Airflow_project/airflow_env/lib/python3.12/site-packages/airflow/example_dags/example_python_decorator.py took 0.055 seconds
[2026-05-14T00:04:15.671+0000] {processor.py:161} INFO - Started process (PID=98230) to work on /workspaces/Airflow_project/airflow_env/lib/python3.12/site-packages/airflow/example_dags/example_python_decorator.py
[2026-05-14T00:04:15.672+0000] {processor.py:830} INFO - Processing file /workspaces/Airflow_project/airflow_env/lib/python3.12/site-packages/airflow/example_dags/example_python_decorator.py for tasks to queue
[2026-05-14T00:04:15.672+0000] {logging_mixin.py:188} INFO - [2026-05-14T00:04:15.672+0000] {dagbag.py:545} INFO - Filling up the DagBag from /workspaces/Airflow_project/airflow_env/lib/python3.12/site-packages/airflow/example_dags/example_python_decorator.py
[2026-05-14T00:04:15.682+0000] {processor.py:840} INFO - DAG(s) 'example_python_decorator' retrieved from /workspaces/Airflow_project/airflow_env/lib/python3.12/site-packages/airflow/example_dags/example_python_decorator.py
[2026-05-14T00:04:15.695+0000] {logging_mixin.py:188} INFO - [2026-05-14T00:04:15.695+0000] {dag.py:3089} INFO - Sync 1 DAGs
[2026-05-14T00:04:15.703+0000] {logging_mixin.py:188} INFO - [2026-05-14T00:04:15.702+0000] {dag.py:3947} INFO - Setting next_dagrun for example_python_decorator to None, run_after=None
[2026-05-14T00:04:15.717+0000] {processor.py:183} INFO - Processing /workspaces/Airflow_project/airflow_env/lib/python3.12/site-packages/airflow/example_dags/example_python_decorator.py took 0.051 seconds
[2026-05-14T00:05:04.264+0000] {processor.py:161} INFO - Started process (PID=98648) to work on /workspaces/Airflow_project/airflow_env/lib/python3.12/site-packages/airflow/example_dags/example_python_decorator.py
[2026-05-14T00:05:04.265+0000] {processor.py:830} INFO - Processing file /workspaces/Airflow_project/airflow_env/lib/python3.12/site-packages/airflow/example_dags/example_python_decorator.py for tasks to queue
[2026-05-14T00:05:04.266+0000] {logging_mixin.py:188} INFO - [2026-05-14T00:05:04.265+0000] {dagbag.py:545} INFO - Filling up the DagBag from /workspaces/Airflow_project/airflow_env/lib/python3.12/site-packages/airflow/example_dags/example_python_decorator.py
[2026-05-14T00:05:04.276+0000] {processor.py:840} INFO - DAG(s) 'example_python_decorator' retrieved from /workspaces/Airflow_project/airflow_env/lib/python3.12/site-packages/airflow/example_dags/example_python_decorator.py
[2026-05-14T00:05:04.289+0000] {logging_mixin.py:188} INFO - [2026-05-14T00:05:04.289+0000] {dag.py:3089} INFO - Sync 1 DAGs
[2026-05-14T00:05:04.297+0000] {logging_mixin.py:188} INFO - [2026-05-14T00:05:04.296+0000] {dag.py:3947} INFO - Setting next_dagrun for example_python_decorator to None, run_after=None
[2026-05-14T00:05:04.311+0000] {processor.py:183} INFO - Processing /workspaces/Airflow_project/airflow_env/lib/python3.12/site-packages/airflow/example_dags/example_python_decorator.py took 0.051 seconds
[2026-05-14T00:05:49.411+0000] {processor.py:161} INFO - Started process (PID=99016) to work on /workspaces/Airflow_project/airflow_env/lib/python3.12/site-packages/airflow/example_dags/example_python_decorator.py
[2026-05-14T00:05:49.411+0000] {processor.py:830} INFO - Processing file /workspaces/Airflow_project/airflow_env/lib/python3.12/site-packages/airflow/example_dags/example_python_decorator.py for tasks to queue
[2026-05-14T00:05:49.412+0000] {logging_mixin.py:188} INFO - [2026-05-14T00:05:49.412+0000] {dagbag.py:545} INFO - Filling up the DagBag from /workspaces/Airflow_project/airflow_env/lib/python3.12/site-packages/airflow/example_dags/example_python_decorator.py
[2026-05-14T00:05:49.422+0000] {processor.py:840} INFO - DAG(s) 'example_python_decorator' retrieved from /workspaces/Airflow_project/airflow_env/lib/python3.12/site-packages/airflow/example_dags/example_python_decorator.py
[2026-05-14T00:05:49.438+0000] {logging_mixin.py:188} INFO - [2026-05-14T00:05:49.437+0000] {dag.py:3089} INFO - Sync 1 DAGs
[2026-05-14T00:05:49.448+0000] {logging_mixin.py:188} INFO - [2026-05-14T00:05:49.448+0000] {dag.py:3947} INFO - Setting next_dagrun for example_python_decorator to None, run_after=None
[2026-05-14T00:05:49.466+0000] {processor.py:183} INFO - Processing /workspaces/Airflow_project/airflow_env/lib/python3.12/site-packages/airflow/example_dags/example_python_decorator.py took 0.060 seconds
[2026-05-14T00:06:54.092+0000] {processor.py:161} INFO - Started process (PID=99546) to work on /workspaces/Airflow_project/airflow_env/lib/python3.12/site-packages/airflow/example_dags/example_python_decorator.py
[2026-05-14T00:06:54.093+0000] {processor.py:830} INFO - Processing file /workspaces/Airflow_project/airflow_env/lib/python3.12/site-packages/airflow/example_dags/example_python_decorator.py for tasks to queue
[2026-05-14T00:06:54.094+0000] {logging_mixin.py:188} INFO - [2026-05-14T00:06:54.094+0000] {dagbag.py:545} INFO - Filling up the DagBag from /workspaces/Airflow_project/airflow_env/lib/python3.12/site-packages/airflow/example_dags/example_python_decorator.py
[2026-05-14T00:06:54.108+0000] {processor.py:840} INFO - DAG(s) 'example_python_decorator' retrieved from /workspaces/Airflow_project/airflow_env/lib/python3.12/site-packages/airflow/example_dags/example_python_decorator.py
[2026-05-14T00:06:54.128+0000] {logging_mixin.py:188} INFO - [2026-05-14T00:06:54.128+0000] {dag.py:3089} INFO - Sync 1 DAGs
[2026-05-14T00:06:54.140+0000] {logging_mixin.py:188} INFO - [2026-05-14T00:06:54.140+0000] {dag.py:3947} INFO - Setting next_dagrun for example_python_decorator to None, run_after=None
[2026-05-14T00:06:54.158+0000] {processor.py:183} INFO - Processing /workspaces/Airflow_project/airflow_env/lib/python3.12/site-packages/airflow/example_dags/example_python_decorator.py took 0.072 seconds
[2026-05-14T00:07:42.357+0000] {processor.py:161} INFO - Started process (PID=99928) to work on /workspaces/Airflow_project/airflow_env/lib/python3.12/site-packages/airflow/example_dags/example_python_decorator.py
[2026-05-14T00:07:42.357+0000] {processor.py:830} INFO - Processing file /workspaces/Airflow_project/airflow_env/lib/python3.12/site-packages/airflow/example_dags/example_python_decorator.py for tasks to queue
[2026-05-14T00:07:42.358+0000] {logging_mixin.py:188} INFO - [2026-05-14T00:07:42.358+0000] {dagbag.py:545} INFO - Filling up the DagBag from /workspaces/Airflow_project/airflow_env/lib/python3.12/site-packages/airflow/example_dags/example_python_decorator.py
[2026-05-14T00:07:42.368+0000] {processor.py:840} INFO - DAG(s) 'example_python_decorator' retrieved from /workspaces/Airflow_project/airflow_env/lib/python3.12/site-packages/airflow/example_dags/example_python_decorator.py
[2026-05-14T00:07:42.381+0000] {logging_mixin.py:188} INFO - [2026-05-14T00:07:42.381+0000] {dag.py:3089} INFO - Sync 1 DAGs
[2026-05-14T00:07:42.389+0000] {logging_mixin.py:188} INFO - [2026-05-14T00:07:42.389+0000] {dag.py:3947} INFO - Setting next_dagrun for example_python_decorator to None, run_after=None
[2026-05-14T00:07:42.404+0000] {processor.py:183} INFO - Processing /workspaces/Airflow_project/airflow_env/lib/python3.12/site-packages/airflow/example_dags/example_python_decorator.py took 0.054 seconds
[2026-05-14T00:08:27.132+0000] {processor.py:161} INFO - Started process (PID=100277) to work on /workspaces/Airflow_project/airflow_env/lib/python3.12/site-packages/airflow/example_dags/example_python_decorator.py
[2026-05-14T00:08:27.133+0000] {processor.py:830} INFO - Processing file /workspaces/Airflow_project/airflow_env/lib/python3.12/site-packages/airflow/example_dags/example_python_decorator.py for tasks to queue
[2026-05-14T00:08:27.134+0000] {logging_mixin.py:188} INFO - [2026-05-14T00:08:27.133+0000] {dagbag.py:545} INFO - Filling up the DagBag from /workspaces/Airflow_project/airflow_env/lib/python3.12/site-packages/airflow/example_dags/example_python_decorator.py
[2026-05-14T00:08:27.146+0000] {processor.py:840} INFO - DAG(s) 'example_python_decorator' retrieved from /workspaces/Airflow_project/airflow_env/lib/python3.12/site-packages/airflow/example_dags/example_python_decorator.py
[2026-05-14T00:08:27.162+0000] {logging_mixin.py:188} INFO - [2026-05-14T00:08:27.162+0000] {dag.py:3089} INFO - Sync 1 DAGs
[2026-05-14T00:08:27.170+0000] {logging_mixin.py:188} INFO - [2026-05-14T00:08:27.170+0000] {dag.py:3947} INFO - Setting next_dagrun for example_python_decorator to None, run_after=None
[2026-05-14T00:08:27.185+0000] {processor.py:183} INFO - Processing /workspaces/Airflow_project/airflow_env/lib/python3.12/site-packages/airflow/example_dags/example_python_decorator.py took 0.057 seconds
[2026-05-14T00:09:11.535+0000] {processor.py:161} INFO - Started process (PID=101067) to work on /workspaces/Airflow_project/airflow_env/lib/python3.12/site-packages/airflow/example_dags/example_python_decorator.py
[2026-05-14T00:09:11.536+0000] {processor.py:830} INFO - Processing file /workspaces/Airflow_project/airflow_env/lib/python3.12/site-packages/airflow/example_dags/example_python_decorator.py for tasks to queue
[2026-05-14T00:09:11.537+0000] {logging_mixin.py:188} INFO - [2026-05-14T00:09:11.536+0000] {dagbag.py:545} INFO - Filling up the DagBag from /workspaces/Airflow_project/airflow_env/lib/python3.12/site-packages/airflow/example_dags/example_python_decorator.py
[2026-05-14T00:09:11.550+0000] {processor.py:840} INFO - DAG(s) 'example_python_decorator' retrieved from /workspaces/Airflow_project/airflow_env/lib/python3.12/site-packages/airflow/example_dags/example_python_decorator.py
[2026-05-14T00:09:11.567+0000] {logging_mixin.py:188} INFO - [2026-05-14T00:09:11.567+0000] {dag.py:3089} INFO - Sync 1 DAGs
[2026-05-14T00:09:11.575+0000] {logging_mixin.py:188} INFO - [2026-05-14T00:09:11.575+0000] {dag.py:3947} INFO - Setting next_dagrun for example_python_decorator to None, run_after=None
[2026-05-14T00:09:11.589+0000] {processor.py:183} INFO - Processing /workspaces/Airflow_project/airflow_env/lib/python3.12/site-packages/airflow/example_dags/example_python_decorator.py took 0.059 seconds
