[2026-05-14T00:00:44.145+0000] {processor.py:161} INFO - Started process (PID=96555) to work on /workspaces/Airflow_project/airflow_env/lib/python3.12/site-packages/airflow/example_dags/example_short_circuit_decorator.py
[2026-05-14T00:00:44.146+0000] {processor.py:830} INFO - Processing file /workspaces/Airflow_project/airflow_env/lib/python3.12/site-packages/airflow/example_dags/example_short_circuit_decorator.py for tasks to queue
[2026-05-14T00:00:44.147+0000] {logging_mixin.py:188} INFO - [2026-05-14T00:00:44.146+0000] {dagbag.py:545} INFO - Filling up the DagBag from /workspaces/Airflow_project/airflow_env/lib/python3.12/site-packages/airflow/example_dags/example_short_circuit_decorator.py
[2026-05-14T00:00:44.155+0000] {processor.py:840} INFO - DAG(s) 'example_short_circuit_decorator' retrieved from /workspaces/Airflow_project/airflow_env/lib/python3.12/site-packages/airflow/example_dags/example_short_circuit_decorator.py
[2026-05-14T00:00:44.170+0000] {logging_mixin.py:188} INFO - [2026-05-14T00:00:44.170+0000] {dag.py:3089} INFO - Sync 1 DAGs
[2026-05-14T00:00:44.181+0000] {logging_mixin.py:188} INFO - [2026-05-14T00:00:44.181+0000] {dag.py:3947} INFO - Setting next_dagrun for example_short_circuit_decorator to 2026-05-13 00:00:00+00:00, run_after=2026-05-14 00:00:00+00:00
[2026-05-14T00:00:44.197+0000] {processor.py:183} INFO - Processing /workspaces/Airflow_project/airflow_env/lib/python3.12/site-packages/airflow/example_dags/example_short_circuit_decorator.py took 0.057 seconds
[2026-05-14T00:01:37.245+0000] {processor.py:161} INFO - Started process (PID=96973) to work on /workspaces/Airflow_project/airflow_env/lib/python3.12/site-packages/airflow/example_dags/example_short_circuit_decorator.py
[2026-05-14T00:01:37.246+0000] {processor.py:830} INFO - Processing file /workspaces/Airflow_project/airflow_env/lib/python3.12/site-packages/airflow/example_dags/example_short_circuit_decorator.py for tasks to queue
[2026-05-14T00:01:37.246+0000] {logging_mixin.py:188} INFO - [2026-05-14T00:01:37.246+0000] {dagbag.py:545} INFO - Filling up the DagBag from /workspaces/Airflow_project/airflow_env/lib/python3.12/site-packages/airflow/example_dags/example_short_circuit_decorator.py
[2026-05-14T00:01:37.255+0000] {processor.py:840} INFO - DAG(s) 'example_short_circuit_decorator' retrieved from /workspaces/Airflow_project/airflow_env/lib/python3.12/site-packages/airflow/example_dags/example_short_circuit_decorator.py
[2026-05-14T00:01:37.269+0000] {logging_mixin.py:188} INFO - [2026-05-14T00:01:37.269+0000] {dag.py:3089} INFO - Sync 1 DAGs
[2026-05-14T00:01:37.281+0000] {logging_mixin.py:188} INFO - [2026-05-14T00:01:37.281+0000] {dag.py:3947} INFO - Setting next_dagrun for example_short_circuit_decorator to 2026-05-13 00:00:00+00:00, run_after=2026-05-14 00:00:00+00:00
[2026-05-14T00:01:37.296+0000] {processor.py:183} INFO - Processing /workspaces/Airflow_project/airflow_env/lib/python3.12/site-packages/airflow/example_dags/example_short_circuit_decorator.py took 0.057 seconds
[2026-05-14T00:02:21.491+0000] {processor.py:161} INFO - Started process (PID=97340) to work on /workspaces/Airflow_project/airflow_env/lib/python3.12/site-packages/airflow/example_dags/example_short_circuit_decorator.py
[2026-05-14T00:02:21.492+0000] {processor.py:830} INFO - Processing file /workspaces/Airflow_project/airflow_env/lib/python3.12/site-packages/airflow/example_dags/example_short_circuit_decorator.py for tasks to queue
[2026-05-14T00:02:21.493+0000] {logging_mixin.py:188} INFO - [2026-05-14T00:02:21.492+0000] {dagbag.py:545} INFO - Filling up the DagBag from /workspaces/Airflow_project/airflow_env/lib/python3.12/site-packages/airflow/example_dags/example_short_circuit_decorator.py
[2026-05-14T00:02:21.504+0000] {processor.py:840} INFO - DAG(s) 'example_short_circuit_decorator' retrieved from /workspaces/Airflow_project/airflow_env/lib/python3.12/site-packages/airflow/example_dags/example_short_circuit_decorator.py
[2026-05-14T00:02:21.529+0000] {logging_mixin.py:188} INFO - [2026-05-14T00:02:21.529+0000] {dag.py:3089} INFO - Sync 1 DAGs
[2026-05-14T00:02:21.549+0000] {logging_mixin.py:188} INFO - [2026-05-14T00:02:21.549+0000] {dag.py:3947} INFO - Setting next_dagrun for example_short_circuit_decorator to 2026-05-13 00:00:00+00:00, run_after=2026-05-14 00:00:00+00:00
[2026-05-14T00:02:21.585+0000] {processor.py:183} INFO - Processing /workspaces/Airflow_project/airflow_env/lib/python3.12/site-packages/airflow/example_dags/example_short_circuit_decorator.py took 0.101 seconds
[2026-05-14T00:03:05.452+0000] {processor.py:161} INFO - Started process (PID=97696) to work on /workspaces/Airflow_project/airflow_env/lib/python3.12/site-packages/airflow/example_dags/example_short_circuit_decorator.py
[2026-05-14T00:03:05.452+0000] {processor.py:830} INFO - Processing file /workspaces/Airflow_project/airflow_env/lib/python3.12/site-packages/airflow/example_dags/example_short_circuit_decorator.py for tasks to queue
[2026-05-14T00:03:05.453+0000] {logging_mixin.py:188} INFO - [2026-05-14T00:03:05.453+0000] {dagbag.py:545} INFO - Filling up the DagBag from /workspaces/Airflow_project/airflow_env/lib/python3.12/site-packages/airflow/example_dags/example_short_circuit_decorator.py
[2026-05-14T00:03:05.460+0000] {processor.py:840} INFO - DAG(s) 'example_short_circuit_decorator' retrieved from /workspaces/Airflow_project/airflow_env/lib/python3.12/site-packages/airflow/example_dags/example_short_circuit_decorator.py
[2026-05-14T00:03:05.474+0000] {logging_mixin.py:188} INFO - [2026-05-14T00:03:05.474+0000] {dag.py:3089} INFO - Sync 1 DAGs
[2026-05-14T00:03:05.485+0000] {logging_mixin.py:188} INFO - [2026-05-14T00:03:05.485+0000] {dag.py:3947} INFO - Setting next_dagrun for example_short_circuit_decorator to 2026-05-13 00:00:00+00:00, run_after=2026-05-14 00:00:00+00:00
[2026-05-14T00:03:05.501+0000] {processor.py:183} INFO - Processing /workspaces/Airflow_project/airflow_env/lib/python3.12/site-packages/airflow/example_dags/example_short_circuit_decorator.py took 0.055 seconds
[2026-05-14T00:03:50.056+0000] {processor.py:161} INFO - Started process (PID=98041) to work on /workspaces/Airflow_project/airflow_env/lib/python3.12/site-packages/airflow/example_dags/example_short_circuit_decorator.py
[2026-05-14T00:03:50.057+0000] {processor.py:830} INFO - Processing file /workspaces/Airflow_project/airflow_env/lib/python3.12/site-packages/airflow/example_dags/example_short_circuit_decorator.py for tasks to queue
[2026-05-14T00:03:50.057+0000] {logging_mixin.py:188} INFO - [2026-05-14T00:03:50.057+0000] {dagbag.py:545} INFO - Filling up the DagBag from /workspaces/Airflow_project/airflow_env/lib/python3.12/site-packages/airflow/example_dags/example_short_circuit_decorator.py
[2026-05-14T00:03:50.064+0000] {processor.py:840} INFO - DAG(s) 'example_short_circuit_decorator' retrieved from /workspaces/Airflow_project/airflow_env/lib/python3.12/site-packages/airflow/example_dags/example_short_circuit_decorator.py
[2026-05-14T00:03:50.080+0000] {logging_mixin.py:188} INFO - [2026-05-14T00:03:50.080+0000] {dag.py:3089} INFO - Sync 1 DAGs
[2026-05-14T00:03:50.092+0000] {logging_mixin.py:188} INFO - [2026-05-14T00:03:50.091+0000] {dag.py:3947} INFO - Setting next_dagrun for example_short_circuit_decorator to 2026-05-13 00:00:00+00:00, run_after=2026-05-14 00:00:00+00:00
[2026-05-14T00:03:50.106+0000] {processor.py:183} INFO - Processing /workspaces/Airflow_project/airflow_env/lib/python3.12/site-packages/airflow/example_dags/example_short_circuit_decorator.py took 0.055 seconds
[2026-05-14T00:04:40.011+0000] {processor.py:161} INFO - Started process (PID=98461) to work on /workspaces/Airflow_project/airflow_env/lib/python3.12/site-packages/airflow/example_dags/example_short_circuit_decorator.py
[2026-05-14T00:04:40.011+0000] {processor.py:830} INFO - Processing file /workspaces/Airflow_project/airflow_env/lib/python3.12/site-packages/airflow/example_dags/example_short_circuit_decorator.py for tasks to queue
[2026-05-14T00:04:40.012+0000] {logging_mixin.py:188} INFO - [2026-05-14T00:04:40.012+0000] {dagbag.py:545} INFO - Filling up the DagBag from /workspaces/Airflow_project/airflow_env/lib/python3.12/site-packages/airflow/example_dags/example_short_circuit_decorator.py
[2026-05-14T00:04:40.018+0000] {processor.py:840} INFO - DAG(s) 'example_short_circuit_decorator' retrieved from /workspaces/Airflow_project/airflow_env/lib/python3.12/site-packages/airflow/example_dags/example_short_circuit_decorator.py
[2026-05-14T00:04:40.032+0000] {logging_mixin.py:188} INFO - [2026-05-14T00:04:40.032+0000] {dag.py:3089} INFO - Sync 1 DAGs
[2026-05-14T00:04:40.046+0000] {logging_mixin.py:188} INFO - [2026-05-14T00:04:40.046+0000] {dag.py:3947} INFO - Setting next_dagrun for example_short_circuit_decorator to 2026-05-13 00:00:00+00:00, run_after=2026-05-14 00:00:00+00:00
[2026-05-14T00:04:40.063+0000] {processor.py:183} INFO - Processing /workspaces/Airflow_project/airflow_env/lib/python3.12/site-packages/airflow/example_dags/example_short_circuit_decorator.py took 0.057 seconds
[2026-05-14T00:05:27.619+0000] {processor.py:161} INFO - Started process (PID=98851) to work on /workspaces/Airflow_project/airflow_env/lib/python3.12/site-packages/airflow/example_dags/example_short_circuit_decorator.py
[2026-05-14T00:05:27.620+0000] {processor.py:830} INFO - Processing file /workspaces/Airflow_project/airflow_env/lib/python3.12/site-packages/airflow/example_dags/example_short_circuit_decorator.py for tasks to queue
[2026-05-14T00:05:27.621+0000] {logging_mixin.py:188} INFO - [2026-05-14T00:05:27.620+0000] {dagbag.py:545} INFO - Filling up the DagBag from /workspaces/Airflow_project/airflow_env/lib/python3.12/site-packages/airflow/example_dags/example_short_circuit_decorator.py
[2026-05-14T00:05:27.627+0000] {processor.py:840} INFO - DAG(s) 'example_short_circuit_decorator' retrieved from /workspaces/Airflow_project/airflow_env/lib/python3.12/site-packages/airflow/example_dags/example_short_circuit_decorator.py
[2026-05-14T00:05:27.644+0000] {logging_mixin.py:188} INFO - [2026-05-14T00:05:27.644+0000] {dag.py:3089} INFO - Sync 1 DAGs
[2026-05-14T00:05:27.658+0000] {logging_mixin.py:188} INFO - [2026-05-14T00:05:27.658+0000] {dag.py:3947} INFO - Setting next_dagrun for example_short_circuit_decorator to 2026-05-13 00:00:00+00:00, run_after=2026-05-14 00:00:00+00:00
[2026-05-14T00:05:27.673+0000] {processor.py:183} INFO - Processing /workspaces/Airflow_project/airflow_env/lib/python3.12/site-packages/airflow/example_dags/example_short_circuit_decorator.py took 0.058 seconds
[2026-05-14T00:06:10.173+0000] {processor.py:161} INFO - Started process (PID=99182) to work on /workspaces/Airflow_project/airflow_env/lib/python3.12/site-packages/airflow/example_dags/example_short_circuit_decorator.py
[2026-05-14T00:06:10.174+0000] {processor.py:830} INFO - Processing file /workspaces/Airflow_project/airflow_env/lib/python3.12/site-packages/airflow/example_dags/example_short_circuit_decorator.py for tasks to queue
[2026-05-14T00:06:10.175+0000] {logging_mixin.py:188} INFO - [2026-05-14T00:06:10.174+0000] {dagbag.py:545} INFO - Filling up the DagBag from /workspaces/Airflow_project/airflow_env/lib/python3.12/site-packages/airflow/example_dags/example_short_circuit_decorator.py
[2026-05-14T00:06:10.181+0000] {processor.py:840} INFO - DAG(s) 'example_short_circuit_decorator' retrieved from /workspaces/Airflow_project/airflow_env/lib/python3.12/site-packages/airflow/example_dags/example_short_circuit_decorator.py
[2026-05-14T00:06:10.196+0000] {logging_mixin.py:188} INFO - [2026-05-14T00:06:10.195+0000] {dag.py:3089} INFO - Sync 1 DAGs
[2026-05-14T00:06:10.207+0000] {logging_mixin.py:188} INFO - [2026-05-14T00:06:10.207+0000] {dag.py:3947} INFO - Setting next_dagrun for example_short_circuit_decorator to 2026-05-13 00:00:00+00:00, run_after=2026-05-14 00:00:00+00:00
[2026-05-14T00:06:10.222+0000] {processor.py:183} INFO - Processing /workspaces/Airflow_project/airflow_env/lib/python3.12/site-packages/airflow/example_dags/example_short_circuit_decorator.py took 0.054 seconds
[2026-05-14T00:06:52.937+0000] {processor.py:161} INFO - Started process (PID=99541) to work on /workspaces/Airflow_project/airflow_env/lib/python3.12/site-packages/airflow/example_dags/example_short_circuit_decorator.py
[2026-05-14T00:06:52.939+0000] {processor.py:830} INFO - Processing file /workspaces/Airflow_project/airflow_env/lib/python3.12/site-packages/airflow/example_dags/example_short_circuit_decorator.py for tasks to queue
[2026-05-14T00:06:52.940+0000] {logging_mixin.py:188} INFO - [2026-05-14T00:06:52.940+0000] {dagbag.py:545} INFO - Filling up the DagBag from /workspaces/Airflow_project/airflow_env/lib/python3.12/site-packages/airflow/example_dags/example_short_circuit_decorator.py
[2026-05-14T00:06:52.949+0000] {processor.py:840} INFO - DAG(s) 'example_short_circuit_decorator' retrieved from /workspaces/Airflow_project/airflow_env/lib/python3.12/site-packages/airflow/example_dags/example_short_circuit_decorator.py
[2026-05-14T00:06:52.964+0000] {logging_mixin.py:188} INFO - [2026-05-14T00:06:52.964+0000] {dag.py:3089} INFO - Sync 1 DAGs
[2026-05-14T00:06:52.976+0000] {logging_mixin.py:188} INFO - [2026-05-14T00:06:52.976+0000] {dag.py:3947} INFO - Setting next_dagrun for example_short_circuit_decorator to 2026-05-13 00:00:00+00:00, run_after=2026-05-14 00:00:00+00:00
[2026-05-14T00:06:52.992+0000] {processor.py:183} INFO - Processing /workspaces/Airflow_project/airflow_env/lib/python3.12/site-packages/airflow/example_dags/example_short_circuit_decorator.py took 0.060 seconds
[2026-05-14T00:07:41.242+0000] {processor.py:161} INFO - Started process (PID=99914) to work on /workspaces/Airflow_project/airflow_env/lib/python3.12/site-packages/airflow/example_dags/example_short_circuit_decorator.py
[2026-05-14T00:07:41.243+0000] {processor.py:830} INFO - Processing file /workspaces/Airflow_project/airflow_env/lib/python3.12/site-packages/airflow/example_dags/example_short_circuit_decorator.py for tasks to queue
[2026-05-14T00:07:41.244+0000] {logging_mixin.py:188} INFO - [2026-05-14T00:07:41.243+0000] {dagbag.py:545} INFO - Filling up the DagBag from /workspaces/Airflow_project/airflow_env/lib/python3.12/site-packages/airflow/example_dags/example_short_circuit_decorator.py
[2026-05-14T00:07:41.258+0000] {processor.py:840} INFO - DAG(s) 'example_short_circuit_decorator' retrieved from /workspaces/Airflow_project/airflow_env/lib/python3.12/site-packages/airflow/example_dags/example_short_circuit_decorator.py
[2026-05-14T00:07:41.280+0000] {logging_mixin.py:188} INFO - [2026-05-14T00:07:41.279+0000] {dag.py:3089} INFO - Sync 1 DAGs
[2026-05-14T00:07:41.298+0000] {logging_mixin.py:188} INFO - [2026-05-14T00:07:41.298+0000] {dag.py:3947} INFO - Setting next_dagrun for example_short_circuit_decorator to 2026-05-13 00:00:00+00:00, run_after=2026-05-14 00:00:00+00:00
[2026-05-14T00:07:41.323+0000] {processor.py:183} INFO - Processing /workspaces/Airflow_project/airflow_env/lib/python3.12/site-packages/airflow/example_dags/example_short_circuit_decorator.py took 0.086 seconds
[2026-05-14T00:08:25.998+0000] {processor.py:161} INFO - Started process (PID=100275) to work on /workspaces/Airflow_project/airflow_env/lib/python3.12/site-packages/airflow/example_dags/example_short_circuit_decorator.py
[2026-05-14T00:08:25.998+0000] {processor.py:830} INFO - Processing file /workspaces/Airflow_project/airflow_env/lib/python3.12/site-packages/airflow/example_dags/example_short_circuit_decorator.py for tasks to queue
[2026-05-14T00:08:25.999+0000] {logging_mixin.py:188} INFO - [2026-05-14T00:08:25.999+0000] {dagbag.py:545} INFO - Filling up the DagBag from /workspaces/Airflow_project/airflow_env/lib/python3.12/site-packages/airflow/example_dags/example_short_circuit_decorator.py
[2026-05-14T00:08:26.005+0000] {processor.py:840} INFO - DAG(s) 'example_short_circuit_decorator' retrieved from /workspaces/Airflow_project/airflow_env/lib/python3.12/site-packages/airflow/example_dags/example_short_circuit_decorator.py
[2026-05-14T00:08:26.024+0000] {logging_mixin.py:188} INFO - [2026-05-14T00:08:26.024+0000] {dag.py:3089} INFO - Sync 1 DAGs
[2026-05-14T00:08:26.045+0000] {logging_mixin.py:188} INFO - [2026-05-14T00:08:26.045+0000] {dag.py:3947} INFO - Setting next_dagrun for example_short_circuit_decorator to 2026-05-13 00:00:00+00:00, run_after=2026-05-14 00:00:00+00:00
[2026-05-14T00:08:26.071+0000] {processor.py:183} INFO - Processing /workspaces/Airflow_project/airflow_env/lib/python3.12/site-packages/airflow/example_dags/example_short_circuit_decorator.py took 0.078 seconds
[2026-05-14T00:09:10.599+0000] {processor.py:161} INFO - Started process (PID=101060) to work on /workspaces/Airflow_project/airflow_env/lib/python3.12/site-packages/airflow/example_dags/example_short_circuit_decorator.py
[2026-05-14T00:09:10.600+0000] {processor.py:830} INFO - Processing file /workspaces/Airflow_project/airflow_env/lib/python3.12/site-packages/airflow/example_dags/example_short_circuit_decorator.py for tasks to queue
[2026-05-14T00:09:10.600+0000] {logging_mixin.py:188} INFO - [2026-05-14T00:09:10.600+0000] {dagbag.py:545} INFO - Filling up the DagBag from /workspaces/Airflow_project/airflow_env/lib/python3.12/site-packages/airflow/example_dags/example_short_circuit_decorator.py
[2026-05-14T00:09:10.607+0000] {processor.py:840} INFO - DAG(s) 'example_short_circuit_decorator' retrieved from /workspaces/Airflow_project/airflow_env/lib/python3.12/site-packages/airflow/example_dags/example_short_circuit_decorator.py
[2026-05-14T00:09:10.621+0000] {logging_mixin.py:188} INFO - [2026-05-14T00:09:10.621+0000] {dag.py:3089} INFO - Sync 1 DAGs
[2026-05-14T00:09:10.632+0000] {logging_mixin.py:188} INFO - [2026-05-14T00:09:10.632+0000] {dag.py:3947} INFO - Setting next_dagrun for example_short_circuit_decorator to 2026-05-13 00:00:00+00:00, run_after=2026-05-14 00:00:00+00:00
[2026-05-14T00:09:10.649+0000] {processor.py:183} INFO - Processing /workspaces/Airflow_project/airflow_env/lib/python3.12/site-packages/airflow/example_dags/example_short_circuit_decorator.py took 0.055 seconds
