[2026-05-14T00:01:01.407+0000] {processor.py:161} INFO - Started process (PID=96684) to work on /workspaces/Airflow_project/airflow_env/lib/python3.12/site-packages/airflow/example_dags/example_branch_labels.py
[2026-05-14T00:01:01.408+0000] {processor.py:830} INFO - Processing file /workspaces/Airflow_project/airflow_env/lib/python3.12/site-packages/airflow/example_dags/example_branch_labels.py for tasks to queue
[2026-05-14T00:01:01.408+0000] {logging_mixin.py:188} INFO - [2026-05-14T00:01:01.408+0000] {dagbag.py:545} INFO - Filling up the DagBag from /workspaces/Airflow_project/airflow_env/lib/python3.12/site-packages/airflow/example_dags/example_branch_labels.py
[2026-05-14T00:01:01.414+0000] {processor.py:840} INFO - DAG(s) 'example_branch_labels' retrieved from /workspaces/Airflow_project/airflow_env/lib/python3.12/site-packages/airflow/example_dags/example_branch_labels.py
[2026-05-14T00:01:01.428+0000] {logging_mixin.py:188} INFO - [2026-05-14T00:01:01.428+0000] {dag.py:3089} INFO - Sync 1 DAGs
[2026-05-14T00:01:01.445+0000] {logging_mixin.py:188} INFO - [2026-05-14T00:01:01.445+0000] {dag.py:3947} INFO - Setting next_dagrun for example_branch_labels to 2026-05-13 00:00:00+00:00, run_after=2026-05-14 00:00:00+00:00
[2026-05-14T00:01:01.510+0000] {processor.py:183} INFO - Processing /workspaces/Airflow_project/airflow_env/lib/python3.12/site-packages/airflow/example_dags/example_branch_labels.py took 0.108 seconds
[2026-05-14T00:02:07.484+0000] {processor.py:161} INFO - Started process (PID=97239) to work on /workspaces/Airflow_project/airflow_env/lib/python3.12/site-packages/airflow/example_dags/example_branch_labels.py
[2026-05-14T00:02:07.484+0000] {processor.py:830} INFO - Processing file /workspaces/Airflow_project/airflow_env/lib/python3.12/site-packages/airflow/example_dags/example_branch_labels.py for tasks to queue
[2026-05-14T00:02:07.485+0000] {logging_mixin.py:188} INFO - [2026-05-14T00:02:07.485+0000] {dagbag.py:545} INFO - Filling up the DagBag from /workspaces/Airflow_project/airflow_env/lib/python3.12/site-packages/airflow/example_dags/example_branch_labels.py
[2026-05-14T00:02:07.491+0000] {processor.py:840} INFO - DAG(s) 'example_branch_labels' retrieved from /workspaces/Airflow_project/airflow_env/lib/python3.12/site-packages/airflow/example_dags/example_branch_labels.py
[2026-05-14T00:02:07.503+0000] {logging_mixin.py:188} INFO - [2026-05-14T00:02:07.503+0000] {dag.py:3089} INFO - Sync 1 DAGs
[2026-05-14T00:02:07.516+0000] {logging_mixin.py:188} INFO - [2026-05-14T00:02:07.515+0000] {dag.py:3947} INFO - Setting next_dagrun for example_branch_labels to 2026-05-13 00:00:00+00:00, run_after=2026-05-14 00:00:00+00:00
[2026-05-14T00:02:07.530+0000] {processor.py:183} INFO - Processing /workspaces/Airflow_project/airflow_env/lib/python3.12/site-packages/airflow/example_dags/example_branch_labels.py took 0.051 seconds
[2026-05-14T00:03:13.175+0000] {processor.py:161} INFO - Started process (PID=97748) to work on /workspaces/Airflow_project/airflow_env/lib/python3.12/site-packages/airflow/example_dags/example_branch_labels.py
[2026-05-14T00:03:13.176+0000] {processor.py:830} INFO - Processing file /workspaces/Airflow_project/airflow_env/lib/python3.12/site-packages/airflow/example_dags/example_branch_labels.py for tasks to queue
[2026-05-14T00:03:13.177+0000] {logging_mixin.py:188} INFO - [2026-05-14T00:03:13.176+0000] {dagbag.py:545} INFO - Filling up the DagBag from /workspaces/Airflow_project/airflow_env/lib/python3.12/site-packages/airflow/example_dags/example_branch_labels.py
[2026-05-14T00:03:13.183+0000] {processor.py:840} INFO - DAG(s) 'example_branch_labels' retrieved from /workspaces/Airflow_project/airflow_env/lib/python3.12/site-packages/airflow/example_dags/example_branch_labels.py
[2026-05-14T00:03:13.196+0000] {logging_mixin.py:188} INFO - [2026-05-14T00:03:13.196+0000] {dag.py:3089} INFO - Sync 1 DAGs
[2026-05-14T00:03:13.208+0000] {logging_mixin.py:188} INFO - [2026-05-14T00:03:13.208+0000] {dag.py:3947} INFO - Setting next_dagrun for example_branch_labels to 2026-05-13 00:00:00+00:00, run_after=2026-05-14 00:00:00+00:00
[2026-05-14T00:03:13.223+0000] {processor.py:183} INFO - Processing /workspaces/Airflow_project/airflow_env/lib/python3.12/site-packages/airflow/example_dags/example_branch_labels.py took 0.052 seconds
[2026-05-14T00:04:25.978+0000] {processor.py:161} INFO - Started process (PID=98317) to work on /workspaces/Airflow_project/airflow_env/lib/python3.12/site-packages/airflow/example_dags/example_branch_labels.py
[2026-05-14T00:04:25.979+0000] {processor.py:830} INFO - Processing file /workspaces/Airflow_project/airflow_env/lib/python3.12/site-packages/airflow/example_dags/example_branch_labels.py for tasks to queue
[2026-05-14T00:04:25.981+0000] {logging_mixin.py:188} INFO - [2026-05-14T00:04:25.980+0000] {dagbag.py:545} INFO - Filling up the DagBag from /workspaces/Airflow_project/airflow_env/lib/python3.12/site-packages/airflow/example_dags/example_branch_labels.py
[2026-05-14T00:04:25.992+0000] {processor.py:840} INFO - DAG(s) 'example_branch_labels' retrieved from /workspaces/Airflow_project/airflow_env/lib/python3.12/site-packages/airflow/example_dags/example_branch_labels.py
[2026-05-14T00:04:26.010+0000] {logging_mixin.py:188} INFO - [2026-05-14T00:04:26.010+0000] {dag.py:3089} INFO - Sync 1 DAGs
[2026-05-14T00:04:26.031+0000] {logging_mixin.py:188} INFO - [2026-05-14T00:04:26.031+0000] {dag.py:3947} INFO - Setting next_dagrun for example_branch_labels to 2026-05-13 00:00:00+00:00, run_after=2026-05-14 00:00:00+00:00
[2026-05-14T00:04:26.076+0000] {processor.py:183} INFO - Processing /workspaces/Airflow_project/airflow_env/lib/python3.12/site-packages/airflow/example_dags/example_branch_labels.py took 0.103 seconds
[2026-05-14T00:05:37.314+0000] {processor.py:161} INFO - Started process (PID=98917) to work on /workspaces/Airflow_project/airflow_env/lib/python3.12/site-packages/airflow/example_dags/example_branch_labels.py
[2026-05-14T00:05:37.315+0000] {processor.py:830} INFO - Processing file /workspaces/Airflow_project/airflow_env/lib/python3.12/site-packages/airflow/example_dags/example_branch_labels.py for tasks to queue
[2026-05-14T00:05:37.317+0000] {logging_mixin.py:188} INFO - [2026-05-14T00:05:37.316+0000] {dagbag.py:545} INFO - Filling up the DagBag from /workspaces/Airflow_project/airflow_env/lib/python3.12/site-packages/airflow/example_dags/example_branch_labels.py
[2026-05-14T00:05:37.327+0000] {processor.py:840} INFO - DAG(s) 'example_branch_labels' retrieved from /workspaces/Airflow_project/airflow_env/lib/python3.12/site-packages/airflow/example_dags/example_branch_labels.py
[2026-05-14T00:05:37.353+0000] {logging_mixin.py:188} INFO - [2026-05-14T00:05:37.353+0000] {dag.py:3089} INFO - Sync 1 DAGs
[2026-05-14T00:05:37.417+0000] {logging_mixin.py:188} INFO - [2026-05-14T00:05:37.416+0000] {dag.py:3947} INFO - Setting next_dagrun for example_branch_labels to 2026-05-13 00:00:00+00:00, run_after=2026-05-14 00:00:00+00:00
[2026-05-14T00:05:37.437+0000] {processor.py:183} INFO - Processing /workspaces/Airflow_project/airflow_env/lib/python3.12/site-packages/airflow/example_dags/example_branch_labels.py took 0.129 seconds
[2026-05-14T00:06:38.454+0000] {processor.py:161} INFO - Started process (PID=99394) to work on /workspaces/Airflow_project/airflow_env/lib/python3.12/site-packages/airflow/example_dags/example_branch_labels.py
[2026-05-14T00:06:38.455+0000] {processor.py:830} INFO - Processing file /workspaces/Airflow_project/airflow_env/lib/python3.12/site-packages/airflow/example_dags/example_branch_labels.py for tasks to queue
[2026-05-14T00:06:38.456+0000] {logging_mixin.py:188} INFO - [2026-05-14T00:06:38.456+0000] {dagbag.py:545} INFO - Filling up the DagBag from /workspaces/Airflow_project/airflow_env/lib/python3.12/site-packages/airflow/example_dags/example_branch_labels.py
[2026-05-14T00:06:38.468+0000] {processor.py:840} INFO - DAG(s) 'example_branch_labels' retrieved from /workspaces/Airflow_project/airflow_env/lib/python3.12/site-packages/airflow/example_dags/example_branch_labels.py
[2026-05-14T00:06:38.491+0000] {logging_mixin.py:188} INFO - [2026-05-14T00:06:38.491+0000] {dag.py:3089} INFO - Sync 1 DAGs
[2026-05-14T00:06:38.512+0000] {logging_mixin.py:188} INFO - [2026-05-14T00:06:38.512+0000] {dag.py:3947} INFO - Setting next_dagrun for example_branch_labels to 2026-05-13 00:00:00+00:00, run_after=2026-05-14 00:00:00+00:00
[2026-05-14T00:06:38.542+0000] {processor.py:183} INFO - Processing /workspaces/Airflow_project/airflow_env/lib/python3.12/site-packages/airflow/example_dags/example_branch_labels.py took 0.099 seconds
[2026-05-14T00:07:49.795+0000] {processor.py:161} INFO - Started process (PID=99980) to work on /workspaces/Airflow_project/airflow_env/lib/python3.12/site-packages/airflow/example_dags/example_branch_labels.py
[2026-05-14T00:07:49.795+0000] {processor.py:830} INFO - Processing file /workspaces/Airflow_project/airflow_env/lib/python3.12/site-packages/airflow/example_dags/example_branch_labels.py for tasks to queue
[2026-05-14T00:07:49.796+0000] {logging_mixin.py:188} INFO - [2026-05-14T00:07:49.796+0000] {dagbag.py:545} INFO - Filling up the DagBag from /workspaces/Airflow_project/airflow_env/lib/python3.12/site-packages/airflow/example_dags/example_branch_labels.py
[2026-05-14T00:07:49.802+0000] {processor.py:840} INFO - DAG(s) 'example_branch_labels' retrieved from /workspaces/Airflow_project/airflow_env/lib/python3.12/site-packages/airflow/example_dags/example_branch_labels.py
[2026-05-14T00:07:49.814+0000] {logging_mixin.py:188} INFO - [2026-05-14T00:07:49.814+0000] {dag.py:3089} INFO - Sync 1 DAGs
[2026-05-14T00:07:49.827+0000] {logging_mixin.py:188} INFO - [2026-05-14T00:07:49.826+0000] {dag.py:3947} INFO - Setting next_dagrun for example_branch_labels to 2026-05-13 00:00:00+00:00, run_after=2026-05-14 00:00:00+00:00
[2026-05-14T00:07:49.844+0000] {processor.py:183} INFO - Processing /workspaces/Airflow_project/airflow_env/lib/python3.12/site-packages/airflow/example_dags/example_branch_labels.py took 0.053 seconds
[2026-05-14T00:08:55.136+0000] {processor.py:161} INFO - Started process (PID=100504) to work on /workspaces/Airflow_project/airflow_env/lib/python3.12/site-packages/airflow/example_dags/example_branch_labels.py
[2026-05-14T00:08:55.137+0000] {processor.py:830} INFO - Processing file /workspaces/Airflow_project/airflow_env/lib/python3.12/site-packages/airflow/example_dags/example_branch_labels.py for tasks to queue
[2026-05-14T00:08:55.138+0000] {logging_mixin.py:188} INFO - [2026-05-14T00:08:55.138+0000] {dagbag.py:545} INFO - Filling up the DagBag from /workspaces/Airflow_project/airflow_env/lib/python3.12/site-packages/airflow/example_dags/example_branch_labels.py
[2026-05-14T00:08:55.146+0000] {processor.py:840} INFO - DAG(s) 'example_branch_labels' retrieved from /workspaces/Airflow_project/airflow_env/lib/python3.12/site-packages/airflow/example_dags/example_branch_labels.py
[2026-05-14T00:08:55.162+0000] {logging_mixin.py:188} INFO - [2026-05-14T00:08:55.162+0000] {dag.py:3089} INFO - Sync 1 DAGs
[2026-05-14T00:08:55.176+0000] {logging_mixin.py:188} INFO - [2026-05-14T00:08:55.176+0000] {dag.py:3947} INFO - Setting next_dagrun for example_branch_labels to 2026-05-13 00:00:00+00:00, run_after=2026-05-14 00:00:00+00:00
[2026-05-14T00:08:55.192+0000] {processor.py:183} INFO - Processing /workspaces/Airflow_project/airflow_env/lib/python3.12/site-packages/airflow/example_dags/example_branch_labels.py took 0.061 seconds
