[2026-05-14T00:00:53.503+0000] {processor.py:161} INFO - Started process (PID=96638) to work on /workspaces/Airflow_project/airflow_env/lib/python3.12/site-packages/airflow/example_dags/example_kubernetes_executor.py
[2026-05-14T00:00:53.504+0000] {processor.py:830} INFO - Processing file /workspaces/Airflow_project/airflow_env/lib/python3.12/site-packages/airflow/example_dags/example_kubernetes_executor.py for tasks to queue
[2026-05-14T00:00:53.505+0000] {logging_mixin.py:188} INFO - [2026-05-14T00:00:53.504+0000] {dagbag.py:545} INFO - Filling up the DagBag from /workspaces/Airflow_project/airflow_env/lib/python3.12/site-packages/airflow/example_dags/example_kubernetes_executor.py
[2026-05-14T00:00:53.507+0000] {logging_mixin.py:188} INFO - [2026-05-14T00:00:53.507+0000] {example_kubernetes_executor.py:39} WARNING - The example_kubernetes_executor example DAG requires the kubernetes provider. Please install it with: pip install apache-airflow[cncf.kubernetes]
[2026-05-14T00:00:53.507+0000] {processor.py:842} WARNING - No viable dags retrieved from /workspaces/Airflow_project/airflow_env/lib/python3.12/site-packages/airflow/example_dags/example_kubernetes_executor.py
[2026-05-14T00:00:53.515+0000] {processor.py:183} INFO - Processing /workspaces/Airflow_project/airflow_env/lib/python3.12/site-packages/airflow/example_dags/example_kubernetes_executor.py took 0.016 seconds
[2026-05-14T00:01:46.932+0000] {processor.py:161} INFO - Started process (PID=97047) to work on /workspaces/Airflow_project/airflow_env/lib/python3.12/site-packages/airflow/example_dags/example_kubernetes_executor.py
[2026-05-14T00:01:46.932+0000] {processor.py:830} INFO - Processing file /workspaces/Airflow_project/airflow_env/lib/python3.12/site-packages/airflow/example_dags/example_kubernetes_executor.py for tasks to queue
[2026-05-14T00:01:46.933+0000] {logging_mixin.py:188} INFO - [2026-05-14T00:01:46.933+0000] {dagbag.py:545} INFO - Filling up the DagBag from /workspaces/Airflow_project/airflow_env/lib/python3.12/site-packages/airflow/example_dags/example_kubernetes_executor.py
[2026-05-14T00:01:46.935+0000] {logging_mixin.py:188} INFO - [2026-05-14T00:01:46.935+0000] {example_kubernetes_executor.py:39} WARNING - The example_kubernetes_executor example DAG requires the kubernetes provider. Please install it with: pip install apache-airflow[cncf.kubernetes]
[2026-05-14T00:01:46.935+0000] {processor.py:842} WARNING - No viable dags retrieved from /workspaces/Airflow_project/airflow_env/lib/python3.12/site-packages/airflow/example_dags/example_kubernetes_executor.py
[2026-05-14T00:01:46.945+0000] {processor.py:183} INFO - Processing /workspaces/Airflow_project/airflow_env/lib/python3.12/site-packages/airflow/example_dags/example_kubernetes_executor.py took 0.018 seconds
[2026-05-14T00:02:51.179+0000] {processor.py:161} INFO - Started process (PID=97577) to work on /workspaces/Airflow_project/airflow_env/lib/python3.12/site-packages/airflow/example_dags/example_kubernetes_executor.py
[2026-05-14T00:02:51.180+0000] {processor.py:830} INFO - Processing file /workspaces/Airflow_project/airflow_env/lib/python3.12/site-packages/airflow/example_dags/example_kubernetes_executor.py for tasks to queue
[2026-05-14T00:02:51.181+0000] {logging_mixin.py:188} INFO - [2026-05-14T00:02:51.180+0000] {dagbag.py:545} INFO - Filling up the DagBag from /workspaces/Airflow_project/airflow_env/lib/python3.12/site-packages/airflow/example_dags/example_kubernetes_executor.py
[2026-05-14T00:02:51.183+0000] {logging_mixin.py:188} INFO - [2026-05-14T00:02:51.183+0000] {example_kubernetes_executor.py:39} WARNING - The example_kubernetes_executor example DAG requires the kubernetes provider. Please install it with: pip install apache-airflow[cncf.kubernetes]
[2026-05-14T00:02:51.183+0000] {processor.py:842} WARNING - No viable dags retrieved from /workspaces/Airflow_project/airflow_env/lib/python3.12/site-packages/airflow/example_dags/example_kubernetes_executor.py
[2026-05-14T00:02:51.195+0000] {processor.py:183} INFO - Processing /workspaces/Airflow_project/airflow_env/lib/python3.12/site-packages/airflow/example_dags/example_kubernetes_executor.py took 0.020 seconds
[2026-05-14T00:03:58.608+0000] {processor.py:161} INFO - Started process (PID=98111) to work on /workspaces/Airflow_project/airflow_env/lib/python3.12/site-packages/airflow/example_dags/example_kubernetes_executor.py
[2026-05-14T00:03:58.609+0000] {processor.py:830} INFO - Processing file /workspaces/Airflow_project/airflow_env/lib/python3.12/site-packages/airflow/example_dags/example_kubernetes_executor.py for tasks to queue
[2026-05-14T00:03:58.610+0000] {logging_mixin.py:188} INFO - [2026-05-14T00:03:58.609+0000] {dagbag.py:545} INFO - Filling up the DagBag from /workspaces/Airflow_project/airflow_env/lib/python3.12/site-packages/airflow/example_dags/example_kubernetes_executor.py
[2026-05-14T00:03:58.612+0000] {logging_mixin.py:188} INFO - [2026-05-14T00:03:58.612+0000] {example_kubernetes_executor.py:39} WARNING - The example_kubernetes_executor example DAG requires the kubernetes provider. Please install it with: pip install apache-airflow[cncf.kubernetes]
[2026-05-14T00:03:58.612+0000] {processor.py:842} WARNING - No viable dags retrieved from /workspaces/Airflow_project/airflow_env/lib/python3.12/site-packages/airflow/example_dags/example_kubernetes_executor.py
[2026-05-14T00:03:58.620+0000] {processor.py:183} INFO - Processing /workspaces/Airflow_project/airflow_env/lib/python3.12/site-packages/airflow/example_dags/example_kubernetes_executor.py took 0.016 seconds
[2026-05-14T00:04:47.060+0000] {processor.py:161} INFO - Started process (PID=98523) to work on /workspaces/Airflow_project/airflow_env/lib/python3.12/site-packages/airflow/example_dags/example_kubernetes_executor.py
[2026-05-14T00:04:47.061+0000] {processor.py:830} INFO - Processing file /workspaces/Airflow_project/airflow_env/lib/python3.12/site-packages/airflow/example_dags/example_kubernetes_executor.py for tasks to queue
[2026-05-14T00:04:47.061+0000] {logging_mixin.py:188} INFO - [2026-05-14T00:04:47.061+0000] {dagbag.py:545} INFO - Filling up the DagBag from /workspaces/Airflow_project/airflow_env/lib/python3.12/site-packages/airflow/example_dags/example_kubernetes_executor.py
[2026-05-14T00:04:47.063+0000] {logging_mixin.py:188} INFO - [2026-05-14T00:04:47.063+0000] {example_kubernetes_executor.py:39} WARNING - The example_kubernetes_executor example DAG requires the kubernetes provider. Please install it with: pip install apache-airflow[cncf.kubernetes]
[2026-05-14T00:04:47.064+0000] {processor.py:842} WARNING - No viable dags retrieved from /workspaces/Airflow_project/airflow_env/lib/python3.12/site-packages/airflow/example_dags/example_kubernetes_executor.py
[2026-05-14T00:04:47.073+0000] {processor.py:183} INFO - Processing /workspaces/Airflow_project/airflow_env/lib/python3.12/site-packages/airflow/example_dags/example_kubernetes_executor.py took 0.018 seconds
[2026-05-14T00:05:54.809+0000] {processor.py:161} INFO - Started process (PID=99051) to work on /workspaces/Airflow_project/airflow_env/lib/python3.12/site-packages/airflow/example_dags/example_kubernetes_executor.py
[2026-05-14T00:05:54.810+0000] {processor.py:830} INFO - Processing file /workspaces/Airflow_project/airflow_env/lib/python3.12/site-packages/airflow/example_dags/example_kubernetes_executor.py for tasks to queue
[2026-05-14T00:05:54.810+0000] {logging_mixin.py:188} INFO - [2026-05-14T00:05:54.810+0000] {dagbag.py:545} INFO - Filling up the DagBag from /workspaces/Airflow_project/airflow_env/lib/python3.12/site-packages/airflow/example_dags/example_kubernetes_executor.py
[2026-05-14T00:05:54.812+0000] {logging_mixin.py:188} INFO - [2026-05-14T00:05:54.812+0000] {example_kubernetes_executor.py:39} WARNING - The example_kubernetes_executor example DAG requires the kubernetes provider. Please install it with: pip install apache-airflow[cncf.kubernetes]
[2026-05-14T00:05:54.812+0000] {processor.py:842} WARNING - No viable dags retrieved from /workspaces/Airflow_project/airflow_env/lib/python3.12/site-packages/airflow/example_dags/example_kubernetes_executor.py
[2026-05-14T00:05:54.820+0000] {processor.py:183} INFO - Processing /workspaces/Airflow_project/airflow_env/lib/python3.12/site-packages/airflow/example_dags/example_kubernetes_executor.py took 0.016 seconds
[2026-05-14T00:07:00.180+0000] {processor.py:161} INFO - Started process (PID=99599) to work on /workspaces/Airflow_project/airflow_env/lib/python3.12/site-packages/airflow/example_dags/example_kubernetes_executor.py
[2026-05-14T00:07:00.180+0000] {processor.py:830} INFO - Processing file /workspaces/Airflow_project/airflow_env/lib/python3.12/site-packages/airflow/example_dags/example_kubernetes_executor.py for tasks to queue
[2026-05-14T00:07:00.181+0000] {logging_mixin.py:188} INFO - [2026-05-14T00:07:00.181+0000] {dagbag.py:545} INFO - Filling up the DagBag from /workspaces/Airflow_project/airflow_env/lib/python3.12/site-packages/airflow/example_dags/example_kubernetes_executor.py
[2026-05-14T00:07:00.183+0000] {logging_mixin.py:188} INFO - [2026-05-14T00:07:00.183+0000] {example_kubernetes_executor.py:39} WARNING - The example_kubernetes_executor example DAG requires the kubernetes provider. Please install it with: pip install apache-airflow[cncf.kubernetes]
[2026-05-14T00:07:00.183+0000] {processor.py:842} WARNING - No viable dags retrieved from /workspaces/Airflow_project/airflow_env/lib/python3.12/site-packages/airflow/example_dags/example_kubernetes_executor.py
[2026-05-14T00:07:00.193+0000] {processor.py:183} INFO - Processing /workspaces/Airflow_project/airflow_env/lib/python3.12/site-packages/airflow/example_dags/example_kubernetes_executor.py took 0.018 seconds
[2026-05-14T00:08:08.245+0000] {processor.py:161} INFO - Started process (PID=100124) to work on /workspaces/Airflow_project/airflow_env/lib/python3.12/site-packages/airflow/example_dags/example_kubernetes_executor.py
[2026-05-14T00:08:08.246+0000] {processor.py:830} INFO - Processing file /workspaces/Airflow_project/airflow_env/lib/python3.12/site-packages/airflow/example_dags/example_kubernetes_executor.py for tasks to queue
[2026-05-14T00:08:08.246+0000] {logging_mixin.py:188} INFO - [2026-05-14T00:08:08.246+0000] {dagbag.py:545} INFO - Filling up the DagBag from /workspaces/Airflow_project/airflow_env/lib/python3.12/site-packages/airflow/example_dags/example_kubernetes_executor.py
[2026-05-14T00:08:08.249+0000] {logging_mixin.py:188} INFO - [2026-05-14T00:08:08.249+0000] {example_kubernetes_executor.py:39} WARNING - The example_kubernetes_executor example DAG requires the kubernetes provider. Please install it with: pip install apache-airflow[cncf.kubernetes]
[2026-05-14T00:08:08.249+0000] {processor.py:842} WARNING - No viable dags retrieved from /workspaces/Airflow_project/airflow_env/lib/python3.12/site-packages/airflow/example_dags/example_kubernetes_executor.py
[2026-05-14T00:08:08.259+0000] {processor.py:183} INFO - Processing /workspaces/Airflow_project/airflow_env/lib/python3.12/site-packages/airflow/example_dags/example_kubernetes_executor.py took 0.020 seconds
[2026-05-14T00:09:14.943+0000] {processor.py:161} INFO - Started process (PID=101104) to work on /workspaces/Airflow_project/airflow_env/lib/python3.12/site-packages/airflow/example_dags/example_kubernetes_executor.py
[2026-05-14T00:09:14.944+0000] {processor.py:830} INFO - Processing file /workspaces/Airflow_project/airflow_env/lib/python3.12/site-packages/airflow/example_dags/example_kubernetes_executor.py for tasks to queue
[2026-05-14T00:09:14.945+0000] {logging_mixin.py:188} INFO - [2026-05-14T00:09:14.944+0000] {dagbag.py:545} INFO - Filling up the DagBag from /workspaces/Airflow_project/airflow_env/lib/python3.12/site-packages/airflow/example_dags/example_kubernetes_executor.py
[2026-05-14T00:09:14.948+0000] {logging_mixin.py:188} INFO - [2026-05-14T00:09:14.947+0000] {example_kubernetes_executor.py:39} WARNING - The example_kubernetes_executor example DAG requires the kubernetes provider. Please install it with: pip install apache-airflow[cncf.kubernetes]
[2026-05-14T00:09:14.948+0000] {processor.py:842} WARNING - No viable dags retrieved from /workspaces/Airflow_project/airflow_env/lib/python3.12/site-packages/airflow/example_dags/example_kubernetes_executor.py
[2026-05-14T00:09:14.958+0000] {processor.py:183} INFO - Processing /workspaces/Airflow_project/airflow_env/lib/python3.12/site-packages/airflow/example_dags/example_kubernetes_executor.py took 0.023 seconds
