[2026-05-14T00:00:58.733+0000] {processor.py:161} INFO - Started process (PID=96666) to work on /workspaces/Airflow_project/airflow_env/lib/python3.12/site-packages/airflow/example_dags/example_branch_python_dop_operator_3.py
[2026-05-14T00:00:58.734+0000] {processor.py:830} INFO - Processing file /workspaces/Airflow_project/airflow_env/lib/python3.12/site-packages/airflow/example_dags/example_branch_python_dop_operator_3.py for tasks to queue
[2026-05-14T00:00:58.734+0000] {logging_mixin.py:188} INFO - [2026-05-14T00:00:58.734+0000] {dagbag.py:545} INFO - Filling up the DagBag from /workspaces/Airflow_project/airflow_env/lib/python3.12/site-packages/airflow/example_dags/example_branch_python_dop_operator_3.py
[2026-05-14T00:00:58.741+0000] {processor.py:840} INFO - DAG(s) 'example_branch_dop_operator_v3' retrieved from /workspaces/Airflow_project/airflow_env/lib/python3.12/site-packages/airflow/example_dags/example_branch_python_dop_operator_3.py
[2026-05-14T00:00:58.754+0000] {logging_mixin.py:188} INFO - [2026-05-14T00:00:58.754+0000] {dag.py:3089} INFO - Sync 1 DAGs
[2026-05-14T00:00:58.769+0000] {logging_mixin.py:188} INFO - [2026-05-14T00:00:58.769+0000] {dag.py:3947} INFO - Setting next_dagrun for example_branch_dop_operator_v3 to 2026-05-13 23:59:00+00:00, run_after=2026-05-14 00:00:00+00:00
[2026-05-14T00:00:58.785+0000] {processor.py:183} INFO - Processing /workspaces/Airflow_project/airflow_env/lib/python3.12/site-packages/airflow/example_dags/example_branch_python_dop_operator_3.py took 0.057 seconds
[2026-05-14T00:02:04.321+0000] {processor.py:161} INFO - Started process (PID=97220) to work on /workspaces/Airflow_project/airflow_env/lib/python3.12/site-packages/airflow/example_dags/example_branch_python_dop_operator_3.py
[2026-05-14T00:02:04.322+0000] {processor.py:830} INFO - Processing file /workspaces/Airflow_project/airflow_env/lib/python3.12/site-packages/airflow/example_dags/example_branch_python_dop_operator_3.py for tasks to queue
[2026-05-14T00:02:04.323+0000] {logging_mixin.py:188} INFO - [2026-05-14T00:02:04.322+0000] {dagbag.py:545} INFO - Filling up the DagBag from /workspaces/Airflow_project/airflow_env/lib/python3.12/site-packages/airflow/example_dags/example_branch_python_dop_operator_3.py
[2026-05-14T00:02:04.329+0000] {processor.py:840} INFO - DAG(s) 'example_branch_dop_operator_v3' retrieved from /workspaces/Airflow_project/airflow_env/lib/python3.12/site-packages/airflow/example_dags/example_branch_python_dop_operator_3.py
[2026-05-14T00:02:04.342+0000] {logging_mixin.py:188} INFO - [2026-05-14T00:02:04.341+0000] {dag.py:3089} INFO - Sync 1 DAGs
[2026-05-14T00:02:04.360+0000] {logging_mixin.py:188} INFO - [2026-05-14T00:02:04.360+0000] {dag.py:3947} INFO - Setting next_dagrun for example_branch_dop_operator_v3 to 2026-05-14 00:01:00+00:00, run_after=2026-05-14 00:02:00+00:00
[2026-05-14T00:02:04.375+0000] {processor.py:183} INFO - Processing /workspaces/Airflow_project/airflow_env/lib/python3.12/site-packages/airflow/example_dags/example_branch_python_dop_operator_3.py took 0.058 seconds
[2026-05-14T00:03:09.774+0000] {processor.py:161} INFO - Started process (PID=97724) to work on /workspaces/Airflow_project/airflow_env/lib/python3.12/site-packages/airflow/example_dags/example_branch_python_dop_operator_3.py
[2026-05-14T00:03:09.775+0000] {processor.py:830} INFO - Processing file /workspaces/Airflow_project/airflow_env/lib/python3.12/site-packages/airflow/example_dags/example_branch_python_dop_operator_3.py for tasks to queue
[2026-05-14T00:03:09.775+0000] {logging_mixin.py:188} INFO - [2026-05-14T00:03:09.775+0000] {dagbag.py:545} INFO - Filling up the DagBag from /workspaces/Airflow_project/airflow_env/lib/python3.12/site-packages/airflow/example_dags/example_branch_python_dop_operator_3.py
[2026-05-14T00:03:09.781+0000] {processor.py:840} INFO - DAG(s) 'example_branch_dop_operator_v3' retrieved from /workspaces/Airflow_project/airflow_env/lib/python3.12/site-packages/airflow/example_dags/example_branch_python_dop_operator_3.py
[2026-05-14T00:03:09.794+0000] {logging_mixin.py:188} INFO - [2026-05-14T00:03:09.794+0000] {dag.py:3089} INFO - Sync 1 DAGs
[2026-05-14T00:03:09.807+0000] {logging_mixin.py:188} INFO - [2026-05-14T00:03:09.807+0000] {dag.py:3947} INFO - Setting next_dagrun for example_branch_dop_operator_v3 to 2026-05-14 00:02:00+00:00, run_after=2026-05-14 00:03:00+00:00
[2026-05-14T00:03:09.823+0000] {processor.py:183} INFO - Processing /workspaces/Airflow_project/airflow_env/lib/python3.12/site-packages/airflow/example_dags/example_branch_python_dop_operator_3.py took 0.053 seconds
[2026-05-14T00:04:22.596+0000] {processor.py:161} INFO - Started process (PID=98287) to work on /workspaces/Airflow_project/airflow_env/lib/python3.12/site-packages/airflow/example_dags/example_branch_python_dop_operator_3.py
[2026-05-14T00:04:22.597+0000] {processor.py:830} INFO - Processing file /workspaces/Airflow_project/airflow_env/lib/python3.12/site-packages/airflow/example_dags/example_branch_python_dop_operator_3.py for tasks to queue
[2026-05-14T00:04:22.598+0000] {logging_mixin.py:188} INFO - [2026-05-14T00:04:22.597+0000] {dagbag.py:545} INFO - Filling up the DagBag from /workspaces/Airflow_project/airflow_env/lib/python3.12/site-packages/airflow/example_dags/example_branch_python_dop_operator_3.py
[2026-05-14T00:04:22.604+0000] {processor.py:840} INFO - DAG(s) 'example_branch_dop_operator_v3' retrieved from /workspaces/Airflow_project/airflow_env/lib/python3.12/site-packages/airflow/example_dags/example_branch_python_dop_operator_3.py
[2026-05-14T00:04:22.615+0000] {logging_mixin.py:188} INFO - [2026-05-14T00:04:22.615+0000] {dag.py:3089} INFO - Sync 1 DAGs
[2026-05-14T00:04:22.629+0000] {logging_mixin.py:188} INFO - [2026-05-14T00:04:22.628+0000] {dag.py:3947} INFO - Setting next_dagrun for example_branch_dop_operator_v3 to 2026-05-14 00:03:00+00:00, run_after=2026-05-14 00:04:00+00:00
[2026-05-14T00:04:22.646+0000] {processor.py:183} INFO - Processing /workspaces/Airflow_project/airflow_env/lib/python3.12/site-packages/airflow/example_dags/example_branch_python_dop_operator_3.py took 0.055 seconds
[2026-05-14T00:05:14.770+0000] {processor.py:161} INFO - Started process (PID=98737) to work on /workspaces/Airflow_project/airflow_env/lib/python3.12/site-packages/airflow/example_dags/example_branch_python_dop_operator_3.py
[2026-05-14T00:05:14.771+0000] {processor.py:830} INFO - Processing file /workspaces/Airflow_project/airflow_env/lib/python3.12/site-packages/airflow/example_dags/example_branch_python_dop_operator_3.py for tasks to queue
[2026-05-14T00:05:14.772+0000] {logging_mixin.py:188} INFO - [2026-05-14T00:05:14.771+0000] {dagbag.py:545} INFO - Filling up the DagBag from /workspaces/Airflow_project/airflow_env/lib/python3.12/site-packages/airflow/example_dags/example_branch_python_dop_operator_3.py
[2026-05-14T00:05:14.778+0000] {processor.py:840} INFO - DAG(s) 'example_branch_dop_operator_v3' retrieved from /workspaces/Airflow_project/airflow_env/lib/python3.12/site-packages/airflow/example_dags/example_branch_python_dop_operator_3.py
[2026-05-14T00:05:14.790+0000] {logging_mixin.py:188} INFO - [2026-05-14T00:05:14.790+0000] {dag.py:3089} INFO - Sync 1 DAGs
[2026-05-14T00:05:14.804+0000] {logging_mixin.py:188} INFO - [2026-05-14T00:05:14.804+0000] {dag.py:3947} INFO - Setting next_dagrun for example_branch_dop_operator_v3 to 2026-05-14 00:04:00+00:00, run_after=2026-05-14 00:05:00+00:00
[2026-05-14T00:05:14.818+0000] {processor.py:183} INFO - Processing /workspaces/Airflow_project/airflow_env/lib/python3.12/site-packages/airflow/example_dags/example_branch_python_dop_operator_3.py took 0.053 seconds
[2026-05-14T00:06:17.674+0000] {processor.py:161} INFO - Started process (PID=99226) to work on /workspaces/Airflow_project/airflow_env/lib/python3.12/site-packages/airflow/example_dags/example_branch_python_dop_operator_3.py
[2026-05-14T00:06:17.675+0000] {processor.py:830} INFO - Processing file /workspaces/Airflow_project/airflow_env/lib/python3.12/site-packages/airflow/example_dags/example_branch_python_dop_operator_3.py for tasks to queue
[2026-05-14T00:06:17.676+0000] {logging_mixin.py:188} INFO - [2026-05-14T00:06:17.675+0000] {dagbag.py:545} INFO - Filling up the DagBag from /workspaces/Airflow_project/airflow_env/lib/python3.12/site-packages/airflow/example_dags/example_branch_python_dop_operator_3.py
[2026-05-14T00:06:17.682+0000] {processor.py:840} INFO - DAG(s) 'example_branch_dop_operator_v3' retrieved from /workspaces/Airflow_project/airflow_env/lib/python3.12/site-packages/airflow/example_dags/example_branch_python_dop_operator_3.py
[2026-05-14T00:06:17.694+0000] {logging_mixin.py:188} INFO - [2026-05-14T00:06:17.694+0000] {dag.py:3089} INFO - Sync 1 DAGs
[2026-05-14T00:06:17.707+0000] {logging_mixin.py:188} INFO - [2026-05-14T00:06:17.707+0000] {dag.py:3947} INFO - Setting next_dagrun for example_branch_dop_operator_v3 to 2026-05-14 00:05:00+00:00, run_after=2026-05-14 00:06:00+00:00
[2026-05-14T00:06:17.722+0000] {processor.py:183} INFO - Processing /workspaces/Airflow_project/airflow_env/lib/python3.12/site-packages/airflow/example_dags/example_branch_python_dop_operator_3.py took 0.053 seconds
[2026-05-14T00:07:28.075+0000] {processor.py:161} INFO - Started process (PID=99804) to work on /workspaces/Airflow_project/airflow_env/lib/python3.12/site-packages/airflow/example_dags/example_branch_python_dop_operator_3.py
[2026-05-14T00:07:28.076+0000] {processor.py:830} INFO - Processing file /workspaces/Airflow_project/airflow_env/lib/python3.12/site-packages/airflow/example_dags/example_branch_python_dop_operator_3.py for tasks to queue
[2026-05-14T00:07:28.076+0000] {logging_mixin.py:188} INFO - [2026-05-14T00:07:28.076+0000] {dagbag.py:545} INFO - Filling up the DagBag from /workspaces/Airflow_project/airflow_env/lib/python3.12/site-packages/airflow/example_dags/example_branch_python_dop_operator_3.py
[2026-05-14T00:07:28.082+0000] {processor.py:840} INFO - DAG(s) 'example_branch_dop_operator_v3' retrieved from /workspaces/Airflow_project/airflow_env/lib/python3.12/site-packages/airflow/example_dags/example_branch_python_dop_operator_3.py
[2026-05-14T00:07:28.094+0000] {logging_mixin.py:188} INFO - [2026-05-14T00:07:28.094+0000] {dag.py:3089} INFO - Sync 1 DAGs
[2026-05-14T00:07:28.108+0000] {logging_mixin.py:188} INFO - [2026-05-14T00:07:28.108+0000] {dag.py:3947} INFO - Setting next_dagrun for example_branch_dop_operator_v3 to 2026-05-14 00:06:00+00:00, run_after=2026-05-14 00:07:00+00:00
[2026-05-14T00:07:28.123+0000] {processor.py:183} INFO - Processing /workspaces/Airflow_project/airflow_env/lib/python3.12/site-packages/airflow/example_dags/example_branch_python_dop_operator_3.py took 0.053 seconds
[2026-05-14T00:08:34.396+0000] {processor.py:161} INFO - Started process (PID=100339) to work on /workspaces/Airflow_project/airflow_env/lib/python3.12/site-packages/airflow/example_dags/example_branch_python_dop_operator_3.py
[2026-05-14T00:08:34.396+0000] {processor.py:830} INFO - Processing file /workspaces/Airflow_project/airflow_env/lib/python3.12/site-packages/airflow/example_dags/example_branch_python_dop_operator_3.py for tasks to queue
[2026-05-14T00:08:34.397+0000] {logging_mixin.py:188} INFO - [2026-05-14T00:08:34.397+0000] {dagbag.py:545} INFO - Filling up the DagBag from /workspaces/Airflow_project/airflow_env/lib/python3.12/site-packages/airflow/example_dags/example_branch_python_dop_operator_3.py
[2026-05-14T00:08:34.404+0000] {processor.py:840} INFO - DAG(s) 'example_branch_dop_operator_v3' retrieved from /workspaces/Airflow_project/airflow_env/lib/python3.12/site-packages/airflow/example_dags/example_branch_python_dop_operator_3.py
[2026-05-14T00:08:34.416+0000] {logging_mixin.py:188} INFO - [2026-05-14T00:08:34.416+0000] {dag.py:3089} INFO - Sync 1 DAGs
[2026-05-14T00:08:34.434+0000] {logging_mixin.py:188} INFO - [2026-05-14T00:08:34.433+0000] {dag.py:3947} INFO - Setting next_dagrun for example_branch_dop_operator_v3 to 2026-05-14 00:07:00+00:00, run_after=2026-05-14 00:08:00+00:00
[2026-05-14T00:08:34.452+0000] {processor.py:183} INFO - Processing /workspaces/Airflow_project/airflow_env/lib/python3.12/site-packages/airflow/example_dags/example_branch_python_dop_operator_3.py took 0.061 seconds
