[2026-05-14T00:00:00.067+0000] {processor.py:161} INFO - Started process (PID=96021) to work on /workspaces/Airflow_project/airflow_env/lib/python3.12/site-packages/airflow/example_dags/example_branch_operator.py
[2026-05-14T00:00:00.067+0000] {processor.py:830} INFO - Processing file /workspaces/Airflow_project/airflow_env/lib/python3.12/site-packages/airflow/example_dags/example_branch_operator.py for tasks to queue
[2026-05-14T00:00:00.068+0000] {logging_mixin.py:188} INFO - [2026-05-14T00:00:00.068+0000] {dagbag.py:545} INFO - Filling up the DagBag from /workspaces/Airflow_project/airflow_env/lib/python3.12/site-packages/airflow/example_dags/example_branch_operator.py
[2026-05-14T00:00:00.081+0000] {processor.py:840} INFO - DAG(s) 'example_branch_operator' retrieved from /workspaces/Airflow_project/airflow_env/lib/python3.12/site-packages/airflow/example_dags/example_branch_operator.py
[2026-05-14T00:00:00.099+0000] {logging_mixin.py:188} INFO - [2026-05-14T00:00:00.099+0000] {dag.py:3089} INFO - Sync 1 DAGs
[2026-05-14T00:00:00.133+0000] {logging_mixin.py:188} INFO - [2026-05-14T00:00:00.133+0000] {dag.py:3947} INFO - Setting next_dagrun for example_branch_operator to 2026-05-13 00:00:00+00:00, run_after=2026-05-14 00:00:00+00:00
[2026-05-14T00:00:00.159+0000] {processor.py:183} INFO - Processing /workspaces/Airflow_project/airflow_env/lib/python3.12/site-packages/airflow/example_dags/example_branch_operator.py took 0.097 seconds
[2026-05-14T00:01:00.275+0000] {processor.py:161} INFO - Started process (PID=96675) to work on /workspaces/Airflow_project/airflow_env/lib/python3.12/site-packages/airflow/example_dags/example_branch_operator.py
[2026-05-14T00:01:00.276+0000] {processor.py:830} INFO - Processing file /workspaces/Airflow_project/airflow_env/lib/python3.12/site-packages/airflow/example_dags/example_branch_operator.py for tasks to queue
[2026-05-14T00:01:00.277+0000] {logging_mixin.py:188} INFO - [2026-05-14T00:01:00.276+0000] {dagbag.py:545} INFO - Filling up the DagBag from /workspaces/Airflow_project/airflow_env/lib/python3.12/site-packages/airflow/example_dags/example_branch_operator.py
[2026-05-14T00:01:00.293+0000] {processor.py:840} INFO - DAG(s) 'example_branch_operator' retrieved from /workspaces/Airflow_project/airflow_env/lib/python3.12/site-packages/airflow/example_dags/example_branch_operator.py
[2026-05-14T00:01:00.310+0000] {logging_mixin.py:188} INFO - [2026-05-14T00:01:00.310+0000] {dag.py:3089} INFO - Sync 1 DAGs
[2026-05-14T00:01:00.322+0000] {logging_mixin.py:188} INFO - [2026-05-14T00:01:00.322+0000] {dag.py:3947} INFO - Setting next_dagrun for example_branch_operator to 2026-05-13 00:00:00+00:00, run_after=2026-05-14 00:00:00+00:00
[2026-05-14T00:01:00.337+0000] {processor.py:183} INFO - Processing /workspaces/Airflow_project/airflow_env/lib/python3.12/site-packages/airflow/example_dags/example_branch_operator.py took 0.066 seconds
[2026-05-14T00:02:06.238+0000] {processor.py:161} INFO - Started process (PID=97230) to work on /workspaces/Airflow_project/airflow_env/lib/python3.12/site-packages/airflow/example_dags/example_branch_operator.py
[2026-05-14T00:02:06.239+0000] {processor.py:830} INFO - Processing file /workspaces/Airflow_project/airflow_env/lib/python3.12/site-packages/airflow/example_dags/example_branch_operator.py for tasks to queue
[2026-05-14T00:02:06.240+0000] {logging_mixin.py:188} INFO - [2026-05-14T00:02:06.239+0000] {dagbag.py:545} INFO - Filling up the DagBag from /workspaces/Airflow_project/airflow_env/lib/python3.12/site-packages/airflow/example_dags/example_branch_operator.py
[2026-05-14T00:02:06.255+0000] {processor.py:840} INFO - DAG(s) 'example_branch_operator' retrieved from /workspaces/Airflow_project/airflow_env/lib/python3.12/site-packages/airflow/example_dags/example_branch_operator.py
[2026-05-14T00:02:06.276+0000] {logging_mixin.py:188} INFO - [2026-05-14T00:02:06.276+0000] {dag.py:3089} INFO - Sync 1 DAGs
[2026-05-14T00:02:06.294+0000] {logging_mixin.py:188} INFO - [2026-05-14T00:02:06.294+0000] {dag.py:3947} INFO - Setting next_dagrun for example_branch_operator to 2026-05-13 00:00:00+00:00, run_after=2026-05-14 00:00:00+00:00
[2026-05-14T00:02:06.346+0000] {processor.py:183} INFO - Processing /workspaces/Airflow_project/airflow_env/lib/python3.12/site-packages/airflow/example_dags/example_branch_operator.py took 0.113 seconds
[2026-05-14T00:03:12.043+0000] {processor.py:161} INFO - Started process (PID=97734) to work on /workspaces/Airflow_project/airflow_env/lib/python3.12/site-packages/airflow/example_dags/example_branch_operator.py
[2026-05-14T00:03:12.044+0000] {processor.py:830} INFO - Processing file /workspaces/Airflow_project/airflow_env/lib/python3.12/site-packages/airflow/example_dags/example_branch_operator.py for tasks to queue
[2026-05-14T00:03:12.045+0000] {logging_mixin.py:188} INFO - [2026-05-14T00:03:12.044+0000] {dagbag.py:545} INFO - Filling up the DagBag from /workspaces/Airflow_project/airflow_env/lib/python3.12/site-packages/airflow/example_dags/example_branch_operator.py
[2026-05-14T00:03:12.061+0000] {processor.py:840} INFO - DAG(s) 'example_branch_operator' retrieved from /workspaces/Airflow_project/airflow_env/lib/python3.12/site-packages/airflow/example_dags/example_branch_operator.py
[2026-05-14T00:03:12.078+0000] {logging_mixin.py:188} INFO - [2026-05-14T00:03:12.078+0000] {dag.py:3089} INFO - Sync 1 DAGs
[2026-05-14T00:03:12.091+0000] {logging_mixin.py:188} INFO - [2026-05-14T00:03:12.090+0000] {dag.py:3947} INFO - Setting next_dagrun for example_branch_operator to 2026-05-13 00:00:00+00:00, run_after=2026-05-14 00:00:00+00:00
[2026-05-14T00:03:12.105+0000] {processor.py:183} INFO - Processing /workspaces/Airflow_project/airflow_env/lib/python3.12/site-packages/airflow/example_dags/example_branch_operator.py took 0.068 seconds
[2026-05-14T00:04:24.889+0000] {processor.py:161} INFO - Started process (PID=98309) to work on /workspaces/Airflow_project/airflow_env/lib/python3.12/site-packages/airflow/example_dags/example_branch_operator.py
[2026-05-14T00:04:24.890+0000] {processor.py:830} INFO - Processing file /workspaces/Airflow_project/airflow_env/lib/python3.12/site-packages/airflow/example_dags/example_branch_operator.py for tasks to queue
[2026-05-14T00:04:24.890+0000] {logging_mixin.py:188} INFO - [2026-05-14T00:04:24.890+0000] {dagbag.py:545} INFO - Filling up the DagBag from /workspaces/Airflow_project/airflow_env/lib/python3.12/site-packages/airflow/example_dags/example_branch_operator.py
[2026-05-14T00:04:24.903+0000] {processor.py:840} INFO - DAG(s) 'example_branch_operator' retrieved from /workspaces/Airflow_project/airflow_env/lib/python3.12/site-packages/airflow/example_dags/example_branch_operator.py
[2026-05-14T00:04:24.921+0000] {logging_mixin.py:188} INFO - [2026-05-14T00:04:24.920+0000] {dag.py:3089} INFO - Sync 1 DAGs
[2026-05-14T00:04:24.933+0000] {logging_mixin.py:188} INFO - [2026-05-14T00:04:24.933+0000] {dag.py:3947} INFO - Setting next_dagrun for example_branch_operator to 2026-05-13 00:00:00+00:00, run_after=2026-05-14 00:00:00+00:00
[2026-05-14T00:04:24.950+0000] {processor.py:183} INFO - Processing /workspaces/Airflow_project/airflow_env/lib/python3.12/site-packages/airflow/example_dags/example_branch_operator.py took 0.066 seconds
[2026-05-14T00:05:36.175+0000] {processor.py:161} INFO - Started process (PID=98903) to work on /workspaces/Airflow_project/airflow_env/lib/python3.12/site-packages/airflow/example_dags/example_branch_operator.py
[2026-05-14T00:05:36.175+0000] {processor.py:830} INFO - Processing file /workspaces/Airflow_project/airflow_env/lib/python3.12/site-packages/airflow/example_dags/example_branch_operator.py for tasks to queue
[2026-05-14T00:05:36.176+0000] {logging_mixin.py:188} INFO - [2026-05-14T00:05:36.176+0000] {dagbag.py:545} INFO - Filling up the DagBag from /workspaces/Airflow_project/airflow_env/lib/python3.12/site-packages/airflow/example_dags/example_branch_operator.py
[2026-05-14T00:05:36.189+0000] {processor.py:840} INFO - DAG(s) 'example_branch_operator' retrieved from /workspaces/Airflow_project/airflow_env/lib/python3.12/site-packages/airflow/example_dags/example_branch_operator.py
[2026-05-14T00:05:36.207+0000] {logging_mixin.py:188} INFO - [2026-05-14T00:05:36.206+0000] {dag.py:3089} INFO - Sync 1 DAGs
[2026-05-14T00:05:36.219+0000] {logging_mixin.py:188} INFO - [2026-05-14T00:05:36.219+0000] {dag.py:3947} INFO - Setting next_dagrun for example_branch_operator to 2026-05-13 00:00:00+00:00, run_after=2026-05-14 00:00:00+00:00
[2026-05-14T00:05:36.233+0000] {processor.py:183} INFO - Processing /workspaces/Airflow_project/airflow_env/lib/python3.12/site-packages/airflow/example_dags/example_branch_operator.py took 0.063 seconds
[2026-05-14T00:06:37.309+0000] {processor.py:161} INFO - Started process (PID=99380) to work on /workspaces/Airflow_project/airflow_env/lib/python3.12/site-packages/airflow/example_dags/example_branch_operator.py
[2026-05-14T00:06:37.310+0000] {processor.py:830} INFO - Processing file /workspaces/Airflow_project/airflow_env/lib/python3.12/site-packages/airflow/example_dags/example_branch_operator.py for tasks to queue
[2026-05-14T00:06:37.311+0000] {logging_mixin.py:188} INFO - [2026-05-14T00:06:37.310+0000] {dagbag.py:545} INFO - Filling up the DagBag from /workspaces/Airflow_project/airflow_env/lib/python3.12/site-packages/airflow/example_dags/example_branch_operator.py
[2026-05-14T00:06:37.323+0000] {processor.py:840} INFO - DAG(s) 'example_branch_operator' retrieved from /workspaces/Airflow_project/airflow_env/lib/python3.12/site-packages/airflow/example_dags/example_branch_operator.py
[2026-05-14T00:06:37.342+0000] {logging_mixin.py:188} INFO - [2026-05-14T00:06:37.342+0000] {dag.py:3089} INFO - Sync 1 DAGs
[2026-05-14T00:06:37.358+0000] {logging_mixin.py:188} INFO - [2026-05-14T00:06:37.358+0000] {dag.py:3947} INFO - Setting next_dagrun for example_branch_operator to 2026-05-13 00:00:00+00:00, run_after=2026-05-14 00:00:00+00:00
[2026-05-14T00:06:37.374+0000] {processor.py:183} INFO - Processing /workspaces/Airflow_project/airflow_env/lib/python3.12/site-packages/airflow/example_dags/example_branch_operator.py took 0.069 seconds
[2026-05-14T00:07:48.664+0000] {processor.py:161} INFO - Started process (PID=99978) to work on /workspaces/Airflow_project/airflow_env/lib/python3.12/site-packages/airflow/example_dags/example_branch_operator.py
[2026-05-14T00:07:48.664+0000] {processor.py:830} INFO - Processing file /workspaces/Airflow_project/airflow_env/lib/python3.12/site-packages/airflow/example_dags/example_branch_operator.py for tasks to queue
[2026-05-14T00:07:48.665+0000] {logging_mixin.py:188} INFO - [2026-05-14T00:07:48.665+0000] {dagbag.py:545} INFO - Filling up the DagBag from /workspaces/Airflow_project/airflow_env/lib/python3.12/site-packages/airflow/example_dags/example_branch_operator.py
[2026-05-14T00:07:48.679+0000] {processor.py:840} INFO - DAG(s) 'example_branch_operator' retrieved from /workspaces/Airflow_project/airflow_env/lib/python3.12/site-packages/airflow/example_dags/example_branch_operator.py
[2026-05-14T00:07:48.696+0000] {logging_mixin.py:188} INFO - [2026-05-14T00:07:48.696+0000] {dag.py:3089} INFO - Sync 1 DAGs
[2026-05-14T00:07:48.708+0000] {logging_mixin.py:188} INFO - [2026-05-14T00:07:48.708+0000] {dag.py:3947} INFO - Setting next_dagrun for example_branch_operator to 2026-05-13 00:00:00+00:00, run_after=2026-05-14 00:00:00+00:00
[2026-05-14T00:07:48.723+0000] {processor.py:183} INFO - Processing /workspaces/Airflow_project/airflow_env/lib/python3.12/site-packages/airflow/example_dags/example_branch_operator.py took 0.064 seconds
[2026-05-14T00:08:54.876+0000] {processor.py:161} INFO - Started process (PID=100503) to work on /workspaces/Airflow_project/airflow_env/lib/python3.12/site-packages/airflow/example_dags/example_branch_operator.py
[2026-05-14T00:08:54.876+0000] {processor.py:830} INFO - Processing file /workspaces/Airflow_project/airflow_env/lib/python3.12/site-packages/airflow/example_dags/example_branch_operator.py for tasks to queue
[2026-05-14T00:08:54.877+0000] {logging_mixin.py:188} INFO - [2026-05-14T00:08:54.877+0000] {dagbag.py:545} INFO - Filling up the DagBag from /workspaces/Airflow_project/airflow_env/lib/python3.12/site-packages/airflow/example_dags/example_branch_operator.py
[2026-05-14T00:08:54.890+0000] {processor.py:840} INFO - DAG(s) 'example_branch_operator' retrieved from /workspaces/Airflow_project/airflow_env/lib/python3.12/site-packages/airflow/example_dags/example_branch_operator.py
[2026-05-14T00:08:54.908+0000] {logging_mixin.py:188} INFO - [2026-05-14T00:08:54.907+0000] {dag.py:3089} INFO - Sync 1 DAGs
[2026-05-14T00:08:54.920+0000] {logging_mixin.py:188} INFO - [2026-05-14T00:08:54.920+0000] {dag.py:3947} INFO - Setting next_dagrun for example_branch_operator to 2026-05-13 00:00:00+00:00, run_after=2026-05-14 00:00:00+00:00
[2026-05-14T00:08:54.935+0000] {processor.py:183} INFO - Processing /workspaces/Airflow_project/airflow_env/lib/python3.12/site-packages/airflow/example_dags/example_branch_operator.py took 0.064 seconds
