[2026-05-14T00:00:30.204+0000] {processor.py:161} INFO - Started process (PID=96433) to work on /workspaces/Airflow_project/airflow_env/lib/python3.12/site-packages/airflow/example_dags/example_branch_datetime_operator.py
[2026-05-14T00:00:30.205+0000] {processor.py:830} INFO - Processing file /workspaces/Airflow_project/airflow_env/lib/python3.12/site-packages/airflow/example_dags/example_branch_datetime_operator.py for tasks to queue
[2026-05-14T00:00:30.206+0000] {logging_mixin.py:188} INFO - [2026-05-14T00:00:30.205+0000] {dagbag.py:545} INFO - Filling up the DagBag from /workspaces/Airflow_project/airflow_env/lib/python3.12/site-packages/airflow/example_dags/example_branch_datetime_operator.py
[2026-05-14T00:00:30.213+0000] {processor.py:840} INFO - DAG(s) 'example_branch_datetime_operator_3', 'example_branch_datetime_operator_2', 'example_branch_datetime_operator' retrieved from /workspaces/Airflow_project/airflow_env/lib/python3.12/site-packages/airflow/example_dags/example_branch_datetime_operator.py
[2026-05-14T00:00:30.229+0000] {logging_mixin.py:188} INFO - [2026-05-14T00:00:30.229+0000] {dag.py:3089} INFO - Sync 3 DAGs
[2026-05-14T00:00:30.243+0000] {logging_mixin.py:188} INFO - [2026-05-14T00:00:30.243+0000] {dag.py:3947} INFO - Setting next_dagrun for example_branch_datetime_operator to 2026-05-13 00:00:00+00:00, run_after=2026-05-14 00:00:00+00:00
[2026-05-14T00:00:30.247+0000] {logging_mixin.py:188} INFO - [2026-05-14T00:00:30.246+0000] {dag.py:3947} INFO - Setting next_dagrun for example_branch_datetime_operator_2 to 2026-05-13 00:00:00+00:00, run_after=2026-05-14 00:00:00+00:00
[2026-05-14T00:00:30.248+0000] {logging_mixin.py:188} INFO - [2026-05-14T00:00:30.248+0000] {dag.py:3947} INFO - Setting next_dagrun for example_branch_datetime_operator_3 to 2026-05-13 00:00:00+00:00, run_after=2026-05-14 00:00:00+00:00
[2026-05-14T00:00:30.264+0000] {processor.py:183} INFO - Processing /workspaces/Airflow_project/airflow_env/lib/python3.12/site-packages/airflow/example_dags/example_branch_datetime_operator.py took 0.067 seconds
[2026-05-14T00:01:23.238+0000] {processor.py:161} INFO - Started process (PID=96871) to work on /workspaces/Airflow_project/airflow_env/lib/python3.12/site-packages/airflow/example_dags/example_branch_datetime_operator.py
[2026-05-14T00:01:23.239+0000] {processor.py:830} INFO - Processing file /workspaces/Airflow_project/airflow_env/lib/python3.12/site-packages/airflow/example_dags/example_branch_datetime_operator.py for tasks to queue
[2026-05-14T00:01:23.240+0000] {logging_mixin.py:188} INFO - [2026-05-14T00:01:23.239+0000] {dagbag.py:545} INFO - Filling up the DagBag from /workspaces/Airflow_project/airflow_env/lib/python3.12/site-packages/airflow/example_dags/example_branch_datetime_operator.py
[2026-05-14T00:01:23.248+0000] {processor.py:840} INFO - DAG(s) 'example_branch_datetime_operator', 'example_branch_datetime_operator_2', 'example_branch_datetime_operator_3' retrieved from /workspaces/Airflow_project/airflow_env/lib/python3.12/site-packages/airflow/example_dags/example_branch_datetime_operator.py
[2026-05-14T00:01:23.268+0000] {logging_mixin.py:188} INFO - [2026-05-14T00:01:23.267+0000] {dag.py:3089} INFO - Sync 3 DAGs
[2026-05-14T00:01:23.280+0000] {logging_mixin.py:188} INFO - [2026-05-14T00:01:23.280+0000] {dag.py:3947} INFO - Setting next_dagrun for example_branch_datetime_operator to 2026-05-13 00:00:00+00:00, run_after=2026-05-14 00:00:00+00:00
[2026-05-14T00:01:23.283+0000] {logging_mixin.py:188} INFO - [2026-05-14T00:01:23.283+0000] {dag.py:3947} INFO - Setting next_dagrun for example_branch_datetime_operator_2 to 2026-05-13 00:00:00+00:00, run_after=2026-05-14 00:00:00+00:00
[2026-05-14T00:01:23.285+0000] {logging_mixin.py:188} INFO - [2026-05-14T00:01:23.285+0000] {dag.py:3947} INFO - Setting next_dagrun for example_branch_datetime_operator_3 to 2026-05-13 00:00:00+00:00, run_after=2026-05-14 00:00:00+00:00
[2026-05-14T00:01:23.309+0000] {processor.py:183} INFO - Processing /workspaces/Airflow_project/airflow_env/lib/python3.12/site-packages/airflow/example_dags/example_branch_datetime_operator.py took 0.076 seconds
[2026-05-14T00:02:29.183+0000] {processor.py:161} INFO - Started process (PID=97409) to work on /workspaces/Airflow_project/airflow_env/lib/python3.12/site-packages/airflow/example_dags/example_branch_datetime_operator.py
[2026-05-14T00:02:29.184+0000] {processor.py:830} INFO - Processing file /workspaces/Airflow_project/airflow_env/lib/python3.12/site-packages/airflow/example_dags/example_branch_datetime_operator.py for tasks to queue
[2026-05-14T00:02:29.185+0000] {logging_mixin.py:188} INFO - [2026-05-14T00:02:29.184+0000] {dagbag.py:545} INFO - Filling up the DagBag from /workspaces/Airflow_project/airflow_env/lib/python3.12/site-packages/airflow/example_dags/example_branch_datetime_operator.py
[2026-05-14T00:02:29.192+0000] {processor.py:840} INFO - DAG(s) 'example_branch_datetime_operator', 'example_branch_datetime_operator_2', 'example_branch_datetime_operator_3' retrieved from /workspaces/Airflow_project/airflow_env/lib/python3.12/site-packages/airflow/example_dags/example_branch_datetime_operator.py
[2026-05-14T00:02:29.215+0000] {logging_mixin.py:188} INFO - [2026-05-14T00:02:29.215+0000] {dag.py:3089} INFO - Sync 3 DAGs
[2026-05-14T00:02:29.232+0000] {logging_mixin.py:188} INFO - [2026-05-14T00:02:29.232+0000] {dag.py:3947} INFO - Setting next_dagrun for example_branch_datetime_operator to 2026-05-13 00:00:00+00:00, run_after=2026-05-14 00:00:00+00:00
[2026-05-14T00:02:29.236+0000] {logging_mixin.py:188} INFO - [2026-05-14T00:02:29.236+0000] {dag.py:3947} INFO - Setting next_dagrun for example_branch_datetime_operator_2 to 2026-05-13 00:00:00+00:00, run_after=2026-05-14 00:00:00+00:00
[2026-05-14T00:02:29.240+0000] {logging_mixin.py:188} INFO - [2026-05-14T00:02:29.239+0000] {dag.py:3947} INFO - Setting next_dagrun for example_branch_datetime_operator_3 to 2026-05-13 00:00:00+00:00, run_after=2026-05-14 00:00:00+00:00
[2026-05-14T00:02:29.279+0000] {processor.py:183} INFO - Processing /workspaces/Airflow_project/airflow_env/lib/python3.12/site-packages/airflow/example_dags/example_branch_datetime_operator.py took 0.100 seconds
[2026-05-14T00:03:36.163+0000] {processor.py:161} INFO - Started process (PID=97939) to work on /workspaces/Airflow_project/airflow_env/lib/python3.12/site-packages/airflow/example_dags/example_branch_datetime_operator.py
[2026-05-14T00:03:36.164+0000] {processor.py:830} INFO - Processing file /workspaces/Airflow_project/airflow_env/lib/python3.12/site-packages/airflow/example_dags/example_branch_datetime_operator.py for tasks to queue
[2026-05-14T00:03:36.165+0000] {logging_mixin.py:188} INFO - [2026-05-14T00:03:36.164+0000] {dagbag.py:545} INFO - Filling up the DagBag from /workspaces/Airflow_project/airflow_env/lib/python3.12/site-packages/airflow/example_dags/example_branch_datetime_operator.py
[2026-05-14T00:03:36.172+0000] {processor.py:840} INFO - DAG(s) 'example_branch_datetime_operator', 'example_branch_datetime_operator_3', 'example_branch_datetime_operator_2' retrieved from /workspaces/Airflow_project/airflow_env/lib/python3.12/site-packages/airflow/example_dags/example_branch_datetime_operator.py
[2026-05-14T00:03:36.189+0000] {logging_mixin.py:188} INFO - [2026-05-14T00:03:36.188+0000] {dag.py:3089} INFO - Sync 3 DAGs
[2026-05-14T00:03:36.201+0000] {logging_mixin.py:188} INFO - [2026-05-14T00:03:36.201+0000] {dag.py:3947} INFO - Setting next_dagrun for example_branch_datetime_operator to 2026-05-13 00:00:00+00:00, run_after=2026-05-14 00:00:00+00:00
[2026-05-14T00:03:36.204+0000] {logging_mixin.py:188} INFO - [2026-05-14T00:03:36.203+0000] {dag.py:3947} INFO - Setting next_dagrun for example_branch_datetime_operator_2 to 2026-05-13 00:00:00+00:00, run_after=2026-05-14 00:00:00+00:00
[2026-05-14T00:03:36.205+0000] {logging_mixin.py:188} INFO - [2026-05-14T00:03:36.205+0000] {dag.py:3947} INFO - Setting next_dagrun for example_branch_datetime_operator_3 to 2026-05-13 00:00:00+00:00, run_after=2026-05-14 00:00:00+00:00
[2026-05-14T00:03:36.219+0000] {processor.py:183} INFO - Processing /workspaces/Airflow_project/airflow_env/lib/python3.12/site-packages/airflow/example_dags/example_branch_datetime_operator.py took 0.061 seconds
[2026-05-14T00:04:50.458+0000] {processor.py:161} INFO - Started process (PID=98542) to work on /workspaces/Airflow_project/airflow_env/lib/python3.12/site-packages/airflow/example_dags/example_branch_datetime_operator.py
[2026-05-14T00:04:50.459+0000] {processor.py:830} INFO - Processing file /workspaces/Airflow_project/airflow_env/lib/python3.12/site-packages/airflow/example_dags/example_branch_datetime_operator.py for tasks to queue
[2026-05-14T00:04:50.460+0000] {logging_mixin.py:188} INFO - [2026-05-14T00:04:50.459+0000] {dagbag.py:545} INFO - Filling up the DagBag from /workspaces/Airflow_project/airflow_env/lib/python3.12/site-packages/airflow/example_dags/example_branch_datetime_operator.py
[2026-05-14T00:04:50.467+0000] {processor.py:840} INFO - DAG(s) 'example_branch_datetime_operator_3', 'example_branch_datetime_operator_2', 'example_branch_datetime_operator' retrieved from /workspaces/Airflow_project/airflow_env/lib/python3.12/site-packages/airflow/example_dags/example_branch_datetime_operator.py
[2026-05-14T00:04:50.483+0000] {logging_mixin.py:188} INFO - [2026-05-14T00:04:50.483+0000] {dag.py:3089} INFO - Sync 3 DAGs
[2026-05-14T00:04:50.495+0000] {logging_mixin.py:188} INFO - [2026-05-14T00:04:50.495+0000] {dag.py:3947} INFO - Setting next_dagrun for example_branch_datetime_operator to 2026-05-13 00:00:00+00:00, run_after=2026-05-14 00:00:00+00:00
[2026-05-14T00:04:50.498+0000] {logging_mixin.py:188} INFO - [2026-05-14T00:04:50.498+0000] {dag.py:3947} INFO - Setting next_dagrun for example_branch_datetime_operator_2 to 2026-05-13 00:00:00+00:00, run_after=2026-05-14 00:00:00+00:00
[2026-05-14T00:04:50.500+0000] {logging_mixin.py:188} INFO - [2026-05-14T00:04:50.499+0000] {dag.py:3947} INFO - Setting next_dagrun for example_branch_datetime_operator_3 to 2026-05-13 00:00:00+00:00, run_after=2026-05-14 00:00:00+00:00
[2026-05-14T00:04:50.514+0000] {processor.py:183} INFO - Processing /workspaces/Airflow_project/airflow_env/lib/python3.12/site-packages/airflow/example_dags/example_branch_datetime_operator.py took 0.060 seconds
[2026-05-14T00:05:57.616+0000] {processor.py:161} INFO - Started process (PID=99070) to work on /workspaces/Airflow_project/airflow_env/lib/python3.12/site-packages/airflow/example_dags/example_branch_datetime_operator.py
[2026-05-14T00:05:57.617+0000] {processor.py:830} INFO - Processing file /workspaces/Airflow_project/airflow_env/lib/python3.12/site-packages/airflow/example_dags/example_branch_datetime_operator.py for tasks to queue
[2026-05-14T00:05:57.618+0000] {logging_mixin.py:188} INFO - [2026-05-14T00:05:57.617+0000] {dagbag.py:545} INFO - Filling up the DagBag from /workspaces/Airflow_project/airflow_env/lib/python3.12/site-packages/airflow/example_dags/example_branch_datetime_operator.py
[2026-05-14T00:05:57.633+0000] {processor.py:840} INFO - DAG(s) 'example_branch_datetime_operator', 'example_branch_datetime_operator_2', 'example_branch_datetime_operator_3' retrieved from /workspaces/Airflow_project/airflow_env/lib/python3.12/site-packages/airflow/example_dags/example_branch_datetime_operator.py
[2026-05-14T00:05:57.657+0000] {logging_mixin.py:188} INFO - [2026-05-14T00:05:57.656+0000] {dag.py:3089} INFO - Sync 3 DAGs
[2026-05-14T00:05:57.680+0000] {logging_mixin.py:188} INFO - [2026-05-14T00:05:57.680+0000] {dag.py:3947} INFO - Setting next_dagrun for example_branch_datetime_operator to 2026-05-13 00:00:00+00:00, run_after=2026-05-14 00:00:00+00:00
[2026-05-14T00:05:57.687+0000] {logging_mixin.py:188} INFO - [2026-05-14T00:05:57.686+0000] {dag.py:3947} INFO - Setting next_dagrun for example_branch_datetime_operator_2 to 2026-05-13 00:00:00+00:00, run_after=2026-05-14 00:00:00+00:00
[2026-05-14T00:05:57.689+0000] {logging_mixin.py:188} INFO - [2026-05-14T00:05:57.689+0000] {dag.py:3947} INFO - Setting next_dagrun for example_branch_datetime_operator_3 to 2026-05-13 00:00:00+00:00, run_after=2026-05-14 00:00:00+00:00
[2026-05-14T00:05:57.708+0000] {processor.py:183} INFO - Processing /workspaces/Airflow_project/airflow_env/lib/python3.12/site-packages/airflow/example_dags/example_branch_datetime_operator.py took 0.096 seconds
[2026-05-14T00:07:03.215+0000] {processor.py:161} INFO - Started process (PID=99624) to work on /workspaces/Airflow_project/airflow_env/lib/python3.12/site-packages/airflow/example_dags/example_branch_datetime_operator.py
[2026-05-14T00:07:03.215+0000] {processor.py:830} INFO - Processing file /workspaces/Airflow_project/airflow_env/lib/python3.12/site-packages/airflow/example_dags/example_branch_datetime_operator.py for tasks to queue
[2026-05-14T00:07:03.216+0000] {logging_mixin.py:188} INFO - [2026-05-14T00:07:03.216+0000] {dagbag.py:545} INFO - Filling up the DagBag from /workspaces/Airflow_project/airflow_env/lib/python3.12/site-packages/airflow/example_dags/example_branch_datetime_operator.py
[2026-05-14T00:07:03.224+0000] {processor.py:840} INFO - DAG(s) 'example_branch_datetime_operator', 'example_branch_datetime_operator_3', 'example_branch_datetime_operator_2' retrieved from /workspaces/Airflow_project/airflow_env/lib/python3.12/site-packages/airflow/example_dags/example_branch_datetime_operator.py
[2026-05-14T00:07:03.242+0000] {logging_mixin.py:188} INFO - [2026-05-14T00:07:03.242+0000] {dag.py:3089} INFO - Sync 3 DAGs
[2026-05-14T00:07:03.258+0000] {logging_mixin.py:188} INFO - [2026-05-14T00:07:03.257+0000] {dag.py:3947} INFO - Setting next_dagrun for example_branch_datetime_operator to 2026-05-13 00:00:00+00:00, run_after=2026-05-14 00:00:00+00:00
[2026-05-14T00:07:03.260+0000] {logging_mixin.py:188} INFO - [2026-05-14T00:07:03.260+0000] {dag.py:3947} INFO - Setting next_dagrun for example_branch_datetime_operator_2 to 2026-05-13 00:00:00+00:00, run_after=2026-05-14 00:00:00+00:00
[2026-05-14T00:07:03.262+0000] {logging_mixin.py:188} INFO - [2026-05-14T00:07:03.262+0000] {dag.py:3947} INFO - Setting next_dagrun for example_branch_datetime_operator_3 to 2026-05-13 00:00:00+00:00, run_after=2026-05-14 00:00:00+00:00
[2026-05-14T00:07:03.277+0000] {processor.py:183} INFO - Processing /workspaces/Airflow_project/airflow_env/lib/python3.12/site-packages/airflow/example_dags/example_branch_datetime_operator.py took 0.072 seconds
[2026-05-14T00:08:10.482+0000] {processor.py:161} INFO - Started process (PID=100147) to work on /workspaces/Airflow_project/airflow_env/lib/python3.12/site-packages/airflow/example_dags/example_branch_datetime_operator.py
[2026-05-14T00:08:10.483+0000] {processor.py:830} INFO - Processing file /workspaces/Airflow_project/airflow_env/lib/python3.12/site-packages/airflow/example_dags/example_branch_datetime_operator.py for tasks to queue
[2026-05-14T00:08:10.484+0000] {logging_mixin.py:188} INFO - [2026-05-14T00:08:10.483+0000] {dagbag.py:545} INFO - Filling up the DagBag from /workspaces/Airflow_project/airflow_env/lib/python3.12/site-packages/airflow/example_dags/example_branch_datetime_operator.py
[2026-05-14T00:08:10.498+0000] {processor.py:840} INFO - DAG(s) 'example_branch_datetime_operator_3', 'example_branch_datetime_operator_2', 'example_branch_datetime_operator' retrieved from /workspaces/Airflow_project/airflow_env/lib/python3.12/site-packages/airflow/example_dags/example_branch_datetime_operator.py
[2026-05-14T00:08:10.526+0000] {logging_mixin.py:188} INFO - [2026-05-14T00:08:10.525+0000] {dag.py:3089} INFO - Sync 3 DAGs
[2026-05-14T00:08:10.546+0000] {logging_mixin.py:188} INFO - [2026-05-14T00:08:10.546+0000] {dag.py:3947} INFO - Setting next_dagrun for example_branch_datetime_operator to 2026-05-13 00:00:00+00:00, run_after=2026-05-14 00:00:00+00:00
[2026-05-14T00:08:10.550+0000] {logging_mixin.py:188} INFO - [2026-05-14T00:08:10.550+0000] {dag.py:3947} INFO - Setting next_dagrun for example_branch_datetime_operator_2 to 2026-05-13 00:00:00+00:00, run_after=2026-05-14 00:00:00+00:00
[2026-05-14T00:08:10.552+0000] {logging_mixin.py:188} INFO - [2026-05-14T00:08:10.552+0000] {dag.py:3947} INFO - Setting next_dagrun for example_branch_datetime_operator_3 to 2026-05-13 00:00:00+00:00, run_after=2026-05-14 00:00:00+00:00
[2026-05-14T00:08:10.585+0000] {processor.py:183} INFO - Processing /workspaces/Airflow_project/airflow_env/lib/python3.12/site-packages/airflow/example_dags/example_branch_datetime_operator.py took 0.111 seconds
[2026-05-14T00:09:18.013+0000] {processor.py:161} INFO - Started process (PID=101122) to work on /workspaces/Airflow_project/airflow_env/lib/python3.12/site-packages/airflow/example_dags/example_branch_datetime_operator.py
[2026-05-14T00:09:18.014+0000] {processor.py:830} INFO - Processing file /workspaces/Airflow_project/airflow_env/lib/python3.12/site-packages/airflow/example_dags/example_branch_datetime_operator.py for tasks to queue
[2026-05-14T00:09:18.015+0000] {logging_mixin.py:188} INFO - [2026-05-14T00:09:18.014+0000] {dagbag.py:545} INFO - Filling up the DagBag from /workspaces/Airflow_project/airflow_env/lib/python3.12/site-packages/airflow/example_dags/example_branch_datetime_operator.py
[2026-05-14T00:09:18.022+0000] {processor.py:840} INFO - DAG(s) 'example_branch_datetime_operator', 'example_branch_datetime_operator_2', 'example_branch_datetime_operator_3' retrieved from /workspaces/Airflow_project/airflow_env/lib/python3.12/site-packages/airflow/example_dags/example_branch_datetime_operator.py
[2026-05-14T00:09:18.039+0000] {logging_mixin.py:188} INFO - [2026-05-14T00:09:18.039+0000] {dag.py:3089} INFO - Sync 3 DAGs
[2026-05-14T00:09:18.055+0000] {logging_mixin.py:188} INFO - [2026-05-14T00:09:18.055+0000] {dag.py:3947} INFO - Setting next_dagrun for example_branch_datetime_operator to 2026-05-13 00:00:00+00:00, run_after=2026-05-14 00:00:00+00:00
[2026-05-14T00:09:18.058+0000] {logging_mixin.py:188} INFO - [2026-05-14T00:09:18.058+0000] {dag.py:3947} INFO - Setting next_dagrun for example_branch_datetime_operator_2 to 2026-05-13 00:00:00+00:00, run_after=2026-05-14 00:00:00+00:00
[2026-05-14T00:09:18.059+0000] {logging_mixin.py:188} INFO - [2026-05-14T00:09:18.059+0000] {dag.py:3947} INFO - Setting next_dagrun for example_branch_datetime_operator_3 to 2026-05-13 00:00:00+00:00, run_after=2026-05-14 00:00:00+00:00
[2026-05-14T00:09:18.075+0000] {processor.py:183} INFO - Processing /workspaces/Airflow_project/airflow_env/lib/python3.12/site-packages/airflow/example_dags/example_branch_datetime_operator.py took 0.067 seconds
