[2026-05-14T00:00:56.267+0000] {processor.py:161} INFO - Started process (PID=96655) to work on /workspaces/Airflow_project/airflow_env/lib/python3.12/site-packages/airflow/example_dags/example_external_task_marker_dag.py
[2026-05-14T00:00:56.267+0000] {processor.py:830} INFO - Processing file /workspaces/Airflow_project/airflow_env/lib/python3.12/site-packages/airflow/example_dags/example_external_task_marker_dag.py for tasks to queue
[2026-05-14T00:00:56.268+0000] {logging_mixin.py:188} INFO - [2026-05-14T00:00:56.268+0000] {dagbag.py:545} INFO - Filling up the DagBag from /workspaces/Airflow_project/airflow_env/lib/python3.12/site-packages/airflow/example_dags/example_external_task_marker_dag.py
[2026-05-14T00:00:56.272+0000] {processor.py:840} INFO - DAG(s) 'example_external_task_marker_child', 'example_external_task_marker_parent' retrieved from /workspaces/Airflow_project/airflow_env/lib/python3.12/site-packages/airflow/example_dags/example_external_task_marker_dag.py
[2026-05-14T00:00:56.288+0000] {logging_mixin.py:188} INFO - [2026-05-14T00:00:56.288+0000] {dag.py:3089} INFO - Sync 2 DAGs
[2026-05-14T00:00:56.296+0000] {logging_mixin.py:188} INFO - [2026-05-14T00:00:56.296+0000] {dag.py:3947} INFO - Setting next_dagrun for example_external_task_marker_child to None, run_after=None
[2026-05-14T00:00:56.298+0000] {logging_mixin.py:188} INFO - [2026-05-14T00:00:56.298+0000] {dag.py:3947} INFO - Setting next_dagrun for example_external_task_marker_parent to None, run_after=None
[2026-05-14T00:00:56.312+0000] {processor.py:183} INFO - Processing /workspaces/Airflow_project/airflow_env/lib/python3.12/site-packages/airflow/example_dags/example_external_task_marker_dag.py took 0.050 seconds
[2026-05-14T00:02:02.238+0000] {processor.py:161} INFO - Started process (PID=97192) to work on /workspaces/Airflow_project/airflow_env/lib/python3.12/site-packages/airflow/example_dags/example_external_task_marker_dag.py
[2026-05-14T00:02:02.238+0000] {processor.py:830} INFO - Processing file /workspaces/Airflow_project/airflow_env/lib/python3.12/site-packages/airflow/example_dags/example_external_task_marker_dag.py for tasks to queue
[2026-05-14T00:02:02.239+0000] {logging_mixin.py:188} INFO - [2026-05-14T00:02:02.239+0000] {dagbag.py:545} INFO - Filling up the DagBag from /workspaces/Airflow_project/airflow_env/lib/python3.12/site-packages/airflow/example_dags/example_external_task_marker_dag.py
[2026-05-14T00:02:02.244+0000] {processor.py:840} INFO - DAG(s) 'example_external_task_marker_child', 'example_external_task_marker_parent' retrieved from /workspaces/Airflow_project/airflow_env/lib/python3.12/site-packages/airflow/example_dags/example_external_task_marker_dag.py
[2026-05-14T00:02:02.262+0000] {logging_mixin.py:188} INFO - [2026-05-14T00:02:02.262+0000] {dag.py:3089} INFO - Sync 2 DAGs
[2026-05-14T00:02:02.270+0000] {logging_mixin.py:188} INFO - [2026-05-14T00:02:02.270+0000] {dag.py:3947} INFO - Setting next_dagrun for example_external_task_marker_child to None, run_after=None
[2026-05-14T00:02:02.272+0000] {logging_mixin.py:188} INFO - [2026-05-14T00:02:02.272+0000] {dag.py:3947} INFO - Setting next_dagrun for example_external_task_marker_parent to None, run_after=None
[2026-05-14T00:02:02.286+0000] {processor.py:183} INFO - Processing /workspaces/Airflow_project/airflow_env/lib/python3.12/site-packages/airflow/example_dags/example_external_task_marker_dag.py took 0.053 seconds
[2026-05-14T00:03:08.147+0000] {processor.py:161} INFO - Started process (PID=97717) to work on /workspaces/Airflow_project/airflow_env/lib/python3.12/site-packages/airflow/example_dags/example_external_task_marker_dag.py
[2026-05-14T00:03:08.149+0000] {processor.py:830} INFO - Processing file /workspaces/Airflow_project/airflow_env/lib/python3.12/site-packages/airflow/example_dags/example_external_task_marker_dag.py for tasks to queue
[2026-05-14T00:03:08.150+0000] {logging_mixin.py:188} INFO - [2026-05-14T00:03:08.150+0000] {dagbag.py:545} INFO - Filling up the DagBag from /workspaces/Airflow_project/airflow_env/lib/python3.12/site-packages/airflow/example_dags/example_external_task_marker_dag.py
[2026-05-14T00:03:08.167+0000] {processor.py:840} INFO - DAG(s) 'example_external_task_marker_parent', 'example_external_task_marker_child' retrieved from /workspaces/Airflow_project/airflow_env/lib/python3.12/site-packages/airflow/example_dags/example_external_task_marker_dag.py
[2026-05-14T00:03:08.184+0000] {logging_mixin.py:188} INFO - [2026-05-14T00:03:08.184+0000] {dag.py:3089} INFO - Sync 2 DAGs
[2026-05-14T00:03:08.192+0000] {logging_mixin.py:188} INFO - [2026-05-14T00:03:08.191+0000] {dag.py:3947} INFO - Setting next_dagrun for example_external_task_marker_child to None, run_after=None
[2026-05-14T00:03:08.193+0000] {logging_mixin.py:188} INFO - [2026-05-14T00:03:08.193+0000] {dag.py:3947} INFO - Setting next_dagrun for example_external_task_marker_parent to None, run_after=None
[2026-05-14T00:03:08.207+0000] {processor.py:183} INFO - Processing /workspaces/Airflow_project/airflow_env/lib/python3.12/site-packages/airflow/example_dags/example_external_task_marker_dag.py took 0.072 seconds
[2026-05-14T00:04:01.476+0000] {processor.py:161} INFO - Started process (PID=98123) to work on /workspaces/Airflow_project/airflow_env/lib/python3.12/site-packages/airflow/example_dags/example_external_task_marker_dag.py
[2026-05-14T00:04:01.477+0000] {processor.py:830} INFO - Processing file /workspaces/Airflow_project/airflow_env/lib/python3.12/site-packages/airflow/example_dags/example_external_task_marker_dag.py for tasks to queue
[2026-05-14T00:04:01.477+0000] {logging_mixin.py:188} INFO - [2026-05-14T00:04:01.477+0000] {dagbag.py:545} INFO - Filling up the DagBag from /workspaces/Airflow_project/airflow_env/lib/python3.12/site-packages/airflow/example_dags/example_external_task_marker_dag.py
[2026-05-14T00:04:01.482+0000] {processor.py:840} INFO - DAG(s) 'example_external_task_marker_child', 'example_external_task_marker_parent' retrieved from /workspaces/Airflow_project/airflow_env/lib/python3.12/site-packages/airflow/example_dags/example_external_task_marker_dag.py
[2026-05-14T00:04:01.496+0000] {logging_mixin.py:188} INFO - [2026-05-14T00:04:01.495+0000] {dag.py:3089} INFO - Sync 2 DAGs
[2026-05-14T00:04:01.503+0000] {logging_mixin.py:188} INFO - [2026-05-14T00:04:01.503+0000] {dag.py:3947} INFO - Setting next_dagrun for example_external_task_marker_child to None, run_after=None
[2026-05-14T00:04:01.505+0000] {logging_mixin.py:188} INFO - [2026-05-14T00:04:01.505+0000] {dag.py:3947} INFO - Setting next_dagrun for example_external_task_marker_parent to None, run_after=None
[2026-05-14T00:04:01.519+0000] {processor.py:183} INFO - Processing /workspaces/Airflow_project/airflow_env/lib/python3.12/site-packages/airflow/example_dags/example_external_task_marker_dag.py took 0.048 seconds
[2026-05-14T00:05:12.271+0000] {processor.py:161} INFO - Started process (PID=98706) to work on /workspaces/Airflow_project/airflow_env/lib/python3.12/site-packages/airflow/example_dags/example_external_task_marker_dag.py
[2026-05-14T00:05:12.271+0000] {processor.py:830} INFO - Processing file /workspaces/Airflow_project/airflow_env/lib/python3.12/site-packages/airflow/example_dags/example_external_task_marker_dag.py for tasks to queue
[2026-05-14T00:05:12.272+0000] {logging_mixin.py:188} INFO - [2026-05-14T00:05:12.272+0000] {dagbag.py:545} INFO - Filling up the DagBag from /workspaces/Airflow_project/airflow_env/lib/python3.12/site-packages/airflow/example_dags/example_external_task_marker_dag.py
[2026-05-14T00:05:12.276+0000] {processor.py:840} INFO - DAG(s) 'example_external_task_marker_child', 'example_external_task_marker_parent' retrieved from /workspaces/Airflow_project/airflow_env/lib/python3.12/site-packages/airflow/example_dags/example_external_task_marker_dag.py
[2026-05-14T00:05:12.291+0000] {logging_mixin.py:188} INFO - [2026-05-14T00:05:12.291+0000] {dag.py:3089} INFO - Sync 2 DAGs
[2026-05-14T00:05:12.298+0000] {logging_mixin.py:188} INFO - [2026-05-14T00:05:12.298+0000] {dag.py:3947} INFO - Setting next_dagrun for example_external_task_marker_child to None, run_after=None
[2026-05-14T00:05:12.300+0000] {logging_mixin.py:188} INFO - [2026-05-14T00:05:12.300+0000] {dag.py:3947} INFO - Setting next_dagrun for example_external_task_marker_parent to None, run_after=None
[2026-05-14T00:05:12.314+0000] {processor.py:183} INFO - Processing /workspaces/Airflow_project/airflow_env/lib/python3.12/site-packages/airflow/example_dags/example_external_task_marker_dag.py took 0.048 seconds
[2026-05-14T00:06:15.309+0000] {processor.py:161} INFO - Started process (PID=99216) to work on /workspaces/Airflow_project/airflow_env/lib/python3.12/site-packages/airflow/example_dags/example_external_task_marker_dag.py
[2026-05-14T00:06:15.310+0000] {processor.py:830} INFO - Processing file /workspaces/Airflow_project/airflow_env/lib/python3.12/site-packages/airflow/example_dags/example_external_task_marker_dag.py for tasks to queue
[2026-05-14T00:06:15.311+0000] {logging_mixin.py:188} INFO - [2026-05-14T00:06:15.310+0000] {dagbag.py:545} INFO - Filling up the DagBag from /workspaces/Airflow_project/airflow_env/lib/python3.12/site-packages/airflow/example_dags/example_external_task_marker_dag.py
[2026-05-14T00:06:15.315+0000] {processor.py:840} INFO - DAG(s) 'example_external_task_marker_parent', 'example_external_task_marker_child' retrieved from /workspaces/Airflow_project/airflow_env/lib/python3.12/site-packages/airflow/example_dags/example_external_task_marker_dag.py
[2026-05-14T00:06:15.329+0000] {logging_mixin.py:188} INFO - [2026-05-14T00:06:15.329+0000] {dag.py:3089} INFO - Sync 2 DAGs
[2026-05-14T00:06:15.337+0000] {logging_mixin.py:188} INFO - [2026-05-14T00:06:15.337+0000] {dag.py:3947} INFO - Setting next_dagrun for example_external_task_marker_child to None, run_after=None
[2026-05-14T00:06:15.339+0000] {logging_mixin.py:188} INFO - [2026-05-14T00:06:15.339+0000] {dag.py:3947} INFO - Setting next_dagrun for example_external_task_marker_parent to None, run_after=None
[2026-05-14T00:06:15.356+0000] {processor.py:183} INFO - Processing /workspaces/Airflow_project/airflow_env/lib/python3.12/site-packages/airflow/example_dags/example_external_task_marker_dag.py took 0.051 seconds
[2026-05-14T00:07:26.588+0000] {processor.py:161} INFO - Started process (PID=99795) to work on /workspaces/Airflow_project/airflow_env/lib/python3.12/site-packages/airflow/example_dags/example_external_task_marker_dag.py
[2026-05-14T00:07:26.589+0000] {processor.py:830} INFO - Processing file /workspaces/Airflow_project/airflow_env/lib/python3.12/site-packages/airflow/example_dags/example_external_task_marker_dag.py for tasks to queue
[2026-05-14T00:07:26.590+0000] {logging_mixin.py:188} INFO - [2026-05-14T00:07:26.589+0000] {dagbag.py:545} INFO - Filling up the DagBag from /workspaces/Airflow_project/airflow_env/lib/python3.12/site-packages/airflow/example_dags/example_external_task_marker_dag.py
[2026-05-14T00:07:26.594+0000] {processor.py:840} INFO - DAG(s) 'example_external_task_marker_child', 'example_external_task_marker_parent' retrieved from /workspaces/Airflow_project/airflow_env/lib/python3.12/site-packages/airflow/example_dags/example_external_task_marker_dag.py
[2026-05-14T00:07:26.608+0000] {logging_mixin.py:188} INFO - [2026-05-14T00:07:26.608+0000] {dag.py:3089} INFO - Sync 2 DAGs
[2026-05-14T00:07:26.615+0000] {logging_mixin.py:188} INFO - [2026-05-14T00:07:26.615+0000] {dag.py:3947} INFO - Setting next_dagrun for example_external_task_marker_child to None, run_after=None
[2026-05-14T00:07:26.617+0000] {logging_mixin.py:188} INFO - [2026-05-14T00:07:26.617+0000] {dag.py:3947} INFO - Setting next_dagrun for example_external_task_marker_parent to None, run_after=None
[2026-05-14T00:07:26.631+0000] {processor.py:183} INFO - Processing /workspaces/Airflow_project/airflow_env/lib/python3.12/site-packages/airflow/example_dags/example_external_task_marker_dag.py took 0.047 seconds
[2026-05-14T00:08:32.102+0000] {processor.py:161} INFO - Started process (PID=100329) to work on /workspaces/Airflow_project/airflow_env/lib/python3.12/site-packages/airflow/example_dags/example_external_task_marker_dag.py
[2026-05-14T00:08:32.102+0000] {processor.py:830} INFO - Processing file /workspaces/Airflow_project/airflow_env/lib/python3.12/site-packages/airflow/example_dags/example_external_task_marker_dag.py for tasks to queue
[2026-05-14T00:08:32.103+0000] {logging_mixin.py:188} INFO - [2026-05-14T00:08:32.103+0000] {dagbag.py:545} INFO - Filling up the DagBag from /workspaces/Airflow_project/airflow_env/lib/python3.12/site-packages/airflow/example_dags/example_external_task_marker_dag.py
[2026-05-14T00:08:32.107+0000] {processor.py:840} INFO - DAG(s) 'example_external_task_marker_child', 'example_external_task_marker_parent' retrieved from /workspaces/Airflow_project/airflow_env/lib/python3.12/site-packages/airflow/example_dags/example_external_task_marker_dag.py
[2026-05-14T00:08:32.121+0000] {logging_mixin.py:188} INFO - [2026-05-14T00:08:32.121+0000] {dag.py:3089} INFO - Sync 2 DAGs
[2026-05-14T00:08:32.130+0000] {logging_mixin.py:188} INFO - [2026-05-14T00:08:32.130+0000] {dag.py:3947} INFO - Setting next_dagrun for example_external_task_marker_child to None, run_after=None
[2026-05-14T00:08:32.132+0000] {logging_mixin.py:188} INFO - [2026-05-14T00:08:32.132+0000] {dag.py:3947} INFO - Setting next_dagrun for example_external_task_marker_parent to None, run_after=None
[2026-05-14T00:08:32.147+0000] {processor.py:183} INFO - Processing /workspaces/Airflow_project/airflow_env/lib/python3.12/site-packages/airflow/example_dags/example_external_task_marker_dag.py took 0.050 seconds
