[2026-05-14T00:00:47.558+0000] {processor.py:161} INFO - Started process (PID=96581) to work on /workspaces/Airflow_project/airflow_env/lib/python3.12/site-packages/airflow/example_dags/example_skip_dag.py
[2026-05-14T00:00:47.558+0000] {processor.py:830} INFO - Processing file /workspaces/Airflow_project/airflow_env/lib/python3.12/site-packages/airflow/example_dags/example_skip_dag.py for tasks to queue
[2026-05-14T00:00:47.559+0000] {logging_mixin.py:188} INFO - [2026-05-14T00:00:47.558+0000] {dagbag.py:545} INFO - Filling up the DagBag from /workspaces/Airflow_project/airflow_env/lib/python3.12/site-packages/airflow/example_dags/example_skip_dag.py
[2026-05-14T00:00:47.563+0000] {processor.py:840} INFO - DAG(s) 'example_skip_dag' retrieved from /workspaces/Airflow_project/airflow_env/lib/python3.12/site-packages/airflow/example_dags/example_skip_dag.py
[2026-05-14T00:00:47.577+0000] {logging_mixin.py:188} INFO - [2026-05-14T00:00:47.576+0000] {dag.py:3089} INFO - Sync 1 DAGs
[2026-05-14T00:00:47.593+0000] {logging_mixin.py:188} INFO - [2026-05-14T00:00:47.593+0000] {dag.py:3947} INFO - Setting next_dagrun for example_skip_dag to 2026-05-13 00:00:00+00:00, run_after=2026-05-14 00:00:00+00:00
[2026-05-14T00:00:47.608+0000] {processor.py:183} INFO - Processing /workspaces/Airflow_project/airflow_env/lib/python3.12/site-packages/airflow/example_dags/example_skip_dag.py took 0.056 seconds
[2026-05-14T00:01:40.655+0000] {processor.py:161} INFO - Started process (PID=96992) to work on /workspaces/Airflow_project/airflow_env/lib/python3.12/site-packages/airflow/example_dags/example_skip_dag.py
[2026-05-14T00:01:40.656+0000] {processor.py:830} INFO - Processing file /workspaces/Airflow_project/airflow_env/lib/python3.12/site-packages/airflow/example_dags/example_skip_dag.py for tasks to queue
[2026-05-14T00:01:40.657+0000] {logging_mixin.py:188} INFO - [2026-05-14T00:01:40.657+0000] {dagbag.py:545} INFO - Filling up the DagBag from /workspaces/Airflow_project/airflow_env/lib/python3.12/site-packages/airflow/example_dags/example_skip_dag.py
[2026-05-14T00:01:40.662+0000] {processor.py:840} INFO - DAG(s) 'example_skip_dag' retrieved from /workspaces/Airflow_project/airflow_env/lib/python3.12/site-packages/airflow/example_dags/example_skip_dag.py
[2026-05-14T00:01:40.675+0000] {logging_mixin.py:188} INFO - [2026-05-14T00:01:40.675+0000] {dag.py:3089} INFO - Sync 1 DAGs
[2026-05-14T00:01:40.687+0000] {logging_mixin.py:188} INFO - [2026-05-14T00:01:40.687+0000] {dag.py:3947} INFO - Setting next_dagrun for example_skip_dag to 2026-05-13 00:00:00+00:00, run_after=2026-05-14 00:00:00+00:00
[2026-05-14T00:01:40.702+0000] {processor.py:183} INFO - Processing /workspaces/Airflow_project/airflow_env/lib/python3.12/site-packages/airflow/example_dags/example_skip_dag.py took 0.053 seconds
[2026-05-14T00:02:24.040+0000] {processor.py:161} INFO - Started process (PID=97375) to work on /workspaces/Airflow_project/airflow_env/lib/python3.12/site-packages/airflow/example_dags/example_skip_dag.py
[2026-05-14T00:02:24.040+0000] {processor.py:830} INFO - Processing file /workspaces/Airflow_project/airflow_env/lib/python3.12/site-packages/airflow/example_dags/example_skip_dag.py for tasks to queue
[2026-05-14T00:02:24.041+0000] {logging_mixin.py:188} INFO - [2026-05-14T00:02:24.041+0000] {dagbag.py:545} INFO - Filling up the DagBag from /workspaces/Airflow_project/airflow_env/lib/python3.12/site-packages/airflow/example_dags/example_skip_dag.py
[2026-05-14T00:02:24.047+0000] {processor.py:840} INFO - DAG(s) 'example_skip_dag' retrieved from /workspaces/Airflow_project/airflow_env/lib/python3.12/site-packages/airflow/example_dags/example_skip_dag.py
[2026-05-14T00:02:24.063+0000] {logging_mixin.py:188} INFO - [2026-05-14T00:02:24.063+0000] {dag.py:3089} INFO - Sync 1 DAGs
[2026-05-14T00:02:24.075+0000] {logging_mixin.py:188} INFO - [2026-05-14T00:02:24.075+0000] {dag.py:3947} INFO - Setting next_dagrun for example_skip_dag to 2026-05-13 00:00:00+00:00, run_after=2026-05-14 00:00:00+00:00
[2026-05-14T00:02:24.090+0000] {processor.py:183} INFO - Processing /workspaces/Airflow_project/airflow_env/lib/python3.12/site-packages/airflow/example_dags/example_skip_dag.py took 0.055 seconds
[2026-05-14T00:03:26.026+0000] {processor.py:161} INFO - Started process (PID=97858) to work on /workspaces/Airflow_project/airflow_env/lib/python3.12/site-packages/airflow/example_dags/example_skip_dag.py
[2026-05-14T00:03:26.026+0000] {processor.py:830} INFO - Processing file /workspaces/Airflow_project/airflow_env/lib/python3.12/site-packages/airflow/example_dags/example_skip_dag.py for tasks to queue
[2026-05-14T00:03:26.027+0000] {logging_mixin.py:188} INFO - [2026-05-14T00:03:26.027+0000] {dagbag.py:545} INFO - Filling up the DagBag from /workspaces/Airflow_project/airflow_env/lib/python3.12/site-packages/airflow/example_dags/example_skip_dag.py
[2026-05-14T00:03:26.031+0000] {processor.py:840} INFO - DAG(s) 'example_skip_dag' retrieved from /workspaces/Airflow_project/airflow_env/lib/python3.12/site-packages/airflow/example_dags/example_skip_dag.py
[2026-05-14T00:03:26.047+0000] {logging_mixin.py:188} INFO - [2026-05-14T00:03:26.047+0000] {dag.py:3089} INFO - Sync 1 DAGs
[2026-05-14T00:03:26.063+0000] {logging_mixin.py:188} INFO - [2026-05-14T00:03:26.062+0000] {dag.py:3947} INFO - Setting next_dagrun for example_skip_dag to 2026-05-13 00:00:00+00:00, run_after=2026-05-14 00:00:00+00:00
[2026-05-14T00:03:26.078+0000] {processor.py:183} INFO - Processing /workspaces/Airflow_project/airflow_env/lib/python3.12/site-packages/airflow/example_dags/example_skip_dag.py took 0.056 seconds
[2026-05-14T00:04:15.064+0000] {processor.py:161} INFO - Started process (PID=98229) to work on /workspaces/Airflow_project/airflow_env/lib/python3.12/site-packages/airflow/example_dags/example_skip_dag.py
[2026-05-14T00:04:15.064+0000] {processor.py:830} INFO - Processing file /workspaces/Airflow_project/airflow_env/lib/python3.12/site-packages/airflow/example_dags/example_skip_dag.py for tasks to queue
[2026-05-14T00:04:15.065+0000] {logging_mixin.py:188} INFO - [2026-05-14T00:04:15.065+0000] {dagbag.py:545} INFO - Filling up the DagBag from /workspaces/Airflow_project/airflow_env/lib/python3.12/site-packages/airflow/example_dags/example_skip_dag.py
[2026-05-14T00:04:15.069+0000] {processor.py:840} INFO - DAG(s) 'example_skip_dag' retrieved from /workspaces/Airflow_project/airflow_env/lib/python3.12/site-packages/airflow/example_dags/example_skip_dag.py
[2026-05-14T00:04:15.082+0000] {logging_mixin.py:188} INFO - [2026-05-14T00:04:15.082+0000] {dag.py:3089} INFO - Sync 1 DAGs
[2026-05-14T00:04:15.094+0000] {logging_mixin.py:188} INFO - [2026-05-14T00:04:15.094+0000] {dag.py:3947} INFO - Setting next_dagrun for example_skip_dag to 2026-05-13 00:00:00+00:00, run_after=2026-05-14 00:00:00+00:00
[2026-05-14T00:04:15.109+0000] {processor.py:183} INFO - Processing /workspaces/Airflow_project/airflow_env/lib/python3.12/site-packages/airflow/example_dags/example_skip_dag.py took 0.050 seconds
[2026-05-14T00:05:03.126+0000] {processor.py:161} INFO - Started process (PID=98640) to work on /workspaces/Airflow_project/airflow_env/lib/python3.12/site-packages/airflow/example_dags/example_skip_dag.py
[2026-05-14T00:05:03.127+0000] {processor.py:830} INFO - Processing file /workspaces/Airflow_project/airflow_env/lib/python3.12/site-packages/airflow/example_dags/example_skip_dag.py for tasks to queue
[2026-05-14T00:05:03.127+0000] {logging_mixin.py:188} INFO - [2026-05-14T00:05:03.127+0000] {dagbag.py:545} INFO - Filling up the DagBag from /workspaces/Airflow_project/airflow_env/lib/python3.12/site-packages/airflow/example_dags/example_skip_dag.py
[2026-05-14T00:05:03.132+0000] {processor.py:840} INFO - DAG(s) 'example_skip_dag' retrieved from /workspaces/Airflow_project/airflow_env/lib/python3.12/site-packages/airflow/example_dags/example_skip_dag.py
[2026-05-14T00:05:03.148+0000] {logging_mixin.py:188} INFO - [2026-05-14T00:05:03.148+0000] {dag.py:3089} INFO - Sync 1 DAGs
[2026-05-14T00:05:03.162+0000] {logging_mixin.py:188} INFO - [2026-05-14T00:05:03.161+0000] {dag.py:3947} INFO - Setting next_dagrun for example_skip_dag to 2026-05-13 00:00:00+00:00, run_after=2026-05-14 00:00:00+00:00
[2026-05-14T00:05:03.176+0000] {processor.py:183} INFO - Processing /workspaces/Airflow_project/airflow_env/lib/python3.12/site-packages/airflow/example_dags/example_skip_dag.py took 0.055 seconds
[2026-05-14T00:05:48.203+0000] {processor.py:161} INFO - Started process (PID=99013) to work on /workspaces/Airflow_project/airflow_env/lib/python3.12/site-packages/airflow/example_dags/example_skip_dag.py
[2026-05-14T00:05:48.203+0000] {processor.py:830} INFO - Processing file /workspaces/Airflow_project/airflow_env/lib/python3.12/site-packages/airflow/example_dags/example_skip_dag.py for tasks to queue
[2026-05-14T00:05:48.204+0000] {logging_mixin.py:188} INFO - [2026-05-14T00:05:48.204+0000] {dagbag.py:545} INFO - Filling up the DagBag from /workspaces/Airflow_project/airflow_env/lib/python3.12/site-packages/airflow/example_dags/example_skip_dag.py
[2026-05-14T00:05:48.212+0000] {processor.py:840} INFO - DAG(s) 'example_skip_dag' retrieved from /workspaces/Airflow_project/airflow_env/lib/python3.12/site-packages/airflow/example_dags/example_skip_dag.py
[2026-05-14T00:05:48.230+0000] {logging_mixin.py:188} INFO - [2026-05-14T00:05:48.230+0000] {dag.py:3089} INFO - Sync 1 DAGs
[2026-05-14T00:05:48.243+0000] {logging_mixin.py:188} INFO - [2026-05-14T00:05:48.243+0000] {dag.py:3947} INFO - Setting next_dagrun for example_skip_dag to 2026-05-13 00:00:00+00:00, run_after=2026-05-14 00:00:00+00:00
[2026-05-14T00:05:48.260+0000] {processor.py:183} INFO - Processing /workspaces/Airflow_project/airflow_env/lib/python3.12/site-packages/airflow/example_dags/example_skip_dag.py took 0.065 seconds
[2026-05-14T00:06:31.035+0000] {processor.py:161} INFO - Started process (PID=99343) to work on /workspaces/Airflow_project/airflow_env/lib/python3.12/site-packages/airflow/example_dags/example_skip_dag.py
[2026-05-14T00:06:31.036+0000] {processor.py:830} INFO - Processing file /workspaces/Airflow_project/airflow_env/lib/python3.12/site-packages/airflow/example_dags/example_skip_dag.py for tasks to queue
[2026-05-14T00:06:31.036+0000] {logging_mixin.py:188} INFO - [2026-05-14T00:06:31.036+0000] {dagbag.py:545} INFO - Filling up the DagBag from /workspaces/Airflow_project/airflow_env/lib/python3.12/site-packages/airflow/example_dags/example_skip_dag.py
[2026-05-14T00:06:31.042+0000] {processor.py:840} INFO - DAG(s) 'example_skip_dag' retrieved from /workspaces/Airflow_project/airflow_env/lib/python3.12/site-packages/airflow/example_dags/example_skip_dag.py
[2026-05-14T00:06:31.058+0000] {logging_mixin.py:188} INFO - [2026-05-14T00:06:31.058+0000] {dag.py:3089} INFO - Sync 1 DAGs
[2026-05-14T00:06:31.071+0000] {logging_mixin.py:188} INFO - [2026-05-14T00:06:31.071+0000] {dag.py:3947} INFO - Setting next_dagrun for example_skip_dag to 2026-05-13 00:00:00+00:00, run_after=2026-05-14 00:00:00+00:00
[2026-05-14T00:06:31.086+0000] {processor.py:183} INFO - Processing /workspaces/Airflow_project/airflow_env/lib/python3.12/site-packages/airflow/example_dags/example_skip_dag.py took 0.056 seconds
[2026-05-14T00:07:18.866+0000] {processor.py:161} INFO - Started process (PID=99727) to work on /workspaces/Airflow_project/airflow_env/lib/python3.12/site-packages/airflow/example_dags/example_skip_dag.py
[2026-05-14T00:07:18.867+0000] {processor.py:830} INFO - Processing file /workspaces/Airflow_project/airflow_env/lib/python3.12/site-packages/airflow/example_dags/example_skip_dag.py for tasks to queue
[2026-05-14T00:07:18.868+0000] {logging_mixin.py:188} INFO - [2026-05-14T00:07:18.867+0000] {dagbag.py:545} INFO - Filling up the DagBag from /workspaces/Airflow_project/airflow_env/lib/python3.12/site-packages/airflow/example_dags/example_skip_dag.py
[2026-05-14T00:07:18.873+0000] {processor.py:840} INFO - DAG(s) 'example_skip_dag' retrieved from /workspaces/Airflow_project/airflow_env/lib/python3.12/site-packages/airflow/example_dags/example_skip_dag.py
[2026-05-14T00:07:18.885+0000] {logging_mixin.py:188} INFO - [2026-05-14T00:07:18.885+0000] {dag.py:3089} INFO - Sync 1 DAGs
[2026-05-14T00:07:18.897+0000] {logging_mixin.py:188} INFO - [2026-05-14T00:07:18.897+0000] {dag.py:3947} INFO - Setting next_dagrun for example_skip_dag to 2026-05-13 00:00:00+00:00, run_after=2026-05-14 00:00:00+00:00
[2026-05-14T00:07:18.912+0000] {processor.py:183} INFO - Processing /workspaces/Airflow_project/airflow_env/lib/python3.12/site-packages/airflow/example_dags/example_skip_dag.py took 0.050 seconds
[2026-05-14T00:08:04.243+0000] {processor.py:161} INFO - Started process (PID=100104) to work on /workspaces/Airflow_project/airflow_env/lib/python3.12/site-packages/airflow/example_dags/example_skip_dag.py
[2026-05-14T00:08:04.244+0000] {processor.py:830} INFO - Processing file /workspaces/Airflow_project/airflow_env/lib/python3.12/site-packages/airflow/example_dags/example_skip_dag.py for tasks to queue
[2026-05-14T00:08:04.245+0000] {logging_mixin.py:188} INFO - [2026-05-14T00:08:04.245+0000] {dagbag.py:545} INFO - Filling up the DagBag from /workspaces/Airflow_project/airflow_env/lib/python3.12/site-packages/airflow/example_dags/example_skip_dag.py
[2026-05-14T00:08:04.251+0000] {processor.py:840} INFO - DAG(s) 'example_skip_dag' retrieved from /workspaces/Airflow_project/airflow_env/lib/python3.12/site-packages/airflow/example_dags/example_skip_dag.py
[2026-05-14T00:08:04.265+0000] {logging_mixin.py:188} INFO - [2026-05-14T00:08:04.265+0000] {dag.py:3089} INFO - Sync 1 DAGs
[2026-05-14T00:08:04.278+0000] {logging_mixin.py:188} INFO - [2026-05-14T00:08:04.278+0000] {dag.py:3947} INFO - Setting next_dagrun for example_skip_dag to 2026-05-13 00:00:00+00:00, run_after=2026-05-14 00:00:00+00:00
[2026-05-14T00:08:04.293+0000] {processor.py:183} INFO - Processing /workspaces/Airflow_project/airflow_env/lib/python3.12/site-packages/airflow/example_dags/example_skip_dag.py took 0.055 seconds
[2026-05-14T00:08:46.333+0000] {processor.py:161} INFO - Started process (PID=100430) to work on /workspaces/Airflow_project/airflow_env/lib/python3.12/site-packages/airflow/example_dags/example_skip_dag.py
[2026-05-14T00:08:46.334+0000] {processor.py:830} INFO - Processing file /workspaces/Airflow_project/airflow_env/lib/python3.12/site-packages/airflow/example_dags/example_skip_dag.py for tasks to queue
[2026-05-14T00:08:46.335+0000] {logging_mixin.py:188} INFO - [2026-05-14T00:08:46.335+0000] {dagbag.py:545} INFO - Filling up the DagBag from /workspaces/Airflow_project/airflow_env/lib/python3.12/site-packages/airflow/example_dags/example_skip_dag.py
[2026-05-14T00:08:46.342+0000] {processor.py:840} INFO - DAG(s) 'example_skip_dag' retrieved from /workspaces/Airflow_project/airflow_env/lib/python3.12/site-packages/airflow/example_dags/example_skip_dag.py
[2026-05-14T00:08:46.360+0000] {logging_mixin.py:188} INFO - [2026-05-14T00:08:46.360+0000] {dag.py:3089} INFO - Sync 1 DAGs
[2026-05-14T00:08:46.376+0000] {logging_mixin.py:188} INFO - [2026-05-14T00:08:46.376+0000] {dag.py:3947} INFO - Setting next_dagrun for example_skip_dag to 2026-05-13 00:00:00+00:00, run_after=2026-05-14 00:00:00+00:00
[2026-05-14T00:08:46.395+0000] {processor.py:183} INFO - Processing /workspaces/Airflow_project/airflow_env/lib/python3.12/site-packages/airflow/example_dags/example_skip_dag.py took 0.068 seconds
