[2026-05-14T00:00:12.559+0000] {processor.py:161} INFO - Started process (PID=96201) to work on /workspaces/Airflow_project/airflow_env/lib/python3.12/site-packages/airflow/example_dags/example_subdag_operator.py
[2026-05-14T00:00:12.560+0000] {processor.py:830} INFO - Processing file /workspaces/Airflow_project/airflow_env/lib/python3.12/site-packages/airflow/example_dags/example_subdag_operator.py for tasks to queue
[2026-05-14T00:00:12.561+0000] {logging_mixin.py:188} INFO - [2026-05-14T00:00:12.560+0000] {dagbag.py:545} INFO - Filling up the DagBag from /workspaces/Airflow_project/airflow_env/lib/python3.12/site-packages/airflow/example_dags/example_subdag_operator.py
[2026-05-14T00:00:12.576+0000] {processor.py:840} INFO - DAG(s) 'example_subdag_operator.section-1', 'example_subdag_operator.section-2', 'example_subdag_operator' retrieved from /workspaces/Airflow_project/airflow_env/lib/python3.12/site-packages/airflow/example_dags/example_subdag_operator.py
[2026-05-14T00:00:12.587+0000] {logging_mixin.py:188} INFO - [2026-05-14T00:00:12.587+0000] {dag.py:3089} INFO - Sync 3 DAGs
[2026-05-14T00:00:12.598+0000] {logging_mixin.py:188} INFO - [2026-05-14T00:00:12.598+0000] {dag.py:3947} INFO - Setting next_dagrun for example_subdag_operator to 2022-01-01 00:00:00+00:00, run_after=2022-01-01 00:00:00+00:00
[2026-05-14T00:00:12.599+0000] {logging_mixin.py:188} INFO - [2026-05-14T00:00:12.599+0000] {dag.py:3947} INFO - Setting next_dagrun for example_subdag_operator.section-1 to None, run_after=None
[2026-05-14T00:00:12.600+0000] {logging_mixin.py:188} INFO - [2026-05-14T00:00:12.600+0000] {dag.py:3947} INFO - Setting next_dagrun for example_subdag_operator.section-2 to None, run_after=None
[2026-05-14T00:00:12.605+0000] {logging_mixin.py:188} INFO - [2026-05-14T00:00:12.605+0000] {dag.py:3089} INFO - Sync 2 DAGs
[2026-05-14T00:00:12.608+0000] {logging_mixin.py:188} INFO - [2026-05-14T00:00:12.608+0000] {dag.py:3947} INFO - Setting next_dagrun for example_subdag_operator.section-1 to None, run_after=None
[2026-05-14T00:00:12.608+0000] {logging_mixin.py:188} INFO - [2026-05-14T00:00:12.608+0000] {dag.py:3947} INFO - Setting next_dagrun for example_subdag_operator.section-2 to None, run_after=None
[2026-05-14T00:00:12.618+0000] {processor.py:183} INFO - Processing /workspaces/Airflow_project/airflow_env/lib/python3.12/site-packages/airflow/example_dags/example_subdag_operator.py took 0.065 seconds
[2026-05-14T00:01:09.133+0000] {processor.py:161} INFO - Started process (PID=96748) to work on /workspaces/Airflow_project/airflow_env/lib/python3.12/site-packages/airflow/example_dags/example_subdag_operator.py
[2026-05-14T00:01:09.134+0000] {processor.py:830} INFO - Processing file /workspaces/Airflow_project/airflow_env/lib/python3.12/site-packages/airflow/example_dags/example_subdag_operator.py for tasks to queue
[2026-05-14T00:01:09.135+0000] {logging_mixin.py:188} INFO - [2026-05-14T00:01:09.134+0000] {dagbag.py:545} INFO - Filling up the DagBag from /workspaces/Airflow_project/airflow_env/lib/python3.12/site-packages/airflow/example_dags/example_subdag_operator.py
[2026-05-14T00:01:09.154+0000] {processor.py:840} INFO - DAG(s) 'example_subdag_operator.section-1', 'example_subdag_operator.section-2', 'example_subdag_operator' retrieved from /workspaces/Airflow_project/airflow_env/lib/python3.12/site-packages/airflow/example_dags/example_subdag_operator.py
[2026-05-14T00:01:09.166+0000] {logging_mixin.py:188} INFO - [2026-05-14T00:01:09.165+0000] {dag.py:3089} INFO - Sync 3 DAGs
[2026-05-14T00:01:09.177+0000] {logging_mixin.py:188} INFO - [2026-05-14T00:01:09.176+0000] {dag.py:3947} INFO - Setting next_dagrun for example_subdag_operator to 2022-01-01 00:00:00+00:00, run_after=2022-01-01 00:00:00+00:00
[2026-05-14T00:01:09.178+0000] {logging_mixin.py:188} INFO - [2026-05-14T00:01:09.178+0000] {dag.py:3947} INFO - Setting next_dagrun for example_subdag_operator.section-1 to None, run_after=None
[2026-05-14T00:01:09.179+0000] {logging_mixin.py:188} INFO - [2026-05-14T00:01:09.179+0000] {dag.py:3947} INFO - Setting next_dagrun for example_subdag_operator.section-2 to None, run_after=None
[2026-05-14T00:01:09.183+0000] {logging_mixin.py:188} INFO - [2026-05-14T00:01:09.183+0000] {dag.py:3089} INFO - Sync 2 DAGs
[2026-05-14T00:01:09.186+0000] {logging_mixin.py:188} INFO - [2026-05-14T00:01:09.185+0000] {dag.py:3947} INFO - Setting next_dagrun for example_subdag_operator.section-1 to None, run_after=None
[2026-05-14T00:01:09.186+0000] {logging_mixin.py:188} INFO - [2026-05-14T00:01:09.186+0000] {dag.py:3947} INFO - Setting next_dagrun for example_subdag_operator.section-2 to None, run_after=None
[2026-05-14T00:01:09.196+0000] {processor.py:183} INFO - Processing /workspaces/Airflow_project/airflow_env/lib/python3.12/site-packages/airflow/example_dags/example_subdag_operator.py took 0.068 seconds
[2026-05-14T00:01:53.508+0000] {processor.py:161} INFO - Started process (PID=97133) to work on /workspaces/Airflow_project/airflow_env/lib/python3.12/site-packages/airflow/example_dags/example_subdag_operator.py
[2026-05-14T00:01:53.509+0000] {processor.py:830} INFO - Processing file /workspaces/Airflow_project/airflow_env/lib/python3.12/site-packages/airflow/example_dags/example_subdag_operator.py for tasks to queue
[2026-05-14T00:01:53.510+0000] {logging_mixin.py:188} INFO - [2026-05-14T00:01:53.509+0000] {dagbag.py:545} INFO - Filling up the DagBag from /workspaces/Airflow_project/airflow_env/lib/python3.12/site-packages/airflow/example_dags/example_subdag_operator.py
[2026-05-14T00:01:53.531+0000] {processor.py:840} INFO - DAG(s) 'example_subdag_operator.section-1', 'example_subdag_operator.section-2', 'example_subdag_operator' retrieved from /workspaces/Airflow_project/airflow_env/lib/python3.12/site-packages/airflow/example_dags/example_subdag_operator.py
[2026-05-14T00:01:53.558+0000] {logging_mixin.py:188} INFO - [2026-05-14T00:01:53.558+0000] {dag.py:3089} INFO - Sync 3 DAGs
[2026-05-14T00:01:53.577+0000] {logging_mixin.py:188} INFO - [2026-05-14T00:01:53.577+0000] {dag.py:3947} INFO - Setting next_dagrun for example_subdag_operator to 2022-01-01 00:00:00+00:00, run_after=2022-01-01 00:00:00+00:00
[2026-05-14T00:01:53.581+0000] {logging_mixin.py:188} INFO - [2026-05-14T00:01:53.581+0000] {dag.py:3947} INFO - Setting next_dagrun for example_subdag_operator.section-1 to None, run_after=None
[2026-05-14T00:01:53.582+0000] {logging_mixin.py:188} INFO - [2026-05-14T00:01:53.582+0000] {dag.py:3947} INFO - Setting next_dagrun for example_subdag_operator.section-2 to None, run_after=None
[2026-05-14T00:01:53.591+0000] {logging_mixin.py:188} INFO - [2026-05-14T00:01:53.591+0000] {dag.py:3089} INFO - Sync 2 DAGs
[2026-05-14T00:01:53.594+0000] {logging_mixin.py:188} INFO - [2026-05-14T00:01:53.594+0000] {dag.py:3947} INFO - Setting next_dagrun for example_subdag_operator.section-1 to None, run_after=None
[2026-05-14T00:01:53.595+0000] {logging_mixin.py:188} INFO - [2026-05-14T00:01:53.595+0000] {dag.py:3947} INFO - Setting next_dagrun for example_subdag_operator.section-2 to None, run_after=None
[2026-05-14T00:01:53.619+0000] {processor.py:183} INFO - Processing /workspaces/Airflow_project/airflow_env/lib/python3.12/site-packages/airflow/example_dags/example_subdag_operator.py took 0.115 seconds
[2026-05-14T00:02:36.164+0000] {processor.py:161} INFO - Started process (PID=97467) to work on /workspaces/Airflow_project/airflow_env/lib/python3.12/site-packages/airflow/example_dags/example_subdag_operator.py
[2026-05-14T00:02:36.164+0000] {processor.py:830} INFO - Processing file /workspaces/Airflow_project/airflow_env/lib/python3.12/site-packages/airflow/example_dags/example_subdag_operator.py for tasks to queue
[2026-05-14T00:02:36.165+0000] {logging_mixin.py:188} INFO - [2026-05-14T00:02:36.165+0000] {dagbag.py:545} INFO - Filling up the DagBag from /workspaces/Airflow_project/airflow_env/lib/python3.12/site-packages/airflow/example_dags/example_subdag_operator.py
[2026-05-14T00:02:36.181+0000] {processor.py:840} INFO - DAG(s) 'example_subdag_operator.section-1', 'example_subdag_operator.section-2', 'example_subdag_operator' retrieved from /workspaces/Airflow_project/airflow_env/lib/python3.12/site-packages/airflow/example_dags/example_subdag_operator.py
[2026-05-14T00:02:36.191+0000] {logging_mixin.py:188} INFO - [2026-05-14T00:02:36.191+0000] {dag.py:3089} INFO - Sync 3 DAGs
[2026-05-14T00:02:36.202+0000] {logging_mixin.py:188} INFO - [2026-05-14T00:02:36.201+0000] {dag.py:3947} INFO - Setting next_dagrun for example_subdag_operator to 2022-01-01 00:00:00+00:00, run_after=2022-01-01 00:00:00+00:00
[2026-05-14T00:02:36.203+0000] {logging_mixin.py:188} INFO - [2026-05-14T00:02:36.203+0000] {dag.py:3947} INFO - Setting next_dagrun for example_subdag_operator.section-1 to None, run_after=None
[2026-05-14T00:02:36.204+0000] {logging_mixin.py:188} INFO - [2026-05-14T00:02:36.204+0000] {dag.py:3947} INFO - Setting next_dagrun for example_subdag_operator.section-2 to None, run_after=None
[2026-05-14T00:02:36.208+0000] {logging_mixin.py:188} INFO - [2026-05-14T00:02:36.208+0000] {dag.py:3089} INFO - Sync 2 DAGs
[2026-05-14T00:02:36.210+0000] {logging_mixin.py:188} INFO - [2026-05-14T00:02:36.210+0000] {dag.py:3947} INFO - Setting next_dagrun for example_subdag_operator.section-1 to None, run_after=None
[2026-05-14T00:02:36.211+0000] {logging_mixin.py:188} INFO - [2026-05-14T00:02:36.211+0000] {dag.py:3947} INFO - Setting next_dagrun for example_subdag_operator.section-2 to None, run_after=None
[2026-05-14T00:02:36.221+0000] {processor.py:183} INFO - Processing /workspaces/Airflow_project/airflow_env/lib/python3.12/site-packages/airflow/example_dags/example_subdag_operator.py took 0.062 seconds
[2026-05-14T00:03:20.054+0000] {processor.py:161} INFO - Started process (PID=97804) to work on /workspaces/Airflow_project/airflow_env/lib/python3.12/site-packages/airflow/example_dags/example_subdag_operator.py
[2026-05-14T00:03:20.055+0000] {processor.py:830} INFO - Processing file /workspaces/Airflow_project/airflow_env/lib/python3.12/site-packages/airflow/example_dags/example_subdag_operator.py for tasks to queue
[2026-05-14T00:03:20.056+0000] {logging_mixin.py:188} INFO - [2026-05-14T00:03:20.056+0000] {dagbag.py:545} INFO - Filling up the DagBag from /workspaces/Airflow_project/airflow_env/lib/python3.12/site-packages/airflow/example_dags/example_subdag_operator.py
[2026-05-14T00:03:20.072+0000] {processor.py:840} INFO - DAG(s) 'example_subdag_operator.section-1', 'example_subdag_operator.section-2', 'example_subdag_operator' retrieved from /workspaces/Airflow_project/airflow_env/lib/python3.12/site-packages/airflow/example_dags/example_subdag_operator.py
[2026-05-14T00:03:20.082+0000] {logging_mixin.py:188} INFO - [2026-05-14T00:03:20.082+0000] {dag.py:3089} INFO - Sync 3 DAGs
[2026-05-14T00:03:20.093+0000] {logging_mixin.py:188} INFO - [2026-05-14T00:03:20.093+0000] {dag.py:3947} INFO - Setting next_dagrun for example_subdag_operator to 2022-01-01 00:00:00+00:00, run_after=2022-01-01 00:00:00+00:00
[2026-05-14T00:03:20.095+0000] {logging_mixin.py:188} INFO - [2026-05-14T00:03:20.095+0000] {dag.py:3947} INFO - Setting next_dagrun for example_subdag_operator.section-1 to None, run_after=None
[2026-05-14T00:03:20.096+0000] {logging_mixin.py:188} INFO - [2026-05-14T00:03:20.096+0000] {dag.py:3947} INFO - Setting next_dagrun for example_subdag_operator.section-2 to None, run_after=None
[2026-05-14T00:03:20.100+0000] {logging_mixin.py:188} INFO - [2026-05-14T00:03:20.100+0000] {dag.py:3089} INFO - Sync 2 DAGs
[2026-05-14T00:03:20.102+0000] {logging_mixin.py:188} INFO - [2026-05-14T00:03:20.102+0000] {dag.py:3947} INFO - Setting next_dagrun for example_subdag_operator.section-1 to None, run_after=None
[2026-05-14T00:03:20.103+0000] {logging_mixin.py:188} INFO - [2026-05-14T00:03:20.103+0000] {dag.py:3947} INFO - Setting next_dagrun for example_subdag_operator.section-2 to None, run_after=None
[2026-05-14T00:03:20.113+0000] {processor.py:183} INFO - Processing /workspaces/Airflow_project/airflow_env/lib/python3.12/site-packages/airflow/example_dags/example_subdag_operator.py took 0.065 seconds
[2026-05-14T00:04:08.596+0000] {processor.py:161} INFO - Started process (PID=98191) to work on /workspaces/Airflow_project/airflow_env/lib/python3.12/site-packages/airflow/example_dags/example_subdag_operator.py
[2026-05-14T00:04:08.597+0000] {processor.py:830} INFO - Processing file /workspaces/Airflow_project/airflow_env/lib/python3.12/site-packages/airflow/example_dags/example_subdag_operator.py for tasks to queue
[2026-05-14T00:04:08.598+0000] {logging_mixin.py:188} INFO - [2026-05-14T00:04:08.597+0000] {dagbag.py:545} INFO - Filling up the DagBag from /workspaces/Airflow_project/airflow_env/lib/python3.12/site-packages/airflow/example_dags/example_subdag_operator.py
[2026-05-14T00:04:08.613+0000] {processor.py:840} INFO - DAG(s) 'example_subdag_operator.section-1', 'example_subdag_operator.section-2', 'example_subdag_operator' retrieved from /workspaces/Airflow_project/airflow_env/lib/python3.12/site-packages/airflow/example_dags/example_subdag_operator.py
[2026-05-14T00:04:08.624+0000] {logging_mixin.py:188} INFO - [2026-05-14T00:04:08.624+0000] {dag.py:3089} INFO - Sync 3 DAGs
[2026-05-14T00:04:08.636+0000] {logging_mixin.py:188} INFO - [2026-05-14T00:04:08.636+0000] {dag.py:3947} INFO - Setting next_dagrun for example_subdag_operator to 2022-01-01 00:00:00+00:00, run_after=2022-01-01 00:00:00+00:00
[2026-05-14T00:04:08.638+0000] {logging_mixin.py:188} INFO - [2026-05-14T00:04:08.638+0000] {dag.py:3947} INFO - Setting next_dagrun for example_subdag_operator.section-1 to None, run_after=None
[2026-05-14T00:04:08.639+0000] {logging_mixin.py:188} INFO - [2026-05-14T00:04:08.639+0000] {dag.py:3947} INFO - Setting next_dagrun for example_subdag_operator.section-2 to None, run_after=None
[2026-05-14T00:04:08.644+0000] {logging_mixin.py:188} INFO - [2026-05-14T00:04:08.644+0000] {dag.py:3089} INFO - Sync 2 DAGs
[2026-05-14T00:04:08.648+0000] {logging_mixin.py:188} INFO - [2026-05-14T00:04:08.648+0000] {dag.py:3947} INFO - Setting next_dagrun for example_subdag_operator.section-1 to None, run_after=None
[2026-05-14T00:04:08.648+0000] {logging_mixin.py:188} INFO - [2026-05-14T00:04:08.648+0000] {dag.py:3947} INFO - Setting next_dagrun for example_subdag_operator.section-2 to None, run_after=None
[2026-05-14T00:04:08.660+0000] {processor.py:183} INFO - Processing /workspaces/Airflow_project/airflow_env/lib/python3.12/site-packages/airflow/example_dags/example_subdag_operator.py took 0.068 seconds
[2026-05-14T00:04:57.192+0000] {processor.py:161} INFO - Started process (PID=98605) to work on /workspaces/Airflow_project/airflow_env/lib/python3.12/site-packages/airflow/example_dags/example_subdag_operator.py
[2026-05-14T00:04:57.193+0000] {processor.py:830} INFO - Processing file /workspaces/Airflow_project/airflow_env/lib/python3.12/site-packages/airflow/example_dags/example_subdag_operator.py for tasks to queue
[2026-05-14T00:04:57.194+0000] {logging_mixin.py:188} INFO - [2026-05-14T00:04:57.194+0000] {dagbag.py:545} INFO - Filling up the DagBag from /workspaces/Airflow_project/airflow_env/lib/python3.12/site-packages/airflow/example_dags/example_subdag_operator.py
[2026-05-14T00:04:57.210+0000] {processor.py:840} INFO - DAG(s) 'example_subdag_operator.section-1', 'example_subdag_operator.section-2', 'example_subdag_operator' retrieved from /workspaces/Airflow_project/airflow_env/lib/python3.12/site-packages/airflow/example_dags/example_subdag_operator.py
[2026-05-14T00:04:57.220+0000] {logging_mixin.py:188} INFO - [2026-05-14T00:04:57.220+0000] {dag.py:3089} INFO - Sync 3 DAGs
[2026-05-14T00:04:57.231+0000] {logging_mixin.py:188} INFO - [2026-05-14T00:04:57.231+0000] {dag.py:3947} INFO - Setting next_dagrun for example_subdag_operator to 2022-01-01 00:00:00+00:00, run_after=2022-01-01 00:00:00+00:00
[2026-05-14T00:04:57.233+0000] {logging_mixin.py:188} INFO - [2026-05-14T00:04:57.233+0000] {dag.py:3947} INFO - Setting next_dagrun for example_subdag_operator.section-1 to None, run_after=None
[2026-05-14T00:04:57.234+0000] {logging_mixin.py:188} INFO - [2026-05-14T00:04:57.234+0000] {dag.py:3947} INFO - Setting next_dagrun for example_subdag_operator.section-2 to None, run_after=None
[2026-05-14T00:04:57.238+0000] {logging_mixin.py:188} INFO - [2026-05-14T00:04:57.238+0000] {dag.py:3089} INFO - Sync 2 DAGs
[2026-05-14T00:04:57.241+0000] {logging_mixin.py:188} INFO - [2026-05-14T00:04:57.241+0000] {dag.py:3947} INFO - Setting next_dagrun for example_subdag_operator.section-1 to None, run_after=None
[2026-05-14T00:04:57.242+0000] {logging_mixin.py:188} INFO - [2026-05-14T00:04:57.242+0000] {dag.py:3947} INFO - Setting next_dagrun for example_subdag_operator.section-2 to None, run_after=None
[2026-05-14T00:04:57.254+0000] {processor.py:183} INFO - Processing /workspaces/Airflow_project/airflow_env/lib/python3.12/site-packages/airflow/example_dags/example_subdag_operator.py took 0.067 seconds
[2026-05-14T00:05:43.042+0000] {processor.py:161} INFO - Started process (PID=98961) to work on /workspaces/Airflow_project/airflow_env/lib/python3.12/site-packages/airflow/example_dags/example_subdag_operator.py
[2026-05-14T00:05:43.042+0000] {processor.py:830} INFO - Processing file /workspaces/Airflow_project/airflow_env/lib/python3.12/site-packages/airflow/example_dags/example_subdag_operator.py for tasks to queue
[2026-05-14T00:05:43.043+0000] {logging_mixin.py:188} INFO - [2026-05-14T00:05:43.043+0000] {dagbag.py:545} INFO - Filling up the DagBag from /workspaces/Airflow_project/airflow_env/lib/python3.12/site-packages/airflow/example_dags/example_subdag_operator.py
[2026-05-14T00:05:43.063+0000] {processor.py:840} INFO - DAG(s) 'example_subdag_operator.section-1', 'example_subdag_operator.section-2', 'example_subdag_operator' retrieved from /workspaces/Airflow_project/airflow_env/lib/python3.12/site-packages/airflow/example_dags/example_subdag_operator.py
[2026-05-14T00:05:43.073+0000] {logging_mixin.py:188} INFO - [2026-05-14T00:05:43.073+0000] {dag.py:3089} INFO - Sync 3 DAGs
[2026-05-14T00:05:43.085+0000] {logging_mixin.py:188} INFO - [2026-05-14T00:05:43.085+0000] {dag.py:3947} INFO - Setting next_dagrun for example_subdag_operator to 2022-01-01 00:00:00+00:00, run_after=2022-01-01 00:00:00+00:00
[2026-05-14T00:05:43.087+0000] {logging_mixin.py:188} INFO - [2026-05-14T00:05:43.086+0000] {dag.py:3947} INFO - Setting next_dagrun for example_subdag_operator.section-1 to None, run_after=None
[2026-05-14T00:05:43.087+0000] {logging_mixin.py:188} INFO - [2026-05-14T00:05:43.087+0000] {dag.py:3947} INFO - Setting next_dagrun for example_subdag_operator.section-2 to None, run_after=None
[2026-05-14T00:05:43.091+0000] {logging_mixin.py:188} INFO - [2026-05-14T00:05:43.091+0000] {dag.py:3089} INFO - Sync 2 DAGs
[2026-05-14T00:05:43.094+0000] {logging_mixin.py:188} INFO - [2026-05-14T00:05:43.094+0000] {dag.py:3947} INFO - Setting next_dagrun for example_subdag_operator.section-1 to None, run_after=None
[2026-05-14T00:05:43.094+0000] {logging_mixin.py:188} INFO - [2026-05-14T00:05:43.094+0000] {dag.py:3947} INFO - Setting next_dagrun for example_subdag_operator.section-2 to None, run_after=None
[2026-05-14T00:05:43.105+0000] {processor.py:183} INFO - Processing /workspaces/Airflow_project/airflow_env/lib/python3.12/site-packages/airflow/example_dags/example_subdag_operator.py took 0.069 seconds
[2026-05-14T00:06:23.941+0000] {processor.py:161} INFO - Started process (PID=99281) to work on /workspaces/Airflow_project/airflow_env/lib/python3.12/site-packages/airflow/example_dags/example_subdag_operator.py
[2026-05-14T00:06:23.942+0000] {processor.py:830} INFO - Processing file /workspaces/Airflow_project/airflow_env/lib/python3.12/site-packages/airflow/example_dags/example_subdag_operator.py for tasks to queue
[2026-05-14T00:06:23.942+0000] {logging_mixin.py:188} INFO - [2026-05-14T00:06:23.942+0000] {dagbag.py:545} INFO - Filling up the DagBag from /workspaces/Airflow_project/airflow_env/lib/python3.12/site-packages/airflow/example_dags/example_subdag_operator.py
[2026-05-14T00:06:23.961+0000] {processor.py:840} INFO - DAG(s) 'example_subdag_operator.section-1', 'example_subdag_operator.section-2', 'example_subdag_operator' retrieved from /workspaces/Airflow_project/airflow_env/lib/python3.12/site-packages/airflow/example_dags/example_subdag_operator.py
[2026-05-14T00:06:23.971+0000] {logging_mixin.py:188} INFO - [2026-05-14T00:06:23.971+0000] {dag.py:3089} INFO - Sync 3 DAGs
[2026-05-14T00:06:23.982+0000] {logging_mixin.py:188} INFO - [2026-05-14T00:06:23.982+0000] {dag.py:3947} INFO - Setting next_dagrun for example_subdag_operator to 2022-01-01 00:00:00+00:00, run_after=2022-01-01 00:00:00+00:00
[2026-05-14T00:06:23.984+0000] {logging_mixin.py:188} INFO - [2026-05-14T00:06:23.984+0000] {dag.py:3947} INFO - Setting next_dagrun for example_subdag_operator.section-1 to None, run_after=None
[2026-05-14T00:06:23.984+0000] {logging_mixin.py:188} INFO - [2026-05-14T00:06:23.984+0000] {dag.py:3947} INFO - Setting next_dagrun for example_subdag_operator.section-2 to None, run_after=None
[2026-05-14T00:06:23.988+0000] {logging_mixin.py:188} INFO - [2026-05-14T00:06:23.988+0000] {dag.py:3089} INFO - Sync 2 DAGs
[2026-05-14T00:06:23.991+0000] {logging_mixin.py:188} INFO - [2026-05-14T00:06:23.991+0000] {dag.py:3947} INFO - Setting next_dagrun for example_subdag_operator.section-1 to None, run_after=None
[2026-05-14T00:06:23.991+0000] {logging_mixin.py:188} INFO - [2026-05-14T00:06:23.991+0000] {dag.py:3947} INFO - Setting next_dagrun for example_subdag_operator.section-2 to None, run_after=None
[2026-05-14T00:06:24.002+0000] {processor.py:183} INFO - Processing /workspaces/Airflow_project/airflow_env/lib/python3.12/site-packages/airflow/example_dags/example_subdag_operator.py took 0.066 seconds
[2026-05-14T00:07:10.322+0000] {processor.py:161} INFO - Started process (PID=99681) to work on /workspaces/Airflow_project/airflow_env/lib/python3.12/site-packages/airflow/example_dags/example_subdag_operator.py
[2026-05-14T00:07:10.322+0000] {processor.py:830} INFO - Processing file /workspaces/Airflow_project/airflow_env/lib/python3.12/site-packages/airflow/example_dags/example_subdag_operator.py for tasks to queue
[2026-05-14T00:07:10.323+0000] {logging_mixin.py:188} INFO - [2026-05-14T00:07:10.323+0000] {dagbag.py:545} INFO - Filling up the DagBag from /workspaces/Airflow_project/airflow_env/lib/python3.12/site-packages/airflow/example_dags/example_subdag_operator.py
[2026-05-14T00:07:10.339+0000] {processor.py:840} INFO - DAG(s) 'example_subdag_operator.section-1', 'example_subdag_operator.section-2', 'example_subdag_operator' retrieved from /workspaces/Airflow_project/airflow_env/lib/python3.12/site-packages/airflow/example_dags/example_subdag_operator.py
[2026-05-14T00:07:10.353+0000] {logging_mixin.py:188} INFO - [2026-05-14T00:07:10.353+0000] {dag.py:3089} INFO - Sync 3 DAGs
[2026-05-14T00:07:10.366+0000] {logging_mixin.py:188} INFO - [2026-05-14T00:07:10.365+0000] {dag.py:3947} INFO - Setting next_dagrun for example_subdag_operator to 2022-01-01 00:00:00+00:00, run_after=2022-01-01 00:00:00+00:00
[2026-05-14T00:07:10.367+0000] {logging_mixin.py:188} INFO - [2026-05-14T00:07:10.367+0000] {dag.py:3947} INFO - Setting next_dagrun for example_subdag_operator.section-1 to None, run_after=None
[2026-05-14T00:07:10.368+0000] {logging_mixin.py:188} INFO - [2026-05-14T00:07:10.368+0000] {dag.py:3947} INFO - Setting next_dagrun for example_subdag_operator.section-2 to None, run_after=None
[2026-05-14T00:07:10.372+0000] {logging_mixin.py:188} INFO - [2026-05-14T00:07:10.372+0000] {dag.py:3089} INFO - Sync 2 DAGs
[2026-05-14T00:07:10.375+0000] {logging_mixin.py:188} INFO - [2026-05-14T00:07:10.374+0000] {dag.py:3947} INFO - Setting next_dagrun for example_subdag_operator.section-1 to None, run_after=None
[2026-05-14T00:07:10.375+0000] {logging_mixin.py:188} INFO - [2026-05-14T00:07:10.375+0000] {dag.py:3947} INFO - Setting next_dagrun for example_subdag_operator.section-2 to None, run_after=None
[2026-05-14T00:07:10.385+0000] {processor.py:183} INFO - Processing /workspaces/Airflow_project/airflow_env/lib/python3.12/site-packages/airflow/example_dags/example_subdag_operator.py took 0.068 seconds
[2026-05-14T00:07:56.607+0000] {processor.py:161} INFO - Started process (PID=100042) to work on /workspaces/Airflow_project/airflow_env/lib/python3.12/site-packages/airflow/example_dags/example_subdag_operator.py
[2026-05-14T00:07:56.607+0000] {processor.py:830} INFO - Processing file /workspaces/Airflow_project/airflow_env/lib/python3.12/site-packages/airflow/example_dags/example_subdag_operator.py for tasks to queue
[2026-05-14T00:07:56.608+0000] {logging_mixin.py:188} INFO - [2026-05-14T00:07:56.608+0000] {dagbag.py:545} INFO - Filling up the DagBag from /workspaces/Airflow_project/airflow_env/lib/python3.12/site-packages/airflow/example_dags/example_subdag_operator.py
[2026-05-14T00:07:56.625+0000] {processor.py:840} INFO - DAG(s) 'example_subdag_operator.section-1', 'example_subdag_operator.section-2', 'example_subdag_operator' retrieved from /workspaces/Airflow_project/airflow_env/lib/python3.12/site-packages/airflow/example_dags/example_subdag_operator.py
[2026-05-14T00:07:56.635+0000] {logging_mixin.py:188} INFO - [2026-05-14T00:07:56.635+0000] {dag.py:3089} INFO - Sync 3 DAGs
[2026-05-14T00:07:56.650+0000] {logging_mixin.py:188} INFO - [2026-05-14T00:07:56.649+0000] {dag.py:3947} INFO - Setting next_dagrun for example_subdag_operator to 2022-01-01 00:00:00+00:00, run_after=2022-01-01 00:00:00+00:00
[2026-05-14T00:07:56.652+0000] {logging_mixin.py:188} INFO - [2026-05-14T00:07:56.652+0000] {dag.py:3947} INFO - Setting next_dagrun for example_subdag_operator.section-1 to None, run_after=None
[2026-05-14T00:07:56.653+0000] {logging_mixin.py:188} INFO - [2026-05-14T00:07:56.653+0000] {dag.py:3947} INFO - Setting next_dagrun for example_subdag_operator.section-2 to None, run_after=None
[2026-05-14T00:07:56.658+0000] {logging_mixin.py:188} INFO - [2026-05-14T00:07:56.658+0000] {dag.py:3089} INFO - Sync 2 DAGs
[2026-05-14T00:07:56.660+0000] {logging_mixin.py:188} INFO - [2026-05-14T00:07:56.660+0000] {dag.py:3947} INFO - Setting next_dagrun for example_subdag_operator.section-1 to None, run_after=None
[2026-05-14T00:07:56.661+0000] {logging_mixin.py:188} INFO - [2026-05-14T00:07:56.661+0000] {dag.py:3947} INFO - Setting next_dagrun for example_subdag_operator.section-2 to None, run_after=None
[2026-05-14T00:07:56.671+0000] {processor.py:183} INFO - Processing /workspaces/Airflow_project/airflow_env/lib/python3.12/site-packages/airflow/example_dags/example_subdag_operator.py took 0.069 seconds
[2026-05-14T00:08:39.533+0000] {processor.py:161} INFO - Started process (PID=100368) to work on /workspaces/Airflow_project/airflow_env/lib/python3.12/site-packages/airflow/example_dags/example_subdag_operator.py
[2026-05-14T00:08:39.534+0000] {processor.py:830} INFO - Processing file /workspaces/Airflow_project/airflow_env/lib/python3.12/site-packages/airflow/example_dags/example_subdag_operator.py for tasks to queue
[2026-05-14T00:08:39.534+0000] {logging_mixin.py:188} INFO - [2026-05-14T00:08:39.534+0000] {dagbag.py:545} INFO - Filling up the DagBag from /workspaces/Airflow_project/airflow_env/lib/python3.12/site-packages/airflow/example_dags/example_subdag_operator.py
[2026-05-14T00:08:39.554+0000] {processor.py:840} INFO - DAG(s) 'example_subdag_operator.section-1', 'example_subdag_operator.section-2', 'example_subdag_operator' retrieved from /workspaces/Airflow_project/airflow_env/lib/python3.12/site-packages/airflow/example_dags/example_subdag_operator.py
[2026-05-14T00:08:39.565+0000] {logging_mixin.py:188} INFO - [2026-05-14T00:08:39.565+0000] {dag.py:3089} INFO - Sync 3 DAGs
[2026-05-14T00:08:39.582+0000] {logging_mixin.py:188} INFO - [2026-05-14T00:08:39.582+0000] {dag.py:3947} INFO - Setting next_dagrun for example_subdag_operator to 2022-01-01 00:00:00+00:00, run_after=2022-01-01 00:00:00+00:00
[2026-05-14T00:08:39.586+0000] {logging_mixin.py:188} INFO - [2026-05-14T00:08:39.586+0000] {dag.py:3947} INFO - Setting next_dagrun for example_subdag_operator.section-1 to None, run_after=None
[2026-05-14T00:08:39.587+0000] {logging_mixin.py:188} INFO - [2026-05-14T00:08:39.587+0000] {dag.py:3947} INFO - Setting next_dagrun for example_subdag_operator.section-2 to None, run_after=None
[2026-05-14T00:08:39.593+0000] {logging_mixin.py:188} INFO - [2026-05-14T00:08:39.593+0000] {dag.py:3089} INFO - Sync 2 DAGs
[2026-05-14T00:08:39.597+0000] {logging_mixin.py:188} INFO - [2026-05-14T00:08:39.597+0000] {dag.py:3947} INFO - Setting next_dagrun for example_subdag_operator.section-1 to None, run_after=None
[2026-05-14T00:08:39.598+0000] {logging_mixin.py:188} INFO - [2026-05-14T00:08:39.598+0000] {dag.py:3947} INFO - Setting next_dagrun for example_subdag_operator.section-2 to None, run_after=None
[2026-05-14T00:08:39.615+0000] {processor.py:183} INFO - Processing /workspaces/Airflow_project/airflow_env/lib/python3.12/site-packages/airflow/example_dags/example_subdag_operator.py took 0.086 seconds
[2026-05-14T00:09:24.810+0000] {processor.py:161} INFO - Started process (PID=101302) to work on /workspaces/Airflow_project/airflow_env/lib/python3.12/site-packages/airflow/example_dags/example_subdag_operator.py
[2026-05-14T00:09:24.881+0000] {processor.py:830} INFO - Processing file /workspaces/Airflow_project/airflow_env/lib/python3.12/site-packages/airflow/example_dags/example_subdag_operator.py for tasks to queue
[2026-05-14T00:09:24.882+0000] {logging_mixin.py:188} INFO - [2026-05-14T00:09:24.882+0000] {dagbag.py:545} INFO - Filling up the DagBag from /workspaces/Airflow_project/airflow_env/lib/python3.12/site-packages/airflow/example_dags/example_subdag_operator.py
[2026-05-14T00:09:24.901+0000] {processor.py:840} INFO - DAG(s) 'example_subdag_operator.section-1', 'example_subdag_operator.section-2', 'example_subdag_operator' retrieved from /workspaces/Airflow_project/airflow_env/lib/python3.12/site-packages/airflow/example_dags/example_subdag_operator.py
[2026-05-14T00:09:24.926+0000] {logging_mixin.py:188} INFO - [2026-05-14T00:09:24.924+0000] {dag.py:3089} INFO - Sync 3 DAGs
[2026-05-14T00:09:24.945+0000] {logging_mixin.py:188} INFO - [2026-05-14T00:09:24.944+0000] {dag.py:3947} INFO - Setting next_dagrun for example_subdag_operator to 2022-01-01 00:00:00+00:00, run_after=2022-01-01 00:00:00+00:00
[2026-05-14T00:09:24.954+0000] {logging_mixin.py:188} INFO - [2026-05-14T00:09:24.954+0000] {dag.py:3947} INFO - Setting next_dagrun for example_subdag_operator.section-1 to None, run_after=None
[2026-05-14T00:09:24.960+0000] {logging_mixin.py:188} INFO - [2026-05-14T00:09:24.960+0000] {dag.py:3947} INFO - Setting next_dagrun for example_subdag_operator.section-2 to None, run_after=None
[2026-05-14T00:09:24.969+0000] {logging_mixin.py:188} INFO - [2026-05-14T00:09:24.969+0000] {dag.py:3089} INFO - Sync 2 DAGs
[2026-05-14T00:09:24.973+0000] {logging_mixin.py:188} INFO - [2026-05-14T00:09:24.973+0000] {dag.py:3947} INFO - Setting next_dagrun for example_subdag_operator.section-1 to None, run_after=None
[2026-05-14T00:09:24.973+0000] {logging_mixin.py:188} INFO - [2026-05-14T00:09:24.973+0000] {dag.py:3947} INFO - Setting next_dagrun for example_subdag_operator.section-2 to None, run_after=None
[2026-05-14T00:09:25.119+0000] {processor.py:183} INFO - Processing /workspaces/Airflow_project/airflow_env/lib/python3.12/site-packages/airflow/example_dags/example_subdag_operator.py took 0.324 seconds
