[2026-05-14T00:00:14.879+0000] {processor.py:161} INFO - Started process (PID=96238) to work on /workspaces/Airflow_project/airflow_env/lib/python3.12/site-packages/airflow/example_dags/example_trigger_target_dag.py
[2026-05-14T00:00:14.880+0000] {processor.py:830} INFO - Processing file /workspaces/Airflow_project/airflow_env/lib/python3.12/site-packages/airflow/example_dags/example_trigger_target_dag.py for tasks to queue
[2026-05-14T00:00:14.881+0000] {logging_mixin.py:188} INFO - [2026-05-14T00:00:14.881+0000] {dagbag.py:545} INFO - Filling up the DagBag from /workspaces/Airflow_project/airflow_env/lib/python3.12/site-packages/airflow/example_dags/example_trigger_target_dag.py
[2026-05-14T00:00:14.887+0000] {processor.py:840} INFO - DAG(s) 'example_trigger_target_dag' retrieved from /workspaces/Airflow_project/airflow_env/lib/python3.12/site-packages/airflow/example_dags/example_trigger_target_dag.py
[2026-05-14T00:00:14.903+0000] {logging_mixin.py:188} INFO - [2026-05-14T00:00:14.903+0000] {dag.py:3089} INFO - Sync 1 DAGs
[2026-05-14T00:00:14.914+0000] {logging_mixin.py:188} INFO - [2026-05-14T00:00:14.914+0000] {dag.py:3947} INFO - Setting next_dagrun for example_trigger_target_dag to None, run_after=None
[2026-05-14T00:00:14.945+0000] {processor.py:183} INFO - Processing /workspaces/Airflow_project/airflow_env/lib/python3.12/site-packages/airflow/example_dags/example_trigger_target_dag.py took 0.072 seconds
[2026-05-14T00:01:10.874+0000] {processor.py:161} INFO - Started process (PID=96758) to work on /workspaces/Airflow_project/airflow_env/lib/python3.12/site-packages/airflow/example_dags/example_trigger_target_dag.py
[2026-05-14T00:01:10.875+0000] {processor.py:830} INFO - Processing file /workspaces/Airflow_project/airflow_env/lib/python3.12/site-packages/airflow/example_dags/example_trigger_target_dag.py for tasks to queue
[2026-05-14T00:01:10.876+0000] {logging_mixin.py:188} INFO - [2026-05-14T00:01:10.875+0000] {dagbag.py:545} INFO - Filling up the DagBag from /workspaces/Airflow_project/airflow_env/lib/python3.12/site-packages/airflow/example_dags/example_trigger_target_dag.py
[2026-05-14T00:01:10.881+0000] {processor.py:840} INFO - DAG(s) 'example_trigger_target_dag' retrieved from /workspaces/Airflow_project/airflow_env/lib/python3.12/site-packages/airflow/example_dags/example_trigger_target_dag.py
[2026-05-14T00:01:10.896+0000] {logging_mixin.py:188} INFO - [2026-05-14T00:01:10.896+0000] {dag.py:3089} INFO - Sync 1 DAGs
[2026-05-14T00:01:10.903+0000] {logging_mixin.py:188} INFO - [2026-05-14T00:01:10.903+0000] {dag.py:3947} INFO - Setting next_dagrun for example_trigger_target_dag to None, run_after=None
[2026-05-14T00:01:10.918+0000] {processor.py:183} INFO - Processing /workspaces/Airflow_project/airflow_env/lib/python3.12/site-packages/airflow/example_dags/example_trigger_target_dag.py took 0.048 seconds
[2026-05-14T00:01:55.321+0000] {processor.py:161} INFO - Started process (PID=97142) to work on /workspaces/Airflow_project/airflow_env/lib/python3.12/site-packages/airflow/example_dags/example_trigger_target_dag.py
[2026-05-14T00:01:55.322+0000] {processor.py:830} INFO - Processing file /workspaces/Airflow_project/airflow_env/lib/python3.12/site-packages/airflow/example_dags/example_trigger_target_dag.py for tasks to queue
[2026-05-14T00:01:55.323+0000] {logging_mixin.py:188} INFO - [2026-05-14T00:01:55.322+0000] {dagbag.py:545} INFO - Filling up the DagBag from /workspaces/Airflow_project/airflow_env/lib/python3.12/site-packages/airflow/example_dags/example_trigger_target_dag.py
[2026-05-14T00:01:55.327+0000] {processor.py:840} INFO - DAG(s) 'example_trigger_target_dag' retrieved from /workspaces/Airflow_project/airflow_env/lib/python3.12/site-packages/airflow/example_dags/example_trigger_target_dag.py
[2026-05-14T00:01:55.340+0000] {logging_mixin.py:188} INFO - [2026-05-14T00:01:55.340+0000] {dag.py:3089} INFO - Sync 1 DAGs
[2026-05-14T00:01:55.349+0000] {logging_mixin.py:188} INFO - [2026-05-14T00:01:55.349+0000] {dag.py:3947} INFO - Setting next_dagrun for example_trigger_target_dag to None, run_after=None
[2026-05-14T00:01:55.365+0000] {processor.py:183} INFO - Processing /workspaces/Airflow_project/airflow_env/lib/python3.12/site-packages/airflow/example_dags/example_trigger_target_dag.py took 0.049 seconds
[2026-05-14T00:02:37.495+0000] {processor.py:161} INFO - Started process (PID=97476) to work on /workspaces/Airflow_project/airflow_env/lib/python3.12/site-packages/airflow/example_dags/example_trigger_target_dag.py
[2026-05-14T00:02:37.495+0000] {processor.py:830} INFO - Processing file /workspaces/Airflow_project/airflow_env/lib/python3.12/site-packages/airflow/example_dags/example_trigger_target_dag.py for tasks to queue
[2026-05-14T00:02:37.496+0000] {logging_mixin.py:188} INFO - [2026-05-14T00:02:37.496+0000] {dagbag.py:545} INFO - Filling up the DagBag from /workspaces/Airflow_project/airflow_env/lib/python3.12/site-packages/airflow/example_dags/example_trigger_target_dag.py
[2026-05-14T00:02:37.500+0000] {processor.py:840} INFO - DAG(s) 'example_trigger_target_dag' retrieved from /workspaces/Airflow_project/airflow_env/lib/python3.12/site-packages/airflow/example_dags/example_trigger_target_dag.py
[2026-05-14T00:02:37.512+0000] {logging_mixin.py:188} INFO - [2026-05-14T00:02:37.512+0000] {dag.py:3089} INFO - Sync 1 DAGs
[2026-05-14T00:02:37.521+0000] {logging_mixin.py:188} INFO - [2026-05-14T00:02:37.521+0000] {dag.py:3947} INFO - Setting next_dagrun for example_trigger_target_dag to None, run_after=None
[2026-05-14T00:02:37.536+0000] {processor.py:183} INFO - Processing /workspaces/Airflow_project/airflow_env/lib/python3.12/site-packages/airflow/example_dags/example_trigger_target_dag.py took 0.046 seconds
[2026-05-14T00:03:22.131+0000] {processor.py:161} INFO - Started process (PID=97814) to work on /workspaces/Airflow_project/airflow_env/lib/python3.12/site-packages/airflow/example_dags/example_trigger_target_dag.py
[2026-05-14T00:03:22.132+0000] {processor.py:830} INFO - Processing file /workspaces/Airflow_project/airflow_env/lib/python3.12/site-packages/airflow/example_dags/example_trigger_target_dag.py for tasks to queue
[2026-05-14T00:03:22.133+0000] {logging_mixin.py:188} INFO - [2026-05-14T00:03:22.132+0000] {dagbag.py:545} INFO - Filling up the DagBag from /workspaces/Airflow_project/airflow_env/lib/python3.12/site-packages/airflow/example_dags/example_trigger_target_dag.py
[2026-05-14T00:03:22.137+0000] {processor.py:840} INFO - DAG(s) 'example_trigger_target_dag' retrieved from /workspaces/Airflow_project/airflow_env/lib/python3.12/site-packages/airflow/example_dags/example_trigger_target_dag.py
[2026-05-14T00:03:22.152+0000] {logging_mixin.py:188} INFO - [2026-05-14T00:03:22.152+0000] {dag.py:3089} INFO - Sync 1 DAGs
[2026-05-14T00:03:22.161+0000] {logging_mixin.py:188} INFO - [2026-05-14T00:03:22.161+0000] {dag.py:3947} INFO - Setting next_dagrun for example_trigger_target_dag to None, run_after=None
[2026-05-14T00:03:22.177+0000] {processor.py:183} INFO - Processing /workspaces/Airflow_project/airflow_env/lib/python3.12/site-packages/airflow/example_dags/example_trigger_target_dag.py took 0.050 seconds
[2026-05-14T00:04:10.528+0000] {processor.py:161} INFO - Started process (PID=98201) to work on /workspaces/Airflow_project/airflow_env/lib/python3.12/site-packages/airflow/example_dags/example_trigger_target_dag.py
[2026-05-14T00:04:10.529+0000] {processor.py:830} INFO - Processing file /workspaces/Airflow_project/airflow_env/lib/python3.12/site-packages/airflow/example_dags/example_trigger_target_dag.py for tasks to queue
[2026-05-14T00:04:10.530+0000] {logging_mixin.py:188} INFO - [2026-05-14T00:04:10.529+0000] {dagbag.py:545} INFO - Filling up the DagBag from /workspaces/Airflow_project/airflow_env/lib/python3.12/site-packages/airflow/example_dags/example_trigger_target_dag.py
[2026-05-14T00:04:10.534+0000] {processor.py:840} INFO - DAG(s) 'example_trigger_target_dag' retrieved from /workspaces/Airflow_project/airflow_env/lib/python3.12/site-packages/airflow/example_dags/example_trigger_target_dag.py
[2026-05-14T00:04:10.549+0000] {logging_mixin.py:188} INFO - [2026-05-14T00:04:10.549+0000] {dag.py:3089} INFO - Sync 1 DAGs
[2026-05-14T00:04:10.559+0000] {logging_mixin.py:188} INFO - [2026-05-14T00:04:10.558+0000] {dag.py:3947} INFO - Setting next_dagrun for example_trigger_target_dag to None, run_after=None
[2026-05-14T00:04:10.575+0000] {processor.py:183} INFO - Processing /workspaces/Airflow_project/airflow_env/lib/python3.12/site-packages/airflow/example_dags/example_trigger_target_dag.py took 0.051 seconds
[2026-05-14T00:04:59.459+0000] {processor.py:161} INFO - Started process (PID=98615) to work on /workspaces/Airflow_project/airflow_env/lib/python3.12/site-packages/airflow/example_dags/example_trigger_target_dag.py
[2026-05-14T00:04:59.460+0000] {processor.py:830} INFO - Processing file /workspaces/Airflow_project/airflow_env/lib/python3.12/site-packages/airflow/example_dags/example_trigger_target_dag.py for tasks to queue
[2026-05-14T00:04:59.460+0000] {logging_mixin.py:188} INFO - [2026-05-14T00:04:59.460+0000] {dagbag.py:545} INFO - Filling up the DagBag from /workspaces/Airflow_project/airflow_env/lib/python3.12/site-packages/airflow/example_dags/example_trigger_target_dag.py
[2026-05-14T00:04:59.464+0000] {processor.py:840} INFO - DAG(s) 'example_trigger_target_dag' retrieved from /workspaces/Airflow_project/airflow_env/lib/python3.12/site-packages/airflow/example_dags/example_trigger_target_dag.py
[2026-05-14T00:04:59.476+0000] {logging_mixin.py:188} INFO - [2026-05-14T00:04:59.476+0000] {dag.py:3089} INFO - Sync 1 DAGs
[2026-05-14T00:04:59.483+0000] {logging_mixin.py:188} INFO - [2026-05-14T00:04:59.483+0000] {dag.py:3947} INFO - Setting next_dagrun for example_trigger_target_dag to None, run_after=None
[2026-05-14T00:04:59.498+0000] {processor.py:183} INFO - Processing /workspaces/Airflow_project/airflow_env/lib/python3.12/site-packages/airflow/example_dags/example_trigger_target_dag.py took 0.044 seconds
[2026-05-14T00:05:44.783+0000] {processor.py:161} INFO - Started process (PID=98970) to work on /workspaces/Airflow_project/airflow_env/lib/python3.12/site-packages/airflow/example_dags/example_trigger_target_dag.py
[2026-05-14T00:05:44.784+0000] {processor.py:830} INFO - Processing file /workspaces/Airflow_project/airflow_env/lib/python3.12/site-packages/airflow/example_dags/example_trigger_target_dag.py for tasks to queue
[2026-05-14T00:05:44.785+0000] {logging_mixin.py:188} INFO - [2026-05-14T00:05:44.784+0000] {dagbag.py:545} INFO - Filling up the DagBag from /workspaces/Airflow_project/airflow_env/lib/python3.12/site-packages/airflow/example_dags/example_trigger_target_dag.py
[2026-05-14T00:05:44.789+0000] {processor.py:840} INFO - DAG(s) 'example_trigger_target_dag' retrieved from /workspaces/Airflow_project/airflow_env/lib/python3.12/site-packages/airflow/example_dags/example_trigger_target_dag.py
[2026-05-14T00:05:44.801+0000] {logging_mixin.py:188} INFO - [2026-05-14T00:05:44.800+0000] {dag.py:3089} INFO - Sync 1 DAGs
[2026-05-14T00:05:44.808+0000] {logging_mixin.py:188} INFO - [2026-05-14T00:05:44.808+0000] {dag.py:3947} INFO - Setting next_dagrun for example_trigger_target_dag to None, run_after=None
[2026-05-14T00:05:44.823+0000] {processor.py:183} INFO - Processing /workspaces/Airflow_project/airflow_env/lib/python3.12/site-packages/airflow/example_dags/example_trigger_target_dag.py took 0.044 seconds
[2026-05-14T00:06:25.892+0000] {processor.py:161} INFO - Started process (PID=99296) to work on /workspaces/Airflow_project/airflow_env/lib/python3.12/site-packages/airflow/example_dags/example_trigger_target_dag.py
[2026-05-14T00:06:25.892+0000] {processor.py:830} INFO - Processing file /workspaces/Airflow_project/airflow_env/lib/python3.12/site-packages/airflow/example_dags/example_trigger_target_dag.py for tasks to queue
[2026-05-14T00:06:25.893+0000] {logging_mixin.py:188} INFO - [2026-05-14T00:06:25.893+0000] {dagbag.py:545} INFO - Filling up the DagBag from /workspaces/Airflow_project/airflow_env/lib/python3.12/site-packages/airflow/example_dags/example_trigger_target_dag.py
[2026-05-14T00:06:25.897+0000] {processor.py:840} INFO - DAG(s) 'example_trigger_target_dag' retrieved from /workspaces/Airflow_project/airflow_env/lib/python3.12/site-packages/airflow/example_dags/example_trigger_target_dag.py
[2026-05-14T00:06:25.911+0000] {logging_mixin.py:188} INFO - [2026-05-14T00:06:25.911+0000] {dag.py:3089} INFO - Sync 1 DAGs
[2026-05-14T00:06:25.921+0000] {logging_mixin.py:188} INFO - [2026-05-14T00:06:25.921+0000] {dag.py:3947} INFO - Setting next_dagrun for example_trigger_target_dag to None, run_after=None
[2026-05-14T00:06:25.936+0000] {processor.py:183} INFO - Processing /workspaces/Airflow_project/airflow_env/lib/python3.12/site-packages/airflow/example_dags/example_trigger_target_dag.py took 0.049 seconds
[2026-05-14T00:07:12.595+0000] {processor.py:161} INFO - Started process (PID=99691) to work on /workspaces/Airflow_project/airflow_env/lib/python3.12/site-packages/airflow/example_dags/example_trigger_target_dag.py
[2026-05-14T00:07:12.596+0000] {processor.py:830} INFO - Processing file /workspaces/Airflow_project/airflow_env/lib/python3.12/site-packages/airflow/example_dags/example_trigger_target_dag.py for tasks to queue
[2026-05-14T00:07:12.597+0000] {logging_mixin.py:188} INFO - [2026-05-14T00:07:12.596+0000] {dagbag.py:545} INFO - Filling up the DagBag from /workspaces/Airflow_project/airflow_env/lib/python3.12/site-packages/airflow/example_dags/example_trigger_target_dag.py
[2026-05-14T00:07:12.601+0000] {processor.py:840} INFO - DAG(s) 'example_trigger_target_dag' retrieved from /workspaces/Airflow_project/airflow_env/lib/python3.12/site-packages/airflow/example_dags/example_trigger_target_dag.py
[2026-05-14T00:07:12.613+0000] {logging_mixin.py:188} INFO - [2026-05-14T00:07:12.612+0000] {dag.py:3089} INFO - Sync 1 DAGs
[2026-05-14T00:07:12.620+0000] {logging_mixin.py:188} INFO - [2026-05-14T00:07:12.620+0000] {dag.py:3947} INFO - Setting next_dagrun for example_trigger_target_dag to None, run_after=None
[2026-05-14T00:07:12.635+0000] {processor.py:183} INFO - Processing /workspaces/Airflow_project/airflow_env/lib/python3.12/site-packages/airflow/example_dags/example_trigger_target_dag.py took 0.044 seconds
[2026-05-14T00:07:57.959+0000] {processor.py:161} INFO - Started process (PID=100051) to work on /workspaces/Airflow_project/airflow_env/lib/python3.12/site-packages/airflow/example_dags/example_trigger_target_dag.py
[2026-05-14T00:07:57.960+0000] {processor.py:830} INFO - Processing file /workspaces/Airflow_project/airflow_env/lib/python3.12/site-packages/airflow/example_dags/example_trigger_target_dag.py for tasks to queue
[2026-05-14T00:07:57.961+0000] {logging_mixin.py:188} INFO - [2026-05-14T00:07:57.960+0000] {dagbag.py:545} INFO - Filling up the DagBag from /workspaces/Airflow_project/airflow_env/lib/python3.12/site-packages/airflow/example_dags/example_trigger_target_dag.py
[2026-05-14T00:07:57.965+0000] {processor.py:840} INFO - DAG(s) 'example_trigger_target_dag' retrieved from /workspaces/Airflow_project/airflow_env/lib/python3.12/site-packages/airflow/example_dags/example_trigger_target_dag.py
[2026-05-14T00:07:57.977+0000] {logging_mixin.py:188} INFO - [2026-05-14T00:07:57.977+0000] {dag.py:3089} INFO - Sync 1 DAGs
[2026-05-14T00:07:57.984+0000] {logging_mixin.py:188} INFO - [2026-05-14T00:07:57.984+0000] {dag.py:3947} INFO - Setting next_dagrun for example_trigger_target_dag to None, run_after=None
[2026-05-14T00:07:57.999+0000] {processor.py:183} INFO - Processing /workspaces/Airflow_project/airflow_env/lib/python3.12/site-packages/airflow/example_dags/example_trigger_target_dag.py took 0.045 seconds
[2026-05-14T00:08:41.112+0000] {processor.py:161} INFO - Started process (PID=100383) to work on /workspaces/Airflow_project/airflow_env/lib/python3.12/site-packages/airflow/example_dags/example_trigger_target_dag.py
[2026-05-14T00:08:41.113+0000] {processor.py:830} INFO - Processing file /workspaces/Airflow_project/airflow_env/lib/python3.12/site-packages/airflow/example_dags/example_trigger_target_dag.py for tasks to queue
[2026-05-14T00:08:41.114+0000] {logging_mixin.py:188} INFO - [2026-05-14T00:08:41.114+0000] {dagbag.py:545} INFO - Filling up the DagBag from /workspaces/Airflow_project/airflow_env/lib/python3.12/site-packages/airflow/example_dags/example_trigger_target_dag.py
[2026-05-14T00:08:41.121+0000] {processor.py:840} INFO - DAG(s) 'example_trigger_target_dag' retrieved from /workspaces/Airflow_project/airflow_env/lib/python3.12/site-packages/airflow/example_dags/example_trigger_target_dag.py
[2026-05-14T00:08:41.135+0000] {logging_mixin.py:188} INFO - [2026-05-14T00:08:41.135+0000] {dag.py:3089} INFO - Sync 1 DAGs
[2026-05-14T00:08:41.160+0000] {logging_mixin.py:188} INFO - [2026-05-14T00:08:41.160+0000] {dag.py:3947} INFO - Setting next_dagrun for example_trigger_target_dag to None, run_after=None
[2026-05-14T00:08:41.191+0000] {processor.py:183} INFO - Processing /workspaces/Airflow_project/airflow_env/lib/python3.12/site-packages/airflow/example_dags/example_trigger_target_dag.py took 0.088 seconds
[2026-05-14T00:09:26.299+0000] {processor.py:161} INFO - Started process (PID=101366) to work on /workspaces/Airflow_project/airflow_env/lib/python3.12/site-packages/airflow/example_dags/example_trigger_target_dag.py
[2026-05-14T00:09:26.348+0000] {processor.py:830} INFO - Processing file /workspaces/Airflow_project/airflow_env/lib/python3.12/site-packages/airflow/example_dags/example_trigger_target_dag.py for tasks to queue
[2026-05-14T00:09:26.351+0000] {logging_mixin.py:188} INFO - [2026-05-14T00:09:26.349+0000] {dagbag.py:545} INFO - Filling up the DagBag from /workspaces/Airflow_project/airflow_env/lib/python3.12/site-packages/airflow/example_dags/example_trigger_target_dag.py
[2026-05-14T00:09:26.366+0000] {processor.py:840} INFO - DAG(s) 'example_trigger_target_dag' retrieved from /workspaces/Airflow_project/airflow_env/lib/python3.12/site-packages/airflow/example_dags/example_trigger_target_dag.py
[2026-05-14T00:09:26.393+0000] {logging_mixin.py:188} INFO - [2026-05-14T00:09:26.393+0000] {dag.py:3089} INFO - Sync 1 DAGs
[2026-05-14T00:09:26.414+0000] {logging_mixin.py:188} INFO - [2026-05-14T00:09:26.412+0000] {dag.py:3947} INFO - Setting next_dagrun for example_trigger_target_dag to None, run_after=None
[2026-05-14T00:09:26.567+0000] {processor.py:183} INFO - Processing /workspaces/Airflow_project/airflow_env/lib/python3.12/site-packages/airflow/example_dags/example_trigger_target_dag.py took 0.278 seconds
