[2026-05-14T00:01:02.642+0000] {processor.py:161} INFO - Started process (PID=96711) to work on /workspaces/Airflow_project/airflow_env/lib/python3.12/site-packages/airflow/example_dags/example_bash_operator.py
[2026-05-14T00:01:02.642+0000] {processor.py:830} INFO - Processing file /workspaces/Airflow_project/airflow_env/lib/python3.12/site-packages/airflow/example_dags/example_bash_operator.py for tasks to queue
[2026-05-14T00:01:02.643+0000] {logging_mixin.py:188} INFO - [2026-05-14T00:01:02.643+0000] {dagbag.py:545} INFO - Filling up the DagBag from /workspaces/Airflow_project/airflow_env/lib/python3.12/site-packages/airflow/example_dags/example_bash_operator.py
[2026-05-14T00:01:02.652+0000] {processor.py:840} INFO - DAG(s) 'example_bash_operator' retrieved from /workspaces/Airflow_project/airflow_env/lib/python3.12/site-packages/airflow/example_dags/example_bash_operator.py
[2026-05-14T00:01:02.672+0000] {logging_mixin.py:188} INFO - [2026-05-14T00:01:02.672+0000] {dag.py:3089} INFO - Sync 1 DAGs
[2026-05-14T00:01:02.685+0000] {logging_mixin.py:188} INFO - [2026-05-14T00:01:02.685+0000] {dag.py:3947} INFO - Setting next_dagrun for example_bash_operator to 2026-05-13 00:00:00+00:00, run_after=2026-05-14 00:00:00+00:00
[2026-05-14T00:01:02.700+0000] {processor.py:183} INFO - Processing /workspaces/Airflow_project/airflow_env/lib/python3.12/site-packages/airflow/example_dags/example_bash_operator.py took 0.064 seconds
[2026-05-14T00:02:08.614+0000] {processor.py:161} INFO - Started process (PID=97247) to work on /workspaces/Airflow_project/airflow_env/lib/python3.12/site-packages/airflow/example_dags/example_bash_operator.py
[2026-05-14T00:02:08.615+0000] {processor.py:830} INFO - Processing file /workspaces/Airflow_project/airflow_env/lib/python3.12/site-packages/airflow/example_dags/example_bash_operator.py for tasks to queue
[2026-05-14T00:02:08.616+0000] {logging_mixin.py:188} INFO - [2026-05-14T00:02:08.615+0000] {dagbag.py:545} INFO - Filling up the DagBag from /workspaces/Airflow_project/airflow_env/lib/python3.12/site-packages/airflow/example_dags/example_bash_operator.py
[2026-05-14T00:02:08.624+0000] {processor.py:840} INFO - DAG(s) 'example_bash_operator' retrieved from /workspaces/Airflow_project/airflow_env/lib/python3.12/site-packages/airflow/example_dags/example_bash_operator.py
[2026-05-14T00:02:08.644+0000] {logging_mixin.py:188} INFO - [2026-05-14T00:02:08.644+0000] {dag.py:3089} INFO - Sync 1 DAGs
[2026-05-14T00:02:08.660+0000] {logging_mixin.py:188} INFO - [2026-05-14T00:02:08.659+0000] {dag.py:3947} INFO - Setting next_dagrun for example_bash_operator to 2026-05-13 00:00:00+00:00, run_after=2026-05-14 00:00:00+00:00
[2026-05-14T00:02:08.674+0000] {processor.py:183} INFO - Processing /workspaces/Airflow_project/airflow_env/lib/python3.12/site-packages/airflow/example_dags/example_bash_operator.py took 0.064 seconds
[2026-05-14T00:03:13.774+0000] {processor.py:161} INFO - Started process (PID=97750) to work on /workspaces/Airflow_project/airflow_env/lib/python3.12/site-packages/airflow/example_dags/example_bash_operator.py
[2026-05-14T00:03:13.775+0000] {processor.py:830} INFO - Processing file /workspaces/Airflow_project/airflow_env/lib/python3.12/site-packages/airflow/example_dags/example_bash_operator.py for tasks to queue
[2026-05-14T00:03:13.775+0000] {logging_mixin.py:188} INFO - [2026-05-14T00:03:13.775+0000] {dagbag.py:545} INFO - Filling up the DagBag from /workspaces/Airflow_project/airflow_env/lib/python3.12/site-packages/airflow/example_dags/example_bash_operator.py
[2026-05-14T00:03:13.783+0000] {processor.py:840} INFO - DAG(s) 'example_bash_operator' retrieved from /workspaces/Airflow_project/airflow_env/lib/python3.12/site-packages/airflow/example_dags/example_bash_operator.py
[2026-05-14T00:03:13.800+0000] {logging_mixin.py:188} INFO - [2026-05-14T00:03:13.800+0000] {dag.py:3089} INFO - Sync 1 DAGs
[2026-05-14T00:03:13.813+0000] {logging_mixin.py:188} INFO - [2026-05-14T00:03:13.812+0000] {dag.py:3947} INFO - Setting next_dagrun for example_bash_operator to 2026-05-13 00:00:00+00:00, run_after=2026-05-14 00:00:00+00:00
[2026-05-14T00:03:13.828+0000] {processor.py:183} INFO - Processing /workspaces/Airflow_project/airflow_env/lib/python3.12/site-packages/airflow/example_dags/example_bash_operator.py took 0.058 seconds
[2026-05-14T00:04:26.750+0000] {processor.py:161} INFO - Started process (PID=98330) to work on /workspaces/Airflow_project/airflow_env/lib/python3.12/site-packages/airflow/example_dags/example_bash_operator.py
[2026-05-14T00:04:26.751+0000] {processor.py:830} INFO - Processing file /workspaces/Airflow_project/airflow_env/lib/python3.12/site-packages/airflow/example_dags/example_bash_operator.py for tasks to queue
[2026-05-14T00:04:26.752+0000] {logging_mixin.py:188} INFO - [2026-05-14T00:04:26.752+0000] {dagbag.py:545} INFO - Filling up the DagBag from /workspaces/Airflow_project/airflow_env/lib/python3.12/site-packages/airflow/example_dags/example_bash_operator.py
[2026-05-14T00:04:26.761+0000] {processor.py:840} INFO - DAG(s) 'example_bash_operator' retrieved from /workspaces/Airflow_project/airflow_env/lib/python3.12/site-packages/airflow/example_dags/example_bash_operator.py
[2026-05-14T00:04:26.778+0000] {logging_mixin.py:188} INFO - [2026-05-14T00:04:26.778+0000] {dag.py:3089} INFO - Sync 1 DAGs
[2026-05-14T00:04:26.793+0000] {logging_mixin.py:188} INFO - [2026-05-14T00:04:26.792+0000] {dag.py:3947} INFO - Setting next_dagrun for example_bash_operator to 2026-05-13 00:00:00+00:00, run_after=2026-05-14 00:00:00+00:00
[2026-05-14T00:04:26.808+0000] {processor.py:183} INFO - Processing /workspaces/Airflow_project/airflow_env/lib/python3.12/site-packages/airflow/example_dags/example_bash_operator.py took 0.063 seconds
[2026-05-14T00:05:37.614+0000] {processor.py:161} INFO - Started process (PID=98930) to work on /workspaces/Airflow_project/airflow_env/lib/python3.12/site-packages/airflow/example_dags/example_bash_operator.py
[2026-05-14T00:05:37.615+0000] {processor.py:830} INFO - Processing file /workspaces/Airflow_project/airflow_env/lib/python3.12/site-packages/airflow/example_dags/example_bash_operator.py for tasks to queue
[2026-05-14T00:05:37.615+0000] {logging_mixin.py:188} INFO - [2026-05-14T00:05:37.615+0000] {dagbag.py:545} INFO - Filling up the DagBag from /workspaces/Airflow_project/airflow_env/lib/python3.12/site-packages/airflow/example_dags/example_bash_operator.py
[2026-05-14T00:05:37.623+0000] {processor.py:840} INFO - DAG(s) 'example_bash_operator' retrieved from /workspaces/Airflow_project/airflow_env/lib/python3.12/site-packages/airflow/example_dags/example_bash_operator.py
[2026-05-14T00:05:37.644+0000] {logging_mixin.py:188} INFO - [2026-05-14T00:05:37.644+0000] {dag.py:3089} INFO - Sync 1 DAGs
[2026-05-14T00:05:37.660+0000] {logging_mixin.py:188} INFO - [2026-05-14T00:05:37.660+0000] {dag.py:3947} INFO - Setting next_dagrun for example_bash_operator to 2026-05-13 00:00:00+00:00, run_after=2026-05-14 00:00:00+00:00
[2026-05-14T00:05:37.675+0000] {processor.py:183} INFO - Processing /workspaces/Airflow_project/airflow_env/lib/python3.12/site-packages/airflow/example_dags/example_bash_operator.py took 0.065 seconds
[2026-05-14T00:06:39.075+0000] {processor.py:161} INFO - Started process (PID=99407) to work on /workspaces/Airflow_project/airflow_env/lib/python3.12/site-packages/airflow/example_dags/example_bash_operator.py
[2026-05-14T00:06:39.075+0000] {processor.py:830} INFO - Processing file /workspaces/Airflow_project/airflow_env/lib/python3.12/site-packages/airflow/example_dags/example_bash_operator.py for tasks to queue
[2026-05-14T00:06:39.076+0000] {logging_mixin.py:188} INFO - [2026-05-14T00:06:39.076+0000] {dagbag.py:545} INFO - Filling up the DagBag from /workspaces/Airflow_project/airflow_env/lib/python3.12/site-packages/airflow/example_dags/example_bash_operator.py
[2026-05-14T00:06:39.086+0000] {processor.py:840} INFO - DAG(s) 'example_bash_operator' retrieved from /workspaces/Airflow_project/airflow_env/lib/python3.12/site-packages/airflow/example_dags/example_bash_operator.py
[2026-05-14T00:06:39.105+0000] {logging_mixin.py:188} INFO - [2026-05-14T00:06:39.105+0000] {dag.py:3089} INFO - Sync 1 DAGs
[2026-05-14T00:06:39.118+0000] {logging_mixin.py:188} INFO - [2026-05-14T00:06:39.117+0000] {dag.py:3947} INFO - Setting next_dagrun for example_bash_operator to 2026-05-13 00:00:00+00:00, run_after=2026-05-14 00:00:00+00:00
[2026-05-14T00:06:39.135+0000] {processor.py:183} INFO - Processing /workspaces/Airflow_project/airflow_env/lib/python3.12/site-packages/airflow/example_dags/example_bash_operator.py took 0.065 seconds
[2026-05-14T00:07:50.243+0000] {processor.py:161} INFO - Started process (PID=100004) to work on /workspaces/Airflow_project/airflow_env/lib/python3.12/site-packages/airflow/example_dags/example_bash_operator.py
[2026-05-14T00:07:50.244+0000] {processor.py:830} INFO - Processing file /workspaces/Airflow_project/airflow_env/lib/python3.12/site-packages/airflow/example_dags/example_bash_operator.py for tasks to queue
[2026-05-14T00:07:50.245+0000] {logging_mixin.py:188} INFO - [2026-05-14T00:07:50.244+0000] {dagbag.py:545} INFO - Filling up the DagBag from /workspaces/Airflow_project/airflow_env/lib/python3.12/site-packages/airflow/example_dags/example_bash_operator.py
[2026-05-14T00:07:50.255+0000] {processor.py:840} INFO - DAG(s) 'example_bash_operator' retrieved from /workspaces/Airflow_project/airflow_env/lib/python3.12/site-packages/airflow/example_dags/example_bash_operator.py
[2026-05-14T00:07:50.273+0000] {logging_mixin.py:188} INFO - [2026-05-14T00:07:50.273+0000] {dag.py:3089} INFO - Sync 1 DAGs
[2026-05-14T00:07:50.286+0000] {logging_mixin.py:188} INFO - [2026-05-14T00:07:50.286+0000] {dag.py:3947} INFO - Setting next_dagrun for example_bash_operator to 2026-05-13 00:00:00+00:00, run_after=2026-05-14 00:00:00+00:00
[2026-05-14T00:07:50.301+0000] {processor.py:183} INFO - Processing /workspaces/Airflow_project/airflow_env/lib/python3.12/site-packages/airflow/example_dags/example_bash_operator.py took 0.064 seconds
[2026-05-14T00:08:56.304+0000] {processor.py:161} INFO - Started process (PID=100738) to work on /workspaces/Airflow_project/airflow_env/lib/python3.12/site-packages/airflow/example_dags/example_bash_operator.py
[2026-05-14T00:08:56.305+0000] {processor.py:830} INFO - Processing file /workspaces/Airflow_project/airflow_env/lib/python3.12/site-packages/airflow/example_dags/example_bash_operator.py for tasks to queue
[2026-05-14T00:08:56.306+0000] {logging_mixin.py:188} INFO - [2026-05-14T00:08:56.306+0000] {dagbag.py:545} INFO - Filling up the DagBag from /workspaces/Airflow_project/airflow_env/lib/python3.12/site-packages/airflow/example_dags/example_bash_operator.py
[2026-05-14T00:08:56.323+0000] {processor.py:840} INFO - DAG(s) 'example_bash_operator' retrieved from /workspaces/Airflow_project/airflow_env/lib/python3.12/site-packages/airflow/example_dags/example_bash_operator.py
[2026-05-14T00:08:56.392+0000] {logging_mixin.py:188} INFO - [2026-05-14T00:08:56.392+0000] {dag.py:3089} INFO - Sync 1 DAGs
[2026-05-14T00:08:56.418+0000] {logging_mixin.py:188} INFO - [2026-05-14T00:08:56.418+0000] {dag.py:3947} INFO - Setting next_dagrun for example_bash_operator to 2026-05-13 00:00:00+00:00, run_after=2026-05-14 00:00:00+00:00
[2026-05-14T00:08:56.450+0000] {processor.py:183} INFO - Processing /workspaces/Airflow_project/airflow_env/lib/python3.12/site-packages/airflow/example_dags/example_bash_operator.py took 0.165 seconds
