[2026-05-14T00:00:59.135+0000] {processor.py:161} INFO - Started process (PID=96667) to work on /workspaces/Airflow_project/airflow_env/lib/python3.12/site-packages/airflow/example_dags/example_complex.py
[2026-05-14T00:00:59.136+0000] {processor.py:830} INFO - Processing file /workspaces/Airflow_project/airflow_env/lib/python3.12/site-packages/airflow/example_dags/example_complex.py for tasks to queue
[2026-05-14T00:00:59.137+0000] {logging_mixin.py:188} INFO - [2026-05-14T00:00:59.136+0000] {dagbag.py:545} INFO - Filling up the DagBag from /workspaces/Airflow_project/airflow_env/lib/python3.12/site-packages/airflow/example_dags/example_complex.py
[2026-05-14T00:00:59.146+0000] {processor.py:840} INFO - DAG(s) 'example_complex' retrieved from /workspaces/Airflow_project/airflow_env/lib/python3.12/site-packages/airflow/example_dags/example_complex.py
[2026-05-14T00:00:59.168+0000] {logging_mixin.py:188} INFO - [2026-05-14T00:00:59.168+0000] {dag.py:3089} INFO - Sync 1 DAGs
[2026-05-14T00:00:59.176+0000] {logging_mixin.py:188} INFO - [2026-05-14T00:00:59.175+0000] {dag.py:3947} INFO - Setting next_dagrun for example_complex to None, run_after=None
[2026-05-14T00:00:59.191+0000] {processor.py:183} INFO - Processing /workspaces/Airflow_project/airflow_env/lib/python3.12/site-packages/airflow/example_dags/example_complex.py took 0.060 seconds
[2026-05-14T00:02:05.463+0000] {processor.py:161} INFO - Started process (PID=97223) to work on /workspaces/Airflow_project/airflow_env/lib/python3.12/site-packages/airflow/example_dags/example_complex.py
[2026-05-14T00:02:05.464+0000] {processor.py:830} INFO - Processing file /workspaces/Airflow_project/airflow_env/lib/python3.12/site-packages/airflow/example_dags/example_complex.py for tasks to queue
[2026-05-14T00:02:05.464+0000] {logging_mixin.py:188} INFO - [2026-05-14T00:02:05.464+0000] {dagbag.py:545} INFO - Filling up the DagBag from /workspaces/Airflow_project/airflow_env/lib/python3.12/site-packages/airflow/example_dags/example_complex.py
[2026-05-14T00:02:05.471+0000] {processor.py:840} INFO - DAG(s) 'example_complex' retrieved from /workspaces/Airflow_project/airflow_env/lib/python3.12/site-packages/airflow/example_dags/example_complex.py
[2026-05-14T00:02:05.491+0000] {logging_mixin.py:188} INFO - [2026-05-14T00:02:05.490+0000] {dag.py:3089} INFO - Sync 1 DAGs
[2026-05-14T00:02:05.498+0000] {logging_mixin.py:188} INFO - [2026-05-14T00:02:05.498+0000] {dag.py:3947} INFO - Setting next_dagrun for example_complex to None, run_after=None
[2026-05-14T00:02:05.513+0000] {processor.py:183} INFO - Processing /workspaces/Airflow_project/airflow_env/lib/python3.12/site-packages/airflow/example_dags/example_complex.py took 0.054 seconds
[2026-05-14T00:03:10.909+0000] {processor.py:161} INFO - Started process (PID=97732) to work on /workspaces/Airflow_project/airflow_env/lib/python3.12/site-packages/airflow/example_dags/example_complex.py
[2026-05-14T00:03:10.910+0000] {processor.py:830} INFO - Processing file /workspaces/Airflow_project/airflow_env/lib/python3.12/site-packages/airflow/example_dags/example_complex.py for tasks to queue
[2026-05-14T00:03:10.910+0000] {logging_mixin.py:188} INFO - [2026-05-14T00:03:10.910+0000] {dagbag.py:545} INFO - Filling up the DagBag from /workspaces/Airflow_project/airflow_env/lib/python3.12/site-packages/airflow/example_dags/example_complex.py
[2026-05-14T00:03:10.917+0000] {processor.py:840} INFO - DAG(s) 'example_complex' retrieved from /workspaces/Airflow_project/airflow_env/lib/python3.12/site-packages/airflow/example_dags/example_complex.py
[2026-05-14T00:03:10.937+0000] {logging_mixin.py:188} INFO - [2026-05-14T00:03:10.936+0000] {dag.py:3089} INFO - Sync 1 DAGs
[2026-05-14T00:03:10.946+0000] {logging_mixin.py:188} INFO - [2026-05-14T00:03:10.946+0000] {dag.py:3947} INFO - Setting next_dagrun for example_complex to None, run_after=None
[2026-05-14T00:03:10.962+0000] {processor.py:183} INFO - Processing /workspaces/Airflow_project/airflow_env/lib/python3.12/site-packages/airflow/example_dags/example_complex.py took 0.058 seconds
[2026-05-14T00:04:23.751+0000] {processor.py:161} INFO - Started process (PID=98295) to work on /workspaces/Airflow_project/airflow_env/lib/python3.12/site-packages/airflow/example_dags/example_complex.py
[2026-05-14T00:04:23.752+0000] {processor.py:830} INFO - Processing file /workspaces/Airflow_project/airflow_env/lib/python3.12/site-packages/airflow/example_dags/example_complex.py for tasks to queue
[2026-05-14T00:04:23.753+0000] {logging_mixin.py:188} INFO - [2026-05-14T00:04:23.752+0000] {dagbag.py:545} INFO - Filling up the DagBag from /workspaces/Airflow_project/airflow_env/lib/python3.12/site-packages/airflow/example_dags/example_complex.py
[2026-05-14T00:04:23.761+0000] {processor.py:840} INFO - DAG(s) 'example_complex' retrieved from /workspaces/Airflow_project/airflow_env/lib/python3.12/site-packages/airflow/example_dags/example_complex.py
[2026-05-14T00:04:23.781+0000] {logging_mixin.py:188} INFO - [2026-05-14T00:04:23.781+0000] {dag.py:3089} INFO - Sync 1 DAGs
[2026-05-14T00:04:23.790+0000] {logging_mixin.py:188} INFO - [2026-05-14T00:04:23.790+0000] {dag.py:3947} INFO - Setting next_dagrun for example_complex to None, run_after=None
[2026-05-14T00:04:23.812+0000] {processor.py:183} INFO - Processing /workspaces/Airflow_project/airflow_env/lib/python3.12/site-packages/airflow/example_dags/example_complex.py took 0.067 seconds
[2026-05-14T00:05:15.907+0000] {processor.py:161} INFO - Started process (PID=98742) to work on /workspaces/Airflow_project/airflow_env/lib/python3.12/site-packages/airflow/example_dags/example_complex.py
[2026-05-14T00:05:15.908+0000] {processor.py:830} INFO - Processing file /workspaces/Airflow_project/airflow_env/lib/python3.12/site-packages/airflow/example_dags/example_complex.py for tasks to queue
[2026-05-14T00:05:15.908+0000] {logging_mixin.py:188} INFO - [2026-05-14T00:05:15.908+0000] {dagbag.py:545} INFO - Filling up the DagBag from /workspaces/Airflow_project/airflow_env/lib/python3.12/site-packages/airflow/example_dags/example_complex.py
[2026-05-14T00:05:15.922+0000] {processor.py:840} INFO - DAG(s) 'example_complex' retrieved from /workspaces/Airflow_project/airflow_env/lib/python3.12/site-packages/airflow/example_dags/example_complex.py
[2026-05-14T00:05:15.947+0000] {logging_mixin.py:188} INFO - [2026-05-14T00:05:15.947+0000] {dag.py:3089} INFO - Sync 1 DAGs
[2026-05-14T00:05:15.957+0000] {logging_mixin.py:188} INFO - [2026-05-14T00:05:15.957+0000] {dag.py:3947} INFO - Setting next_dagrun for example_complex to None, run_after=None
[2026-05-14T00:05:15.973+0000] {processor.py:183} INFO - Processing /workspaces/Airflow_project/airflow_env/lib/python3.12/site-packages/airflow/example_dags/example_complex.py took 0.074 seconds
[2026-05-14T00:06:18.167+0000] {processor.py:161} INFO - Started process (PID=99246) to work on /workspaces/Airflow_project/airflow_env/lib/python3.12/site-packages/airflow/example_dags/example_complex.py
[2026-05-14T00:06:18.168+0000] {processor.py:830} INFO - Processing file /workspaces/Airflow_project/airflow_env/lib/python3.12/site-packages/airflow/example_dags/example_complex.py for tasks to queue
[2026-05-14T00:06:18.169+0000] {logging_mixin.py:188} INFO - [2026-05-14T00:06:18.168+0000] {dagbag.py:545} INFO - Filling up the DagBag from /workspaces/Airflow_project/airflow_env/lib/python3.12/site-packages/airflow/example_dags/example_complex.py
[2026-05-14T00:06:18.176+0000] {processor.py:840} INFO - DAG(s) 'example_complex' retrieved from /workspaces/Airflow_project/airflow_env/lib/python3.12/site-packages/airflow/example_dags/example_complex.py
[2026-05-14T00:06:18.195+0000] {logging_mixin.py:188} INFO - [2026-05-14T00:06:18.195+0000] {dag.py:3089} INFO - Sync 1 DAGs
[2026-05-14T00:06:18.205+0000] {logging_mixin.py:188} INFO - [2026-05-14T00:06:18.205+0000] {dag.py:3947} INFO - Setting next_dagrun for example_complex to None, run_after=None
[2026-05-14T00:06:18.220+0000] {processor.py:183} INFO - Processing /workspaces/Airflow_project/airflow_env/lib/python3.12/site-packages/airflow/example_dags/example_complex.py took 0.058 seconds
[2026-05-14T00:07:29.207+0000] {processor.py:161} INFO - Started process (PID=99806) to work on /workspaces/Airflow_project/airflow_env/lib/python3.12/site-packages/airflow/example_dags/example_complex.py
[2026-05-14T00:07:29.208+0000] {processor.py:830} INFO - Processing file /workspaces/Airflow_project/airflow_env/lib/python3.12/site-packages/airflow/example_dags/example_complex.py for tasks to queue
[2026-05-14T00:07:29.208+0000] {logging_mixin.py:188} INFO - [2026-05-14T00:07:29.208+0000] {dagbag.py:545} INFO - Filling up the DagBag from /workspaces/Airflow_project/airflow_env/lib/python3.12/site-packages/airflow/example_dags/example_complex.py
[2026-05-14T00:07:29.215+0000] {processor.py:840} INFO - DAG(s) 'example_complex' retrieved from /workspaces/Airflow_project/airflow_env/lib/python3.12/site-packages/airflow/example_dags/example_complex.py
[2026-05-14T00:07:29.235+0000] {logging_mixin.py:188} INFO - [2026-05-14T00:07:29.235+0000] {dag.py:3089} INFO - Sync 1 DAGs
[2026-05-14T00:07:29.244+0000] {logging_mixin.py:188} INFO - [2026-05-14T00:07:29.244+0000] {dag.py:3947} INFO - Setting next_dagrun for example_complex to None, run_after=None
[2026-05-14T00:07:29.261+0000] {processor.py:183} INFO - Processing /workspaces/Airflow_project/airflow_env/lib/python3.12/site-packages/airflow/example_dags/example_complex.py took 0.058 seconds
[2026-05-14T00:08:35.534+0000] {processor.py:161} INFO - Started process (PID=100342) to work on /workspaces/Airflow_project/airflow_env/lib/python3.12/site-packages/airflow/example_dags/example_complex.py
[2026-05-14T00:08:35.535+0000] {processor.py:830} INFO - Processing file /workspaces/Airflow_project/airflow_env/lib/python3.12/site-packages/airflow/example_dags/example_complex.py for tasks to queue
[2026-05-14T00:08:35.536+0000] {logging_mixin.py:188} INFO - [2026-05-14T00:08:35.535+0000] {dagbag.py:545} INFO - Filling up the DagBag from /workspaces/Airflow_project/airflow_env/lib/python3.12/site-packages/airflow/example_dags/example_complex.py
[2026-05-14T00:08:35.546+0000] {processor.py:840} INFO - DAG(s) 'example_complex' retrieved from /workspaces/Airflow_project/airflow_env/lib/python3.12/site-packages/airflow/example_dags/example_complex.py
[2026-05-14T00:08:35.575+0000] {logging_mixin.py:188} INFO - [2026-05-14T00:08:35.575+0000] {dag.py:3089} INFO - Sync 1 DAGs
[2026-05-14T00:08:35.583+0000] {logging_mixin.py:188} INFO - [2026-05-14T00:08:35.583+0000] {dag.py:3947} INFO - Setting next_dagrun for example_complex to None, run_after=None
[2026-05-14T00:08:35.598+0000] {processor.py:183} INFO - Processing /workspaces/Airflow_project/airflow_env/lib/python3.12/site-packages/airflow/example_dags/example_complex.py took 0.068 seconds
