[2026-05-14T00:00:48.860+0000] {processor.py:161} INFO - Started process (PID=96585) to work on /workspaces/Airflow_project/airflow_env/lib/python3.12/site-packages/airflow/example_dags/example_python_operator.py
[2026-05-14T00:00:48.861+0000] {processor.py:830} INFO - Processing file /workspaces/Airflow_project/airflow_env/lib/python3.12/site-packages/airflow/example_dags/example_python_operator.py for tasks to queue
[2026-05-14T00:00:48.861+0000] {logging_mixin.py:188} INFO - [2026-05-14T00:00:48.861+0000] {dagbag.py:545} INFO - Filling up the DagBag from /workspaces/Airflow_project/airflow_env/lib/python3.12/site-packages/airflow/example_dags/example_python_operator.py
[2026-05-14T00:00:48.870+0000] {processor.py:840} INFO - DAG(s) 'example_python_operator' retrieved from /workspaces/Airflow_project/airflow_env/lib/python3.12/site-packages/airflow/example_dags/example_python_operator.py
[2026-05-14T00:00:48.883+0000] {logging_mixin.py:188} INFO - [2026-05-14T00:00:48.883+0000] {dag.py:3089} INFO - Sync 1 DAGs
[2026-05-14T00:00:48.890+0000] {logging_mixin.py:188} INFO - [2026-05-14T00:00:48.890+0000] {dag.py:3947} INFO - Setting next_dagrun for example_python_operator to None, run_after=None
[2026-05-14T00:00:48.906+0000] {processor.py:183} INFO - Processing /workspaces/Airflow_project/airflow_env/lib/python3.12/site-packages/airflow/example_dags/example_python_operator.py took 0.051 seconds
[2026-05-14T00:01:42.954+0000] {processor.py:161} INFO - Started process (PID=97008) to work on /workspaces/Airflow_project/airflow_env/lib/python3.12/site-packages/airflow/example_dags/example_python_operator.py
[2026-05-14T00:01:42.955+0000] {processor.py:830} INFO - Processing file /workspaces/Airflow_project/airflow_env/lib/python3.12/site-packages/airflow/example_dags/example_python_operator.py for tasks to queue
[2026-05-14T00:01:42.956+0000] {logging_mixin.py:188} INFO - [2026-05-14T00:01:42.955+0000] {dagbag.py:545} INFO - Filling up the DagBag from /workspaces/Airflow_project/airflow_env/lib/python3.12/site-packages/airflow/example_dags/example_python_operator.py
[2026-05-14T00:01:42.974+0000] {processor.py:840} INFO - DAG(s) 'example_python_operator' retrieved from /workspaces/Airflow_project/airflow_env/lib/python3.12/site-packages/airflow/example_dags/example_python_operator.py
[2026-05-14T00:01:42.997+0000] {logging_mixin.py:188} INFO - [2026-05-14T00:01:42.996+0000] {dag.py:3089} INFO - Sync 1 DAGs
[2026-05-14T00:01:43.009+0000] {logging_mixin.py:188} INFO - [2026-05-14T00:01:43.008+0000] {dag.py:3947} INFO - Setting next_dagrun for example_python_operator to None, run_after=None
[2026-05-14T00:01:43.036+0000] {processor.py:183} INFO - Processing /workspaces/Airflow_project/airflow_env/lib/python3.12/site-packages/airflow/example_dags/example_python_operator.py took 0.088 seconds
[2026-05-14T00:02:42.633+0000] {processor.py:161} INFO - Started process (PID=97505) to work on /workspaces/Airflow_project/airflow_env/lib/python3.12/site-packages/airflow/example_dags/example_python_operator.py
[2026-05-14T00:02:42.634+0000] {processor.py:830} INFO - Processing file /workspaces/Airflow_project/airflow_env/lib/python3.12/site-packages/airflow/example_dags/example_python_operator.py for tasks to queue
[2026-05-14T00:02:42.634+0000] {logging_mixin.py:188} INFO - [2026-05-14T00:02:42.634+0000] {dagbag.py:545} INFO - Filling up the DagBag from /workspaces/Airflow_project/airflow_env/lib/python3.12/site-packages/airflow/example_dags/example_python_operator.py
[2026-05-14T00:02:42.645+0000] {processor.py:840} INFO - DAG(s) 'example_python_operator' retrieved from /workspaces/Airflow_project/airflow_env/lib/python3.12/site-packages/airflow/example_dags/example_python_operator.py
[2026-05-14T00:02:42.662+0000] {logging_mixin.py:188} INFO - [2026-05-14T00:02:42.661+0000] {dag.py:3089} INFO - Sync 1 DAGs
[2026-05-14T00:02:42.669+0000] {logging_mixin.py:188} INFO - [2026-05-14T00:02:42.669+0000] {dag.py:3947} INFO - Setting next_dagrun for example_python_operator to None, run_after=None
[2026-05-14T00:02:42.684+0000] {processor.py:183} INFO - Processing /workspaces/Airflow_project/airflow_env/lib/python3.12/site-packages/airflow/example_dags/example_python_operator.py took 0.056 seconds
[2026-05-14T00:03:28.292+0000] {processor.py:161} INFO - Started process (PID=97868) to work on /workspaces/Airflow_project/airflow_env/lib/python3.12/site-packages/airflow/example_dags/example_python_operator.py
[2026-05-14T00:03:28.293+0000] {processor.py:830} INFO - Processing file /workspaces/Airflow_project/airflow_env/lib/python3.12/site-packages/airflow/example_dags/example_python_operator.py for tasks to queue
[2026-05-14T00:03:28.293+0000] {logging_mixin.py:188} INFO - [2026-05-14T00:03:28.293+0000] {dagbag.py:545} INFO - Filling up the DagBag from /workspaces/Airflow_project/airflow_env/lib/python3.12/site-packages/airflow/example_dags/example_python_operator.py
[2026-05-14T00:03:28.302+0000] {processor.py:840} INFO - DAG(s) 'example_python_operator' retrieved from /workspaces/Airflow_project/airflow_env/lib/python3.12/site-packages/airflow/example_dags/example_python_operator.py
[2026-05-14T00:03:28.315+0000] {logging_mixin.py:188} INFO - [2026-05-14T00:03:28.315+0000] {dag.py:3089} INFO - Sync 1 DAGs
[2026-05-14T00:03:28.323+0000] {logging_mixin.py:188} INFO - [2026-05-14T00:03:28.323+0000] {dag.py:3947} INFO - Setting next_dagrun for example_python_operator to None, run_after=None
[2026-05-14T00:03:28.340+0000] {processor.py:183} INFO - Processing /workspaces/Airflow_project/airflow_env/lib/python3.12/site-packages/airflow/example_dags/example_python_operator.py took 0.053 seconds
[2026-05-14T00:04:16.614+0000] {processor.py:161} INFO - Started process (PID=98256) to work on /workspaces/Airflow_project/airflow_env/lib/python3.12/site-packages/airflow/example_dags/example_python_operator.py
[2026-05-14T00:04:16.615+0000] {processor.py:830} INFO - Processing file /workspaces/Airflow_project/airflow_env/lib/python3.12/site-packages/airflow/example_dags/example_python_operator.py for tasks to queue
[2026-05-14T00:04:16.615+0000] {logging_mixin.py:188} INFO - [2026-05-14T00:04:16.615+0000] {dagbag.py:545} INFO - Filling up the DagBag from /workspaces/Airflow_project/airflow_env/lib/python3.12/site-packages/airflow/example_dags/example_python_operator.py
[2026-05-14T00:04:16.624+0000] {processor.py:840} INFO - DAG(s) 'example_python_operator' retrieved from /workspaces/Airflow_project/airflow_env/lib/python3.12/site-packages/airflow/example_dags/example_python_operator.py
[2026-05-14T00:04:16.637+0000] {logging_mixin.py:188} INFO - [2026-05-14T00:04:16.636+0000] {dag.py:3089} INFO - Sync 1 DAGs
[2026-05-14T00:04:16.646+0000] {logging_mixin.py:188} INFO - [2026-05-14T00:04:16.646+0000] {dag.py:3947} INFO - Setting next_dagrun for example_python_operator to None, run_after=None
[2026-05-14T00:04:16.664+0000] {processor.py:183} INFO - Processing /workspaces/Airflow_project/airflow_env/lib/python3.12/site-packages/airflow/example_dags/example_python_operator.py took 0.055 seconds
[2026-05-14T00:05:05.395+0000] {processor.py:161} INFO - Started process (PID=98650) to work on /workspaces/Airflow_project/airflow_env/lib/python3.12/site-packages/airflow/example_dags/example_python_operator.py
[2026-05-14T00:05:05.396+0000] {processor.py:830} INFO - Processing file /workspaces/Airflow_project/airflow_env/lib/python3.12/site-packages/airflow/example_dags/example_python_operator.py for tasks to queue
[2026-05-14T00:05:05.397+0000] {logging_mixin.py:188} INFO - [2026-05-14T00:05:05.396+0000] {dagbag.py:545} INFO - Filling up the DagBag from /workspaces/Airflow_project/airflow_env/lib/python3.12/site-packages/airflow/example_dags/example_python_operator.py
[2026-05-14T00:05:05.406+0000] {processor.py:840} INFO - DAG(s) 'example_python_operator' retrieved from /workspaces/Airflow_project/airflow_env/lib/python3.12/site-packages/airflow/example_dags/example_python_operator.py
[2026-05-14T00:05:05.420+0000] {logging_mixin.py:188} INFO - [2026-05-14T00:05:05.420+0000] {dag.py:3089} INFO - Sync 1 DAGs
[2026-05-14T00:05:05.427+0000] {logging_mixin.py:188} INFO - [2026-05-14T00:05:05.427+0000] {dag.py:3947} INFO - Setting next_dagrun for example_python_operator to None, run_after=None
[2026-05-14T00:05:05.444+0000] {processor.py:183} INFO - Processing /workspaces/Airflow_project/airflow_env/lib/python3.12/site-packages/airflow/example_dags/example_python_operator.py took 0.053 seconds
[2026-05-14T00:05:50.543+0000] {processor.py:161} INFO - Started process (PID=99024) to work on /workspaces/Airflow_project/airflow_env/lib/python3.12/site-packages/airflow/example_dags/example_python_operator.py
[2026-05-14T00:05:50.544+0000] {processor.py:830} INFO - Processing file /workspaces/Airflow_project/airflow_env/lib/python3.12/site-packages/airflow/example_dags/example_python_operator.py for tasks to queue
[2026-05-14T00:05:50.545+0000] {logging_mixin.py:188} INFO - [2026-05-14T00:05:50.544+0000] {dagbag.py:545} INFO - Filling up the DagBag from /workspaces/Airflow_project/airflow_env/lib/python3.12/site-packages/airflow/example_dags/example_python_operator.py
[2026-05-14T00:05:50.555+0000] {processor.py:840} INFO - DAG(s) 'example_python_operator' retrieved from /workspaces/Airflow_project/airflow_env/lib/python3.12/site-packages/airflow/example_dags/example_python_operator.py
[2026-05-14T00:05:50.568+0000] {logging_mixin.py:188} INFO - [2026-05-14T00:05:50.568+0000] {dag.py:3089} INFO - Sync 1 DAGs
[2026-05-14T00:05:50.576+0000] {logging_mixin.py:188} INFO - [2026-05-14T00:05:50.576+0000] {dag.py:3947} INFO - Setting next_dagrun for example_python_operator to None, run_after=None
[2026-05-14T00:05:50.591+0000] {processor.py:183} INFO - Processing /workspaces/Airflow_project/airflow_env/lib/python3.12/site-packages/airflow/example_dags/example_python_operator.py took 0.053 seconds
[2026-05-14T00:06:55.222+0000] {processor.py:161} INFO - Started process (PID=99552) to work on /workspaces/Airflow_project/airflow_env/lib/python3.12/site-packages/airflow/example_dags/example_python_operator.py
[2026-05-14T00:06:55.223+0000] {processor.py:830} INFO - Processing file /workspaces/Airflow_project/airflow_env/lib/python3.12/site-packages/airflow/example_dags/example_python_operator.py for tasks to queue
[2026-05-14T00:06:55.223+0000] {logging_mixin.py:188} INFO - [2026-05-14T00:06:55.223+0000] {dagbag.py:545} INFO - Filling up the DagBag from /workspaces/Airflow_project/airflow_env/lib/python3.12/site-packages/airflow/example_dags/example_python_operator.py
[2026-05-14T00:06:55.232+0000] {processor.py:840} INFO - DAG(s) 'example_python_operator' retrieved from /workspaces/Airflow_project/airflow_env/lib/python3.12/site-packages/airflow/example_dags/example_python_operator.py
[2026-05-14T00:06:55.248+0000] {logging_mixin.py:188} INFO - [2026-05-14T00:06:55.248+0000] {dag.py:3089} INFO - Sync 1 DAGs
[2026-05-14T00:06:55.258+0000] {logging_mixin.py:188} INFO - [2026-05-14T00:06:55.258+0000] {dag.py:3947} INFO - Setting next_dagrun for example_python_operator to None, run_after=None
[2026-05-14T00:06:55.273+0000] {processor.py:183} INFO - Processing /workspaces/Airflow_project/airflow_env/lib/python3.12/site-packages/airflow/example_dags/example_python_operator.py took 0.056 seconds
[2026-05-14T00:07:43.495+0000] {processor.py:161} INFO - Started process (PID=99930) to work on /workspaces/Airflow_project/airflow_env/lib/python3.12/site-packages/airflow/example_dags/example_python_operator.py
[2026-05-14T00:07:43.495+0000] {processor.py:830} INFO - Processing file /workspaces/Airflow_project/airflow_env/lib/python3.12/site-packages/airflow/example_dags/example_python_operator.py for tasks to queue
[2026-05-14T00:07:43.496+0000] {logging_mixin.py:188} INFO - [2026-05-14T00:07:43.496+0000] {dagbag.py:545} INFO - Filling up the DagBag from /workspaces/Airflow_project/airflow_env/lib/python3.12/site-packages/airflow/example_dags/example_python_operator.py
[2026-05-14T00:07:43.505+0000] {processor.py:840} INFO - DAG(s) 'example_python_operator' retrieved from /workspaces/Airflow_project/airflow_env/lib/python3.12/site-packages/airflow/example_dags/example_python_operator.py
[2026-05-14T00:07:43.518+0000] {logging_mixin.py:188} INFO - [2026-05-14T00:07:43.517+0000] {dag.py:3089} INFO - Sync 1 DAGs
[2026-05-14T00:07:43.525+0000] {logging_mixin.py:188} INFO - [2026-05-14T00:07:43.525+0000] {dag.py:3947} INFO - Setting next_dagrun for example_python_operator to None, run_after=None
[2026-05-14T00:07:43.541+0000] {processor.py:183} INFO - Processing /workspaces/Airflow_project/airflow_env/lib/python3.12/site-packages/airflow/example_dags/example_python_operator.py took 0.050 seconds
[2026-05-14T00:08:47.477+0000] {processor.py:161} INFO - Started process (PID=100439) to work on /workspaces/Airflow_project/airflow_env/lib/python3.12/site-packages/airflow/example_dags/example_python_operator.py
[2026-05-14T00:08:47.478+0000] {processor.py:830} INFO - Processing file /workspaces/Airflow_project/airflow_env/lib/python3.12/site-packages/airflow/example_dags/example_python_operator.py for tasks to queue
[2026-05-14T00:08:47.479+0000] {logging_mixin.py:188} INFO - [2026-05-14T00:08:47.478+0000] {dagbag.py:545} INFO - Filling up the DagBag from /workspaces/Airflow_project/airflow_env/lib/python3.12/site-packages/airflow/example_dags/example_python_operator.py
[2026-05-14T00:08:47.490+0000] {processor.py:840} INFO - DAG(s) 'example_python_operator' retrieved from /workspaces/Airflow_project/airflow_env/lib/python3.12/site-packages/airflow/example_dags/example_python_operator.py
[2026-05-14T00:08:47.509+0000] {logging_mixin.py:188} INFO - [2026-05-14T00:08:47.509+0000] {dag.py:3089} INFO - Sync 1 DAGs
[2026-05-14T00:08:47.519+0000] {logging_mixin.py:188} INFO - [2026-05-14T00:08:47.519+0000] {dag.py:3947} INFO - Setting next_dagrun for example_python_operator to None, run_after=None
[2026-05-14T00:08:47.534+0000] {processor.py:183} INFO - Processing /workspaces/Airflow_project/airflow_env/lib/python3.12/site-packages/airflow/example_dags/example_python_operator.py took 0.064 seconds
