[2026-05-14T00:00:45.295+0000] {processor.py:161} INFO - Started process (PID=96571) to work on /workspaces/Airflow_project/airflow_env/lib/python3.12/site-packages/airflow/example_dags/example_short_circuit_operator.py
[2026-05-14T00:00:45.296+0000] {processor.py:830} INFO - Processing file /workspaces/Airflow_project/airflow_env/lib/python3.12/site-packages/airflow/example_dags/example_short_circuit_operator.py for tasks to queue
[2026-05-14T00:00:45.297+0000] {logging_mixin.py:188} INFO - [2026-05-14T00:00:45.296+0000] {dagbag.py:545} INFO - Filling up the DagBag from /workspaces/Airflow_project/airflow_env/lib/python3.12/site-packages/airflow/example_dags/example_short_circuit_operator.py
[2026-05-14T00:00:45.305+0000] {processor.py:840} INFO - DAG(s) 'example_short_circuit_operator' retrieved from /workspaces/Airflow_project/airflow_env/lib/python3.12/site-packages/airflow/example_dags/example_short_circuit_operator.py
[2026-05-14T00:00:45.326+0000] {logging_mixin.py:188} INFO - [2026-05-14T00:00:45.326+0000] {dag.py:3089} INFO - Sync 1 DAGs
[2026-05-14T00:00:45.342+0000] {logging_mixin.py:188} INFO - [2026-05-14T00:00:45.342+0000] {dag.py:3947} INFO - Setting next_dagrun for example_short_circuit_operator to 2026-05-13 00:00:00+00:00, run_after=2026-05-14 00:00:00+00:00
[2026-05-14T00:00:45.379+0000] {processor.py:183} INFO - Processing /workspaces/Airflow_project/airflow_env/lib/python3.12/site-packages/airflow/example_dags/example_short_circuit_operator.py took 0.090 seconds
[2026-05-14T00:01:38.378+0000] {processor.py:161} INFO - Started process (PID=96975) to work on /workspaces/Airflow_project/airflow_env/lib/python3.12/site-packages/airflow/example_dags/example_short_circuit_operator.py
[2026-05-14T00:01:38.379+0000] {processor.py:830} INFO - Processing file /workspaces/Airflow_project/airflow_env/lib/python3.12/site-packages/airflow/example_dags/example_short_circuit_operator.py for tasks to queue
[2026-05-14T00:01:38.380+0000] {logging_mixin.py:188} INFO - [2026-05-14T00:01:38.379+0000] {dagbag.py:545} INFO - Filling up the DagBag from /workspaces/Airflow_project/airflow_env/lib/python3.12/site-packages/airflow/example_dags/example_short_circuit_operator.py
[2026-05-14T00:01:38.384+0000] {processor.py:840} INFO - DAG(s) 'example_short_circuit_operator' retrieved from /workspaces/Airflow_project/airflow_env/lib/python3.12/site-packages/airflow/example_dags/example_short_circuit_operator.py
[2026-05-14T00:01:38.400+0000] {logging_mixin.py:188} INFO - [2026-05-14T00:01:38.399+0000] {dag.py:3089} INFO - Sync 1 DAGs
[2026-05-14T00:01:38.411+0000] {logging_mixin.py:188} INFO - [2026-05-14T00:01:38.411+0000] {dag.py:3947} INFO - Setting next_dagrun for example_short_circuit_operator to 2026-05-13 00:00:00+00:00, run_after=2026-05-14 00:00:00+00:00
[2026-05-14T00:01:38.426+0000] {processor.py:183} INFO - Processing /workspaces/Airflow_project/airflow_env/lib/python3.12/site-packages/airflow/example_dags/example_short_circuit_operator.py took 0.054 seconds
[2026-05-14T00:02:21.771+0000] {processor.py:161} INFO - Started process (PID=97341) to work on /workspaces/Airflow_project/airflow_env/lib/python3.12/site-packages/airflow/example_dags/example_short_circuit_operator.py
[2026-05-14T00:02:21.771+0000] {processor.py:830} INFO - Processing file /workspaces/Airflow_project/airflow_env/lib/python3.12/site-packages/airflow/example_dags/example_short_circuit_operator.py for tasks to queue
[2026-05-14T00:02:21.772+0000] {logging_mixin.py:188} INFO - [2026-05-14T00:02:21.772+0000] {dagbag.py:545} INFO - Filling up the DagBag from /workspaces/Airflow_project/airflow_env/lib/python3.12/site-packages/airflow/example_dags/example_short_circuit_operator.py
[2026-05-14T00:02:21.777+0000] {processor.py:840} INFO - DAG(s) 'example_short_circuit_operator' retrieved from /workspaces/Airflow_project/airflow_env/lib/python3.12/site-packages/airflow/example_dags/example_short_circuit_operator.py
[2026-05-14T00:02:21.794+0000] {logging_mixin.py:188} INFO - [2026-05-14T00:02:21.794+0000] {dag.py:3089} INFO - Sync 1 DAGs
[2026-05-14T00:02:21.805+0000] {logging_mixin.py:188} INFO - [2026-05-14T00:02:21.805+0000] {dag.py:3947} INFO - Setting next_dagrun for example_short_circuit_operator to 2026-05-13 00:00:00+00:00, run_after=2026-05-14 00:00:00+00:00
[2026-05-14T00:02:21.823+0000] {processor.py:183} INFO - Processing /workspaces/Airflow_project/airflow_env/lib/python3.12/site-packages/airflow/example_dags/example_short_circuit_operator.py took 0.057 seconds
[2026-05-14T00:03:06.591+0000] {processor.py:161} INFO - Started process (PID=97705) to work on /workspaces/Airflow_project/airflow_env/lib/python3.12/site-packages/airflow/example_dags/example_short_circuit_operator.py
[2026-05-14T00:03:06.592+0000] {processor.py:830} INFO - Processing file /workspaces/Airflow_project/airflow_env/lib/python3.12/site-packages/airflow/example_dags/example_short_circuit_operator.py for tasks to queue
[2026-05-14T00:03:06.592+0000] {logging_mixin.py:188} INFO - [2026-05-14T00:03:06.592+0000] {dagbag.py:545} INFO - Filling up the DagBag from /workspaces/Airflow_project/airflow_env/lib/python3.12/site-packages/airflow/example_dags/example_short_circuit_operator.py
[2026-05-14T00:03:06.597+0000] {processor.py:840} INFO - DAG(s) 'example_short_circuit_operator' retrieved from /workspaces/Airflow_project/airflow_env/lib/python3.12/site-packages/airflow/example_dags/example_short_circuit_operator.py
[2026-05-14T00:03:06.612+0000] {logging_mixin.py:188} INFO - [2026-05-14T00:03:06.612+0000] {dag.py:3089} INFO - Sync 1 DAGs
[2026-05-14T00:03:06.625+0000] {logging_mixin.py:188} INFO - [2026-05-14T00:03:06.624+0000] {dag.py:3947} INFO - Setting next_dagrun for example_short_circuit_operator to 2026-05-13 00:00:00+00:00, run_after=2026-05-14 00:00:00+00:00
[2026-05-14T00:03:06.641+0000] {processor.py:183} INFO - Processing /workspaces/Airflow_project/airflow_env/lib/python3.12/site-packages/airflow/example_dags/example_short_circuit_operator.py took 0.054 seconds
[2026-05-14T00:03:51.197+0000] {processor.py:161} INFO - Started process (PID=98049) to work on /workspaces/Airflow_project/airflow_env/lib/python3.12/site-packages/airflow/example_dags/example_short_circuit_operator.py
[2026-05-14T00:03:51.198+0000] {processor.py:830} INFO - Processing file /workspaces/Airflow_project/airflow_env/lib/python3.12/site-packages/airflow/example_dags/example_short_circuit_operator.py for tasks to queue
[2026-05-14T00:03:51.199+0000] {logging_mixin.py:188} INFO - [2026-05-14T00:03:51.198+0000] {dagbag.py:545} INFO - Filling up the DagBag from /workspaces/Airflow_project/airflow_env/lib/python3.12/site-packages/airflow/example_dags/example_short_circuit_operator.py
[2026-05-14T00:03:51.203+0000] {processor.py:840} INFO - DAG(s) 'example_short_circuit_operator' retrieved from /workspaces/Airflow_project/airflow_env/lib/python3.12/site-packages/airflow/example_dags/example_short_circuit_operator.py
[2026-05-14T00:03:51.218+0000] {logging_mixin.py:188} INFO - [2026-05-14T00:03:51.218+0000] {dag.py:3089} INFO - Sync 1 DAGs
[2026-05-14T00:03:51.229+0000] {logging_mixin.py:188} INFO - [2026-05-14T00:03:51.229+0000] {dag.py:3947} INFO - Setting next_dagrun for example_short_circuit_operator to 2026-05-13 00:00:00+00:00, run_after=2026-05-14 00:00:00+00:00
[2026-05-14T00:03:51.246+0000] {processor.py:183} INFO - Processing /workspaces/Airflow_project/airflow_env/lib/python3.12/site-packages/airflow/example_dags/example_short_circuit_operator.py took 0.054 seconds
[2026-05-14T00:04:41.143+0000] {processor.py:161} INFO - Started process (PID=98469) to work on /workspaces/Airflow_project/airflow_env/lib/python3.12/site-packages/airflow/example_dags/example_short_circuit_operator.py
[2026-05-14T00:04:41.144+0000] {processor.py:830} INFO - Processing file /workspaces/Airflow_project/airflow_env/lib/python3.12/site-packages/airflow/example_dags/example_short_circuit_operator.py for tasks to queue
[2026-05-14T00:04:41.144+0000] {logging_mixin.py:188} INFO - [2026-05-14T00:04:41.144+0000] {dagbag.py:545} INFO - Filling up the DagBag from /workspaces/Airflow_project/airflow_env/lib/python3.12/site-packages/airflow/example_dags/example_short_circuit_operator.py
[2026-05-14T00:04:41.150+0000] {processor.py:840} INFO - DAG(s) 'example_short_circuit_operator' retrieved from /workspaces/Airflow_project/airflow_env/lib/python3.12/site-packages/airflow/example_dags/example_short_circuit_operator.py
[2026-05-14T00:04:41.166+0000] {logging_mixin.py:188} INFO - [2026-05-14T00:04:41.166+0000] {dag.py:3089} INFO - Sync 1 DAGs
[2026-05-14T00:04:41.178+0000] {logging_mixin.py:188} INFO - [2026-05-14T00:04:41.178+0000] {dag.py:3947} INFO - Setting next_dagrun for example_short_circuit_operator to 2026-05-13 00:00:00+00:00, run_after=2026-05-14 00:00:00+00:00
[2026-05-14T00:04:41.193+0000] {processor.py:183} INFO - Processing /workspaces/Airflow_project/airflow_env/lib/python3.12/site-packages/airflow/example_dags/example_short_circuit_operator.py took 0.056 seconds
[2026-05-14T00:05:28.765+0000] {processor.py:161} INFO - Started process (PID=98853) to work on /workspaces/Airflow_project/airflow_env/lib/python3.12/site-packages/airflow/example_dags/example_short_circuit_operator.py
[2026-05-14T00:05:28.765+0000] {processor.py:830} INFO - Processing file /workspaces/Airflow_project/airflow_env/lib/python3.12/site-packages/airflow/example_dags/example_short_circuit_operator.py for tasks to queue
[2026-05-14T00:05:28.766+0000] {logging_mixin.py:188} INFO - [2026-05-14T00:05:28.766+0000] {dagbag.py:545} INFO - Filling up the DagBag from /workspaces/Airflow_project/airflow_env/lib/python3.12/site-packages/airflow/example_dags/example_short_circuit_operator.py
[2026-05-14T00:05:28.771+0000] {processor.py:840} INFO - DAG(s) 'example_short_circuit_operator' retrieved from /workspaces/Airflow_project/airflow_env/lib/python3.12/site-packages/airflow/example_dags/example_short_circuit_operator.py
[2026-05-14T00:05:28.785+0000] {logging_mixin.py:188} INFO - [2026-05-14T00:05:28.785+0000] {dag.py:3089} INFO - Sync 1 DAGs
[2026-05-14T00:05:28.797+0000] {logging_mixin.py:188} INFO - [2026-05-14T00:05:28.796+0000] {dag.py:3947} INFO - Setting next_dagrun for example_short_circuit_operator to 2026-05-13 00:00:00+00:00, run_after=2026-05-14 00:00:00+00:00
[2026-05-14T00:05:28.811+0000] {processor.py:183} INFO - Processing /workspaces/Airflow_project/airflow_env/lib/python3.12/site-packages/airflow/example_dags/example_short_circuit_operator.py took 0.051 seconds
[2026-05-14T00:06:11.303+0000] {processor.py:161} INFO - Started process (PID=99190) to work on /workspaces/Airflow_project/airflow_env/lib/python3.12/site-packages/airflow/example_dags/example_short_circuit_operator.py
[2026-05-14T00:06:11.304+0000] {processor.py:830} INFO - Processing file /workspaces/Airflow_project/airflow_env/lib/python3.12/site-packages/airflow/example_dags/example_short_circuit_operator.py for tasks to queue
[2026-05-14T00:06:11.304+0000] {logging_mixin.py:188} INFO - [2026-05-14T00:06:11.304+0000] {dagbag.py:545} INFO - Filling up the DagBag from /workspaces/Airflow_project/airflow_env/lib/python3.12/site-packages/airflow/example_dags/example_short_circuit_operator.py
[2026-05-14T00:06:11.309+0000] {processor.py:840} INFO - DAG(s) 'example_short_circuit_operator' retrieved from /workspaces/Airflow_project/airflow_env/lib/python3.12/site-packages/airflow/example_dags/example_short_circuit_operator.py
[2026-05-14T00:06:11.326+0000] {logging_mixin.py:188} INFO - [2026-05-14T00:06:11.326+0000] {dag.py:3089} INFO - Sync 1 DAGs
[2026-05-14T00:06:11.337+0000] {logging_mixin.py:188} INFO - [2026-05-14T00:06:11.337+0000] {dag.py:3947} INFO - Setting next_dagrun for example_short_circuit_operator to 2026-05-13 00:00:00+00:00, run_after=2026-05-14 00:00:00+00:00
[2026-05-14T00:06:11.355+0000] {processor.py:183} INFO - Processing /workspaces/Airflow_project/airflow_env/lib/python3.12/site-packages/airflow/example_dags/example_short_circuit_operator.py took 0.056 seconds
[2026-05-14T00:07:16.595+0000] {processor.py:161} INFO - Started process (PID=99717) to work on /workspaces/Airflow_project/airflow_env/lib/python3.12/site-packages/airflow/example_dags/example_short_circuit_operator.py
[2026-05-14T00:07:16.596+0000] {processor.py:830} INFO - Processing file /workspaces/Airflow_project/airflow_env/lib/python3.12/site-packages/airflow/example_dags/example_short_circuit_operator.py for tasks to queue
[2026-05-14T00:07:16.597+0000] {logging_mixin.py:188} INFO - [2026-05-14T00:07:16.597+0000] {dagbag.py:545} INFO - Filling up the DagBag from /workspaces/Airflow_project/airflow_env/lib/python3.12/site-packages/airflow/example_dags/example_short_circuit_operator.py
[2026-05-14T00:07:16.601+0000] {processor.py:840} INFO - DAG(s) 'example_short_circuit_operator' retrieved from /workspaces/Airflow_project/airflow_env/lib/python3.12/site-packages/airflow/example_dags/example_short_circuit_operator.py
[2026-05-14T00:07:16.616+0000] {logging_mixin.py:188} INFO - [2026-05-14T00:07:16.616+0000] {dag.py:3089} INFO - Sync 1 DAGs
[2026-05-14T00:07:16.627+0000] {logging_mixin.py:188} INFO - [2026-05-14T00:07:16.627+0000] {dag.py:3947} INFO - Setting next_dagrun for example_short_circuit_operator to 2026-05-13 00:00:00+00:00, run_after=2026-05-14 00:00:00+00:00
[2026-05-14T00:07:16.644+0000] {processor.py:183} INFO - Processing /workspaces/Airflow_project/airflow_env/lib/python3.12/site-packages/airflow/example_dags/example_short_circuit_operator.py took 0.053 seconds
[2026-05-14T00:08:02.609+0000] {processor.py:161} INFO - Started process (PID=100093) to work on /workspaces/Airflow_project/airflow_env/lib/python3.12/site-packages/airflow/example_dags/example_short_circuit_operator.py
[2026-05-14T00:08:02.609+0000] {processor.py:830} INFO - Processing file /workspaces/Airflow_project/airflow_env/lib/python3.12/site-packages/airflow/example_dags/example_short_circuit_operator.py for tasks to queue
[2026-05-14T00:08:02.610+0000] {logging_mixin.py:188} INFO - [2026-05-14T00:08:02.610+0000] {dagbag.py:545} INFO - Filling up the DagBag from /workspaces/Airflow_project/airflow_env/lib/python3.12/site-packages/airflow/example_dags/example_short_circuit_operator.py
[2026-05-14T00:08:02.620+0000] {processor.py:840} INFO - DAG(s) 'example_short_circuit_operator' retrieved from /workspaces/Airflow_project/airflow_env/lib/python3.12/site-packages/airflow/example_dags/example_short_circuit_operator.py
[2026-05-14T00:08:02.647+0000] {logging_mixin.py:188} INFO - [2026-05-14T00:08:02.647+0000] {dag.py:3089} INFO - Sync 1 DAGs
[2026-05-14T00:08:02.663+0000] {logging_mixin.py:188} INFO - [2026-05-14T00:08:02.663+0000] {dag.py:3947} INFO - Setting next_dagrun for example_short_circuit_operator to 2026-05-13 00:00:00+00:00, run_after=2026-05-14 00:00:00+00:00
[2026-05-14T00:08:02.678+0000] {processor.py:183} INFO - Processing /workspaces/Airflow_project/airflow_env/lib/python3.12/site-packages/airflow/example_dags/example_short_circuit_operator.py took 0.076 seconds
[2026-05-14T00:08:44.677+0000] {processor.py:161} INFO - Started process (PID=100421) to work on /workspaces/Airflow_project/airflow_env/lib/python3.12/site-packages/airflow/example_dags/example_short_circuit_operator.py
[2026-05-14T00:08:44.678+0000] {processor.py:830} INFO - Processing file /workspaces/Airflow_project/airflow_env/lib/python3.12/site-packages/airflow/example_dags/example_short_circuit_operator.py for tasks to queue
[2026-05-14T00:08:44.679+0000] {logging_mixin.py:188} INFO - [2026-05-14T00:08:44.678+0000] {dagbag.py:545} INFO - Filling up the DagBag from /workspaces/Airflow_project/airflow_env/lib/python3.12/site-packages/airflow/example_dags/example_short_circuit_operator.py
[2026-05-14T00:08:44.686+0000] {processor.py:840} INFO - DAG(s) 'example_short_circuit_operator' retrieved from /workspaces/Airflow_project/airflow_env/lib/python3.12/site-packages/airflow/example_dags/example_short_circuit_operator.py
[2026-05-14T00:08:44.703+0000] {logging_mixin.py:188} INFO - [2026-05-14T00:08:44.702+0000] {dag.py:3089} INFO - Sync 1 DAGs
[2026-05-14T00:08:44.714+0000] {logging_mixin.py:188} INFO - [2026-05-14T00:08:44.714+0000] {dag.py:3947} INFO - Setting next_dagrun for example_short_circuit_operator to 2026-05-13 00:00:00+00:00, run_after=2026-05-14 00:00:00+00:00
[2026-05-14T00:08:44.729+0000] {processor.py:183} INFO - Processing /workspaces/Airflow_project/airflow_env/lib/python3.12/site-packages/airflow/example_dags/example_short_circuit_operator.py took 0.056 seconds
