[2026-05-14T00:00:24.070+0000] {processor.py:161} INFO - Started process (PID=96357) to work on /workspaces/Airflow_project/airflow_env/lib/python3.12/site-packages/airflow/example_dags/example_sensor_decorator.py
[2026-05-14T00:00:24.071+0000] {processor.py:830} INFO - Processing file /workspaces/Airflow_project/airflow_env/lib/python3.12/site-packages/airflow/example_dags/example_sensor_decorator.py for tasks to queue
[2026-05-14T00:00:24.072+0000] {logging_mixin.py:188} INFO - [2026-05-14T00:00:24.071+0000] {dagbag.py:545} INFO - Filling up the DagBag from /workspaces/Airflow_project/airflow_env/lib/python3.12/site-packages/airflow/example_dags/example_sensor_decorator.py
[2026-05-14T00:00:24.076+0000] {processor.py:840} INFO - DAG(s) 'example_sensor_decorator' retrieved from /workspaces/Airflow_project/airflow_env/lib/python3.12/site-packages/airflow/example_dags/example_sensor_decorator.py
[2026-05-14T00:00:24.089+0000] {logging_mixin.py:188} INFO - [2026-05-14T00:00:24.088+0000] {dag.py:3089} INFO - Sync 1 DAGs
[2026-05-14T00:00:24.096+0000] {logging_mixin.py:188} INFO - [2026-05-14T00:00:24.096+0000] {dag.py:3947} INFO - Setting next_dagrun for example_sensor_decorator to None, run_after=None
[2026-05-14T00:00:24.110+0000] {processor.py:183} INFO - Processing /workspaces/Airflow_project/airflow_env/lib/python3.12/site-packages/airflow/example_dags/example_sensor_decorator.py took 0.045 seconds
[2026-05-14T00:01:17.149+0000] {processor.py:161} INFO - Started process (PID=96812) to work on /workspaces/Airflow_project/airflow_env/lib/python3.12/site-packages/airflow/example_dags/example_sensor_decorator.py
[2026-05-14T00:01:17.150+0000] {processor.py:830} INFO - Processing file /workspaces/Airflow_project/airflow_env/lib/python3.12/site-packages/airflow/example_dags/example_sensor_decorator.py for tasks to queue
[2026-05-14T00:01:17.151+0000] {logging_mixin.py:188} INFO - [2026-05-14T00:01:17.150+0000] {dagbag.py:545} INFO - Filling up the DagBag from /workspaces/Airflow_project/airflow_env/lib/python3.12/site-packages/airflow/example_dags/example_sensor_decorator.py
[2026-05-14T00:01:17.155+0000] {processor.py:840} INFO - DAG(s) 'example_sensor_decorator' retrieved from /workspaces/Airflow_project/airflow_env/lib/python3.12/site-packages/airflow/example_dags/example_sensor_decorator.py
[2026-05-14T00:01:17.167+0000] {logging_mixin.py:188} INFO - [2026-05-14T00:01:17.167+0000] {dag.py:3089} INFO - Sync 1 DAGs
[2026-05-14T00:01:17.174+0000] {logging_mixin.py:188} INFO - [2026-05-14T00:01:17.174+0000] {dag.py:3947} INFO - Setting next_dagrun for example_sensor_decorator to None, run_after=None
[2026-05-14T00:01:17.189+0000] {processor.py:183} INFO - Processing /workspaces/Airflow_project/airflow_env/lib/python3.12/site-packages/airflow/example_dags/example_sensor_decorator.py took 0.044 seconds
[2026-05-14T00:02:00.763+0000] {processor.py:161} INFO - Started process (PID=97178) to work on /workspaces/Airflow_project/airflow_env/lib/python3.12/site-packages/airflow/example_dags/example_sensor_decorator.py
[2026-05-14T00:02:00.763+0000] {processor.py:830} INFO - Processing file /workspaces/Airflow_project/airflow_env/lib/python3.12/site-packages/airflow/example_dags/example_sensor_decorator.py for tasks to queue
[2026-05-14T00:02:00.764+0000] {logging_mixin.py:188} INFO - [2026-05-14T00:02:00.764+0000] {dagbag.py:545} INFO - Filling up the DagBag from /workspaces/Airflow_project/airflow_env/lib/python3.12/site-packages/airflow/example_dags/example_sensor_decorator.py
[2026-05-14T00:02:00.768+0000] {processor.py:840} INFO - DAG(s) 'example_sensor_decorator' retrieved from /workspaces/Airflow_project/airflow_env/lib/python3.12/site-packages/airflow/example_dags/example_sensor_decorator.py
[2026-05-14T00:02:00.780+0000] {logging_mixin.py:188} INFO - [2026-05-14T00:02:00.780+0000] {dag.py:3089} INFO - Sync 1 DAGs
[2026-05-14T00:02:00.788+0000] {logging_mixin.py:188} INFO - [2026-05-14T00:02:00.788+0000] {dag.py:3947} INFO - Setting next_dagrun for example_sensor_decorator to None, run_after=None
[2026-05-14T00:02:00.803+0000] {processor.py:183} INFO - Processing /workspaces/Airflow_project/airflow_env/lib/python3.12/site-packages/airflow/example_dags/example_sensor_decorator.py took 0.045 seconds
[2026-05-14T00:02:45.164+0000] {processor.py:161} INFO - Started process (PID=97534) to work on /workspaces/Airflow_project/airflow_env/lib/python3.12/site-packages/airflow/example_dags/example_sensor_decorator.py
[2026-05-14T00:02:45.165+0000] {processor.py:830} INFO - Processing file /workspaces/Airflow_project/airflow_env/lib/python3.12/site-packages/airflow/example_dags/example_sensor_decorator.py for tasks to queue
[2026-05-14T00:02:45.165+0000] {logging_mixin.py:188} INFO - [2026-05-14T00:02:45.165+0000] {dagbag.py:545} INFO - Filling up the DagBag from /workspaces/Airflow_project/airflow_env/lib/python3.12/site-packages/airflow/example_dags/example_sensor_decorator.py
[2026-05-14T00:02:45.170+0000] {processor.py:840} INFO - DAG(s) 'example_sensor_decorator' retrieved from /workspaces/Airflow_project/airflow_env/lib/python3.12/site-packages/airflow/example_dags/example_sensor_decorator.py
[2026-05-14T00:02:45.182+0000] {logging_mixin.py:188} INFO - [2026-05-14T00:02:45.182+0000] {dag.py:3089} INFO - Sync 1 DAGs
[2026-05-14T00:02:45.189+0000] {logging_mixin.py:188} INFO - [2026-05-14T00:02:45.189+0000] {dag.py:3947} INFO - Setting next_dagrun for example_sensor_decorator to None, run_after=None
[2026-05-14T00:02:45.205+0000] {processor.py:183} INFO - Processing /workspaces/Airflow_project/airflow_env/lib/python3.12/site-packages/airflow/example_dags/example_sensor_decorator.py took 0.045 seconds
[2026-05-14T00:03:31.467+0000] {processor.py:161} INFO - Started process (PID=97892) to work on /workspaces/Airflow_project/airflow_env/lib/python3.12/site-packages/airflow/example_dags/example_sensor_decorator.py
[2026-05-14T00:03:31.468+0000] {processor.py:830} INFO - Processing file /workspaces/Airflow_project/airflow_env/lib/python3.12/site-packages/airflow/example_dags/example_sensor_decorator.py for tasks to queue
[2026-05-14T00:03:31.468+0000] {logging_mixin.py:188} INFO - [2026-05-14T00:03:31.468+0000] {dagbag.py:545} INFO - Filling up the DagBag from /workspaces/Airflow_project/airflow_env/lib/python3.12/site-packages/airflow/example_dags/example_sensor_decorator.py
[2026-05-14T00:03:31.474+0000] {processor.py:840} INFO - DAG(s) 'example_sensor_decorator' retrieved from /workspaces/Airflow_project/airflow_env/lib/python3.12/site-packages/airflow/example_dags/example_sensor_decorator.py
[2026-05-14T00:03:31.486+0000] {logging_mixin.py:188} INFO - [2026-05-14T00:03:31.486+0000] {dag.py:3089} INFO - Sync 1 DAGs
[2026-05-14T00:03:31.493+0000] {logging_mixin.py:188} INFO - [2026-05-14T00:03:31.493+0000] {dag.py:3947} INFO - Setting next_dagrun for example_sensor_decorator to None, run_after=None
[2026-05-14T00:03:31.508+0000] {processor.py:183} INFO - Processing /workspaces/Airflow_project/airflow_env/lib/python3.12/site-packages/airflow/example_dags/example_sensor_decorator.py took 0.046 seconds
[2026-05-14T00:04:20.014+0000] {processor.py:161} INFO - Started process (PID=98276) to work on /workspaces/Airflow_project/airflow_env/lib/python3.12/site-packages/airflow/example_dags/example_sensor_decorator.py
[2026-05-14T00:04:20.014+0000] {processor.py:830} INFO - Processing file /workspaces/Airflow_project/airflow_env/lib/python3.12/site-packages/airflow/example_dags/example_sensor_decorator.py for tasks to queue
[2026-05-14T00:04:20.015+0000] {logging_mixin.py:188} INFO - [2026-05-14T00:04:20.015+0000] {dagbag.py:545} INFO - Filling up the DagBag from /workspaces/Airflow_project/airflow_env/lib/python3.12/site-packages/airflow/example_dags/example_sensor_decorator.py
[2026-05-14T00:04:20.020+0000] {processor.py:840} INFO - DAG(s) 'example_sensor_decorator' retrieved from /workspaces/Airflow_project/airflow_env/lib/python3.12/site-packages/airflow/example_dags/example_sensor_decorator.py
[2026-05-14T00:04:20.032+0000] {logging_mixin.py:188} INFO - [2026-05-14T00:04:20.032+0000] {dag.py:3089} INFO - Sync 1 DAGs
[2026-05-14T00:04:20.040+0000] {logging_mixin.py:188} INFO - [2026-05-14T00:04:20.040+0000] {dag.py:3947} INFO - Setting next_dagrun for example_sensor_decorator to None, run_after=None
[2026-05-14T00:04:20.058+0000] {processor.py:183} INFO - Processing /workspaces/Airflow_project/airflow_env/lib/python3.12/site-packages/airflow/example_dags/example_sensor_decorator.py took 0.048 seconds
[2026-05-14T00:05:07.324+0000] {processor.py:161} INFO - Started process (PID=98679) to work on /workspaces/Airflow_project/airflow_env/lib/python3.12/site-packages/airflow/example_dags/example_sensor_decorator.py
[2026-05-14T00:05:07.324+0000] {processor.py:830} INFO - Processing file /workspaces/Airflow_project/airflow_env/lib/python3.12/site-packages/airflow/example_dags/example_sensor_decorator.py for tasks to queue
[2026-05-14T00:05:07.325+0000] {logging_mixin.py:188} INFO - [2026-05-14T00:05:07.325+0000] {dagbag.py:545} INFO - Filling up the DagBag from /workspaces/Airflow_project/airflow_env/lib/python3.12/site-packages/airflow/example_dags/example_sensor_decorator.py
[2026-05-14T00:05:07.329+0000] {processor.py:840} INFO - DAG(s) 'example_sensor_decorator' retrieved from /workspaces/Airflow_project/airflow_env/lib/python3.12/site-packages/airflow/example_dags/example_sensor_decorator.py
[2026-05-14T00:05:07.343+0000] {logging_mixin.py:188} INFO - [2026-05-14T00:05:07.343+0000] {dag.py:3089} INFO - Sync 1 DAGs
[2026-05-14T00:05:07.353+0000] {logging_mixin.py:188} INFO - [2026-05-14T00:05:07.353+0000] {dag.py:3947} INFO - Setting next_dagrun for example_sensor_decorator to None, run_after=None
[2026-05-14T00:05:07.369+0000] {processor.py:183} INFO - Processing /workspaces/Airflow_project/airflow_env/lib/python3.12/site-packages/airflow/example_dags/example_sensor_decorator.py took 0.050 seconds
[2026-05-14T00:05:53.409+0000] {processor.py:161} INFO - Started process (PID=99042) to work on /workspaces/Airflow_project/airflow_env/lib/python3.12/site-packages/airflow/example_dags/example_sensor_decorator.py
[2026-05-14T00:05:53.410+0000] {processor.py:830} INFO - Processing file /workspaces/Airflow_project/airflow_env/lib/python3.12/site-packages/airflow/example_dags/example_sensor_decorator.py for tasks to queue
[2026-05-14T00:05:53.410+0000] {logging_mixin.py:188} INFO - [2026-05-14T00:05:53.410+0000] {dagbag.py:545} INFO - Filling up the DagBag from /workspaces/Airflow_project/airflow_env/lib/python3.12/site-packages/airflow/example_dags/example_sensor_decorator.py
[2026-05-14T00:05:53.415+0000] {processor.py:840} INFO - DAG(s) 'example_sensor_decorator' retrieved from /workspaces/Airflow_project/airflow_env/lib/python3.12/site-packages/airflow/example_dags/example_sensor_decorator.py
[2026-05-14T00:05:53.427+0000] {logging_mixin.py:188} INFO - [2026-05-14T00:05:53.427+0000] {dag.py:3089} INFO - Sync 1 DAGs
[2026-05-14T00:05:53.434+0000] {logging_mixin.py:188} INFO - [2026-05-14T00:05:53.434+0000] {dag.py:3947} INFO - Setting next_dagrun for example_sensor_decorator to None, run_after=None
[2026-05-14T00:05:53.451+0000] {processor.py:183} INFO - Processing /workspaces/Airflow_project/airflow_env/lib/python3.12/site-packages/airflow/example_dags/example_sensor_decorator.py took 0.047 seconds
[2026-05-14T00:06:58.071+0000] {processor.py:161} INFO - Started process (PID=99570) to work on /workspaces/Airflow_project/airflow_env/lib/python3.12/site-packages/airflow/example_dags/example_sensor_decorator.py
[2026-05-14T00:06:58.072+0000] {processor.py:830} INFO - Processing file /workspaces/Airflow_project/airflow_env/lib/python3.12/site-packages/airflow/example_dags/example_sensor_decorator.py for tasks to queue
[2026-05-14T00:06:58.072+0000] {logging_mixin.py:188} INFO - [2026-05-14T00:06:58.072+0000] {dagbag.py:545} INFO - Filling up the DagBag from /workspaces/Airflow_project/airflow_env/lib/python3.12/site-packages/airflow/example_dags/example_sensor_decorator.py
[2026-05-14T00:06:58.077+0000] {processor.py:840} INFO - DAG(s) 'example_sensor_decorator' retrieved from /workspaces/Airflow_project/airflow_env/lib/python3.12/site-packages/airflow/example_dags/example_sensor_decorator.py
[2026-05-14T00:06:58.089+0000] {logging_mixin.py:188} INFO - [2026-05-14T00:06:58.088+0000] {dag.py:3089} INFO - Sync 1 DAGs
[2026-05-14T00:06:58.096+0000] {logging_mixin.py:188} INFO - [2026-05-14T00:06:58.096+0000] {dag.py:3947} INFO - Setting next_dagrun for example_sensor_decorator to None, run_after=None
[2026-05-14T00:06:58.112+0000] {processor.py:183} INFO - Processing /workspaces/Airflow_project/airflow_env/lib/python3.12/site-packages/airflow/example_dags/example_sensor_decorator.py took 0.045 seconds
[2026-05-14T00:07:46.189+0000] {processor.py:161} INFO - Started process (PID=99947) to work on /workspaces/Airflow_project/airflow_env/lib/python3.12/site-packages/airflow/example_dags/example_sensor_decorator.py
[2026-05-14T00:07:46.189+0000] {processor.py:830} INFO - Processing file /workspaces/Airflow_project/airflow_env/lib/python3.12/site-packages/airflow/example_dags/example_sensor_decorator.py for tasks to queue
[2026-05-14T00:07:46.190+0000] {logging_mixin.py:188} INFO - [2026-05-14T00:07:46.190+0000] {dagbag.py:545} INFO - Filling up the DagBag from /workspaces/Airflow_project/airflow_env/lib/python3.12/site-packages/airflow/example_dags/example_sensor_decorator.py
[2026-05-14T00:07:46.195+0000] {processor.py:840} INFO - DAG(s) 'example_sensor_decorator' retrieved from /workspaces/Airflow_project/airflow_env/lib/python3.12/site-packages/airflow/example_dags/example_sensor_decorator.py
[2026-05-14T00:07:46.207+0000] {logging_mixin.py:188} INFO - [2026-05-14T00:07:46.207+0000] {dag.py:3089} INFO - Sync 1 DAGs
[2026-05-14T00:07:46.215+0000] {logging_mixin.py:188} INFO - [2026-05-14T00:07:46.214+0000] {dag.py:3947} INFO - Setting next_dagrun for example_sensor_decorator to None, run_after=None
[2026-05-14T00:07:46.229+0000] {processor.py:183} INFO - Processing /workspaces/Airflow_project/airflow_env/lib/python3.12/site-packages/airflow/example_dags/example_sensor_decorator.py took 0.045 seconds
[2026-05-14T00:08:50.874+0000] {processor.py:161} INFO - Started process (PID=100458) to work on /workspaces/Airflow_project/airflow_env/lib/python3.12/site-packages/airflow/example_dags/example_sensor_decorator.py
[2026-05-14T00:08:50.875+0000] {processor.py:830} INFO - Processing file /workspaces/Airflow_project/airflow_env/lib/python3.12/site-packages/airflow/example_dags/example_sensor_decorator.py for tasks to queue
[2026-05-14T00:08:50.875+0000] {logging_mixin.py:188} INFO - [2026-05-14T00:08:50.875+0000] {dagbag.py:545} INFO - Filling up the DagBag from /workspaces/Airflow_project/airflow_env/lib/python3.12/site-packages/airflow/example_dags/example_sensor_decorator.py
[2026-05-14T00:08:50.880+0000] {processor.py:840} INFO - DAG(s) 'example_sensor_decorator' retrieved from /workspaces/Airflow_project/airflow_env/lib/python3.12/site-packages/airflow/example_dags/example_sensor_decorator.py
[2026-05-14T00:08:50.892+0000] {logging_mixin.py:188} INFO - [2026-05-14T00:08:50.891+0000] {dag.py:3089} INFO - Sync 1 DAGs
[2026-05-14T00:08:50.899+0000] {logging_mixin.py:188} INFO - [2026-05-14T00:08:50.899+0000] {dag.py:3947} INFO - Setting next_dagrun for example_sensor_decorator to None, run_after=None
[2026-05-14T00:08:50.913+0000] {processor.py:183} INFO - Processing /workspaces/Airflow_project/airflow_env/lib/python3.12/site-packages/airflow/example_dags/example_sensor_decorator.py took 0.044 seconds
