[2026-05-14T00:00:13.729+0000] {processor.py:161} INFO - Started process (PID=96220) to work on /workspaces/Airflow_project/airflow_env/lib/python3.12/site-packages/airflow/example_dags/example_time_delta_sensor_async.py
[2026-05-14T00:00:13.730+0000] {processor.py:830} INFO - Processing file /workspaces/Airflow_project/airflow_env/lib/python3.12/site-packages/airflow/example_dags/example_time_delta_sensor_async.py for tasks to queue
[2026-05-14T00:00:13.730+0000] {logging_mixin.py:188} INFO - [2026-05-14T00:00:13.730+0000] {dagbag.py:545} INFO - Filling up the DagBag from /workspaces/Airflow_project/airflow_env/lib/python3.12/site-packages/airflow/example_dags/example_time_delta_sensor_async.py
[2026-05-14T00:00:13.738+0000] {processor.py:840} INFO - DAG(s) 'example_time_delta_sensor_async' retrieved from /workspaces/Airflow_project/airflow_env/lib/python3.12/site-packages/airflow/example_dags/example_time_delta_sensor_async.py
[2026-05-14T00:00:13.782+0000] {logging_mixin.py:188} INFO - [2026-05-14T00:00:13.781+0000] {dag.py:3089} INFO - Sync 1 DAGs
[2026-05-14T00:00:13.793+0000] {logging_mixin.py:188} INFO - [2026-05-14T00:00:13.793+0000] {dag.py:3947} INFO - Setting next_dagrun for example_time_delta_sensor_async to None, run_after=None
[2026-05-14T00:00:13.809+0000] {processor.py:183} INFO - Processing /workspaces/Airflow_project/airflow_env/lib/python3.12/site-packages/airflow/example_dags/example_time_delta_sensor_async.py took 0.086 seconds
[2026-05-14T00:01:09.716+0000] {processor.py:161} INFO - Started process (PID=96750) to work on /workspaces/Airflow_project/airflow_env/lib/python3.12/site-packages/airflow/example_dags/example_time_delta_sensor_async.py
[2026-05-14T00:01:09.716+0000] {processor.py:830} INFO - Processing file /workspaces/Airflow_project/airflow_env/lib/python3.12/site-packages/airflow/example_dags/example_time_delta_sensor_async.py for tasks to queue
[2026-05-14T00:01:09.717+0000] {logging_mixin.py:188} INFO - [2026-05-14T00:01:09.717+0000] {dagbag.py:545} INFO - Filling up the DagBag from /workspaces/Airflow_project/airflow_env/lib/python3.12/site-packages/airflow/example_dags/example_time_delta_sensor_async.py
[2026-05-14T00:01:09.720+0000] {processor.py:840} INFO - DAG(s) 'example_time_delta_sensor_async' retrieved from /workspaces/Airflow_project/airflow_env/lib/python3.12/site-packages/airflow/example_dags/example_time_delta_sensor_async.py
[2026-05-14T00:01:09.733+0000] {logging_mixin.py:188} INFO - [2026-05-14T00:01:09.732+0000] {dag.py:3089} INFO - Sync 1 DAGs
[2026-05-14T00:01:09.741+0000] {logging_mixin.py:188} INFO - [2026-05-14T00:01:09.741+0000] {dag.py:3947} INFO - Setting next_dagrun for example_time_delta_sensor_async to None, run_after=None
[2026-05-14T00:01:09.758+0000] {processor.py:183} INFO - Processing /workspaces/Airflow_project/airflow_env/lib/python3.12/site-packages/airflow/example_dags/example_time_delta_sensor_async.py took 0.047 seconds
[2026-05-14T00:01:54.183+0000] {processor.py:161} INFO - Started process (PID=97140) to work on /workspaces/Airflow_project/airflow_env/lib/python3.12/site-packages/airflow/example_dags/example_time_delta_sensor_async.py
[2026-05-14T00:01:54.184+0000] {processor.py:830} INFO - Processing file /workspaces/Airflow_project/airflow_env/lib/python3.12/site-packages/airflow/example_dags/example_time_delta_sensor_async.py for tasks to queue
[2026-05-14T00:01:54.184+0000] {logging_mixin.py:188} INFO - [2026-05-14T00:01:54.184+0000] {dagbag.py:545} INFO - Filling up the DagBag from /workspaces/Airflow_project/airflow_env/lib/python3.12/site-packages/airflow/example_dags/example_time_delta_sensor_async.py
[2026-05-14T00:01:54.188+0000] {processor.py:840} INFO - DAG(s) 'example_time_delta_sensor_async' retrieved from /workspaces/Airflow_project/airflow_env/lib/python3.12/site-packages/airflow/example_dags/example_time_delta_sensor_async.py
[2026-05-14T00:01:54.200+0000] {logging_mixin.py:188} INFO - [2026-05-14T00:01:54.200+0000] {dag.py:3089} INFO - Sync 1 DAGs
[2026-05-14T00:01:54.207+0000] {logging_mixin.py:188} INFO - [2026-05-14T00:01:54.207+0000] {dag.py:3947} INFO - Setting next_dagrun for example_time_delta_sensor_async to None, run_after=None
[2026-05-14T00:01:54.222+0000] {processor.py:183} INFO - Processing /workspaces/Airflow_project/airflow_env/lib/python3.12/site-packages/airflow/example_dags/example_time_delta_sensor_async.py took 0.044 seconds
[2026-05-14T00:02:36.722+0000] {processor.py:161} INFO - Started process (PID=97469) to work on /workspaces/Airflow_project/airflow_env/lib/python3.12/site-packages/airflow/example_dags/example_time_delta_sensor_async.py
[2026-05-14T00:02:36.723+0000] {processor.py:830} INFO - Processing file /workspaces/Airflow_project/airflow_env/lib/python3.12/site-packages/airflow/example_dags/example_time_delta_sensor_async.py for tasks to queue
[2026-05-14T00:02:36.723+0000] {logging_mixin.py:188} INFO - [2026-05-14T00:02:36.723+0000] {dagbag.py:545} INFO - Filling up the DagBag from /workspaces/Airflow_project/airflow_env/lib/python3.12/site-packages/airflow/example_dags/example_time_delta_sensor_async.py
[2026-05-14T00:02:36.727+0000] {processor.py:840} INFO - DAG(s) 'example_time_delta_sensor_async' retrieved from /workspaces/Airflow_project/airflow_env/lib/python3.12/site-packages/airflow/example_dags/example_time_delta_sensor_async.py
[2026-05-14T00:02:36.741+0000] {logging_mixin.py:188} INFO - [2026-05-14T00:02:36.741+0000] {dag.py:3089} INFO - Sync 1 DAGs
[2026-05-14T00:02:36.751+0000] {logging_mixin.py:188} INFO - [2026-05-14T00:02:36.751+0000] {dag.py:3947} INFO - Setting next_dagrun for example_time_delta_sensor_async to None, run_after=None
[2026-05-14T00:02:36.767+0000] {processor.py:183} INFO - Processing /workspaces/Airflow_project/airflow_env/lib/python3.12/site-packages/airflow/example_dags/example_time_delta_sensor_async.py took 0.049 seconds
[2026-05-14T00:03:21.185+0000] {processor.py:161} INFO - Started process (PID=97812) to work on /workspaces/Airflow_project/airflow_env/lib/python3.12/site-packages/airflow/example_dags/example_time_delta_sensor_async.py
[2026-05-14T00:03:21.186+0000] {processor.py:830} INFO - Processing file /workspaces/Airflow_project/airflow_env/lib/python3.12/site-packages/airflow/example_dags/example_time_delta_sensor_async.py for tasks to queue
[2026-05-14T00:03:21.187+0000] {logging_mixin.py:188} INFO - [2026-05-14T00:03:21.186+0000] {dagbag.py:545} INFO - Filling up the DagBag from /workspaces/Airflow_project/airflow_env/lib/python3.12/site-packages/airflow/example_dags/example_time_delta_sensor_async.py
[2026-05-14T00:03:21.190+0000] {processor.py:840} INFO - DAG(s) 'example_time_delta_sensor_async' retrieved from /workspaces/Airflow_project/airflow_env/lib/python3.12/site-packages/airflow/example_dags/example_time_delta_sensor_async.py
[2026-05-14T00:03:21.202+0000] {logging_mixin.py:188} INFO - [2026-05-14T00:03:21.202+0000] {dag.py:3089} INFO - Sync 1 DAGs
[2026-05-14T00:03:21.209+0000] {logging_mixin.py:188} INFO - [2026-05-14T00:03:21.209+0000] {dag.py:3947} INFO - Setting next_dagrun for example_time_delta_sensor_async to None, run_after=None
[2026-05-14T00:03:21.224+0000] {processor.py:183} INFO - Processing /workspaces/Airflow_project/airflow_env/lib/python3.12/site-packages/airflow/example_dags/example_time_delta_sensor_async.py took 0.044 seconds
[2026-05-14T00:04:09.729+0000] {processor.py:161} INFO - Started process (PID=98193) to work on /workspaces/Airflow_project/airflow_env/lib/python3.12/site-packages/airflow/example_dags/example_time_delta_sensor_async.py
[2026-05-14T00:04:09.730+0000] {processor.py:830} INFO - Processing file /workspaces/Airflow_project/airflow_env/lib/python3.12/site-packages/airflow/example_dags/example_time_delta_sensor_async.py for tasks to queue
[2026-05-14T00:04:09.731+0000] {logging_mixin.py:188} INFO - [2026-05-14T00:04:09.730+0000] {dagbag.py:545} INFO - Filling up the DagBag from /workspaces/Airflow_project/airflow_env/lib/python3.12/site-packages/airflow/example_dags/example_time_delta_sensor_async.py
[2026-05-14T00:04:09.734+0000] {processor.py:840} INFO - DAG(s) 'example_time_delta_sensor_async' retrieved from /workspaces/Airflow_project/airflow_env/lib/python3.12/site-packages/airflow/example_dags/example_time_delta_sensor_async.py
[2026-05-14T00:04:09.751+0000] {logging_mixin.py:188} INFO - [2026-05-14T00:04:09.751+0000] {dag.py:3089} INFO - Sync 1 DAGs
[2026-05-14T00:04:09.761+0000] {logging_mixin.py:188} INFO - [2026-05-14T00:04:09.761+0000] {dag.py:3947} INFO - Setting next_dagrun for example_time_delta_sensor_async to None, run_after=None
[2026-05-14T00:04:09.776+0000] {processor.py:183} INFO - Processing /workspaces/Airflow_project/airflow_env/lib/python3.12/site-packages/airflow/example_dags/example_time_delta_sensor_async.py took 0.053 seconds
[2026-05-14T00:04:58.324+0000] {processor.py:161} INFO - Started process (PID=98613) to work on /workspaces/Airflow_project/airflow_env/lib/python3.12/site-packages/airflow/example_dags/example_time_delta_sensor_async.py
[2026-05-14T00:04:58.325+0000] {processor.py:830} INFO - Processing file /workspaces/Airflow_project/airflow_env/lib/python3.12/site-packages/airflow/example_dags/example_time_delta_sensor_async.py for tasks to queue
[2026-05-14T00:04:58.325+0000] {logging_mixin.py:188} INFO - [2026-05-14T00:04:58.325+0000] {dagbag.py:545} INFO - Filling up the DagBag from /workspaces/Airflow_project/airflow_env/lib/python3.12/site-packages/airflow/example_dags/example_time_delta_sensor_async.py
[2026-05-14T00:04:58.329+0000] {processor.py:840} INFO - DAG(s) 'example_time_delta_sensor_async' retrieved from /workspaces/Airflow_project/airflow_env/lib/python3.12/site-packages/airflow/example_dags/example_time_delta_sensor_async.py
[2026-05-14T00:04:58.343+0000] {logging_mixin.py:188} INFO - [2026-05-14T00:04:58.342+0000] {dag.py:3089} INFO - Sync 1 DAGs
[2026-05-14T00:04:58.352+0000] {logging_mixin.py:188} INFO - [2026-05-14T00:04:58.352+0000] {dag.py:3947} INFO - Setting next_dagrun for example_time_delta_sensor_async to None, run_after=None
[2026-05-14T00:04:58.368+0000] {processor.py:183} INFO - Processing /workspaces/Airflow_project/airflow_env/lib/python3.12/site-packages/airflow/example_dags/example_time_delta_sensor_async.py took 0.049 seconds
[2026-05-14T00:05:44.191+0000] {processor.py:161} INFO - Started process (PID=98969) to work on /workspaces/Airflow_project/airflow_env/lib/python3.12/site-packages/airflow/example_dags/example_time_delta_sensor_async.py
[2026-05-14T00:05:44.192+0000] {processor.py:830} INFO - Processing file /workspaces/Airflow_project/airflow_env/lib/python3.12/site-packages/airflow/example_dags/example_time_delta_sensor_async.py for tasks to queue
[2026-05-14T00:05:44.193+0000] {logging_mixin.py:188} INFO - [2026-05-14T00:05:44.192+0000] {dagbag.py:545} INFO - Filling up the DagBag from /workspaces/Airflow_project/airflow_env/lib/python3.12/site-packages/airflow/example_dags/example_time_delta_sensor_async.py
[2026-05-14T00:05:44.196+0000] {processor.py:840} INFO - DAG(s) 'example_time_delta_sensor_async' retrieved from /workspaces/Airflow_project/airflow_env/lib/python3.12/site-packages/airflow/example_dags/example_time_delta_sensor_async.py
[2026-05-14T00:05:44.208+0000] {logging_mixin.py:188} INFO - [2026-05-14T00:05:44.208+0000] {dag.py:3089} INFO - Sync 1 DAGs
[2026-05-14T00:05:44.215+0000] {logging_mixin.py:188} INFO - [2026-05-14T00:05:44.215+0000] {dag.py:3947} INFO - Setting next_dagrun for example_time_delta_sensor_async to None, run_after=None
[2026-05-14T00:05:44.230+0000] {processor.py:183} INFO - Processing /workspaces/Airflow_project/airflow_env/lib/python3.12/site-packages/airflow/example_dags/example_time_delta_sensor_async.py took 0.045 seconds
[2026-05-14T00:06:24.751+0000] {processor.py:161} INFO - Started process (PID=99288) to work on /workspaces/Airflow_project/airflow_env/lib/python3.12/site-packages/airflow/example_dags/example_time_delta_sensor_async.py
[2026-05-14T00:06:24.751+0000] {processor.py:830} INFO - Processing file /workspaces/Airflow_project/airflow_env/lib/python3.12/site-packages/airflow/example_dags/example_time_delta_sensor_async.py for tasks to queue
[2026-05-14T00:06:24.752+0000] {logging_mixin.py:188} INFO - [2026-05-14T00:06:24.752+0000] {dagbag.py:545} INFO - Filling up the DagBag from /workspaces/Airflow_project/airflow_env/lib/python3.12/site-packages/airflow/example_dags/example_time_delta_sensor_async.py
[2026-05-14T00:06:24.756+0000] {processor.py:840} INFO - DAG(s) 'example_time_delta_sensor_async' retrieved from /workspaces/Airflow_project/airflow_env/lib/python3.12/site-packages/airflow/example_dags/example_time_delta_sensor_async.py
[2026-05-14T00:06:24.769+0000] {logging_mixin.py:188} INFO - [2026-05-14T00:06:24.768+0000] {dag.py:3089} INFO - Sync 1 DAGs
[2026-05-14T00:06:24.776+0000] {logging_mixin.py:188} INFO - [2026-05-14T00:06:24.776+0000] {dag.py:3947} INFO - Setting next_dagrun for example_time_delta_sensor_async to None, run_after=None
[2026-05-14T00:06:24.791+0000] {processor.py:183} INFO - Processing /workspaces/Airflow_project/airflow_env/lib/python3.12/site-packages/airflow/example_dags/example_time_delta_sensor_async.py took 0.046 seconds
[2026-05-14T00:07:11.457+0000] {processor.py:161} INFO - Started process (PID=99689) to work on /workspaces/Airflow_project/airflow_env/lib/python3.12/site-packages/airflow/example_dags/example_time_delta_sensor_async.py
[2026-05-14T00:07:11.458+0000] {processor.py:830} INFO - Processing file /workspaces/Airflow_project/airflow_env/lib/python3.12/site-packages/airflow/example_dags/example_time_delta_sensor_async.py for tasks to queue
[2026-05-14T00:07:11.459+0000] {logging_mixin.py:188} INFO - [2026-05-14T00:07:11.458+0000] {dagbag.py:545} INFO - Filling up the DagBag from /workspaces/Airflow_project/airflow_env/lib/python3.12/site-packages/airflow/example_dags/example_time_delta_sensor_async.py
[2026-05-14T00:07:11.462+0000] {processor.py:840} INFO - DAG(s) 'example_time_delta_sensor_async' retrieved from /workspaces/Airflow_project/airflow_env/lib/python3.12/site-packages/airflow/example_dags/example_time_delta_sensor_async.py
[2026-05-14T00:07:11.474+0000] {logging_mixin.py:188} INFO - [2026-05-14T00:07:11.474+0000] {dag.py:3089} INFO - Sync 1 DAGs
[2026-05-14T00:07:11.484+0000] {logging_mixin.py:188} INFO - [2026-05-14T00:07:11.484+0000] {dag.py:3947} INFO - Setting next_dagrun for example_time_delta_sensor_async to None, run_after=None
[2026-05-14T00:07:11.501+0000] {processor.py:183} INFO - Processing /workspaces/Airflow_project/airflow_env/lib/python3.12/site-packages/airflow/example_dags/example_time_delta_sensor_async.py took 0.050 seconds
[2026-05-14T00:07:57.742+0000] {processor.py:161} INFO - Started process (PID=100044) to work on /workspaces/Airflow_project/airflow_env/lib/python3.12/site-packages/airflow/example_dags/example_time_delta_sensor_async.py
[2026-05-14T00:07:57.743+0000] {processor.py:830} INFO - Processing file /workspaces/Airflow_project/airflow_env/lib/python3.12/site-packages/airflow/example_dags/example_time_delta_sensor_async.py for tasks to queue
[2026-05-14T00:07:57.744+0000] {logging_mixin.py:188} INFO - [2026-05-14T00:07:57.743+0000] {dagbag.py:545} INFO - Filling up the DagBag from /workspaces/Airflow_project/airflow_env/lib/python3.12/site-packages/airflow/example_dags/example_time_delta_sensor_async.py
[2026-05-14T00:07:57.748+0000] {processor.py:840} INFO - DAG(s) 'example_time_delta_sensor_async' retrieved from /workspaces/Airflow_project/airflow_env/lib/python3.12/site-packages/airflow/example_dags/example_time_delta_sensor_async.py
[2026-05-14T00:07:57.766+0000] {logging_mixin.py:188} INFO - [2026-05-14T00:07:57.766+0000] {dag.py:3089} INFO - Sync 1 DAGs
[2026-05-14T00:07:57.778+0000] {logging_mixin.py:188} INFO - [2026-05-14T00:07:57.778+0000] {dag.py:3947} INFO - Setting next_dagrun for example_time_delta_sensor_async to None, run_after=None
[2026-05-14T00:07:57.806+0000] {processor.py:183} INFO - Processing /workspaces/Airflow_project/airflow_env/lib/python3.12/site-packages/airflow/example_dags/example_time_delta_sensor_async.py took 0.070 seconds
[2026-05-14T00:08:40.003+0000] {processor.py:161} INFO - Started process (PID=100372) to work on /workspaces/Airflow_project/airflow_env/lib/python3.12/site-packages/airflow/example_dags/example_time_delta_sensor_async.py
[2026-05-14T00:08:40.004+0000] {processor.py:830} INFO - Processing file /workspaces/Airflow_project/airflow_env/lib/python3.12/site-packages/airflow/example_dags/example_time_delta_sensor_async.py for tasks to queue
[2026-05-14T00:08:40.005+0000] {logging_mixin.py:188} INFO - [2026-05-14T00:08:40.005+0000] {dagbag.py:545} INFO - Filling up the DagBag from /workspaces/Airflow_project/airflow_env/lib/python3.12/site-packages/airflow/example_dags/example_time_delta_sensor_async.py
[2026-05-14T00:08:40.012+0000] {processor.py:840} INFO - DAG(s) 'example_time_delta_sensor_async' retrieved from /workspaces/Airflow_project/airflow_env/lib/python3.12/site-packages/airflow/example_dags/example_time_delta_sensor_async.py
[2026-05-14T00:08:40.030+0000] {logging_mixin.py:188} INFO - [2026-05-14T00:08:40.030+0000] {dag.py:3089} INFO - Sync 1 DAGs
[2026-05-14T00:08:40.038+0000] {logging_mixin.py:188} INFO - [2026-05-14T00:08:40.038+0000] {dag.py:3947} INFO - Setting next_dagrun for example_time_delta_sensor_async to None, run_after=None
[2026-05-14T00:08:40.056+0000] {processor.py:183} INFO - Processing /workspaces/Airflow_project/airflow_env/lib/python3.12/site-packages/airflow/example_dags/example_time_delta_sensor_async.py took 0.059 seconds
[2026-05-14T00:09:25.426+0000] {processor.py:161} INFO - Started process (PID=101352) to work on /workspaces/Airflow_project/airflow_env/lib/python3.12/site-packages/airflow/example_dags/example_time_delta_sensor_async.py
[2026-05-14T00:09:25.430+0000] {processor.py:830} INFO - Processing file /workspaces/Airflow_project/airflow_env/lib/python3.12/site-packages/airflow/example_dags/example_time_delta_sensor_async.py for tasks to queue
[2026-05-14T00:09:25.431+0000] {logging_mixin.py:188} INFO - [2026-05-14T00:09:25.430+0000] {dagbag.py:545} INFO - Filling up the DagBag from /workspaces/Airflow_project/airflow_env/lib/python3.12/site-packages/airflow/example_dags/example_time_delta_sensor_async.py
[2026-05-14T00:09:25.436+0000] {processor.py:840} INFO - DAG(s) 'example_time_delta_sensor_async' retrieved from /workspaces/Airflow_project/airflow_env/lib/python3.12/site-packages/airflow/example_dags/example_time_delta_sensor_async.py
[2026-05-14T00:09:25.460+0000] {logging_mixin.py:188} INFO - [2026-05-14T00:09:25.459+0000] {dag.py:3089} INFO - Sync 1 DAGs
[2026-05-14T00:09:25.479+0000] {logging_mixin.py:188} INFO - [2026-05-14T00:09:25.478+0000] {dag.py:3947} INFO - Setting next_dagrun for example_time_delta_sensor_async to None, run_after=None
[2026-05-14T00:09:25.607+0000] {processor.py:183} INFO - Processing /workspaces/Airflow_project/airflow_env/lib/python3.12/site-packages/airflow/example_dags/example_time_delta_sensor_async.py took 0.187 seconds
