[2026-05-14T00:00:02.408+0000] {processor.py:161} INFO - Started process (PID=96057) to work on /workspaces/Airflow_project/airflow_env/lib/python3.12/site-packages/airflow/example_dags/tutorial_objectstorage.py
[2026-05-14T00:00:02.409+0000] {processor.py:830} INFO - Processing file /workspaces/Airflow_project/airflow_env/lib/python3.12/site-packages/airflow/example_dags/tutorial_objectstorage.py for tasks to queue
[2026-05-14T00:00:02.410+0000] {logging_mixin.py:188} INFO - [2026-05-14T00:00:02.409+0000] {dagbag.py:545} INFO - Filling up the DagBag from /workspaces/Airflow_project/airflow_env/lib/python3.12/site-packages/airflow/example_dags/tutorial_objectstorage.py
[2026-05-14T00:00:02.415+0000] {processor.py:840} INFO - DAG(s) 'tutorial_objectstorage' retrieved from /workspaces/Airflow_project/airflow_env/lib/python3.12/site-packages/airflow/example_dags/tutorial_objectstorage.py
[2026-05-14T00:00:02.427+0000] {logging_mixin.py:188} INFO - [2026-05-14T00:00:02.427+0000] {dag.py:3089} INFO - Sync 1 DAGs
[2026-05-14T00:00:02.434+0000] {logging_mixin.py:188} INFO - [2026-05-14T00:00:02.434+0000] {dag.py:3947} INFO - Setting next_dagrun for tutorial_objectstorage to None, run_after=None
[2026-05-14T00:00:02.451+0000] {processor.py:183} INFO - Processing /workspaces/Airflow_project/airflow_env/lib/python3.12/site-packages/airflow/example_dags/tutorial_objectstorage.py took 0.048 seconds
[2026-05-14T00:00:43.717+0000] {processor.py:161} INFO - Started process (PID=96554) to work on /workspaces/Airflow_project/airflow_env/lib/python3.12/site-packages/airflow/example_dags/tutorial_objectstorage.py
[2026-05-14T00:00:43.718+0000] {processor.py:830} INFO - Processing file /workspaces/Airflow_project/airflow_env/lib/python3.12/site-packages/airflow/example_dags/tutorial_objectstorage.py for tasks to queue
[2026-05-14T00:00:43.718+0000] {logging_mixin.py:188} INFO - [2026-05-14T00:00:43.718+0000] {dagbag.py:545} INFO - Filling up the DagBag from /workspaces/Airflow_project/airflow_env/lib/python3.12/site-packages/airflow/example_dags/tutorial_objectstorage.py
[2026-05-14T00:00:43.724+0000] {processor.py:840} INFO - DAG(s) 'tutorial_objectstorage' retrieved from /workspaces/Airflow_project/airflow_env/lib/python3.12/site-packages/airflow/example_dags/tutorial_objectstorage.py
[2026-05-14T00:00:43.736+0000] {logging_mixin.py:188} INFO - [2026-05-14T00:00:43.736+0000] {dag.py:3089} INFO - Sync 1 DAGs
[2026-05-14T00:00:43.748+0000] {logging_mixin.py:188} INFO - [2026-05-14T00:00:43.747+0000] {dag.py:3947} INFO - Setting next_dagrun for tutorial_objectstorage to None, run_after=None
[2026-05-14T00:00:43.765+0000] {processor.py:183} INFO - Processing /workspaces/Airflow_project/airflow_env/lib/python3.12/site-packages/airflow/example_dags/tutorial_objectstorage.py took 0.053 seconds
[2026-05-14T00:01:36.105+0000] {processor.py:161} INFO - Started process (PID=96965) to work on /workspaces/Airflow_project/airflow_env/lib/python3.12/site-packages/airflow/example_dags/tutorial_objectstorage.py
[2026-05-14T00:01:36.106+0000] {processor.py:830} INFO - Processing file /workspaces/Airflow_project/airflow_env/lib/python3.12/site-packages/airflow/example_dags/tutorial_objectstorage.py for tasks to queue
[2026-05-14T00:01:36.107+0000] {logging_mixin.py:188} INFO - [2026-05-14T00:01:36.106+0000] {dagbag.py:545} INFO - Filling up the DagBag from /workspaces/Airflow_project/airflow_env/lib/python3.12/site-packages/airflow/example_dags/tutorial_objectstorage.py
[2026-05-14T00:01:36.113+0000] {processor.py:840} INFO - DAG(s) 'tutorial_objectstorage' retrieved from /workspaces/Airflow_project/airflow_env/lib/python3.12/site-packages/airflow/example_dags/tutorial_objectstorage.py
[2026-05-14T00:01:36.125+0000] {logging_mixin.py:188} INFO - [2026-05-14T00:01:36.125+0000] {dag.py:3089} INFO - Sync 1 DAGs
[2026-05-14T00:01:36.133+0000] {logging_mixin.py:188} INFO - [2026-05-14T00:01:36.132+0000] {dag.py:3947} INFO - Setting next_dagrun for tutorial_objectstorage to None, run_after=None
[2026-05-14T00:01:36.149+0000] {processor.py:183} INFO - Processing /workspaces/Airflow_project/airflow_env/lib/python3.12/site-packages/airflow/example_dags/tutorial_objectstorage.py took 0.048 seconds
[2026-05-14T00:02:21.180+0000] {processor.py:161} INFO - Started process (PID=97338) to work on /workspaces/Airflow_project/airflow_env/lib/python3.12/site-packages/airflow/example_dags/tutorial_objectstorage.py
[2026-05-14T00:02:21.181+0000] {processor.py:830} INFO - Processing file /workspaces/Airflow_project/airflow_env/lib/python3.12/site-packages/airflow/example_dags/tutorial_objectstorage.py for tasks to queue
[2026-05-14T00:02:21.182+0000] {logging_mixin.py:188} INFO - [2026-05-14T00:02:21.181+0000] {dagbag.py:545} INFO - Filling up the DagBag from /workspaces/Airflow_project/airflow_env/lib/python3.12/site-packages/airflow/example_dags/tutorial_objectstorage.py
[2026-05-14T00:02:21.187+0000] {processor.py:840} INFO - DAG(s) 'tutorial_objectstorage' retrieved from /workspaces/Airflow_project/airflow_env/lib/python3.12/site-packages/airflow/example_dags/tutorial_objectstorage.py
[2026-05-14T00:02:21.199+0000] {logging_mixin.py:188} INFO - [2026-05-14T00:02:21.199+0000] {dag.py:3089} INFO - Sync 1 DAGs
[2026-05-14T00:02:21.206+0000] {logging_mixin.py:188} INFO - [2026-05-14T00:02:21.206+0000] {dag.py:3947} INFO - Setting next_dagrun for tutorial_objectstorage to None, run_after=None
[2026-05-14T00:02:21.221+0000] {processor.py:183} INFO - Processing /workspaces/Airflow_project/airflow_env/lib/python3.12/site-packages/airflow/example_dags/tutorial_objectstorage.py took 0.047 seconds
[2026-05-14T00:03:04.544+0000] {processor.py:161} INFO - Started process (PID=97684) to work on /workspaces/Airflow_project/airflow_env/lib/python3.12/site-packages/airflow/example_dags/tutorial_objectstorage.py
[2026-05-14T00:03:04.545+0000] {processor.py:830} INFO - Processing file /workspaces/Airflow_project/airflow_env/lib/python3.12/site-packages/airflow/example_dags/tutorial_objectstorage.py for tasks to queue
[2026-05-14T00:03:04.546+0000] {logging_mixin.py:188} INFO - [2026-05-14T00:03:04.545+0000] {dagbag.py:545} INFO - Filling up the DagBag from /workspaces/Airflow_project/airflow_env/lib/python3.12/site-packages/airflow/example_dags/tutorial_objectstorage.py
[2026-05-14T00:03:04.554+0000] {processor.py:840} INFO - DAG(s) 'tutorial_objectstorage' retrieved from /workspaces/Airflow_project/airflow_env/lib/python3.12/site-packages/airflow/example_dags/tutorial_objectstorage.py
[2026-05-14T00:03:04.582+0000] {logging_mixin.py:188} INFO - [2026-05-14T00:03:04.581+0000] {dag.py:3089} INFO - Sync 1 DAGs
[2026-05-14T00:03:04.593+0000] {logging_mixin.py:188} INFO - [2026-05-14T00:03:04.593+0000] {dag.py:3947} INFO - Setting next_dagrun for tutorial_objectstorage to None, run_after=None
[2026-05-14T00:03:04.621+0000] {processor.py:183} INFO - Processing /workspaces/Airflow_project/airflow_env/lib/python3.12/site-packages/airflow/example_dags/tutorial_objectstorage.py took 0.083 seconds
[2026-05-14T00:03:49.706+0000] {processor.py:161} INFO - Started process (PID=98040) to work on /workspaces/Airflow_project/airflow_env/lib/python3.12/site-packages/airflow/example_dags/tutorial_objectstorage.py
[2026-05-14T00:03:49.707+0000] {processor.py:830} INFO - Processing file /workspaces/Airflow_project/airflow_env/lib/python3.12/site-packages/airflow/example_dags/tutorial_objectstorage.py for tasks to queue
[2026-05-14T00:03:49.707+0000] {logging_mixin.py:188} INFO - [2026-05-14T00:03:49.707+0000] {dagbag.py:545} INFO - Filling up the DagBag from /workspaces/Airflow_project/airflow_env/lib/python3.12/site-packages/airflow/example_dags/tutorial_objectstorage.py
[2026-05-14T00:03:49.713+0000] {processor.py:840} INFO - DAG(s) 'tutorial_objectstorage' retrieved from /workspaces/Airflow_project/airflow_env/lib/python3.12/site-packages/airflow/example_dags/tutorial_objectstorage.py
[2026-05-14T00:03:49.725+0000] {logging_mixin.py:188} INFO - [2026-05-14T00:03:49.724+0000] {dag.py:3089} INFO - Sync 1 DAGs
[2026-05-14T00:03:49.732+0000] {logging_mixin.py:188} INFO - [2026-05-14T00:03:49.732+0000] {dag.py:3947} INFO - Setting next_dagrun for tutorial_objectstorage to None, run_after=None
[2026-05-14T00:03:49.748+0000] {processor.py:183} INFO - Processing /workspaces/Airflow_project/airflow_env/lib/python3.12/site-packages/airflow/example_dags/tutorial_objectstorage.py took 0.047 seconds
[2026-05-14T00:04:38.879+0000] {processor.py:161} INFO - Started process (PID=98453) to work on /workspaces/Airflow_project/airflow_env/lib/python3.12/site-packages/airflow/example_dags/tutorial_objectstorage.py
[2026-05-14T00:04:38.880+0000] {processor.py:830} INFO - Processing file /workspaces/Airflow_project/airflow_env/lib/python3.12/site-packages/airflow/example_dags/tutorial_objectstorage.py for tasks to queue
[2026-05-14T00:04:38.881+0000] {logging_mixin.py:188} INFO - [2026-05-14T00:04:38.881+0000] {dagbag.py:545} INFO - Filling up the DagBag from /workspaces/Airflow_project/airflow_env/lib/python3.12/site-packages/airflow/example_dags/tutorial_objectstorage.py
[2026-05-14T00:04:38.886+0000] {processor.py:840} INFO - DAG(s) 'tutorial_objectstorage' retrieved from /workspaces/Airflow_project/airflow_env/lib/python3.12/site-packages/airflow/example_dags/tutorial_objectstorage.py
[2026-05-14T00:04:38.898+0000] {logging_mixin.py:188} INFO - [2026-05-14T00:04:38.898+0000] {dag.py:3089} INFO - Sync 1 DAGs
[2026-05-14T00:04:38.906+0000] {logging_mixin.py:188} INFO - [2026-05-14T00:04:38.906+0000] {dag.py:3947} INFO - Setting next_dagrun for tutorial_objectstorage to None, run_after=None
[2026-05-14T00:04:38.920+0000] {processor.py:183} INFO - Processing /workspaces/Airflow_project/airflow_env/lib/python3.12/site-packages/airflow/example_dags/tutorial_objectstorage.py took 0.045 seconds
[2026-05-14T00:05:27.481+0000] {processor.py:161} INFO - Started process (PID=98850) to work on /workspaces/Airflow_project/airflow_env/lib/python3.12/site-packages/airflow/example_dags/tutorial_objectstorage.py
[2026-05-14T00:05:27.482+0000] {processor.py:830} INFO - Processing file /workspaces/Airflow_project/airflow_env/lib/python3.12/site-packages/airflow/example_dags/tutorial_objectstorage.py for tasks to queue
[2026-05-14T00:05:27.482+0000] {logging_mixin.py:188} INFO - [2026-05-14T00:05:27.482+0000] {dagbag.py:545} INFO - Filling up the DagBag from /workspaces/Airflow_project/airflow_env/lib/python3.12/site-packages/airflow/example_dags/tutorial_objectstorage.py
[2026-05-14T00:05:27.488+0000] {processor.py:840} INFO - DAG(s) 'tutorial_objectstorage' retrieved from /workspaces/Airflow_project/airflow_env/lib/python3.12/site-packages/airflow/example_dags/tutorial_objectstorage.py
[2026-05-14T00:05:27.500+0000] {logging_mixin.py:188} INFO - [2026-05-14T00:05:27.500+0000] {dag.py:3089} INFO - Sync 1 DAGs
[2026-05-14T00:05:27.508+0000] {logging_mixin.py:188} INFO - [2026-05-14T00:05:27.508+0000] {dag.py:3947} INFO - Setting next_dagrun for tutorial_objectstorage to None, run_after=None
[2026-05-14T00:05:27.523+0000] {processor.py:183} INFO - Processing /workspaces/Airflow_project/airflow_env/lib/python3.12/site-packages/airflow/example_dags/tutorial_objectstorage.py took 0.046 seconds
[2026-05-14T00:06:09.033+0000] {processor.py:161} INFO - Started process (PID=99179) to work on /workspaces/Airflow_project/airflow_env/lib/python3.12/site-packages/airflow/example_dags/tutorial_objectstorage.py
[2026-05-14T00:06:09.033+0000] {processor.py:830} INFO - Processing file /workspaces/Airflow_project/airflow_env/lib/python3.12/site-packages/airflow/example_dags/tutorial_objectstorage.py for tasks to queue
[2026-05-14T00:06:09.034+0000] {logging_mixin.py:188} INFO - [2026-05-14T00:06:09.034+0000] {dagbag.py:545} INFO - Filling up the DagBag from /workspaces/Airflow_project/airflow_env/lib/python3.12/site-packages/airflow/example_dags/tutorial_objectstorage.py
[2026-05-14T00:06:09.041+0000] {processor.py:840} INFO - DAG(s) 'tutorial_objectstorage' retrieved from /workspaces/Airflow_project/airflow_env/lib/python3.12/site-packages/airflow/example_dags/tutorial_objectstorage.py
[2026-05-14T00:06:09.055+0000] {logging_mixin.py:188} INFO - [2026-05-14T00:06:09.055+0000] {dag.py:3089} INFO - Sync 1 DAGs
[2026-05-14T00:06:09.066+0000] {logging_mixin.py:188} INFO - [2026-05-14T00:06:09.065+0000] {dag.py:3947} INFO - Setting next_dagrun for tutorial_objectstorage to None, run_after=None
[2026-05-14T00:06:09.080+0000] {processor.py:183} INFO - Processing /workspaces/Airflow_project/airflow_env/lib/python3.12/site-packages/airflow/example_dags/tutorial_objectstorage.py took 0.052 seconds
[2026-05-14T00:06:51.798+0000] {processor.py:161} INFO - Started process (PID=99514) to work on /workspaces/Airflow_project/airflow_env/lib/python3.12/site-packages/airflow/example_dags/tutorial_objectstorage.py
[2026-05-14T00:06:51.798+0000] {processor.py:830} INFO - Processing file /workspaces/Airflow_project/airflow_env/lib/python3.12/site-packages/airflow/example_dags/tutorial_objectstorage.py for tasks to queue
[2026-05-14T00:06:51.799+0000] {logging_mixin.py:188} INFO - [2026-05-14T00:06:51.799+0000] {dagbag.py:545} INFO - Filling up the DagBag from /workspaces/Airflow_project/airflow_env/lib/python3.12/site-packages/airflow/example_dags/tutorial_objectstorage.py
[2026-05-14T00:06:51.805+0000] {processor.py:840} INFO - DAG(s) 'tutorial_objectstorage' retrieved from /workspaces/Airflow_project/airflow_env/lib/python3.12/site-packages/airflow/example_dags/tutorial_objectstorage.py
[2026-05-14T00:06:51.816+0000] {logging_mixin.py:188} INFO - [2026-05-14T00:06:51.816+0000] {dag.py:3089} INFO - Sync 1 DAGs
[2026-05-14T00:06:51.825+0000] {logging_mixin.py:188} INFO - [2026-05-14T00:06:51.824+0000] {dag.py:3947} INFO - Setting next_dagrun for tutorial_objectstorage to None, run_after=None
[2026-05-14T00:06:51.840+0000] {processor.py:183} INFO - Processing /workspaces/Airflow_project/airflow_env/lib/python3.12/site-packages/airflow/example_dags/tutorial_objectstorage.py took 0.047 seconds
[2026-05-14T00:07:40.108+0000] {processor.py:161} INFO - Started process (PID=99912) to work on /workspaces/Airflow_project/airflow_env/lib/python3.12/site-packages/airflow/example_dags/tutorial_objectstorage.py
[2026-05-14T00:07:40.109+0000] {processor.py:830} INFO - Processing file /workspaces/Airflow_project/airflow_env/lib/python3.12/site-packages/airflow/example_dags/tutorial_objectstorage.py for tasks to queue
[2026-05-14T00:07:40.109+0000] {logging_mixin.py:188} INFO - [2026-05-14T00:07:40.109+0000] {dagbag.py:545} INFO - Filling up the DagBag from /workspaces/Airflow_project/airflow_env/lib/python3.12/site-packages/airflow/example_dags/tutorial_objectstorage.py
[2026-05-14T00:07:40.115+0000] {processor.py:840} INFO - DAG(s) 'tutorial_objectstorage' retrieved from /workspaces/Airflow_project/airflow_env/lib/python3.12/site-packages/airflow/example_dags/tutorial_objectstorage.py
[2026-05-14T00:07:40.127+0000] {logging_mixin.py:188} INFO - [2026-05-14T00:07:40.127+0000] {dag.py:3089} INFO - Sync 1 DAGs
[2026-05-14T00:07:40.135+0000] {logging_mixin.py:188} INFO - [2026-05-14T00:07:40.134+0000] {dag.py:3947} INFO - Setting next_dagrun for tutorial_objectstorage to None, run_after=None
[2026-05-14T00:07:40.152+0000] {processor.py:183} INFO - Processing /workspaces/Airflow_project/airflow_env/lib/python3.12/site-packages/airflow/example_dags/tutorial_objectstorage.py took 0.048 seconds
[2026-05-14T00:08:24.868+0000] {processor.py:161} INFO - Started process (PID=100262) to work on /workspaces/Airflow_project/airflow_env/lib/python3.12/site-packages/airflow/example_dags/tutorial_objectstorage.py
[2026-05-14T00:08:24.869+0000] {processor.py:830} INFO - Processing file /workspaces/Airflow_project/airflow_env/lib/python3.12/site-packages/airflow/example_dags/tutorial_objectstorage.py for tasks to queue
[2026-05-14T00:08:24.869+0000] {logging_mixin.py:188} INFO - [2026-05-14T00:08:24.869+0000] {dagbag.py:545} INFO - Filling up the DagBag from /workspaces/Airflow_project/airflow_env/lib/python3.12/site-packages/airflow/example_dags/tutorial_objectstorage.py
[2026-05-14T00:08:24.875+0000] {processor.py:840} INFO - DAG(s) 'tutorial_objectstorage' retrieved from /workspaces/Airflow_project/airflow_env/lib/python3.12/site-packages/airflow/example_dags/tutorial_objectstorage.py
[2026-05-14T00:08:24.888+0000] {logging_mixin.py:188} INFO - [2026-05-14T00:08:24.888+0000] {dag.py:3089} INFO - Sync 1 DAGs
[2026-05-14T00:08:24.895+0000] {logging_mixin.py:188} INFO - [2026-05-14T00:08:24.895+0000] {dag.py:3947} INFO - Setting next_dagrun for tutorial_objectstorage to None, run_after=None
[2026-05-14T00:08:24.910+0000] {processor.py:183} INFO - Processing /workspaces/Airflow_project/airflow_env/lib/python3.12/site-packages/airflow/example_dags/tutorial_objectstorage.py took 0.048 seconds
[2026-05-14T00:09:10.271+0000] {processor.py:161} INFO - Started process (PID=101058) to work on /workspaces/Airflow_project/airflow_env/lib/python3.12/site-packages/airflow/example_dags/tutorial_objectstorage.py
[2026-05-14T00:09:10.272+0000] {processor.py:830} INFO - Processing file /workspaces/Airflow_project/airflow_env/lib/python3.12/site-packages/airflow/example_dags/tutorial_objectstorage.py for tasks to queue
[2026-05-14T00:09:10.273+0000] {logging_mixin.py:188} INFO - [2026-05-14T00:09:10.272+0000] {dagbag.py:545} INFO - Filling up the DagBag from /workspaces/Airflow_project/airflow_env/lib/python3.12/site-packages/airflow/example_dags/tutorial_objectstorage.py
[2026-05-14T00:09:10.278+0000] {processor.py:840} INFO - DAG(s) 'tutorial_objectstorage' retrieved from /workspaces/Airflow_project/airflow_env/lib/python3.12/site-packages/airflow/example_dags/tutorial_objectstorage.py
[2026-05-14T00:09:10.290+0000] {logging_mixin.py:188} INFO - [2026-05-14T00:09:10.290+0000] {dag.py:3089} INFO - Sync 1 DAGs
[2026-05-14T00:09:10.298+0000] {logging_mixin.py:188} INFO - [2026-05-14T00:09:10.298+0000] {dag.py:3947} INFO - Setting next_dagrun for tutorial_objectstorage to None, run_after=None
[2026-05-14T00:09:10.312+0000] {processor.py:183} INFO - Processing /workspaces/Airflow_project/airflow_env/lib/python3.12/site-packages/airflow/example_dags/tutorial_objectstorage.py took 0.046 seconds
