[2026-05-14T00:00:10.279+0000] {processor.py:161} INFO - Started process (PID=96166) to work on /workspaces/Airflow_project/airflow_env/lib/python3.12/site-packages/airflow/example_dags/tutorial_dag.py
[2026-05-14T00:00:10.280+0000] {processor.py:830} INFO - Processing file /workspaces/Airflow_project/airflow_env/lib/python3.12/site-packages/airflow/example_dags/tutorial_dag.py for tasks to queue
[2026-05-14T00:00:10.280+0000] {logging_mixin.py:188} INFO - [2026-05-14T00:00:10.280+0000] {dagbag.py:545} INFO - Filling up the DagBag from /workspaces/Airflow_project/airflow_env/lib/python3.12/site-packages/airflow/example_dags/tutorial_dag.py
[2026-05-14T00:00:10.284+0000] {processor.py:840} INFO - DAG(s) 'tutorial_dag' retrieved from /workspaces/Airflow_project/airflow_env/lib/python3.12/site-packages/airflow/example_dags/tutorial_dag.py
[2026-05-14T00:00:10.296+0000] {logging_mixin.py:188} INFO - [2026-05-14T00:00:10.296+0000] {dag.py:3089} INFO - Sync 1 DAGs
[2026-05-14T00:00:10.305+0000] {logging_mixin.py:188} INFO - [2026-05-14T00:00:10.305+0000] {dag.py:3947} INFO - Setting next_dagrun for tutorial_dag to None, run_after=None
[2026-05-14T00:00:10.320+0000] {processor.py:183} INFO - Processing /workspaces/Airflow_project/airflow_env/lib/python3.12/site-packages/airflow/example_dags/tutorial_dag.py took 0.045 seconds
[2026-05-14T00:01:06.869+0000] {processor.py:161} INFO - Started process (PID=96738) to work on /workspaces/Airflow_project/airflow_env/lib/python3.12/site-packages/airflow/example_dags/tutorial_dag.py
[2026-05-14T00:01:06.870+0000] {processor.py:830} INFO - Processing file /workspaces/Airflow_project/airflow_env/lib/python3.12/site-packages/airflow/example_dags/tutorial_dag.py for tasks to queue
[2026-05-14T00:01:06.870+0000] {logging_mixin.py:188} INFO - [2026-05-14T00:01:06.870+0000] {dagbag.py:545} INFO - Filling up the DagBag from /workspaces/Airflow_project/airflow_env/lib/python3.12/site-packages/airflow/example_dags/tutorial_dag.py
[2026-05-14T00:01:06.874+0000] {processor.py:840} INFO - DAG(s) 'tutorial_dag' retrieved from /workspaces/Airflow_project/airflow_env/lib/python3.12/site-packages/airflow/example_dags/tutorial_dag.py
[2026-05-14T00:01:06.886+0000] {logging_mixin.py:188} INFO - [2026-05-14T00:01:06.886+0000] {dag.py:3089} INFO - Sync 1 DAGs
[2026-05-14T00:01:06.894+0000] {logging_mixin.py:188} INFO - [2026-05-14T00:01:06.894+0000] {dag.py:3947} INFO - Setting next_dagrun for tutorial_dag to None, run_after=None
[2026-05-14T00:01:06.908+0000] {processor.py:183} INFO - Processing /workspaces/Airflow_project/airflow_env/lib/python3.12/site-packages/airflow/example_dags/tutorial_dag.py took 0.045 seconds
[2026-05-14T00:01:51.239+0000] {processor.py:161} INFO - Started process (PID=97090) to work on /workspaces/Airflow_project/airflow_env/lib/python3.12/site-packages/airflow/example_dags/tutorial_dag.py
[2026-05-14T00:01:51.240+0000] {processor.py:830} INFO - Processing file /workspaces/Airflow_project/airflow_env/lib/python3.12/site-packages/airflow/example_dags/tutorial_dag.py for tasks to queue
[2026-05-14T00:01:51.240+0000] {logging_mixin.py:188} INFO - [2026-05-14T00:01:51.240+0000] {dagbag.py:545} INFO - Filling up the DagBag from /workspaces/Airflow_project/airflow_env/lib/python3.12/site-packages/airflow/example_dags/tutorial_dag.py
[2026-05-14T00:01:51.245+0000] {processor.py:840} INFO - DAG(s) 'tutorial_dag' retrieved from /workspaces/Airflow_project/airflow_env/lib/python3.12/site-packages/airflow/example_dags/tutorial_dag.py
[2026-05-14T00:01:51.260+0000] {logging_mixin.py:188} INFO - [2026-05-14T00:01:51.260+0000] {dag.py:3089} INFO - Sync 1 DAGs
[2026-05-14T00:01:51.268+0000] {logging_mixin.py:188} INFO - [2026-05-14T00:01:51.268+0000] {dag.py:3947} INFO - Setting next_dagrun for tutorial_dag to None, run_after=None
[2026-05-14T00:01:51.283+0000] {processor.py:183} INFO - Processing /workspaces/Airflow_project/airflow_env/lib/python3.12/site-packages/airflow/example_dags/tutorial_dag.py took 0.049 seconds
[2026-05-14T00:02:34.626+0000] {processor.py:161} INFO - Started process (PID=97458) to work on /workspaces/Airflow_project/airflow_env/lib/python3.12/site-packages/airflow/example_dags/tutorial_dag.py
[2026-05-14T00:02:34.627+0000] {processor.py:830} INFO - Processing file /workspaces/Airflow_project/airflow_env/lib/python3.12/site-packages/airflow/example_dags/tutorial_dag.py for tasks to queue
[2026-05-14T00:02:34.628+0000] {logging_mixin.py:188} INFO - [2026-05-14T00:02:34.627+0000] {dagbag.py:545} INFO - Filling up the DagBag from /workspaces/Airflow_project/airflow_env/lib/python3.12/site-packages/airflow/example_dags/tutorial_dag.py
[2026-05-14T00:02:34.631+0000] {processor.py:840} INFO - DAG(s) 'tutorial_dag' retrieved from /workspaces/Airflow_project/airflow_env/lib/python3.12/site-packages/airflow/example_dags/tutorial_dag.py
[2026-05-14T00:02:34.646+0000] {logging_mixin.py:188} INFO - [2026-05-14T00:02:34.645+0000] {dag.py:3089} INFO - Sync 1 DAGs
[2026-05-14T00:02:34.655+0000] {logging_mixin.py:188} INFO - [2026-05-14T00:02:34.655+0000] {dag.py:3947} INFO - Setting next_dagrun for tutorial_dag to None, run_after=None
[2026-05-14T00:02:34.670+0000] {processor.py:183} INFO - Processing /workspaces/Airflow_project/airflow_env/lib/python3.12/site-packages/airflow/example_dags/tutorial_dag.py took 0.048 seconds
[2026-05-14T00:03:18.158+0000] {processor.py:161} INFO - Started process (PID=97794) to work on /workspaces/Airflow_project/airflow_env/lib/python3.12/site-packages/airflow/example_dags/tutorial_dag.py
[2026-05-14T00:03:18.159+0000] {processor.py:830} INFO - Processing file /workspaces/Airflow_project/airflow_env/lib/python3.12/site-packages/airflow/example_dags/tutorial_dag.py for tasks to queue
[2026-05-14T00:03:18.160+0000] {logging_mixin.py:188} INFO - [2026-05-14T00:03:18.160+0000] {dagbag.py:545} INFO - Filling up the DagBag from /workspaces/Airflow_project/airflow_env/lib/python3.12/site-packages/airflow/example_dags/tutorial_dag.py
[2026-05-14T00:03:18.164+0000] {processor.py:840} INFO - DAG(s) 'tutorial_dag' retrieved from /workspaces/Airflow_project/airflow_env/lib/python3.12/site-packages/airflow/example_dags/tutorial_dag.py
[2026-05-14T00:03:18.180+0000] {logging_mixin.py:188} INFO - [2026-05-14T00:03:18.180+0000] {dag.py:3089} INFO - Sync 1 DAGs
[2026-05-14T00:03:18.188+0000] {logging_mixin.py:188} INFO - [2026-05-14T00:03:18.188+0000] {dag.py:3947} INFO - Setting next_dagrun for tutorial_dag to None, run_after=None
[2026-05-14T00:03:18.203+0000] {processor.py:183} INFO - Processing /workspaces/Airflow_project/airflow_env/lib/python3.12/site-packages/airflow/example_dags/tutorial_dag.py took 0.049 seconds
[2026-05-14T00:04:06.476+0000] {processor.py:161} INFO - Started process (PID=98175) to work on /workspaces/Airflow_project/airflow_env/lib/python3.12/site-packages/airflow/example_dags/tutorial_dag.py
[2026-05-14T00:04:06.477+0000] {processor.py:830} INFO - Processing file /workspaces/Airflow_project/airflow_env/lib/python3.12/site-packages/airflow/example_dags/tutorial_dag.py for tasks to queue
[2026-05-14T00:04:06.478+0000] {logging_mixin.py:188} INFO - [2026-05-14T00:04:06.478+0000] {dagbag.py:545} INFO - Filling up the DagBag from /workspaces/Airflow_project/airflow_env/lib/python3.12/site-packages/airflow/example_dags/tutorial_dag.py
[2026-05-14T00:04:06.482+0000] {processor.py:840} INFO - DAG(s) 'tutorial_dag' retrieved from /workspaces/Airflow_project/airflow_env/lib/python3.12/site-packages/airflow/example_dags/tutorial_dag.py
[2026-05-14T00:04:06.494+0000] {logging_mixin.py:188} INFO - [2026-05-14T00:04:06.494+0000] {dag.py:3089} INFO - Sync 1 DAGs
[2026-05-14T00:04:06.502+0000] {logging_mixin.py:188} INFO - [2026-05-14T00:04:06.501+0000] {dag.py:3947} INFO - Setting next_dagrun for tutorial_dag to None, run_after=None
[2026-05-14T00:04:06.516+0000] {processor.py:183} INFO - Processing /workspaces/Airflow_project/airflow_env/lib/python3.12/site-packages/airflow/example_dags/tutorial_dag.py took 0.044 seconds
[2026-05-14T00:04:56.542+0000] {processor.py:161} INFO - Started process (PID=98585) to work on /workspaces/Airflow_project/airflow_env/lib/python3.12/site-packages/airflow/example_dags/tutorial_dag.py
[2026-05-14T00:04:56.543+0000] {processor.py:830} INFO - Processing file /workspaces/Airflow_project/airflow_env/lib/python3.12/site-packages/airflow/example_dags/tutorial_dag.py for tasks to queue
[2026-05-14T00:04:56.544+0000] {logging_mixin.py:188} INFO - [2026-05-14T00:04:56.544+0000] {dagbag.py:545} INFO - Filling up the DagBag from /workspaces/Airflow_project/airflow_env/lib/python3.12/site-packages/airflow/example_dags/tutorial_dag.py
[2026-05-14T00:04:56.557+0000] {processor.py:840} INFO - DAG(s) 'tutorial_dag' retrieved from /workspaces/Airflow_project/airflow_env/lib/python3.12/site-packages/airflow/example_dags/tutorial_dag.py
[2026-05-14T00:04:56.583+0000] {logging_mixin.py:188} INFO - [2026-05-14T00:04:56.583+0000] {dag.py:3089} INFO - Sync 1 DAGs
[2026-05-14T00:04:56.595+0000] {logging_mixin.py:188} INFO - [2026-05-14T00:04:56.594+0000] {dag.py:3947} INFO - Setting next_dagrun for tutorial_dag to None, run_after=None
[2026-05-14T00:04:56.620+0000] {processor.py:183} INFO - Processing /workspaces/Airflow_project/airflow_env/lib/python3.12/site-packages/airflow/example_dags/tutorial_dag.py took 0.085 seconds
[2026-05-14T00:05:40.806+0000] {processor.py:161} INFO - Started process (PID=98950) to work on /workspaces/Airflow_project/airflow_env/lib/python3.12/site-packages/airflow/example_dags/tutorial_dag.py
[2026-05-14T00:05:40.807+0000] {processor.py:830} INFO - Processing file /workspaces/Airflow_project/airflow_env/lib/python3.12/site-packages/airflow/example_dags/tutorial_dag.py for tasks to queue
[2026-05-14T00:05:40.807+0000] {logging_mixin.py:188} INFO - [2026-05-14T00:05:40.807+0000] {dagbag.py:545} INFO - Filling up the DagBag from /workspaces/Airflow_project/airflow_env/lib/python3.12/site-packages/airflow/example_dags/tutorial_dag.py
[2026-05-14T00:05:40.811+0000] {processor.py:840} INFO - DAG(s) 'tutorial_dag' retrieved from /workspaces/Airflow_project/airflow_env/lib/python3.12/site-packages/airflow/example_dags/tutorial_dag.py
[2026-05-14T00:05:40.833+0000] {logging_mixin.py:188} INFO - [2026-05-14T00:05:40.833+0000] {dag.py:3089} INFO - Sync 1 DAGs
[2026-05-14T00:05:40.850+0000] {logging_mixin.py:188} INFO - [2026-05-14T00:05:40.848+0000] {dag.py:3947} INFO - Setting next_dagrun for tutorial_dag to None, run_after=None
[2026-05-14T00:05:40.874+0000] {processor.py:183} INFO - Processing /workspaces/Airflow_project/airflow_env/lib/python3.12/site-packages/airflow/example_dags/tutorial_dag.py took 0.073 seconds
[2026-05-14T00:06:21.903+0000] {processor.py:161} INFO - Started process (PID=99271) to work on /workspaces/Airflow_project/airflow_env/lib/python3.12/site-packages/airflow/example_dags/tutorial_dag.py
[2026-05-14T00:06:21.904+0000] {processor.py:830} INFO - Processing file /workspaces/Airflow_project/airflow_env/lib/python3.12/site-packages/airflow/example_dags/tutorial_dag.py for tasks to queue
[2026-05-14T00:06:21.904+0000] {logging_mixin.py:188} INFO - [2026-05-14T00:06:21.904+0000] {dagbag.py:545} INFO - Filling up the DagBag from /workspaces/Airflow_project/airflow_env/lib/python3.12/site-packages/airflow/example_dags/tutorial_dag.py
[2026-05-14T00:06:21.908+0000] {processor.py:840} INFO - DAG(s) 'tutorial_dag' retrieved from /workspaces/Airflow_project/airflow_env/lib/python3.12/site-packages/airflow/example_dags/tutorial_dag.py
[2026-05-14T00:06:21.921+0000] {logging_mixin.py:188} INFO - [2026-05-14T00:06:21.920+0000] {dag.py:3089} INFO - Sync 1 DAGs
[2026-05-14T00:06:21.928+0000] {logging_mixin.py:188} INFO - [2026-05-14T00:06:21.928+0000] {dag.py:3947} INFO - Setting next_dagrun for tutorial_dag to None, run_after=None
[2026-05-14T00:06:21.945+0000] {processor.py:183} INFO - Processing /workspaces/Airflow_project/airflow_env/lib/python3.12/site-packages/airflow/example_dags/tutorial_dag.py took 0.047 seconds
[2026-05-14T00:07:08.665+0000] {processor.py:161} INFO - Started process (PID=99659) to work on /workspaces/Airflow_project/airflow_env/lib/python3.12/site-packages/airflow/example_dags/tutorial_dag.py
[2026-05-14T00:07:08.666+0000] {processor.py:830} INFO - Processing file /workspaces/Airflow_project/airflow_env/lib/python3.12/site-packages/airflow/example_dags/tutorial_dag.py for tasks to queue
[2026-05-14T00:07:08.667+0000] {logging_mixin.py:188} INFO - [2026-05-14T00:07:08.666+0000] {dagbag.py:545} INFO - Filling up the DagBag from /workspaces/Airflow_project/airflow_env/lib/python3.12/site-packages/airflow/example_dags/tutorial_dag.py
[2026-05-14T00:07:08.672+0000] {processor.py:840} INFO - DAG(s) 'tutorial_dag' retrieved from /workspaces/Airflow_project/airflow_env/lib/python3.12/site-packages/airflow/example_dags/tutorial_dag.py
[2026-05-14T00:07:08.685+0000] {logging_mixin.py:188} INFO - [2026-05-14T00:07:08.684+0000] {dag.py:3089} INFO - Sync 1 DAGs
[2026-05-14T00:07:08.692+0000] {logging_mixin.py:188} INFO - [2026-05-14T00:07:08.692+0000] {dag.py:3947} INFO - Setting next_dagrun for tutorial_dag to None, run_after=None
[2026-05-14T00:07:08.707+0000] {processor.py:183} INFO - Processing /workspaces/Airflow_project/airflow_env/lib/python3.12/site-packages/airflow/example_dags/tutorial_dag.py took 0.048 seconds
[2026-05-14T00:07:54.595+0000] {processor.py:161} INFO - Started process (PID=100032) to work on /workspaces/Airflow_project/airflow_env/lib/python3.12/site-packages/airflow/example_dags/tutorial_dag.py
[2026-05-14T00:07:54.596+0000] {processor.py:830} INFO - Processing file /workspaces/Airflow_project/airflow_env/lib/python3.12/site-packages/airflow/example_dags/tutorial_dag.py for tasks to queue
[2026-05-14T00:07:54.596+0000] {logging_mixin.py:188} INFO - [2026-05-14T00:07:54.596+0000] {dagbag.py:545} INFO - Filling up the DagBag from /workspaces/Airflow_project/airflow_env/lib/python3.12/site-packages/airflow/example_dags/tutorial_dag.py
[2026-05-14T00:07:54.600+0000] {processor.py:840} INFO - DAG(s) 'tutorial_dag' retrieved from /workspaces/Airflow_project/airflow_env/lib/python3.12/site-packages/airflow/example_dags/tutorial_dag.py
[2026-05-14T00:07:54.615+0000] {logging_mixin.py:188} INFO - [2026-05-14T00:07:54.614+0000] {dag.py:3089} INFO - Sync 1 DAGs
[2026-05-14T00:07:54.622+0000] {logging_mixin.py:188} INFO - [2026-05-14T00:07:54.622+0000] {dag.py:3947} INFO - Setting next_dagrun for tutorial_dag to None, run_after=None
[2026-05-14T00:07:54.637+0000] {processor.py:183} INFO - Processing /workspaces/Airflow_project/airflow_env/lib/python3.12/site-packages/airflow/example_dags/tutorial_dag.py took 0.047 seconds
[2026-05-14T00:08:37.799+0000] {processor.py:161} INFO - Started process (PID=100358) to work on /workspaces/Airflow_project/airflow_env/lib/python3.12/site-packages/airflow/example_dags/tutorial_dag.py
[2026-05-14T00:08:37.800+0000] {processor.py:830} INFO - Processing file /workspaces/Airflow_project/airflow_env/lib/python3.12/site-packages/airflow/example_dags/tutorial_dag.py for tasks to queue
[2026-05-14T00:08:37.801+0000] {logging_mixin.py:188} INFO - [2026-05-14T00:08:37.800+0000] {dagbag.py:545} INFO - Filling up the DagBag from /workspaces/Airflow_project/airflow_env/lib/python3.12/site-packages/airflow/example_dags/tutorial_dag.py
[2026-05-14T00:08:37.805+0000] {processor.py:840} INFO - DAG(s) 'tutorial_dag' retrieved from /workspaces/Airflow_project/airflow_env/lib/python3.12/site-packages/airflow/example_dags/tutorial_dag.py
[2026-05-14T00:08:37.817+0000] {logging_mixin.py:188} INFO - [2026-05-14T00:08:37.817+0000] {dag.py:3089} INFO - Sync 1 DAGs
[2026-05-14T00:08:37.825+0000] {logging_mixin.py:188} INFO - [2026-05-14T00:08:37.825+0000] {dag.py:3947} INFO - Setting next_dagrun for tutorial_dag to None, run_after=None
[2026-05-14T00:08:37.840+0000] {processor.py:183} INFO - Processing /workspaces/Airflow_project/airflow_env/lib/python3.12/site-packages/airflow/example_dags/tutorial_dag.py took 0.046 seconds
[2026-05-14T00:09:21.715+0000] {processor.py:161} INFO - Started process (PID=101169) to work on /workspaces/Airflow_project/airflow_env/lib/python3.12/site-packages/airflow/example_dags/tutorial_dag.py
[2026-05-14T00:09:22.143+0000] {processor.py:830} INFO - Processing file /workspaces/Airflow_project/airflow_env/lib/python3.12/site-packages/airflow/example_dags/tutorial_dag.py for tasks to queue
[2026-05-14T00:09:22.144+0000] {logging_mixin.py:188} INFO - [2026-05-14T00:09:22.144+0000] {dagbag.py:545} INFO - Filling up the DagBag from /workspaces/Airflow_project/airflow_env/lib/python3.12/site-packages/airflow/example_dags/tutorial_dag.py
[2026-05-14T00:09:22.165+0000] {processor.py:840} INFO - DAG(s) 'tutorial_dag' retrieved from /workspaces/Airflow_project/airflow_env/lib/python3.12/site-packages/airflow/example_dags/tutorial_dag.py
[2026-05-14T00:09:22.194+0000] {logging_mixin.py:188} INFO - [2026-05-14T00:09:22.194+0000] {dag.py:3089} INFO - Sync 1 DAGs
[2026-05-14T00:09:22.208+0000] {logging_mixin.py:188} INFO - [2026-05-14T00:09:22.208+0000] {dag.py:3947} INFO - Setting next_dagrun for tutorial_dag to None, run_after=None
[2026-05-14T00:09:22.267+0000] {processor.py:183} INFO - Processing /workspaces/Airflow_project/airflow_env/lib/python3.12/site-packages/airflow/example_dags/tutorial_dag.py took 0.565 seconds
