[2026-05-14T00:00:36.387+0000] {processor.py:161} INFO - Started process (PID=96490) to work on /workspaces/Airflow_project/airflow_env/lib/python3.12/site-packages/airflow/example_dags/plugins/decreasing_priority_weight_strategy.py
[2026-05-14T00:00:36.388+0000] {processor.py:830} INFO - Processing file /workspaces/Airflow_project/airflow_env/lib/python3.12/site-packages/airflow/example_dags/plugins/decreasing_priority_weight_strategy.py for tasks to queue
[2026-05-14T00:00:36.388+0000] {logging_mixin.py:188} INFO - [2026-05-14T00:00:36.388+0000] {dagbag.py:545} INFO - Filling up the DagBag from /workspaces/Airflow_project/airflow_env/lib/python3.12/site-packages/airflow/example_dags/plugins/decreasing_priority_weight_strategy.py
[2026-05-14T00:00:36.390+0000] {processor.py:842} WARNING - No viable dags retrieved from /workspaces/Airflow_project/airflow_env/lib/python3.12/site-packages/airflow/example_dags/plugins/decreasing_priority_weight_strategy.py
[2026-05-14T00:00:36.399+0000] {processor.py:183} INFO - Processing /workspaces/Airflow_project/airflow_env/lib/python3.12/site-packages/airflow/example_dags/plugins/decreasing_priority_weight_strategy.py took 0.016 seconds
[2026-05-14T00:01:28.748+0000] {processor.py:161} INFO - Started process (PID=96907) to work on /workspaces/Airflow_project/airflow_env/lib/python3.12/site-packages/airflow/example_dags/plugins/decreasing_priority_weight_strategy.py
[2026-05-14T00:01:28.749+0000] {processor.py:830} INFO - Processing file /workspaces/Airflow_project/airflow_env/lib/python3.12/site-packages/airflow/example_dags/plugins/decreasing_priority_weight_strategy.py for tasks to queue
[2026-05-14T00:01:28.750+0000] {logging_mixin.py:188} INFO - [2026-05-14T00:01:28.749+0000] {dagbag.py:545} INFO - Filling up the DagBag from /workspaces/Airflow_project/airflow_env/lib/python3.12/site-packages/airflow/example_dags/plugins/decreasing_priority_weight_strategy.py
[2026-05-14T00:01:28.752+0000] {processor.py:842} WARNING - No viable dags retrieved from /workspaces/Airflow_project/airflow_env/lib/python3.12/site-packages/airflow/example_dags/plugins/decreasing_priority_weight_strategy.py
[2026-05-14T00:01:28.761+0000] {processor.py:183} INFO - Processing /workspaces/Airflow_project/airflow_env/lib/python3.12/site-packages/airflow/example_dags/plugins/decreasing_priority_weight_strategy.py took 0.019 seconds
[2026-05-14T00:02:12.621+0000] {processor.py:161} INFO - Started process (PID=97274) to work on /workspaces/Airflow_project/airflow_env/lib/python3.12/site-packages/airflow/example_dags/plugins/decreasing_priority_weight_strategy.py
[2026-05-14T00:02:12.621+0000] {processor.py:830} INFO - Processing file /workspaces/Airflow_project/airflow_env/lib/python3.12/site-packages/airflow/example_dags/plugins/decreasing_priority_weight_strategy.py for tasks to queue
[2026-05-14T00:02:12.622+0000] {logging_mixin.py:188} INFO - [2026-05-14T00:02:12.622+0000] {dagbag.py:545} INFO - Filling up the DagBag from /workspaces/Airflow_project/airflow_env/lib/python3.12/site-packages/airflow/example_dags/plugins/decreasing_priority_weight_strategy.py
[2026-05-14T00:02:12.624+0000] {processor.py:842} WARNING - No viable dags retrieved from /workspaces/Airflow_project/airflow_env/lib/python3.12/site-packages/airflow/example_dags/plugins/decreasing_priority_weight_strategy.py
[2026-05-14T00:02:12.632+0000] {processor.py:183} INFO - Processing /workspaces/Airflow_project/airflow_env/lib/python3.12/site-packages/airflow/example_dags/plugins/decreasing_priority_weight_strategy.py took 0.016 seconds
[2026-05-14T00:02:56.451+0000] {processor.py:161} INFO - Started process (PID=97629) to work on /workspaces/Airflow_project/airflow_env/lib/python3.12/site-packages/airflow/example_dags/plugins/decreasing_priority_weight_strategy.py
[2026-05-14T00:02:56.452+0000] {processor.py:830} INFO - Processing file /workspaces/Airflow_project/airflow_env/lib/python3.12/site-packages/airflow/example_dags/plugins/decreasing_priority_weight_strategy.py for tasks to queue
[2026-05-14T00:02:56.453+0000] {logging_mixin.py:188} INFO - [2026-05-14T00:02:56.452+0000] {dagbag.py:545} INFO - Filling up the DagBag from /workspaces/Airflow_project/airflow_env/lib/python3.12/site-packages/airflow/example_dags/plugins/decreasing_priority_weight_strategy.py
[2026-05-14T00:02:56.455+0000] {processor.py:842} WARNING - No viable dags retrieved from /workspaces/Airflow_project/airflow_env/lib/python3.12/site-packages/airflow/example_dags/plugins/decreasing_priority_weight_strategy.py
[2026-05-14T00:02:56.463+0000] {processor.py:183} INFO - Processing /workspaces/Airflow_project/airflow_env/lib/python3.12/site-packages/airflow/example_dags/plugins/decreasing_priority_weight_strategy.py took 0.018 seconds
[2026-05-14T00:03:42.048+0000] {processor.py:161} INFO - Started process (PID=97974) to work on /workspaces/Airflow_project/airflow_env/lib/python3.12/site-packages/airflow/example_dags/plugins/decreasing_priority_weight_strategy.py
[2026-05-14T00:03:42.048+0000] {processor.py:830} INFO - Processing file /workspaces/Airflow_project/airflow_env/lib/python3.12/site-packages/airflow/example_dags/plugins/decreasing_priority_weight_strategy.py for tasks to queue
[2026-05-14T00:03:42.049+0000] {logging_mixin.py:188} INFO - [2026-05-14T00:03:42.049+0000] {dagbag.py:545} INFO - Filling up the DagBag from /workspaces/Airflow_project/airflow_env/lib/python3.12/site-packages/airflow/example_dags/plugins/decreasing_priority_weight_strategy.py
[2026-05-14T00:03:42.051+0000] {processor.py:842} WARNING - No viable dags retrieved from /workspaces/Airflow_project/airflow_env/lib/python3.12/site-packages/airflow/example_dags/plugins/decreasing_priority_weight_strategy.py
[2026-05-14T00:03:42.060+0000] {processor.py:183} INFO - Processing /workspaces/Airflow_project/airflow_env/lib/python3.12/site-packages/airflow/example_dags/plugins/decreasing_priority_weight_strategy.py took 0.018 seconds
[2026-05-14T00:04:31.217+0000] {processor.py:161} INFO - Started process (PID=98364) to work on /workspaces/Airflow_project/airflow_env/lib/python3.12/site-packages/airflow/example_dags/plugins/decreasing_priority_weight_strategy.py
[2026-05-14T00:04:31.218+0000] {processor.py:830} INFO - Processing file /workspaces/Airflow_project/airflow_env/lib/python3.12/site-packages/airflow/example_dags/plugins/decreasing_priority_weight_strategy.py for tasks to queue
[2026-05-14T00:04:31.218+0000] {logging_mixin.py:188} INFO - [2026-05-14T00:04:31.218+0000] {dagbag.py:545} INFO - Filling up the DagBag from /workspaces/Airflow_project/airflow_env/lib/python3.12/site-packages/airflow/example_dags/plugins/decreasing_priority_weight_strategy.py
[2026-05-14T00:04:31.220+0000] {processor.py:842} WARNING - No viable dags retrieved from /workspaces/Airflow_project/airflow_env/lib/python3.12/site-packages/airflow/example_dags/plugins/decreasing_priority_weight_strategy.py
[2026-05-14T00:04:31.228+0000] {processor.py:183} INFO - Processing /workspaces/Airflow_project/airflow_env/lib/python3.12/site-packages/airflow/example_dags/plugins/decreasing_priority_weight_strategy.py took 0.016 seconds
[2026-05-14T00:05:19.612+0000] {processor.py:161} INFO - Started process (PID=98786) to work on /workspaces/Airflow_project/airflow_env/lib/python3.12/site-packages/airflow/example_dags/plugins/decreasing_priority_weight_strategy.py
[2026-05-14T00:05:19.613+0000] {processor.py:830} INFO - Processing file /workspaces/Airflow_project/airflow_env/lib/python3.12/site-packages/airflow/example_dags/plugins/decreasing_priority_weight_strategy.py for tasks to queue
[2026-05-14T00:05:19.613+0000] {logging_mixin.py:188} INFO - [2026-05-14T00:05:19.613+0000] {dagbag.py:545} INFO - Filling up the DagBag from /workspaces/Airflow_project/airflow_env/lib/python3.12/site-packages/airflow/example_dags/plugins/decreasing_priority_weight_strategy.py
[2026-05-14T00:05:19.615+0000] {processor.py:842} WARNING - No viable dags retrieved from /workspaces/Airflow_project/airflow_env/lib/python3.12/site-packages/airflow/example_dags/plugins/decreasing_priority_weight_strategy.py
[2026-05-14T00:05:19.623+0000] {processor.py:183} INFO - Processing /workspaces/Airflow_project/airflow_env/lib/python3.12/site-packages/airflow/example_dags/plugins/decreasing_priority_weight_strategy.py took 0.016 seconds
[2026-05-14T00:06:02.262+0000] {processor.py:161} INFO - Started process (PID=99116) to work on /workspaces/Airflow_project/airflow_env/lib/python3.12/site-packages/airflow/example_dags/plugins/decreasing_priority_weight_strategy.py
[2026-05-14T00:06:02.263+0000] {processor.py:830} INFO - Processing file /workspaces/Airflow_project/airflow_env/lib/python3.12/site-packages/airflow/example_dags/plugins/decreasing_priority_weight_strategy.py for tasks to queue
[2026-05-14T00:06:02.264+0000] {logging_mixin.py:188} INFO - [2026-05-14T00:06:02.263+0000] {dagbag.py:545} INFO - Filling up the DagBag from /workspaces/Airflow_project/airflow_env/lib/python3.12/site-packages/airflow/example_dags/plugins/decreasing_priority_weight_strategy.py
[2026-05-14T00:06:02.265+0000] {processor.py:842} WARNING - No viable dags retrieved from /workspaces/Airflow_project/airflow_env/lib/python3.12/site-packages/airflow/example_dags/plugins/decreasing_priority_weight_strategy.py
[2026-05-14T00:06:02.273+0000] {processor.py:183} INFO - Processing /workspaces/Airflow_project/airflow_env/lib/python3.12/site-packages/airflow/example_dags/plugins/decreasing_priority_weight_strategy.py took 0.016 seconds
[2026-05-14T00:06:43.913+0000] {processor.py:161} INFO - Started process (PID=99441) to work on /workspaces/Airflow_project/airflow_env/lib/python3.12/site-packages/airflow/example_dags/plugins/decreasing_priority_weight_strategy.py
[2026-05-14T00:06:43.913+0000] {processor.py:830} INFO - Processing file /workspaces/Airflow_project/airflow_env/lib/python3.12/site-packages/airflow/example_dags/plugins/decreasing_priority_weight_strategy.py for tasks to queue
[2026-05-14T00:06:43.914+0000] {logging_mixin.py:188} INFO - [2026-05-14T00:06:43.914+0000] {dagbag.py:545} INFO - Filling up the DagBag from /workspaces/Airflow_project/airflow_env/lib/python3.12/site-packages/airflow/example_dags/plugins/decreasing_priority_weight_strategy.py
[2026-05-14T00:06:43.916+0000] {processor.py:842} WARNING - No viable dags retrieved from /workspaces/Airflow_project/airflow_env/lib/python3.12/site-packages/airflow/example_dags/plugins/decreasing_priority_weight_strategy.py
[2026-05-14T00:06:43.924+0000] {processor.py:183} INFO - Processing /workspaces/Airflow_project/airflow_env/lib/python3.12/site-packages/airflow/example_dags/plugins/decreasing_priority_weight_strategy.py took 0.016 seconds
[2026-05-14T00:07:32.075+0000] {processor.py:161} INFO - Started process (PID=99849) to work on /workspaces/Airflow_project/airflow_env/lib/python3.12/site-packages/airflow/example_dags/plugins/decreasing_priority_weight_strategy.py
[2026-05-14T00:07:32.076+0000] {processor.py:830} INFO - Processing file /workspaces/Airflow_project/airflow_env/lib/python3.12/site-packages/airflow/example_dags/plugins/decreasing_priority_weight_strategy.py for tasks to queue
[2026-05-14T00:07:32.076+0000] {logging_mixin.py:188} INFO - [2026-05-14T00:07:32.076+0000] {dagbag.py:545} INFO - Filling up the DagBag from /workspaces/Airflow_project/airflow_env/lib/python3.12/site-packages/airflow/example_dags/plugins/decreasing_priority_weight_strategy.py
[2026-05-14T00:07:32.078+0000] {processor.py:842} WARNING - No viable dags retrieved from /workspaces/Airflow_project/airflow_env/lib/python3.12/site-packages/airflow/example_dags/plugins/decreasing_priority_weight_strategy.py
[2026-05-14T00:07:32.086+0000] {processor.py:183} INFO - Processing /workspaces/Airflow_project/airflow_env/lib/python3.12/site-packages/airflow/example_dags/plugins/decreasing_priority_weight_strategy.py took 0.015 seconds
[2026-05-14T00:08:17.397+0000] {processor.py:161} INFO - Started process (PID=100203) to work on /workspaces/Airflow_project/airflow_env/lib/python3.12/site-packages/airflow/example_dags/plugins/decreasing_priority_weight_strategy.py
[2026-05-14T00:08:17.397+0000] {processor.py:830} INFO - Processing file /workspaces/Airflow_project/airflow_env/lib/python3.12/site-packages/airflow/example_dags/plugins/decreasing_priority_weight_strategy.py for tasks to queue
[2026-05-14T00:08:17.398+0000] {logging_mixin.py:188} INFO - [2026-05-14T00:08:17.398+0000] {dagbag.py:545} INFO - Filling up the DagBag from /workspaces/Airflow_project/airflow_env/lib/python3.12/site-packages/airflow/example_dags/plugins/decreasing_priority_weight_strategy.py
[2026-05-14T00:08:17.400+0000] {processor.py:842} WARNING - No viable dags retrieved from /workspaces/Airflow_project/airflow_env/lib/python3.12/site-packages/airflow/example_dags/plugins/decreasing_priority_weight_strategy.py
[2026-05-14T00:08:17.408+0000] {processor.py:183} INFO - Processing /workspaces/Airflow_project/airflow_env/lib/python3.12/site-packages/airflow/example_dags/plugins/decreasing_priority_weight_strategy.py took 0.017 seconds
[2026-05-14T00:09:02.534+0000] {processor.py:161} INFO - Started process (PID=100994) to work on /workspaces/Airflow_project/airflow_env/lib/python3.12/site-packages/airflow/example_dags/plugins/decreasing_priority_weight_strategy.py
[2026-05-14T00:09:02.535+0000] {processor.py:830} INFO - Processing file /workspaces/Airflow_project/airflow_env/lib/python3.12/site-packages/airflow/example_dags/plugins/decreasing_priority_weight_strategy.py for tasks to queue
[2026-05-14T00:09:02.536+0000] {logging_mixin.py:188} INFO - [2026-05-14T00:09:02.535+0000] {dagbag.py:545} INFO - Filling up the DagBag from /workspaces/Airflow_project/airflow_env/lib/python3.12/site-packages/airflow/example_dags/plugins/decreasing_priority_weight_strategy.py
[2026-05-14T00:09:02.537+0000] {processor.py:842} WARNING - No viable dags retrieved from /workspaces/Airflow_project/airflow_env/lib/python3.12/site-packages/airflow/example_dags/plugins/decreasing_priority_weight_strategy.py
[2026-05-14T00:09:02.547+0000] {processor.py:183} INFO - Processing /workspaces/Airflow_project/airflow_env/lib/python3.12/site-packages/airflow/example_dags/plugins/decreasing_priority_weight_strategy.py took 0.017 seconds
