[2026-05-14T00:00:39.718+0000] {processor.py:161} INFO - Started process (PID=96515) to work on /workspaces/Airflow_project/airflow_env/lib/python3.12/site-packages/airflow/example_dags/plugins/event_listener.py
[2026-05-14T00:00:39.718+0000] {processor.py:830} INFO - Processing file /workspaces/Airflow_project/airflow_env/lib/python3.12/site-packages/airflow/example_dags/plugins/event_listener.py for tasks to queue
[2026-05-14T00:00:39.719+0000] {logging_mixin.py:188} INFO - [2026-05-14T00:00:39.719+0000] {dagbag.py:545} INFO - Filling up the DagBag from /workspaces/Airflow_project/airflow_env/lib/python3.12/site-packages/airflow/example_dags/plugins/event_listener.py
[2026-05-14T00:00:39.721+0000] {processor.py:842} WARNING - No viable dags retrieved from /workspaces/Airflow_project/airflow_env/lib/python3.12/site-packages/airflow/example_dags/plugins/event_listener.py
[2026-05-14T00:00:39.730+0000] {processor.py:183} INFO - Processing /workspaces/Airflow_project/airflow_env/lib/python3.12/site-packages/airflow/example_dags/plugins/event_listener.py took 0.017 seconds
[2026-05-14T00:01:31.523+0000] {processor.py:161} INFO - Started process (PID=96920) to work on /workspaces/Airflow_project/airflow_env/lib/python3.12/site-packages/airflow/example_dags/plugins/event_listener.py
[2026-05-14T00:01:31.524+0000] {processor.py:830} INFO - Processing file /workspaces/Airflow_project/airflow_env/lib/python3.12/site-packages/airflow/example_dags/plugins/event_listener.py for tasks to queue
[2026-05-14T00:01:31.525+0000] {logging_mixin.py:188} INFO - [2026-05-14T00:01:31.524+0000] {dagbag.py:545} INFO - Filling up the DagBag from /workspaces/Airflow_project/airflow_env/lib/python3.12/site-packages/airflow/example_dags/plugins/event_listener.py
[2026-05-14T00:01:31.526+0000] {processor.py:842} WARNING - No viable dags retrieved from /workspaces/Airflow_project/airflow_env/lib/python3.12/site-packages/airflow/example_dags/plugins/event_listener.py
[2026-05-14T00:01:31.534+0000] {processor.py:183} INFO - Processing /workspaces/Airflow_project/airflow_env/lib/python3.12/site-packages/airflow/example_dags/plugins/event_listener.py took 0.016 seconds
[2026-05-14T00:02:15.796+0000] {processor.py:161} INFO - Started process (PID=97304) to work on /workspaces/Airflow_project/airflow_env/lib/python3.12/site-packages/airflow/example_dags/plugins/event_listener.py
[2026-05-14T00:02:15.797+0000] {processor.py:830} INFO - Processing file /workspaces/Airflow_project/airflow_env/lib/python3.12/site-packages/airflow/example_dags/plugins/event_listener.py for tasks to queue
[2026-05-14T00:02:15.798+0000] {logging_mixin.py:188} INFO - [2026-05-14T00:02:15.797+0000] {dagbag.py:545} INFO - Filling up the DagBag from /workspaces/Airflow_project/airflow_env/lib/python3.12/site-packages/airflow/example_dags/plugins/event_listener.py
[2026-05-14T00:02:15.799+0000] {processor.py:842} WARNING - No viable dags retrieved from /workspaces/Airflow_project/airflow_env/lib/python3.12/site-packages/airflow/example_dags/plugins/event_listener.py
[2026-05-14T00:02:15.807+0000] {processor.py:183} INFO - Processing /workspaces/Airflow_project/airflow_env/lib/python3.12/site-packages/airflow/example_dags/plugins/event_listener.py took 0.016 seconds
[2026-05-14T00:02:59.397+0000] {processor.py:161} INFO - Started process (PID=97642) to work on /workspaces/Airflow_project/airflow_env/lib/python3.12/site-packages/airflow/example_dags/plugins/event_listener.py
[2026-05-14T00:02:59.398+0000] {processor.py:830} INFO - Processing file /workspaces/Airflow_project/airflow_env/lib/python3.12/site-packages/airflow/example_dags/plugins/event_listener.py for tasks to queue
[2026-05-14T00:02:59.398+0000] {logging_mixin.py:188} INFO - [2026-05-14T00:02:59.398+0000] {dagbag.py:545} INFO - Filling up the DagBag from /workspaces/Airflow_project/airflow_env/lib/python3.12/site-packages/airflow/example_dags/plugins/event_listener.py
[2026-05-14T00:02:59.400+0000] {processor.py:842} WARNING - No viable dags retrieved from /workspaces/Airflow_project/airflow_env/lib/python3.12/site-packages/airflow/example_dags/plugins/event_listener.py
[2026-05-14T00:02:59.408+0000] {processor.py:183} INFO - Processing /workspaces/Airflow_project/airflow_env/lib/python3.12/site-packages/airflow/example_dags/plugins/event_listener.py took 0.016 seconds
[2026-05-14T00:03:44.915+0000] {processor.py:161} INFO - Started process (PID=97987) to work on /workspaces/Airflow_project/airflow_env/lib/python3.12/site-packages/airflow/example_dags/plugins/event_listener.py
[2026-05-14T00:03:44.916+0000] {processor.py:830} INFO - Processing file /workspaces/Airflow_project/airflow_env/lib/python3.12/site-packages/airflow/example_dags/plugins/event_listener.py for tasks to queue
[2026-05-14T00:03:44.917+0000] {logging_mixin.py:188} INFO - [2026-05-14T00:03:44.917+0000] {dagbag.py:545} INFO - Filling up the DagBag from /workspaces/Airflow_project/airflow_env/lib/python3.12/site-packages/airflow/example_dags/plugins/event_listener.py
[2026-05-14T00:03:44.919+0000] {processor.py:842} WARNING - No viable dags retrieved from /workspaces/Airflow_project/airflow_env/lib/python3.12/site-packages/airflow/example_dags/plugins/event_listener.py
[2026-05-14T00:03:44.927+0000] {processor.py:183} INFO - Processing /workspaces/Airflow_project/airflow_env/lib/python3.12/site-packages/airflow/example_dags/plugins/event_listener.py took 0.017 seconds
[2026-05-14T00:04:34.827+0000] {processor.py:161} INFO - Started process (PID=98414) to work on /workspaces/Airflow_project/airflow_env/lib/python3.12/site-packages/airflow/example_dags/plugins/event_listener.py
[2026-05-14T00:04:34.828+0000] {processor.py:830} INFO - Processing file /workspaces/Airflow_project/airflow_env/lib/python3.12/site-packages/airflow/example_dags/plugins/event_listener.py for tasks to queue
[2026-05-14T00:04:34.828+0000] {logging_mixin.py:188} INFO - [2026-05-14T00:04:34.828+0000] {dagbag.py:545} INFO - Filling up the DagBag from /workspaces/Airflow_project/airflow_env/lib/python3.12/site-packages/airflow/example_dags/plugins/event_listener.py
[2026-05-14T00:04:34.830+0000] {processor.py:842} WARNING - No viable dags retrieved from /workspaces/Airflow_project/airflow_env/lib/python3.12/site-packages/airflow/example_dags/plugins/event_listener.py
[2026-05-14T00:04:34.839+0000] {processor.py:183} INFO - Processing /workspaces/Airflow_project/airflow_env/lib/python3.12/site-packages/airflow/example_dags/plugins/event_listener.py took 0.018 seconds
[2026-05-14T00:05:22.480+0000] {processor.py:161} INFO - Started process (PID=98799) to work on /workspaces/Airflow_project/airflow_env/lib/python3.12/site-packages/airflow/example_dags/plugins/event_listener.py
[2026-05-14T00:05:22.481+0000] {processor.py:830} INFO - Processing file /workspaces/Airflow_project/airflow_env/lib/python3.12/site-packages/airflow/example_dags/plugins/event_listener.py for tasks to queue
[2026-05-14T00:05:22.482+0000] {logging_mixin.py:188} INFO - [2026-05-14T00:05:22.482+0000] {dagbag.py:545} INFO - Filling up the DagBag from /workspaces/Airflow_project/airflow_env/lib/python3.12/site-packages/airflow/example_dags/plugins/event_listener.py
[2026-05-14T00:05:22.484+0000] {processor.py:842} WARNING - No viable dags retrieved from /workspaces/Airflow_project/airflow_env/lib/python3.12/site-packages/airflow/example_dags/plugins/event_listener.py
[2026-05-14T00:05:22.492+0000] {processor.py:183} INFO - Processing /workspaces/Airflow_project/airflow_env/lib/python3.12/site-packages/airflow/example_dags/plugins/event_listener.py took 0.017 seconds
[2026-05-14T00:06:05.034+0000] {processor.py:161} INFO - Started process (PID=99134) to work on /workspaces/Airflow_project/airflow_env/lib/python3.12/site-packages/airflow/example_dags/plugins/event_listener.py
[2026-05-14T00:06:05.034+0000] {processor.py:830} INFO - Processing file /workspaces/Airflow_project/airflow_env/lib/python3.12/site-packages/airflow/example_dags/plugins/event_listener.py for tasks to queue
[2026-05-14T00:06:05.035+0000] {logging_mixin.py:188} INFO - [2026-05-14T00:06:05.035+0000] {dagbag.py:545} INFO - Filling up the DagBag from /workspaces/Airflow_project/airflow_env/lib/python3.12/site-packages/airflow/example_dags/plugins/event_listener.py
[2026-05-14T00:06:05.037+0000] {processor.py:842} WARNING - No viable dags retrieved from /workspaces/Airflow_project/airflow_env/lib/python3.12/site-packages/airflow/example_dags/plugins/event_listener.py
[2026-05-14T00:06:05.050+0000] {processor.py:183} INFO - Processing /workspaces/Airflow_project/airflow_env/lib/python3.12/site-packages/airflow/example_dags/plugins/event_listener.py took 0.021 seconds
[2026-05-14T00:06:46.680+0000] {processor.py:161} INFO - Started process (PID=99460) to work on /workspaces/Airflow_project/airflow_env/lib/python3.12/site-packages/airflow/example_dags/plugins/event_listener.py
[2026-05-14T00:06:46.681+0000] {processor.py:830} INFO - Processing file /workspaces/Airflow_project/airflow_env/lib/python3.12/site-packages/airflow/example_dags/plugins/event_listener.py for tasks to queue
[2026-05-14T00:06:46.682+0000] {logging_mixin.py:188} INFO - [2026-05-14T00:06:46.682+0000] {dagbag.py:545} INFO - Filling up the DagBag from /workspaces/Airflow_project/airflow_env/lib/python3.12/site-packages/airflow/example_dags/plugins/event_listener.py
[2026-05-14T00:06:46.684+0000] {processor.py:842} WARNING - No viable dags retrieved from /workspaces/Airflow_project/airflow_env/lib/python3.12/site-packages/airflow/example_dags/plugins/event_listener.py
[2026-05-14T00:06:46.693+0000] {processor.py:183} INFO - Processing /workspaces/Airflow_project/airflow_env/lib/python3.12/site-packages/airflow/example_dags/plugins/event_listener.py took 0.019 seconds
[2026-05-14T00:07:35.681+0000] {processor.py:161} INFO - Started process (PID=99869) to work on /workspaces/Airflow_project/airflow_env/lib/python3.12/site-packages/airflow/example_dags/plugins/event_listener.py
[2026-05-14T00:07:35.681+0000] {processor.py:830} INFO - Processing file /workspaces/Airflow_project/airflow_env/lib/python3.12/site-packages/airflow/example_dags/plugins/event_listener.py for tasks to queue
[2026-05-14T00:07:35.682+0000] {logging_mixin.py:188} INFO - [2026-05-14T00:07:35.682+0000] {dagbag.py:545} INFO - Filling up the DagBag from /workspaces/Airflow_project/airflow_env/lib/python3.12/site-packages/airflow/example_dags/plugins/event_listener.py
[2026-05-14T00:07:35.684+0000] {processor.py:842} WARNING - No viable dags retrieved from /workspaces/Airflow_project/airflow_env/lib/python3.12/site-packages/airflow/example_dags/plugins/event_listener.py
[2026-05-14T00:07:35.692+0000] {processor.py:183} INFO - Processing /workspaces/Airflow_project/airflow_env/lib/python3.12/site-packages/airflow/example_dags/plugins/event_listener.py took 0.016 seconds
[2026-05-14T00:08:20.170+0000] {processor.py:161} INFO - Started process (PID=100222) to work on /workspaces/Airflow_project/airflow_env/lib/python3.12/site-packages/airflow/example_dags/plugins/event_listener.py
[2026-05-14T00:08:20.171+0000] {processor.py:830} INFO - Processing file /workspaces/Airflow_project/airflow_env/lib/python3.12/site-packages/airflow/example_dags/plugins/event_listener.py for tasks to queue
[2026-05-14T00:08:20.172+0000] {logging_mixin.py:188} INFO - [2026-05-14T00:08:20.171+0000] {dagbag.py:545} INFO - Filling up the DagBag from /workspaces/Airflow_project/airflow_env/lib/python3.12/site-packages/airflow/example_dags/plugins/event_listener.py
[2026-05-14T00:08:20.173+0000] {processor.py:842} WARNING - No viable dags retrieved from /workspaces/Airflow_project/airflow_env/lib/python3.12/site-packages/airflow/example_dags/plugins/event_listener.py
[2026-05-14T00:08:20.182+0000] {processor.py:183} INFO - Processing /workspaces/Airflow_project/airflow_env/lib/python3.12/site-packages/airflow/example_dags/plugins/event_listener.py took 0.016 seconds
[2026-05-14T00:09:05.461+0000] {processor.py:161} INFO - Started process (PID=101030) to work on /workspaces/Airflow_project/airflow_env/lib/python3.12/site-packages/airflow/example_dags/plugins/event_listener.py
[2026-05-14T00:09:05.462+0000] {processor.py:830} INFO - Processing file /workspaces/Airflow_project/airflow_env/lib/python3.12/site-packages/airflow/example_dags/plugins/event_listener.py for tasks to queue
[2026-05-14T00:09:05.463+0000] {logging_mixin.py:188} INFO - [2026-05-14T00:09:05.462+0000] {dagbag.py:545} INFO - Filling up the DagBag from /workspaces/Airflow_project/airflow_env/lib/python3.12/site-packages/airflow/example_dags/plugins/event_listener.py
[2026-05-14T00:09:05.464+0000] {processor.py:842} WARNING - No viable dags retrieved from /workspaces/Airflow_project/airflow_env/lib/python3.12/site-packages/airflow/example_dags/plugins/event_listener.py
[2026-05-14T00:09:05.473+0000] {processor.py:183} INFO - Processing /workspaces/Airflow_project/airflow_env/lib/python3.12/site-packages/airflow/example_dags/plugins/event_listener.py took 0.017 seconds
