[2026-05-14T00:00:37.518+0000] {processor.py:161} INFO - Started process (PID=96498) to work on /workspaces/Airflow_project/airflow_env/lib/python3.12/site-packages/airflow/example_dags/plugins/listener_plugin.py
[2026-05-14T00:00:37.519+0000] {processor.py:830} INFO - Processing file /workspaces/Airflow_project/airflow_env/lib/python3.12/site-packages/airflow/example_dags/plugins/listener_plugin.py for tasks to queue
[2026-05-14T00:00:37.519+0000] {logging_mixin.py:188} INFO - [2026-05-14T00:00:37.519+0000] {dagbag.py:545} INFO - Filling up the DagBag from /workspaces/Airflow_project/airflow_env/lib/python3.12/site-packages/airflow/example_dags/plugins/listener_plugin.py
[2026-05-14T00:00:37.522+0000] {processor.py:842} WARNING - No viable dags retrieved from /workspaces/Airflow_project/airflow_env/lib/python3.12/site-packages/airflow/example_dags/plugins/listener_plugin.py
[2026-05-14T00:00:37.530+0000] {processor.py:183} INFO - Processing /workspaces/Airflow_project/airflow_env/lib/python3.12/site-packages/airflow/example_dags/plugins/listener_plugin.py took 0.017 seconds
[2026-05-14T00:01:29.885+0000] {processor.py:161} INFO - Started process (PID=96909) to work on /workspaces/Airflow_project/airflow_env/lib/python3.12/site-packages/airflow/example_dags/plugins/listener_plugin.py
[2026-05-14T00:01:29.886+0000] {processor.py:830} INFO - Processing file /workspaces/Airflow_project/airflow_env/lib/python3.12/site-packages/airflow/example_dags/plugins/listener_plugin.py for tasks to queue
[2026-05-14T00:01:29.887+0000] {logging_mixin.py:188} INFO - [2026-05-14T00:01:29.887+0000] {dagbag.py:545} INFO - Filling up the DagBag from /workspaces/Airflow_project/airflow_env/lib/python3.12/site-packages/airflow/example_dags/plugins/listener_plugin.py
[2026-05-14T00:01:29.889+0000] {processor.py:842} WARNING - No viable dags retrieved from /workspaces/Airflow_project/airflow_env/lib/python3.12/site-packages/airflow/example_dags/plugins/listener_plugin.py
[2026-05-14T00:01:29.897+0000] {processor.py:183} INFO - Processing /workspaces/Airflow_project/airflow_env/lib/python3.12/site-packages/airflow/example_dags/plugins/listener_plugin.py took 0.016 seconds
[2026-05-14T00:02:13.761+0000] {processor.py:161} INFO - Started process (PID=97293) to work on /workspaces/Airflow_project/airflow_env/lib/python3.12/site-packages/airflow/example_dags/plugins/listener_plugin.py
[2026-05-14T00:02:13.762+0000] {processor.py:830} INFO - Processing file /workspaces/Airflow_project/airflow_env/lib/python3.12/site-packages/airflow/example_dags/plugins/listener_plugin.py for tasks to queue
[2026-05-14T00:02:13.763+0000] {logging_mixin.py:188} INFO - [2026-05-14T00:02:13.762+0000] {dagbag.py:545} INFO - Filling up the DagBag from /workspaces/Airflow_project/airflow_env/lib/python3.12/site-packages/airflow/example_dags/plugins/listener_plugin.py
[2026-05-14T00:02:13.765+0000] {processor.py:842} WARNING - No viable dags retrieved from /workspaces/Airflow_project/airflow_env/lib/python3.12/site-packages/airflow/example_dags/plugins/listener_plugin.py
[2026-05-14T00:02:13.773+0000] {processor.py:183} INFO - Processing /workspaces/Airflow_project/airflow_env/lib/python3.12/site-packages/airflow/example_dags/plugins/listener_plugin.py took 0.016 seconds
[2026-05-14T00:02:57.584+0000] {processor.py:161} INFO - Started process (PID=97632) to work on /workspaces/Airflow_project/airflow_env/lib/python3.12/site-packages/airflow/example_dags/plugins/listener_plugin.py
[2026-05-14T00:02:57.585+0000] {processor.py:830} INFO - Processing file /workspaces/Airflow_project/airflow_env/lib/python3.12/site-packages/airflow/example_dags/plugins/listener_plugin.py for tasks to queue
[2026-05-14T00:02:57.585+0000] {logging_mixin.py:188} INFO - [2026-05-14T00:02:57.585+0000] {dagbag.py:545} INFO - Filling up the DagBag from /workspaces/Airflow_project/airflow_env/lib/python3.12/site-packages/airflow/example_dags/plugins/listener_plugin.py
[2026-05-14T00:02:57.587+0000] {processor.py:842} WARNING - No viable dags retrieved from /workspaces/Airflow_project/airflow_env/lib/python3.12/site-packages/airflow/example_dags/plugins/listener_plugin.py
[2026-05-14T00:02:57.596+0000] {processor.py:183} INFO - Processing /workspaces/Airflow_project/airflow_env/lib/python3.12/site-packages/airflow/example_dags/plugins/listener_plugin.py took 0.016 seconds
[2026-05-14T00:03:43.180+0000] {processor.py:161} INFO - Started process (PID=97976) to work on /workspaces/Airflow_project/airflow_env/lib/python3.12/site-packages/airflow/example_dags/plugins/listener_plugin.py
[2026-05-14T00:03:43.180+0000] {processor.py:830} INFO - Processing file /workspaces/Airflow_project/airflow_env/lib/python3.12/site-packages/airflow/example_dags/plugins/listener_plugin.py for tasks to queue
[2026-05-14T00:03:43.181+0000] {logging_mixin.py:188} INFO - [2026-05-14T00:03:43.181+0000] {dagbag.py:545} INFO - Filling up the DagBag from /workspaces/Airflow_project/airflow_env/lib/python3.12/site-packages/airflow/example_dags/plugins/listener_plugin.py
[2026-05-14T00:03:43.183+0000] {processor.py:842} WARNING - No viable dags retrieved from /workspaces/Airflow_project/airflow_env/lib/python3.12/site-packages/airflow/example_dags/plugins/listener_plugin.py
[2026-05-14T00:03:43.191+0000] {processor.py:183} INFO - Processing /workspaces/Airflow_project/airflow_env/lib/python3.12/site-packages/airflow/example_dags/plugins/listener_plugin.py took 0.016 seconds
[2026-05-14T00:04:32.359+0000] {processor.py:161} INFO - Started process (PID=98381) to work on /workspaces/Airflow_project/airflow_env/lib/python3.12/site-packages/airflow/example_dags/plugins/listener_plugin.py
[2026-05-14T00:04:32.360+0000] {processor.py:830} INFO - Processing file /workspaces/Airflow_project/airflow_env/lib/python3.12/site-packages/airflow/example_dags/plugins/listener_plugin.py for tasks to queue
[2026-05-14T00:04:32.360+0000] {logging_mixin.py:188} INFO - [2026-05-14T00:04:32.360+0000] {dagbag.py:545} INFO - Filling up the DagBag from /workspaces/Airflow_project/airflow_env/lib/python3.12/site-packages/airflow/example_dags/plugins/listener_plugin.py
[2026-05-14T00:04:32.363+0000] {processor.py:842} WARNING - No viable dags retrieved from /workspaces/Airflow_project/airflow_env/lib/python3.12/site-packages/airflow/example_dags/plugins/listener_plugin.py
[2026-05-14T00:04:32.371+0000] {processor.py:183} INFO - Processing /workspaces/Airflow_project/airflow_env/lib/python3.12/site-packages/airflow/example_dags/plugins/listener_plugin.py took 0.017 seconds
[2026-05-14T00:05:20.760+0000] {processor.py:161} INFO - Started process (PID=98791) to work on /workspaces/Airflow_project/airflow_env/lib/python3.12/site-packages/airflow/example_dags/plugins/listener_plugin.py
[2026-05-14T00:05:20.761+0000] {processor.py:830} INFO - Processing file /workspaces/Airflow_project/airflow_env/lib/python3.12/site-packages/airflow/example_dags/plugins/listener_plugin.py for tasks to queue
[2026-05-14T00:05:20.763+0000] {logging_mixin.py:188} INFO - [2026-05-14T00:05:20.762+0000] {dagbag.py:545} INFO - Filling up the DagBag from /workspaces/Airflow_project/airflow_env/lib/python3.12/site-packages/airflow/example_dags/plugins/listener_plugin.py
[2026-05-14T00:05:20.766+0000] {processor.py:842} WARNING - No viable dags retrieved from /workspaces/Airflow_project/airflow_env/lib/python3.12/site-packages/airflow/example_dags/plugins/listener_plugin.py
[2026-05-14T00:05:20.787+0000] {processor.py:183} INFO - Processing /workspaces/Airflow_project/airflow_env/lib/python3.12/site-packages/airflow/example_dags/plugins/listener_plugin.py took 0.045 seconds
[2026-05-14T00:06:03.392+0000] {processor.py:161} INFO - Started process (PID=99124) to work on /workspaces/Airflow_project/airflow_env/lib/python3.12/site-packages/airflow/example_dags/plugins/listener_plugin.py
[2026-05-14T00:06:03.393+0000] {processor.py:830} INFO - Processing file /workspaces/Airflow_project/airflow_env/lib/python3.12/site-packages/airflow/example_dags/plugins/listener_plugin.py for tasks to queue
[2026-05-14T00:06:03.394+0000] {logging_mixin.py:188} INFO - [2026-05-14T00:06:03.393+0000] {dagbag.py:545} INFO - Filling up the DagBag from /workspaces/Airflow_project/airflow_env/lib/python3.12/site-packages/airflow/example_dags/plugins/listener_plugin.py
[2026-05-14T00:06:03.396+0000] {processor.py:842} WARNING - No viable dags retrieved from /workspaces/Airflow_project/airflow_env/lib/python3.12/site-packages/airflow/example_dags/plugins/listener_plugin.py
[2026-05-14T00:06:03.404+0000] {processor.py:183} INFO - Processing /workspaces/Airflow_project/airflow_env/lib/python3.12/site-packages/airflow/example_dags/plugins/listener_plugin.py took 0.017 seconds
[2026-05-14T00:06:44.916+0000] {processor.py:161} INFO - Started process (PID=99443) to work on /workspaces/Airflow_project/airflow_env/lib/python3.12/site-packages/airflow/example_dags/plugins/listener_plugin.py
[2026-05-14T00:06:44.916+0000] {processor.py:830} INFO - Processing file /workspaces/Airflow_project/airflow_env/lib/python3.12/site-packages/airflow/example_dags/plugins/listener_plugin.py for tasks to queue
[2026-05-14T00:06:44.917+0000] {logging_mixin.py:188} INFO - [2026-05-14T00:06:44.917+0000] {dagbag.py:545} INFO - Filling up the DagBag from /workspaces/Airflow_project/airflow_env/lib/python3.12/site-packages/airflow/example_dags/plugins/listener_plugin.py
[2026-05-14T00:06:44.919+0000] {processor.py:842} WARNING - No viable dags retrieved from /workspaces/Airflow_project/airflow_env/lib/python3.12/site-packages/airflow/example_dags/plugins/listener_plugin.py
[2026-05-14T00:06:44.927+0000] {processor.py:183} INFO - Processing /workspaces/Airflow_project/airflow_env/lib/python3.12/site-packages/airflow/example_dags/plugins/listener_plugin.py took 0.016 seconds
[2026-05-14T00:07:33.212+0000] {processor.py:161} INFO - Started process (PID=99851) to work on /workspaces/Airflow_project/airflow_env/lib/python3.12/site-packages/airflow/example_dags/plugins/listener_plugin.py
[2026-05-14T00:07:33.213+0000] {processor.py:830} INFO - Processing file /workspaces/Airflow_project/airflow_env/lib/python3.12/site-packages/airflow/example_dags/plugins/listener_plugin.py for tasks to queue
[2026-05-14T00:07:33.214+0000] {logging_mixin.py:188} INFO - [2026-05-14T00:07:33.213+0000] {dagbag.py:545} INFO - Filling up the DagBag from /workspaces/Airflow_project/airflow_env/lib/python3.12/site-packages/airflow/example_dags/plugins/listener_plugin.py
[2026-05-14T00:07:33.216+0000] {processor.py:842} WARNING - No viable dags retrieved from /workspaces/Airflow_project/airflow_env/lib/python3.12/site-packages/airflow/example_dags/plugins/listener_plugin.py
[2026-05-14T00:07:33.223+0000] {processor.py:183} INFO - Processing /workspaces/Airflow_project/airflow_env/lib/python3.12/site-packages/airflow/example_dags/plugins/listener_plugin.py took 0.016 seconds
[2026-05-14T00:08:18.527+0000] {processor.py:161} INFO - Started process (PID=100205) to work on /workspaces/Airflow_project/airflow_env/lib/python3.12/site-packages/airflow/example_dags/plugins/listener_plugin.py
[2026-05-14T00:08:18.528+0000] {processor.py:830} INFO - Processing file /workspaces/Airflow_project/airflow_env/lib/python3.12/site-packages/airflow/example_dags/plugins/listener_plugin.py for tasks to queue
[2026-05-14T00:08:18.529+0000] {logging_mixin.py:188} INFO - [2026-05-14T00:08:18.528+0000] {dagbag.py:545} INFO - Filling up the DagBag from /workspaces/Airflow_project/airflow_env/lib/python3.12/site-packages/airflow/example_dags/plugins/listener_plugin.py
[2026-05-14T00:08:18.531+0000] {processor.py:842} WARNING - No viable dags retrieved from /workspaces/Airflow_project/airflow_env/lib/python3.12/site-packages/airflow/example_dags/plugins/listener_plugin.py
[2026-05-14T00:08:18.539+0000] {processor.py:183} INFO - Processing /workspaces/Airflow_project/airflow_env/lib/python3.12/site-packages/airflow/example_dags/plugins/listener_plugin.py took 0.016 seconds
[2026-05-14T00:09:03.667+0000] {processor.py:161} INFO - Started process (PID=101017) to work on /workspaces/Airflow_project/airflow_env/lib/python3.12/site-packages/airflow/example_dags/plugins/listener_plugin.py
[2026-05-14T00:09:03.668+0000] {processor.py:830} INFO - Processing file /workspaces/Airflow_project/airflow_env/lib/python3.12/site-packages/airflow/example_dags/plugins/listener_plugin.py for tasks to queue
[2026-05-14T00:09:03.668+0000] {logging_mixin.py:188} INFO - [2026-05-14T00:09:03.668+0000] {dagbag.py:545} INFO - Filling up the DagBag from /workspaces/Airflow_project/airflow_env/lib/python3.12/site-packages/airflow/example_dags/plugins/listener_plugin.py
[2026-05-14T00:09:03.670+0000] {processor.py:842} WARNING - No viable dags retrieved from /workspaces/Airflow_project/airflow_env/lib/python3.12/site-packages/airflow/example_dags/plugins/listener_plugin.py
[2026-05-14T00:09:03.678+0000] {processor.py:183} INFO - Processing /workspaces/Airflow_project/airflow_env/lib/python3.12/site-packages/airflow/example_dags/plugins/listener_plugin.py took 0.016 seconds
