[2026-05-14T00:00:38.372+0000] {processor.py:161} INFO - Started process (PID=96500) to work on /workspaces/Airflow_project/airflow_env/lib/python3.12/site-packages/airflow/example_dags/plugins/workday.py
[2026-05-14T00:00:38.373+0000] {processor.py:830} INFO - Processing file /workspaces/Airflow_project/airflow_env/lib/python3.12/site-packages/airflow/example_dags/plugins/workday.py for tasks to queue
[2026-05-14T00:00:38.374+0000] {logging_mixin.py:188} INFO - [2026-05-14T00:00:38.373+0000] {dagbag.py:545} INFO - Filling up the DagBag from /workspaces/Airflow_project/airflow_env/lib/python3.12/site-packages/airflow/example_dags/plugins/workday.py
[2026-05-14T00:00:38.654+0000] {processor.py:842} WARNING - No viable dags retrieved from /workspaces/Airflow_project/airflow_env/lib/python3.12/site-packages/airflow/example_dags/plugins/workday.py
[2026-05-14T00:00:38.662+0000] {processor.py:183} INFO - Processing /workspaces/Airflow_project/airflow_env/lib/python3.12/site-packages/airflow/example_dags/plugins/workday.py took 0.295 seconds
[2026-05-14T00:01:30.183+0000] {processor.py:161} INFO - Started process (PID=96910) to work on /workspaces/Airflow_project/airflow_env/lib/python3.12/site-packages/airflow/example_dags/plugins/workday.py
[2026-05-14T00:01:30.183+0000] {processor.py:830} INFO - Processing file /workspaces/Airflow_project/airflow_env/lib/python3.12/site-packages/airflow/example_dags/plugins/workday.py for tasks to queue
[2026-05-14T00:01:30.184+0000] {logging_mixin.py:188} INFO - [2026-05-14T00:01:30.184+0000] {dagbag.py:545} INFO - Filling up the DagBag from /workspaces/Airflow_project/airflow_env/lib/python3.12/site-packages/airflow/example_dags/plugins/workday.py
[2026-05-14T00:01:30.453+0000] {processor.py:842} WARNING - No viable dags retrieved from /workspaces/Airflow_project/airflow_env/lib/python3.12/site-packages/airflow/example_dags/plugins/workday.py
[2026-05-14T00:01:30.461+0000] {processor.py:183} INFO - Processing /workspaces/Airflow_project/airflow_env/lib/python3.12/site-packages/airflow/example_dags/plugins/workday.py took 0.283 seconds
[2026-05-14T00:02:14.462+0000] {processor.py:161} INFO - Started process (PID=97300) to work on /workspaces/Airflow_project/airflow_env/lib/python3.12/site-packages/airflow/example_dags/plugins/workday.py
[2026-05-14T00:02:14.463+0000] {processor.py:830} INFO - Processing file /workspaces/Airflow_project/airflow_env/lib/python3.12/site-packages/airflow/example_dags/plugins/workday.py for tasks to queue
[2026-05-14T00:02:14.464+0000] {logging_mixin.py:188} INFO - [2026-05-14T00:02:14.464+0000] {dagbag.py:545} INFO - Filling up the DagBag from /workspaces/Airflow_project/airflow_env/lib/python3.12/site-packages/airflow/example_dags/plugins/workday.py
[2026-05-14T00:02:14.731+0000] {processor.py:842} WARNING - No viable dags retrieved from /workspaces/Airflow_project/airflow_env/lib/python3.12/site-packages/airflow/example_dags/plugins/workday.py
[2026-05-14T00:02:14.739+0000] {processor.py:183} INFO - Processing /workspaces/Airflow_project/airflow_env/lib/python3.12/site-packages/airflow/example_dags/plugins/workday.py took 0.282 seconds
[2026-05-14T00:02:58.054+0000] {processor.py:161} INFO - Started process (PID=97639) to work on /workspaces/Airflow_project/airflow_env/lib/python3.12/site-packages/airflow/example_dags/plugins/workday.py
[2026-05-14T00:02:58.055+0000] {processor.py:830} INFO - Processing file /workspaces/Airflow_project/airflow_env/lib/python3.12/site-packages/airflow/example_dags/plugins/workday.py for tasks to queue
[2026-05-14T00:02:58.056+0000] {logging_mixin.py:188} INFO - [2026-05-14T00:02:58.056+0000] {dagbag.py:545} INFO - Filling up the DagBag from /workspaces/Airflow_project/airflow_env/lib/python3.12/site-packages/airflow/example_dags/plugins/workday.py
[2026-05-14T00:02:58.326+0000] {processor.py:842} WARNING - No viable dags retrieved from /workspaces/Airflow_project/airflow_env/lib/python3.12/site-packages/airflow/example_dags/plugins/workday.py
[2026-05-14T00:02:58.334+0000] {processor.py:183} INFO - Processing /workspaces/Airflow_project/airflow_env/lib/python3.12/site-packages/airflow/example_dags/plugins/workday.py took 0.285 seconds
[2026-05-14T00:03:44.311+0000] {processor.py:161} INFO - Started process (PID=97984) to work on /workspaces/Airflow_project/airflow_env/lib/python3.12/site-packages/airflow/example_dags/plugins/workday.py
[2026-05-14T00:03:44.312+0000] {processor.py:830} INFO - Processing file /workspaces/Airflow_project/airflow_env/lib/python3.12/site-packages/airflow/example_dags/plugins/workday.py for tasks to queue
[2026-05-14T00:03:44.312+0000] {logging_mixin.py:188} INFO - [2026-05-14T00:03:44.312+0000] {dagbag.py:545} INFO - Filling up the DagBag from /workspaces/Airflow_project/airflow_env/lib/python3.12/site-packages/airflow/example_dags/plugins/workday.py
[2026-05-14T00:03:44.589+0000] {processor.py:842} WARNING - No viable dags retrieved from /workspaces/Airflow_project/airflow_env/lib/python3.12/site-packages/airflow/example_dags/plugins/workday.py
[2026-05-14T00:03:44.597+0000] {processor.py:183} INFO - Processing /workspaces/Airflow_project/airflow_env/lib/python3.12/site-packages/airflow/example_dags/plugins/workday.py took 0.291 seconds
[2026-05-14T00:04:33.490+0000] {processor.py:161} INFO - Started process (PID=98404) to work on /workspaces/Airflow_project/airflow_env/lib/python3.12/site-packages/airflow/example_dags/plugins/workday.py
[2026-05-14T00:04:33.491+0000] {processor.py:830} INFO - Processing file /workspaces/Airflow_project/airflow_env/lib/python3.12/site-packages/airflow/example_dags/plugins/workday.py for tasks to queue
[2026-05-14T00:04:33.492+0000] {logging_mixin.py:188} INFO - [2026-05-14T00:04:33.491+0000] {dagbag.py:545} INFO - Filling up the DagBag from /workspaces/Airflow_project/airflow_env/lib/python3.12/site-packages/airflow/example_dags/plugins/workday.py
[2026-05-14T00:04:33.756+0000] {processor.py:842} WARNING - No viable dags retrieved from /workspaces/Airflow_project/airflow_env/lib/python3.12/site-packages/airflow/example_dags/plugins/workday.py
[2026-05-14T00:04:33.765+0000] {processor.py:183} INFO - Processing /workspaces/Airflow_project/airflow_env/lib/python3.12/site-packages/airflow/example_dags/plugins/workday.py took 0.279 seconds
[2026-05-14T00:05:21.880+0000] {processor.py:161} INFO - Started process (PID=98796) to work on /workspaces/Airflow_project/airflow_env/lib/python3.12/site-packages/airflow/example_dags/plugins/workday.py
[2026-05-14T00:05:21.881+0000] {processor.py:830} INFO - Processing file /workspaces/Airflow_project/airflow_env/lib/python3.12/site-packages/airflow/example_dags/plugins/workday.py for tasks to queue
[2026-05-14T00:05:21.882+0000] {logging_mixin.py:188} INFO - [2026-05-14T00:05:21.881+0000] {dagbag.py:545} INFO - Filling up the DagBag from /workspaces/Airflow_project/airflow_env/lib/python3.12/site-packages/airflow/example_dags/plugins/workday.py
[2026-05-14T00:05:22.164+0000] {processor.py:842} WARNING - No viable dags retrieved from /workspaces/Airflow_project/airflow_env/lib/python3.12/site-packages/airflow/example_dags/plugins/workday.py
[2026-05-14T00:05:22.171+0000] {processor.py:183} INFO - Processing /workspaces/Airflow_project/airflow_env/lib/python3.12/site-packages/airflow/example_dags/plugins/workday.py took 0.295 seconds
[2026-05-14T00:06:03.694+0000] {processor.py:161} INFO - Started process (PID=99125) to work on /workspaces/Airflow_project/airflow_env/lib/python3.12/site-packages/airflow/example_dags/plugins/workday.py
[2026-05-14T00:06:03.695+0000] {processor.py:830} INFO - Processing file /workspaces/Airflow_project/airflow_env/lib/python3.12/site-packages/airflow/example_dags/plugins/workday.py for tasks to queue
[2026-05-14T00:06:03.695+0000] {logging_mixin.py:188} INFO - [2026-05-14T00:06:03.695+0000] {dagbag.py:545} INFO - Filling up the DagBag from /workspaces/Airflow_project/airflow_env/lib/python3.12/site-packages/airflow/example_dags/plugins/workday.py
[2026-05-14T00:06:03.963+0000] {processor.py:842} WARNING - No viable dags retrieved from /workspaces/Airflow_project/airflow_env/lib/python3.12/site-packages/airflow/example_dags/plugins/workday.py
[2026-05-14T00:06:03.971+0000] {processor.py:183} INFO - Processing /workspaces/Airflow_project/airflow_env/lib/python3.12/site-packages/airflow/example_dags/plugins/workday.py took 0.281 seconds
[2026-05-14T00:06:45.317+0000] {processor.py:161} INFO - Started process (PID=99445) to work on /workspaces/Airflow_project/airflow_env/lib/python3.12/site-packages/airflow/example_dags/plugins/workday.py
[2026-05-14T00:06:45.318+0000] {processor.py:830} INFO - Processing file /workspaces/Airflow_project/airflow_env/lib/python3.12/site-packages/airflow/example_dags/plugins/workday.py for tasks to queue
[2026-05-14T00:06:45.318+0000] {logging_mixin.py:188} INFO - [2026-05-14T00:06:45.318+0000] {dagbag.py:545} INFO - Filling up the DagBag from /workspaces/Airflow_project/airflow_env/lib/python3.12/site-packages/airflow/example_dags/plugins/workday.py
[2026-05-14T00:06:45.588+0000] {processor.py:842} WARNING - No viable dags retrieved from /workspaces/Airflow_project/airflow_env/lib/python3.12/site-packages/airflow/example_dags/plugins/workday.py
[2026-05-14T00:06:45.595+0000] {processor.py:183} INFO - Processing /workspaces/Airflow_project/airflow_env/lib/python3.12/site-packages/airflow/example_dags/plugins/workday.py took 0.284 seconds
[2026-05-14T00:07:34.345+0000] {processor.py:161} INFO - Started process (PID=99860) to work on /workspaces/Airflow_project/airflow_env/lib/python3.12/site-packages/airflow/example_dags/plugins/workday.py
[2026-05-14T00:07:34.346+0000] {processor.py:830} INFO - Processing file /workspaces/Airflow_project/airflow_env/lib/python3.12/site-packages/airflow/example_dags/plugins/workday.py for tasks to queue
[2026-05-14T00:07:34.347+0000] {logging_mixin.py:188} INFO - [2026-05-14T00:07:34.346+0000] {dagbag.py:545} INFO - Filling up the DagBag from /workspaces/Airflow_project/airflow_env/lib/python3.12/site-packages/airflow/example_dags/plugins/workday.py
[2026-05-14T00:07:34.614+0000] {processor.py:842} WARNING - No viable dags retrieved from /workspaces/Airflow_project/airflow_env/lib/python3.12/site-packages/airflow/example_dags/plugins/workday.py
[2026-05-14T00:07:34.621+0000] {processor.py:183} INFO - Processing /workspaces/Airflow_project/airflow_env/lib/python3.12/site-packages/airflow/example_dags/plugins/workday.py took 0.282 seconds
[2026-05-14T00:08:18.828+0000] {processor.py:161} INFO - Started process (PID=100206) to work on /workspaces/Airflow_project/airflow_env/lib/python3.12/site-packages/airflow/example_dags/plugins/workday.py
[2026-05-14T00:08:18.829+0000] {processor.py:830} INFO - Processing file /workspaces/Airflow_project/airflow_env/lib/python3.12/site-packages/airflow/example_dags/plugins/workday.py for tasks to queue
[2026-05-14T00:08:18.830+0000] {logging_mixin.py:188} INFO - [2026-05-14T00:08:18.829+0000] {dagbag.py:545} INFO - Filling up the DagBag from /workspaces/Airflow_project/airflow_env/lib/python3.12/site-packages/airflow/example_dags/plugins/workday.py
[2026-05-14T00:08:19.098+0000] {processor.py:842} WARNING - No viable dags retrieved from /workspaces/Airflow_project/airflow_env/lib/python3.12/site-packages/airflow/example_dags/plugins/workday.py
[2026-05-14T00:08:19.106+0000] {processor.py:183} INFO - Processing /workspaces/Airflow_project/airflow_env/lib/python3.12/site-packages/airflow/example_dags/plugins/workday.py took 0.282 seconds
[2026-05-14T00:09:04.808+0000] {processor.py:161} INFO - Started process (PID=101022) to work on /workspaces/Airflow_project/airflow_env/lib/python3.12/site-packages/airflow/example_dags/plugins/workday.py
[2026-05-14T00:09:04.809+0000] {processor.py:830} INFO - Processing file /workspaces/Airflow_project/airflow_env/lib/python3.12/site-packages/airflow/example_dags/plugins/workday.py for tasks to queue
[2026-05-14T00:09:04.810+0000] {logging_mixin.py:188} INFO - [2026-05-14T00:09:04.810+0000] {dagbag.py:545} INFO - Filling up the DagBag from /workspaces/Airflow_project/airflow_env/lib/python3.12/site-packages/airflow/example_dags/plugins/workday.py
[2026-05-14T00:09:05.139+0000] {processor.py:842} WARNING - No viable dags retrieved from /workspaces/Airflow_project/airflow_env/lib/python3.12/site-packages/airflow/example_dags/plugins/workday.py
[2026-05-14T00:09:05.149+0000] {processor.py:183} INFO - Processing /workspaces/Airflow_project/airflow_env/lib/python3.12/site-packages/airflow/example_dags/plugins/workday.py took 0.348 seconds
