[2026-05-13T16:28:44.571+0000] {processor.py:161} INFO - Started process (PID=34592) to work on /workspaces/Airflow_project/airflow_env/lib/python3.12/site-packages/airflow/example_dags/example_simplest_dag.py
[2026-05-13T16:28:44.571+0000] {processor.py:830} INFO - Processing file /workspaces/Airflow_project/airflow_env/lib/python3.12/site-packages/airflow/example_dags/example_simplest_dag.py for tasks to queue
[2026-05-13T16:28:44.573+0000] {logging_mixin.py:188} INFO - [2026-05-13T16:28:44.573+0000] {dagbag.py:545} INFO - Filling up the DagBag from /workspaces/Airflow_project/airflow_env/lib/python3.12/site-packages/airflow/example_dags/example_simplest_dag.py
[2026-05-13T16:28:44.582+0000] {logging_mixin.py:188} INFO - [2026-05-13T16:28:44.578+0000] {dagbag.py:355} ERROR - Failed to import: /workspaces/Airflow_project/airflow_env/lib/python3.12/site-packages/airflow/example_dags/example_simplest_dag.py
Traceback (most recent call last):
  File "/workspaces/Airflow_project/airflow_env/lib/python3.12/site-packages/airflow/models/dagbag.py", line 351, in parse
    loader.exec_module(new_module)
  File "<frozen importlib._bootstrap_external>", line 994, in exec_module
  File "<frozen importlib._bootstrap>", line 488, in _call_with_frames_removed
  File "/workspaces/Airflow_project/airflow_env/lib/python3.12/site-packages/airflow/example_dags/example_simplest_dag.py", line 22, in <module>
    from airflow.sdk import dag, task
  File "/workspaces/Airflow_project/airflow_env/lib/python3.12/site-packages/airflow/sdk/__init__.py", line 245, in __getattr__
    mod = importlib.import_module(module_path, __name__)
          ^^^^^^^^^^^^^^^^^^^^^^^^^^^^^^^^^^^^^^^^^^^^^^
  File "/home/codespace/.python/current/lib/python3.12/importlib/__init__.py", line 90, in import_module
    return _bootstrap._gcd_import(name[level:], package, level)
           ^^^^^^^^^^^^^^^^^^^^^^^^^^^^^^^^^^^^^^^^^^^^^^^^^^^^
  File "/workspaces/Airflow_project/airflow_env/lib/python3.12/site-packages/airflow/sdk/definitions/dag.py", line 43, in <module>
    from airflow.sdk import TaskInstanceState, TriggerRule
  File "/workspaces/Airflow_project/airflow_env/lib/python3.12/site-packages/airflow/sdk/__init__.py", line 245, in __getattr__
    mod = importlib.import_module(module_path, __name__)
          ^^^^^^^^^^^^^^^^^^^^^^^^^^^^^^^^^^^^^^^^^^^^^^
  File "/home/codespace/.python/current/lib/python3.12/importlib/__init__.py", line 90, in import_module
    return _bootstrap._gcd_import(name[level:], package, level)
           ^^^^^^^^^^^^^^^^^^^^^^^^^^^^^^^^^^^^^^^^^^^^^^^^^^^^
  File "/workspaces/Airflow_project/airflow_env/lib/python3.12/site-packages/airflow/sdk/api/datamodels/_generated.py", line 28, in <module>
    from pydantic import AwareDatetime, BaseModel, ConfigDict, Field, JsonValue, RootModel
  File "/workspaces/Airflow_project/airflow_env/lib/python3.12/site-packages/pydantic/__init__.py", line 5, in <module>
    from ._migration import getattr_migration
  File "/workspaces/Airflow_project/airflow_env/lib/python3.12/site-packages/pydantic/_migration.py", line 4, in <module>
    from pydantic.warnings import PydanticDeprecatedSince20
  File "/workspaces/Airflow_project/airflow_env/lib/python3.12/site-packages/pydantic/warnings.py", line 5, in <module>
    from .version import version_short
  File "/workspaces/Airflow_project/airflow_env/lib/python3.12/site-packages/pydantic/version.py", line 7, in <module>
    from pydantic_core import __version__ as __pydantic_core_version__
  File "/workspaces/Airflow_project/airflow_env/lib/python3.12/site-packages/pydantic_core/__init__.py", line 6, in <module>
    from typing_extensions import Sentinel
ImportError: cannot import name 'Sentinel' from 'typing_extensions' (/workspaces/Airflow_project/airflow_env/lib/python3.12/site-packages/typing_extensions.py). Did you mean: '_Sentinel'?
[2026-05-13T16:28:44.584+0000] {processor.py:842} WARNING - No viable dags retrieved from /workspaces/Airflow_project/airflow_env/lib/python3.12/site-packages/airflow/example_dags/example_simplest_dag.py
[2026-05-13T16:28:44.598+0000] {processor.py:183} INFO - Processing /workspaces/Airflow_project/airflow_env/lib/python3.12/site-packages/airflow/example_dags/example_simplest_dag.py took 0.037 seconds
[2026-05-13T16:30:29.375+0000] {processor.py:161} INFO - Started process (PID=35771) to work on /workspaces/Airflow_project/airflow_env/lib/python3.12/site-packages/airflow/example_dags/example_simplest_dag.py
[2026-05-13T16:30:29.376+0000] {processor.py:830} INFO - Processing file /workspaces/Airflow_project/airflow_env/lib/python3.12/site-packages/airflow/example_dags/example_simplest_dag.py for tasks to queue
[2026-05-13T16:30:29.378+0000] {logging_mixin.py:188} INFO - [2026-05-13T16:30:29.377+0000] {dagbag.py:545} INFO - Filling up the DagBag from /workspaces/Airflow_project/airflow_env/lib/python3.12/site-packages/airflow/example_dags/example_simplest_dag.py
[2026-05-13T16:30:29.389+0000] {logging_mixin.py:188} INFO - [2026-05-13T16:30:29.384+0000] {dagbag.py:355} ERROR - Failed to import: /workspaces/Airflow_project/airflow_env/lib/python3.12/site-packages/airflow/example_dags/example_simplest_dag.py
Traceback (most recent call last):
  File "/workspaces/Airflow_project/airflow_env/lib/python3.12/site-packages/airflow/models/dagbag.py", line 351, in parse
  File "<frozen importlib._bootstrap_external>", line 994, in exec_module
  File "<frozen importlib._bootstrap>", line 488, in _call_with_frames_removed
  File "/workspaces/Airflow_project/airflow_env/lib/python3.12/site-packages/airflow/example_dags/example_simplest_dag.py", line 22, in <module>
    from airflow.sdk import dag, task
  File "/workspaces/Airflow_project/airflow_env/lib/python3.12/site-packages/airflow/sdk/__init__.py", line 245, in __getattr__
    mod = importlib.import_module(module_path, __name__)
          ^^^^^^^^^^^^^^^^^^^^^^^^^^^^^^^^^^^^^^^^^^^^^^
  File "/home/codespace/.python/current/lib/python3.12/importlib/__init__.py", line 90, in import_module
    return _bootstrap._gcd_import(name[level:], package, level)
           ^^^^^^^^^^^^^^^^^^^^^^^^^^^^^^^^^^^^^^^^^^^^^^^^^^^^
  File "/workspaces/Airflow_project/airflow_env/lib/python3.12/site-packages/airflow/sdk/definitions/dag.py", line 43, in <module>
    from airflow.sdk import TaskInstanceState, TriggerRule
  File "/workspaces/Airflow_project/airflow_env/lib/python3.12/site-packages/airflow/sdk/__init__.py", line 245, in __getattr__
    mod = importlib.import_module(module_path, __name__)
          ^^^^^^^^^^^^^^^^^^^^^^^^^^^^^^^^^^^^^^^^^^^^^^
  File "/home/codespace/.python/current/lib/python3.12/importlib/__init__.py", line 90, in import_module
    return _bootstrap._gcd_import(name[level:], package, level)
           ^^^^^^^^^^^^^^^^^^^^^^^^^^^^^^^^^^^^^^^^^^^^^^^^^^^^
  File "/workspaces/Airflow_project/airflow_env/lib/python3.12/site-packages/airflow/sdk/api/datamodels/_generated.py", line 28, in <module>
    from pydantic import AwareDatetime, BaseModel, ConfigDict, Field, JsonValue, RootModel
  File "/workspaces/Airflow_project/airflow_env/lib/python3.12/site-packages/pydantic/__init__.py", line 5, in <module>
    from ._migration import getattr_migration
  File "/workspaces/Airflow_project/airflow_env/lib/python3.12/site-packages/pydantic/_migration.py", line 4, in <module>
    from pydantic.warnings import PydanticDeprecatedSince20
  File "/workspaces/Airflow_project/airflow_env/lib/python3.12/site-packages/pydantic/warnings.py", line 5, in <module>
    from .version import version_short
  File "/workspaces/Airflow_project/airflow_env/lib/python3.12/site-packages/pydantic/version.py", line 7, in <module>
    from pydantic_core import __version__ as __pydantic_core_version__
  File "/workspaces/Airflow_project/airflow_env/lib/python3.12/site-packages/pydantic_core/__init__.py", line 6, in <module>
    from typing_extensions import Sentinel
ImportError: cannot import name 'Sentinel' from 'typing_extensions' (/workspaces/Airflow_project/airflow_env/lib/python3.12/site-packages/typing_extensions.py). Did you mean: '_Sentinel'?
[2026-05-13T16:30:29.392+0000] {processor.py:842} WARNING - No viable dags retrieved from /workspaces/Airflow_project/airflow_env/lib/python3.12/site-packages/airflow/example_dags/example_simplest_dag.py
[2026-05-13T16:30:29.412+0000] {processor.py:183} INFO - Processing /workspaces/Airflow_project/airflow_env/lib/python3.12/site-packages/airflow/example_dags/example_simplest_dag.py took 0.046 seconds
[2026-05-13T16:31:01.527+0000] {processor.py:161} INFO - Started process (PID=36280) to work on /workspaces/Airflow_project/airflow_env/lib/python3.12/site-packages/airflow/example_dags/example_simplest_dag.py
[2026-05-13T16:31:01.528+0000] {processor.py:830} INFO - Processing file /workspaces/Airflow_project/airflow_env/lib/python3.12/site-packages/airflow/example_dags/example_simplest_dag.py for tasks to queue
[2026-05-13T16:31:01.529+0000] {logging_mixin.py:188} INFO - [2026-05-13T16:31:01.528+0000] {dagbag.py:545} INFO - Filling up the DagBag from /workspaces/Airflow_project/airflow_env/lib/python3.12/site-packages/airflow/example_dags/example_simplest_dag.py
[2026-05-13T16:31:01.544+0000] {logging_mixin.py:188} INFO - [2026-05-13T16:31:01.537+0000] {dagbag.py:355} ERROR - Failed to import: /workspaces/Airflow_project/airflow_env/lib/python3.12/site-packages/airflow/example_dags/example_simplest_dag.py
Traceback (most recent call last):
  File "/workspaces/Airflow_project/airflow_env/lib/python3.12/site-packages/airflow/models/dagbag.py", line 351, in parse
    loader.exec_module(new_module)
  File "<frozen importlib._bootstrap_external>", line 994, in exec_module
  File "<frozen importlib._bootstrap>", line 488, in _call_with_frames_removed
  File "/workspaces/Airflow_project/airflow_env/lib/python3.12/site-packages/airflow/example_dags/example_simplest_dag.py", line 22, in <module>
    from airflow.sdk import dag, task
  File "/workspaces/Airflow_project/airflow_env/lib/python3.12/site-packages/airflow/sdk/__init__.py", line 245, in __getattr__
    mod = importlib.import_module(module_path, __name__)
          ^^^^^^^^^^^^^^^^^^^^^^^^^^^^^^^^^^^^^^^^^^^^^^
  File "/home/codespace/.python/current/lib/python3.12/importlib/__init__.py", line 90, in import_module
    return _bootstrap._gcd_import(name[level:], package, level)
           ^^^^^^^^^^^^^^^^^^^^^^^^^^^^^^^^^^^^^^^^^^^^^^^^^^^^
  File "/workspaces/Airflow_project/airflow_env/lib/python3.12/site-packages/airflow/sdk/definitions/dag.py", line 43, in <module>
    from airflow.sdk import TaskInstanceState, TriggerRule
  File "/workspaces/Airflow_project/airflow_env/lib/python3.12/site-packages/airflow/sdk/__init__.py", line 245, in __getattr__
    mod = importlib.import_module(module_path, __name__)
          ^^^^^^^^^^^^^^^^^^^^^^^^^^^^^^^^^^^^^^^^^^^^^^
  File "/home/codespace/.python/current/lib/python3.12/importlib/__init__.py", line 90, in import_module
    return _bootstrap._gcd_import(name[level:], package, level)
           ^^^^^^^^^^^^^^^^^^^^^^^^^^^^^^^^^^^^^^^^^^^^^^^^^^^^
  File "/workspaces/Airflow_project/airflow_env/lib/python3.12/site-packages/airflow/sdk/api/datamodels/_generated.py", line 28, in <module>
    from pydantic import AwareDatetime, BaseModel, ConfigDict, Field, JsonValue, RootModel
  File "/workspaces/Airflow_project/airflow_env/lib/python3.12/site-packages/pydantic/__init__.py", line 5, in <module>
    from ._migration import getattr_migration
  File "/workspaces/Airflow_project/airflow_env/lib/python3.12/site-packages/pydantic/_migration.py", line 4, in <module>
    from pydantic.warnings import PydanticDeprecatedSince20
  File "/workspaces/Airflow_project/airflow_env/lib/python3.12/site-packages/pydantic/warnings.py", line 5, in <module>
    from .version import version_short
  File "/workspaces/Airflow_project/airflow_env/lib/python3.12/site-packages/pydantic/version.py", line 7, in <module>
    from pydantic_core import __version__ as __pydantic_core_version__
  File "/workspaces/Airflow_project/airflow_env/lib/python3.12/site-packages/pydantic_core/__init__.py", line 6, in <module>
    from typing_extensions import Sentinel
ImportError: cannot import name 'Sentinel' from 'typing_extensions' (/workspaces/Airflow_project/airflow_env/lib/python3.12/site-packages/typing_extensions.py). Did you mean: '_Sentinel'?
[2026-05-13T16:31:01.547+0000] {processor.py:842} WARNING - No viable dags retrieved from /workspaces/Airflow_project/airflow_env/lib/python3.12/site-packages/airflow/example_dags/example_simplest_dag.py
[2026-05-13T16:31:01.573+0000] {processor.py:183} INFO - Processing /workspaces/Airflow_project/airflow_env/lib/python3.12/site-packages/airflow/example_dags/example_simplest_dag.py took 0.060 seconds
[2026-05-13T16:31:32.323+0000] {processor.py:161} INFO - Started process (PID=36700) to work on /workspaces/Airflow_project/airflow_env/lib/python3.12/site-packages/airflow/example_dags/example_simplest_dag.py
[2026-05-13T16:31:32.324+0000] {processor.py:830} INFO - Processing file /workspaces/Airflow_project/airflow_env/lib/python3.12/site-packages/airflow/example_dags/example_simplest_dag.py for tasks to queue
[2026-05-13T16:31:32.325+0000] {logging_mixin.py:188} INFO - [2026-05-13T16:31:32.324+0000] {dagbag.py:545} INFO - Filling up the DagBag from /workspaces/Airflow_project/airflow_env/lib/python3.12/site-packages/airflow/example_dags/example_simplest_dag.py
[2026-05-13T16:31:32.334+0000] {logging_mixin.py:188} INFO - [2026-05-13T16:31:32.331+0000] {dagbag.py:355} ERROR - Failed to import: /workspaces/Airflow_project/airflow_env/lib/python3.12/site-packages/airflow/example_dags/example_simplest_dag.py
Traceback (most recent call last):
  File "/workspaces/Airflow_project/airflow_env/lib/python3.12/site-packages/airflow/models/dagbag.py", line 351, in parse
    loader.exec_module(new_module)
  File "<frozen importlib._bootstrap_external>", line 994, in exec_module
  File "<frozen importlib._bootstrap>", line 488, in _call_with_frames_removed
  File "/workspaces/Airflow_project/airflow_env/lib/python3.12/site-packages/airflow/example_dags/example_simplest_dag.py", line 22, in <module>
    from airflow.sdk import dag, task
  File "/workspaces/Airflow_project/airflow_env/lib/python3.12/site-packages/airflow/sdk/__init__.py", line 245, in __getattr__
    mod = importlib.import_module(module_path, __name__)
          ^^^^^^^^^^^^^^^^^^^^^^^^^^^^^^^^^^^^^^^^^^^^^^
  File "/home/codespace/.python/current/lib/python3.12/importlib/__init__.py", line 90, in import_module
    return _bootstrap._gcd_import(name[level:], package, level)
           ^^^^^^^^^^^^^^^^^^^^^^^^^^^^^^^^^^^^^^^^^^^^^^^^^^^^
  File "/workspaces/Airflow_project/airflow_env/lib/python3.12/site-packages/airflow/sdk/definitions/dag.py", line 43, in <module>
    from airflow.sdk import TaskInstanceState, TriggerRule
  File "/workspaces/Airflow_project/airflow_env/lib/python3.12/site-packages/airflow/sdk/__init__.py", line 245, in __getattr__
    mod = importlib.import_module(module_path, __name__)
          ^^^^^^^^^^^^^^^^^^^^^^^^^^^^^^^^^^^^^^^^^^^^^^
  File "/home/codespace/.python/current/lib/python3.12/importlib/__init__.py", line 90, in import_module
    return _bootstrap._gcd_import(name[level:], package, level)
           ^^^^^^^^^^^^^^^^^^^^^^^^^^^^^^^^^^^^^^^^^^^^^^^^^^^^
  File "/workspaces/Airflow_project/airflow_env/lib/python3.12/site-packages/airflow/sdk/api/datamodels/_generated.py", line 28, in <module>
    from pydantic import AwareDatetime, BaseModel, ConfigDict, Field, JsonValue, RootModel
  File "/workspaces/Airflow_project/airflow_env/lib/python3.12/site-packages/pydantic/__init__.py", line 5, in <module>
    from ._migration import getattr_migration
  File "/workspaces/Airflow_project/airflow_env/lib/python3.12/site-packages/pydantic/_migration.py", line 4, in <module>
    from pydantic.warnings import PydanticDeprecatedSince20
  File "/workspaces/Airflow_project/airflow_env/lib/python3.12/site-packages/pydantic/warnings.py", line 5, in <module>
    from .version import version_short
  File "/workspaces/Airflow_project/airflow_env/lib/python3.12/site-packages/pydantic/version.py", line 7, in <module>
    from pydantic_core import __version__ as __pydantic_core_version__
  File "/workspaces/Airflow_project/airflow_env/lib/python3.12/site-packages/pydantic_core/__init__.py", line 6, in <module>
    from typing_extensions import Sentinel
ImportError: cannot import name 'Sentinel' from 'typing_extensions' (/workspaces/Airflow_project/airflow_env/lib/python3.12/site-packages/typing_extensions.py). Did you mean: '_Sentinel'?
[2026-05-13T16:31:32.336+0000] {processor.py:842} WARNING - No viable dags retrieved from /workspaces/Airflow_project/airflow_env/lib/python3.12/site-packages/airflow/example_dags/example_simplest_dag.py
[2026-05-13T16:31:32.422+0000] {processor.py:183} INFO - Processing /workspaces/Airflow_project/airflow_env/lib/python3.12/site-packages/airflow/example_dags/example_simplest_dag.py took 0.108 seconds
[2026-05-13T16:32:05.492+0000] {processor.py:161} INFO - Started process (PID=37131) to work on /workspaces/Airflow_project/airflow_env/lib/python3.12/site-packages/airflow/example_dags/example_simplest_dag.py
[2026-05-13T16:32:05.493+0000] {processor.py:830} INFO - Processing file /workspaces/Airflow_project/airflow_env/lib/python3.12/site-packages/airflow/example_dags/example_simplest_dag.py for tasks to queue
[2026-05-13T16:32:05.493+0000] {logging_mixin.py:188} INFO - [2026-05-13T16:32:05.493+0000] {dagbag.py:545} INFO - Filling up the DagBag from /workspaces/Airflow_project/airflow_env/lib/python3.12/site-packages/airflow/example_dags/example_simplest_dag.py
[2026-05-13T16:32:05.501+0000] {logging_mixin.py:188} INFO - [2026-05-13T16:32:05.498+0000] {dagbag.py:355} ERROR - Failed to import: /workspaces/Airflow_project/airflow_env/lib/python3.12/site-packages/airflow/example_dags/example_simplest_dag.py
Traceback (most recent call last):
  File "/workspaces/Airflow_project/airflow_env/lib/python3.12/site-packages/airflow/models/dagbag.py", line 351, in parse
    loader.exec_module(new_module)
  File "<frozen importlib._bootstrap_external>", line 994, in exec_module
  File "<frozen importlib._bootstrap>", line 488, in _call_with_frames_removed
  File "/workspaces/Airflow_project/airflow_env/lib/python3.12/site-packages/airflow/example_dags/example_simplest_dag.py", line 22, in <module>
    from airflow.sdk import dag, task
  File "/workspaces/Airflow_project/airflow_env/lib/python3.12/site-packages/airflow/sdk/__init__.py", line 245, in __getattr__
    mod = importlib.import_module(module_path, __name__)
          ^^^^^^^^^^^^^^^^^^^^^^^^^^^^^^^^^^^^^^^^^^^^^^
  File "/home/codespace/.python/current/lib/python3.12/importlib/__init__.py", line 90, in import_module
    return _bootstrap._gcd_import(name[level:], package, level)
           ^^^^^^^^^^^^^^^^^^^^^^^^^^^^^^^^^^^^^^^^^^^^^^^^^^^^
  File "/workspaces/Airflow_project/airflow_env/lib/python3.12/site-packages/airflow/sdk/definitions/dag.py", line 43, in <module>
    from airflow.sdk import TaskInstanceState, TriggerRule
  File "/workspaces/Airflow_project/airflow_env/lib/python3.12/site-packages/airflow/sdk/__init__.py", line 245, in __getattr__
    mod = importlib.import_module(module_path, __name__)
          ^^^^^^^^^^^^^^^^^^^^^^^^^^^^^^^^^^^^^^^^^^^^^^
  File "/home/codespace/.python/current/lib/python3.12/importlib/__init__.py", line 90, in import_module
    return _bootstrap._gcd_import(name[level:], package, level)
           ^^^^^^^^^^^^^^^^^^^^^^^^^^^^^^^^^^^^^^^^^^^^^^^^^^^^
  File "/workspaces/Airflow_project/airflow_env/lib/python3.12/site-packages/airflow/sdk/api/datamodels/_generated.py", line 28, in <module>
    from pydantic import AwareDatetime, BaseModel, ConfigDict, Field, JsonValue, RootModel
  File "/workspaces/Airflow_project/airflow_env/lib/python3.12/site-packages/pydantic/__init__.py", line 5, in <module>
    from ._migration import getattr_migration
  File "/workspaces/Airflow_project/airflow_env/lib/python3.12/site-packages/pydantic/_migration.py", line 4, in <module>
    from pydantic.warnings import PydanticDeprecatedSince20
  File "/workspaces/Airflow_project/airflow_env/lib/python3.12/site-packages/pydantic/warnings.py", line 5, in <module>
    from .version import version_short
  File "/workspaces/Airflow_project/airflow_env/lib/python3.12/site-packages/pydantic/version.py", line 7, in <module>
    from pydantic_core import __version__ as __pydantic_core_version__
  File "/workspaces/Airflow_project/airflow_env/lib/python3.12/site-packages/pydantic_core/__init__.py", line 6, in <module>
    from typing_extensions import Sentinel
ImportError: cannot import name 'Sentinel' from 'typing_extensions' (/workspaces/Airflow_project/airflow_env/lib/python3.12/site-packages/typing_extensions.py). Did you mean: '_Sentinel'?
[2026-05-13T16:32:05.503+0000] {processor.py:842} WARNING - No viable dags retrieved from /workspaces/Airflow_project/airflow_env/lib/python3.12/site-packages/airflow/example_dags/example_simplest_dag.py
[2026-05-13T16:32:05.518+0000] {processor.py:183} INFO - Processing /workspaces/Airflow_project/airflow_env/lib/python3.12/site-packages/airflow/example_dags/example_simplest_dag.py took 0.032 seconds
