[2026-05-13T16:28:52.424+0000] {processor.py:161} INFO - Started process (PID=34709) to work on /workspaces/Airflow_project/airflow_env/lib/python3.12/site-packages/airflow/example_dags/example_asset_alias.py
[2026-05-13T16:28:52.424+0000] {processor.py:830} INFO - Processing file /workspaces/Airflow_project/airflow_env/lib/python3.12/site-packages/airflow/example_dags/example_asset_alias.py for tasks to queue
[2026-05-13T16:28:52.426+0000] {logging_mixin.py:188} INFO - [2026-05-13T16:28:52.426+0000] {dagbag.py:545} INFO - Filling up the DagBag from /workspaces/Airflow_project/airflow_env/lib/python3.12/site-packages/airflow/example_dags/example_asset_alias.py
[2026-05-13T16:28:52.435+0000] {logging_mixin.py:188} INFO - [2026-05-13T16:28:52.431+0000] {dagbag.py:355} ERROR - Failed to import: /workspaces/Airflow_project/airflow_env/lib/python3.12/site-packages/airflow/example_dags/example_asset_alias.py
Traceback (most recent call last):
  File "/workspaces/Airflow_project/airflow_env/lib/python3.12/site-packages/airflow/models/dagbag.py", line 351, in parse
    loader.exec_module(new_module)
  File "<frozen importlib._bootstrap_external>", line 994, in exec_module
  File "<frozen importlib._bootstrap>", line 488, in _call_with_frames_removed
  File "/workspaces/Airflow_project/airflow_env/lib/python3.12/site-packages/airflow/example_dags/example_asset_alias.py", line 38, in <module>
    from airflow.sdk import DAG, Asset, AssetAlias, task
  File "/workspaces/Airflow_project/airflow_env/lib/python3.12/site-packages/airflow/sdk/__init__.py", line 245, in __getattr__
    mod = importlib.import_module(module_path, __name__)
          ^^^^^^^^^^^^^^^^^^^^^^^^^^^^^^^^^^^^^^^^^^^^^^
  File "/home/codespace/.python/current/lib/python3.12/importlib/__init__.py", line 90, in import_module
    return _bootstrap._gcd_import(name[level:], package, level)
           ^^^^^^^^^^^^^^^^^^^^^^^^^^^^^^^^^^^^^^^^^^^^^^^^^^^^
  File "/workspaces/Airflow_project/airflow_env/lib/python3.12/site-packages/airflow/sdk/definitions/dag.py", line 43, in <module>
    from airflow.sdk import TaskInstanceState, TriggerRule
  File "/workspaces/Airflow_project/airflow_env/lib/python3.12/site-packages/airflow/sdk/__init__.py", line 245, in __getattr__
    mod = importlib.import_module(module_path, __name__)
          ^^^^^^^^^^^^^^^^^^^^^^^^^^^^^^^^^^^^^^^^^^^^^^
  File "/home/codespace/.python/current/lib/python3.12/importlib/__init__.py", line 90, in import_module
    return _bootstrap._gcd_import(name[level:], package, level)
           ^^^^^^^^^^^^^^^^^^^^^^^^^^^^^^^^^^^^^^^^^^^^^^^^^^^^
  File "/workspaces/Airflow_project/airflow_env/lib/python3.12/site-packages/airflow/sdk/api/datamodels/_generated.py", line 28, in <module>
    from pydantic import AwareDatetime, BaseModel, ConfigDict, Field, JsonValue, RootModel
  File "/workspaces/Airflow_project/airflow_env/lib/python3.12/site-packages/pydantic/__init__.py", line 5, in <module>
    from ._migration import getattr_migration
  File "/workspaces/Airflow_project/airflow_env/lib/python3.12/site-packages/pydantic/_migration.py", line 4, in <module>
    from pydantic.warnings import PydanticDeprecatedSince20
  File "/workspaces/Airflow_project/airflow_env/lib/python3.12/site-packages/pydantic/warnings.py", line 5, in <module>
    from .version import version_short
  File "/workspaces/Airflow_project/airflow_env/lib/python3.12/site-packages/pydantic/version.py", line 7, in <module>
    from pydantic_core import __version__ as __pydantic_core_version__
  File "/workspaces/Airflow_project/airflow_env/lib/python3.12/site-packages/pydantic_core/__init__.py", line 6, in <module>
    from typing_extensions import Sentinel
ImportError: cannot import name 'Sentinel' from 'typing_extensions' (/workspaces/Airflow_project/airflow_env/lib/python3.12/site-packages/typing_extensions.py). Did you mean: '_Sentinel'?
[2026-05-13T16:28:52.438+0000] {processor.py:842} WARNING - No viable dags retrieved from /workspaces/Airflow_project/airflow_env/lib/python3.12/site-packages/airflow/example_dags/example_asset_alias.py
[2026-05-13T16:28:52.455+0000] {processor.py:183} INFO - Processing /workspaces/Airflow_project/airflow_env/lib/python3.12/site-packages/airflow/example_dags/example_asset_alias.py took 0.037 seconds
[2026-05-13T16:30:37.135+0000] {processor.py:161} INFO - Started process (PID=35904) to work on /workspaces/Airflow_project/airflow_env/lib/python3.12/site-packages/airflow/example_dags/example_asset_alias.py
[2026-05-13T16:30:37.136+0000] {processor.py:830} INFO - Processing file /workspaces/Airflow_project/airflow_env/lib/python3.12/site-packages/airflow/example_dags/example_asset_alias.py for tasks to queue
[2026-05-13T16:30:37.138+0000] {logging_mixin.py:188} INFO - [2026-05-13T16:30:37.138+0000] {dagbag.py:545} INFO - Filling up the DagBag from /workspaces/Airflow_project/airflow_env/lib/python3.12/site-packages/airflow/example_dags/example_asset_alias.py
[2026-05-13T16:30:37.150+0000] {logging_mixin.py:188} INFO - [2026-05-13T16:30:37.144+0000] {dagbag.py:355} ERROR - Failed to import: /workspaces/Airflow_project/airflow_env/lib/python3.12/site-packages/airflow/example_dags/example_asset_alias.py
Traceback (most recent call last):
  File "/workspaces/Airflow_project/airflow_env/lib/python3.12/site-packages/airflow/models/dagbag.py", line 351, in parse
  File "<frozen importlib._bootstrap_external>", line 994, in exec_module
  File "<frozen importlib._bootstrap>", line 488, in _call_with_frames_removed
  File "/workspaces/Airflow_project/airflow_env/lib/python3.12/site-packages/airflow/example_dags/example_asset_alias.py", line 38, in <module>
    from airflow.sdk import DAG, Asset, AssetAlias, task
  File "/workspaces/Airflow_project/airflow_env/lib/python3.12/site-packages/airflow/sdk/__init__.py", line 245, in __getattr__
    mod = importlib.import_module(module_path, __name__)
          ^^^^^^^^^^^^^^^^^^^^^^^^^^^^^^^^^^^^^^^^^^^^^^
  File "/home/codespace/.python/current/lib/python3.12/importlib/__init__.py", line 90, in import_module
    return _bootstrap._gcd_import(name[level:], package, level)
           ^^^^^^^^^^^^^^^^^^^^^^^^^^^^^^^^^^^^^^^^^^^^^^^^^^^^
  File "/workspaces/Airflow_project/airflow_env/lib/python3.12/site-packages/airflow/sdk/definitions/dag.py", line 43, in <module>
    from airflow.sdk import TaskInstanceState, TriggerRule
  File "/workspaces/Airflow_project/airflow_env/lib/python3.12/site-packages/airflow/sdk/__init__.py", line 245, in __getattr__
    mod = importlib.import_module(module_path, __name__)
          ^^^^^^^^^^^^^^^^^^^^^^^^^^^^^^^^^^^^^^^^^^^^^^
  File "/home/codespace/.python/current/lib/python3.12/importlib/__init__.py", line 90, in import_module
    return _bootstrap._gcd_import(name[level:], package, level)
           ^^^^^^^^^^^^^^^^^^^^^^^^^^^^^^^^^^^^^^^^^^^^^^^^^^^^
  File "/workspaces/Airflow_project/airflow_env/lib/python3.12/site-packages/airflow/sdk/api/datamodels/_generated.py", line 28, in <module>
    from pydantic import AwareDatetime, BaseModel, ConfigDict, Field, JsonValue, RootModel
  File "/workspaces/Airflow_project/airflow_env/lib/python3.12/site-packages/pydantic/__init__.py", line 5, in <module>
    from ._migration import getattr_migration
  File "/workspaces/Airflow_project/airflow_env/lib/python3.12/site-packages/pydantic/_migration.py", line 4, in <module>
    from pydantic.warnings import PydanticDeprecatedSince20
  File "/workspaces/Airflow_project/airflow_env/lib/python3.12/site-packages/pydantic/warnings.py", line 5, in <module>
    from .version import version_short
  File "/workspaces/Airflow_project/airflow_env/lib/python3.12/site-packages/pydantic/version.py", line 7, in <module>
    from pydantic_core import __version__ as __pydantic_core_version__
  File "/workspaces/Airflow_project/airflow_env/lib/python3.12/site-packages/pydantic_core/__init__.py", line 6, in <module>
    from typing_extensions import Sentinel
ImportError: cannot import name 'Sentinel' from 'typing_extensions' (/workspaces/Airflow_project/airflow_env/lib/python3.12/site-packages/typing_extensions.py). Did you mean: '_Sentinel'?
[2026-05-13T16:30:37.153+0000] {processor.py:842} WARNING - No viable dags retrieved from /workspaces/Airflow_project/airflow_env/lib/python3.12/site-packages/airflow/example_dags/example_asset_alias.py
[2026-05-13T16:30:37.174+0000] {processor.py:183} INFO - Processing /workspaces/Airflow_project/airflow_env/lib/python3.12/site-packages/airflow/example_dags/example_asset_alias.py took 0.049 seconds
[2026-05-13T16:31:09.241+0000] {processor.py:161} INFO - Started process (PID=36392) to work on /workspaces/Airflow_project/airflow_env/lib/python3.12/site-packages/airflow/example_dags/example_asset_alias.py
[2026-05-13T16:31:09.242+0000] {processor.py:830} INFO - Processing file /workspaces/Airflow_project/airflow_env/lib/python3.12/site-packages/airflow/example_dags/example_asset_alias.py for tasks to queue
[2026-05-13T16:31:09.243+0000] {logging_mixin.py:188} INFO - [2026-05-13T16:31:09.242+0000] {dagbag.py:545} INFO - Filling up the DagBag from /workspaces/Airflow_project/airflow_env/lib/python3.12/site-packages/airflow/example_dags/example_asset_alias.py
[2026-05-13T16:31:09.251+0000] {logging_mixin.py:188} INFO - [2026-05-13T16:31:09.248+0000] {dagbag.py:355} ERROR - Failed to import: /workspaces/Airflow_project/airflow_env/lib/python3.12/site-packages/airflow/example_dags/example_asset_alias.py
Traceback (most recent call last):
  File "/workspaces/Airflow_project/airflow_env/lib/python3.12/site-packages/airflow/models/dagbag.py", line 351, in parse
    loader.exec_module(new_module)
  File "<frozen importlib._bootstrap_external>", line 994, in exec_module
  File "<frozen importlib._bootstrap>", line 488, in _call_with_frames_removed
  File "/workspaces/Airflow_project/airflow_env/lib/python3.12/site-packages/airflow/example_dags/example_asset_alias.py", line 38, in <module>
    from airflow.sdk import DAG, Asset, AssetAlias, task
  File "/workspaces/Airflow_project/airflow_env/lib/python3.12/site-packages/airflow/sdk/__init__.py", line 245, in __getattr__
    mod = importlib.import_module(module_path, __name__)
          ^^^^^^^^^^^^^^^^^^^^^^^^^^^^^^^^^^^^^^^^^^^^^^
  File "/home/codespace/.python/current/lib/python3.12/importlib/__init__.py", line 90, in import_module
    return _bootstrap._gcd_import(name[level:], package, level)
           ^^^^^^^^^^^^^^^^^^^^^^^^^^^^^^^^^^^^^^^^^^^^^^^^^^^^
  File "/workspaces/Airflow_project/airflow_env/lib/python3.12/site-packages/airflow/sdk/definitions/dag.py", line 43, in <module>
    from airflow.sdk import TaskInstanceState, TriggerRule
  File "/workspaces/Airflow_project/airflow_env/lib/python3.12/site-packages/airflow/sdk/__init__.py", line 245, in __getattr__
    mod = importlib.import_module(module_path, __name__)
          ^^^^^^^^^^^^^^^^^^^^^^^^^^^^^^^^^^^^^^^^^^^^^^
  File "/home/codespace/.python/current/lib/python3.12/importlib/__init__.py", line 90, in import_module
    return _bootstrap._gcd_import(name[level:], package, level)
           ^^^^^^^^^^^^^^^^^^^^^^^^^^^^^^^^^^^^^^^^^^^^^^^^^^^^
  File "/workspaces/Airflow_project/airflow_env/lib/python3.12/site-packages/airflow/sdk/api/datamodels/_generated.py", line 28, in <module>
    from pydantic import AwareDatetime, BaseModel, ConfigDict, Field, JsonValue, RootModel
  File "/workspaces/Airflow_project/airflow_env/lib/python3.12/site-packages/pydantic/__init__.py", line 5, in <module>
    from ._migration import getattr_migration
  File "/workspaces/Airflow_project/airflow_env/lib/python3.12/site-packages/pydantic/_migration.py", line 4, in <module>
    from pydantic.warnings import PydanticDeprecatedSince20
  File "/workspaces/Airflow_project/airflow_env/lib/python3.12/site-packages/pydantic/warnings.py", line 5, in <module>
    from .version import version_short
  File "/workspaces/Airflow_project/airflow_env/lib/python3.12/site-packages/pydantic/version.py", line 7, in <module>
    from pydantic_core import __version__ as __pydantic_core_version__
  File "/workspaces/Airflow_project/airflow_env/lib/python3.12/site-packages/pydantic_core/__init__.py", line 6, in <module>
    from typing_extensions import Sentinel
ImportError: cannot import name 'Sentinel' from 'typing_extensions' (/workspaces/Airflow_project/airflow_env/lib/python3.12/site-packages/typing_extensions.py). Did you mean: '_Sentinel'?
[2026-05-13T16:31:09.253+0000] {processor.py:842} WARNING - No viable dags retrieved from /workspaces/Airflow_project/airflow_env/lib/python3.12/site-packages/airflow/example_dags/example_asset_alias.py
[2026-05-13T16:31:09.286+0000] {processor.py:183} INFO - Processing /workspaces/Airflow_project/airflow_env/lib/python3.12/site-packages/airflow/example_dags/example_asset_alias.py took 0.050 seconds
[2026-05-13T16:31:42.631+0000] {processor.py:161} INFO - Started process (PID=36836) to work on /workspaces/Airflow_project/airflow_env/lib/python3.12/site-packages/airflow/example_dags/example_asset_alias.py
[2026-05-13T16:31:42.631+0000] {processor.py:830} INFO - Processing file /workspaces/Airflow_project/airflow_env/lib/python3.12/site-packages/airflow/example_dags/example_asset_alias.py for tasks to queue
[2026-05-13T16:31:42.632+0000] {logging_mixin.py:188} INFO - [2026-05-13T16:31:42.632+0000] {dagbag.py:545} INFO - Filling up the DagBag from /workspaces/Airflow_project/airflow_env/lib/python3.12/site-packages/airflow/example_dags/example_asset_alias.py
[2026-05-13T16:31:42.640+0000] {logging_mixin.py:188} INFO - [2026-05-13T16:31:42.636+0000] {dagbag.py:355} ERROR - Failed to import: /workspaces/Airflow_project/airflow_env/lib/python3.12/site-packages/airflow/example_dags/example_asset_alias.py
Traceback (most recent call last):
  File "/workspaces/Airflow_project/airflow_env/lib/python3.12/site-packages/airflow/models/dagbag.py", line 351, in parse
    loader.exec_module(new_module)
  File "<frozen importlib._bootstrap_external>", line 994, in exec_module
  File "<frozen importlib._bootstrap>", line 488, in _call_with_frames_removed
  File "/workspaces/Airflow_project/airflow_env/lib/python3.12/site-packages/airflow/example_dags/example_asset_alias.py", line 38, in <module>
    from airflow.sdk import DAG, Asset, AssetAlias, task
  File "/workspaces/Airflow_project/airflow_env/lib/python3.12/site-packages/airflow/sdk/__init__.py", line 245, in __getattr__
    mod = importlib.import_module(module_path, __name__)
          ^^^^^^^^^^^^^^^^^^^^^^^^^^^^^^^^^^^^^^^^^^^^^^
  File "/home/codespace/.python/current/lib/python3.12/importlib/__init__.py", line 90, in import_module
    return _bootstrap._gcd_import(name[level:], package, level)
           ^^^^^^^^^^^^^^^^^^^^^^^^^^^^^^^^^^^^^^^^^^^^^^^^^^^^
  File "/workspaces/Airflow_project/airflow_env/lib/python3.12/site-packages/airflow/sdk/definitions/dag.py", line 43, in <module>
    from airflow.sdk import TaskInstanceState, TriggerRule
  File "/workspaces/Airflow_project/airflow_env/lib/python3.12/site-packages/airflow/sdk/__init__.py", line 245, in __getattr__
    mod = importlib.import_module(module_path, __name__)
          ^^^^^^^^^^^^^^^^^^^^^^^^^^^^^^^^^^^^^^^^^^^^^^
  File "/home/codespace/.python/current/lib/python3.12/importlib/__init__.py", line 90, in import_module
    return _bootstrap._gcd_import(name[level:], package, level)
           ^^^^^^^^^^^^^^^^^^^^^^^^^^^^^^^^^^^^^^^^^^^^^^^^^^^^
  File "/workspaces/Airflow_project/airflow_env/lib/python3.12/site-packages/airflow/sdk/api/datamodels/_generated.py", line 28, in <module>
    from pydantic import AwareDatetime, BaseModel, ConfigDict, Field, JsonValue, RootModel
  File "/workspaces/Airflow_project/airflow_env/lib/python3.12/site-packages/pydantic/__init__.py", line 5, in <module>
    from ._migration import getattr_migration
  File "/workspaces/Airflow_project/airflow_env/lib/python3.12/site-packages/pydantic/_migration.py", line 4, in <module>
    from pydantic.warnings import PydanticDeprecatedSince20
  File "/workspaces/Airflow_project/airflow_env/lib/python3.12/site-packages/pydantic/warnings.py", line 5, in <module>
    from .version import version_short
  File "/workspaces/Airflow_project/airflow_env/lib/python3.12/site-packages/pydantic/version.py", line 7, in <module>
    from pydantic_core import __version__ as __pydantic_core_version__
  File "/workspaces/Airflow_project/airflow_env/lib/python3.12/site-packages/pydantic_core/__init__.py", line 6, in <module>
    from typing_extensions import Sentinel
ImportError: cannot import name 'Sentinel' from 'typing_extensions' (/workspaces/Airflow_project/airflow_env/lib/python3.12/site-packages/typing_extensions.py). Did you mean: '_Sentinel'?
[2026-05-13T16:31:42.642+0000] {processor.py:842} WARNING - No viable dags retrieved from /workspaces/Airflow_project/airflow_env/lib/python3.12/site-packages/airflow/example_dags/example_asset_alias.py
[2026-05-13T16:31:42.692+0000] {processor.py:183} INFO - Processing /workspaces/Airflow_project/airflow_env/lib/python3.12/site-packages/airflow/example_dags/example_asset_alias.py took 0.067 seconds
[2026-05-13T16:32:14.592+0000] {processor.py:161} INFO - Started process (PID=37240) to work on /workspaces/Airflow_project/airflow_env/lib/python3.12/site-packages/airflow/example_dags/example_asset_alias.py
[2026-05-13T16:32:14.594+0000] {processor.py:830} INFO - Processing file /workspaces/Airflow_project/airflow_env/lib/python3.12/site-packages/airflow/example_dags/example_asset_alias.py for tasks to queue
[2026-05-13T16:32:14.595+0000] {logging_mixin.py:188} INFO - [2026-05-13T16:32:14.595+0000] {dagbag.py:545} INFO - Filling up the DagBag from /workspaces/Airflow_project/airflow_env/lib/python3.12/site-packages/airflow/example_dags/example_asset_alias.py
[2026-05-13T16:32:14.612+0000] {logging_mixin.py:188} INFO - [2026-05-13T16:32:14.606+0000] {dagbag.py:355} ERROR - Failed to import: /workspaces/Airflow_project/airflow_env/lib/python3.12/site-packages/airflow/example_dags/example_asset_alias.py
Traceback (most recent call last):
  File "/workspaces/Airflow_project/airflow_env/lib/python3.12/site-packages/airflow/models/dagbag.py", line 351, in parse
    loader.exec_module(new_module)
  File "<frozen importlib._bootstrap_external>", line 994, in exec_module
  File "<frozen importlib._bootstrap>", line 488, in _call_with_frames_removed
  File "/workspaces/Airflow_project/airflow_env/lib/python3.12/site-packages/airflow/example_dags/example_asset_alias.py", line 38, in <module>
    from airflow.sdk import DAG, Asset, AssetAlias, task
  File "/workspaces/Airflow_project/airflow_env/lib/python3.12/site-packages/airflow/sdk/__init__.py", line 245, in __getattr__
    mod = importlib.import_module(module_path, __name__)
          ^^^^^^^^^^^^^^^^^^^^^^^^^^^^^^^^^^^^^^^^^^^^^^
  File "/home/codespace/.python/current/lib/python3.12/importlib/__init__.py", line 90, in import_module
    return _bootstrap._gcd_import(name[level:], package, level)
           ^^^^^^^^^^^^^^^^^^^^^^^^^^^^^^^^^^^^^^^^^^^^^^^^^^^^
  File "/workspaces/Airflow_project/airflow_env/lib/python3.12/site-packages/airflow/sdk/definitions/dag.py", line 43, in <module>
    from airflow.sdk import TaskInstanceState, TriggerRule
  File "/workspaces/Airflow_project/airflow_env/lib/python3.12/site-packages/airflow/sdk/__init__.py", line 245, in __getattr__
    mod = importlib.import_module(module_path, __name__)
          ^^^^^^^^^^^^^^^^^^^^^^^^^^^^^^^^^^^^^^^^^^^^^^
  File "/home/codespace/.python/current/lib/python3.12/importlib/__init__.py", line 90, in import_module
    return _bootstrap._gcd_import(name[level:], package, level)
           ^^^^^^^^^^^^^^^^^^^^^^^^^^^^^^^^^^^^^^^^^^^^^^^^^^^^
  File "/workspaces/Airflow_project/airflow_env/lib/python3.12/site-packages/airflow/sdk/api/datamodels/_generated.py", line 28, in <module>
    from pydantic import AwareDatetime, BaseModel, ConfigDict, Field, JsonValue, RootModel
  File "/workspaces/Airflow_project/airflow_env/lib/python3.12/site-packages/pydantic/__init__.py", line 5, in <module>
    from ._migration import getattr_migration
  File "/workspaces/Airflow_project/airflow_env/lib/python3.12/site-packages/pydantic/_migration.py", line 4, in <module>
    from pydantic.warnings import PydanticDeprecatedSince20
  File "/workspaces/Airflow_project/airflow_env/lib/python3.12/site-packages/pydantic/warnings.py", line 5, in <module>
    from .version import version_short
  File "/workspaces/Airflow_project/airflow_env/lib/python3.12/site-packages/pydantic/version.py", line 7, in <module>
    from pydantic_core import __version__ as __pydantic_core_version__
  File "/workspaces/Airflow_project/airflow_env/lib/python3.12/site-packages/pydantic_core/__init__.py", line 6, in <module>
    from typing_extensions import Sentinel
ImportError: cannot import name 'Sentinel' from 'typing_extensions' (/workspaces/Airflow_project/airflow_env/lib/python3.12/site-packages/typing_extensions.py). Did you mean: '_Sentinel'?
[2026-05-13T16:32:14.622+0000] {processor.py:842} WARNING - No viable dags retrieved from /workspaces/Airflow_project/airflow_env/lib/python3.12/site-packages/airflow/example_dags/example_asset_alias.py
[2026-05-13T16:32:14.650+0000] {processor.py:183} INFO - Processing /workspaces/Airflow_project/airflow_env/lib/python3.12/site-packages/airflow/example_dags/example_asset_alias.py took 0.068 seconds
