[2026-05-13T16:28:29.896+0000] {processor.py:161} INFO - Started process (PID=34384) to work on /workspaces/Airflow_project/airflow_env/lib/python3.12/site-packages/airflow/example_dags/standard/example_sensor_decorator.py
[2026-05-13T16:28:29.897+0000] {processor.py:830} INFO - Processing file /workspaces/Airflow_project/airflow_env/lib/python3.12/site-packages/airflow/example_dags/standard/example_sensor_decorator.py for tasks to queue
[2026-05-13T16:28:29.898+0000] {logging_mixin.py:188} INFO - [2026-05-13T16:28:29.897+0000] {dagbag.py:545} INFO - Filling up the DagBag from /workspaces/Airflow_project/airflow_env/lib/python3.12/site-packages/airflow/example_dags/standard/example_sensor_decorator.py
[2026-05-13T16:28:30.029+0000] {logging_mixin.py:188} INFO - [2026-05-13T16:28:30.025+0000] {dagbag.py:355} ERROR - Failed to import: /workspaces/Airflow_project/airflow_env/lib/python3.12/site-packages/airflow/example_dags/standard/example_sensor_decorator.py
Traceback (most recent call last):
  File "/workspaces/Airflow_project/airflow_env/lib/python3.12/site-packages/airflow/models/dagbag.py", line 351, in parse
    loader.exec_module(new_module)
  File "<frozen importlib._bootstrap_external>", line 994, in exec_module
  File "<frozen importlib._bootstrap>", line 488, in _call_with_frames_removed
  File "/workspaces/Airflow_project/airflow_env/lib/python3.12/site-packages/airflow/example_dags/standard/example_sensor_decorator.py", line 27, in <module>
    from airflow.sdk import PokeReturnValue, dag, task
  File "/workspaces/Airflow_project/airflow_env/lib/python3.12/site-packages/airflow/sdk/__init__.py", line 245, in __getattr__
    mod = importlib.import_module(module_path, __name__)
          ^^^^^^^^^^^^^^^^^^^^^^^^^^^^^^^^^^^^^^^^^^^^^^
  File "/home/codespace/.python/current/lib/python3.12/importlib/__init__.py", line 90, in import_module
    return _bootstrap._gcd_import(name[level:], package, level)
           ^^^^^^^^^^^^^^^^^^^^^^^^^^^^^^^^^^^^^^^^^^^^^^^^^^^^
  File "/workspaces/Airflow_project/airflow_env/lib/python3.12/site-packages/airflow/sdk/bases/sensor.py", line 29, in <module>
    from airflow.sdk.bases.operator import BaseOperator
  File "/workspaces/Airflow_project/airflow_env/lib/python3.12/site-packages/airflow/sdk/bases/operator.py", line 40, in <module>
    from airflow.sdk import TriggerRule, timezone
  File "/workspaces/Airflow_project/airflow_env/lib/python3.12/site-packages/airflow/sdk/__init__.py", line 245, in __getattr__
    mod = importlib.import_module(module_path, __name__)
          ^^^^^^^^^^^^^^^^^^^^^^^^^^^^^^^^^^^^^^^^^^^^^^
  File "/home/codespace/.python/current/lib/python3.12/importlib/__init__.py", line 90, in import_module
    return _bootstrap._gcd_import(name[level:], package, level)
           ^^^^^^^^^^^^^^^^^^^^^^^^^^^^^^^^^^^^^^^^^^^^^^^^^^^^
  File "/workspaces/Airflow_project/airflow_env/lib/python3.12/site-packages/airflow/sdk/api/datamodels/_generated.py", line 28, in <module>
    from pydantic import AwareDatetime, BaseModel, ConfigDict, Field, JsonValue, RootModel
  File "/workspaces/Airflow_project/airflow_env/lib/python3.12/site-packages/pydantic/__init__.py", line 5, in <module>
    from ._migration import getattr_migration
  File "/workspaces/Airflow_project/airflow_env/lib/python3.12/site-packages/pydantic/_migration.py", line 4, in <module>
    from pydantic.warnings import PydanticDeprecatedSince20
  File "/workspaces/Airflow_project/airflow_env/lib/python3.12/site-packages/pydantic/warnings.py", line 5, in <module>
    from .version import version_short
  File "/workspaces/Airflow_project/airflow_env/lib/python3.12/site-packages/pydantic/version.py", line 7, in <module>
    from pydantic_core import __version__ as __pydantic_core_version__
  File "/workspaces/Airflow_project/airflow_env/lib/python3.12/site-packages/pydantic_core/__init__.py", line 6, in <module>
    from typing_extensions import Sentinel
ImportError: cannot import name 'Sentinel' from 'typing_extensions' (/workspaces/Airflow_project/airflow_env/lib/python3.12/site-packages/typing_extensions.py). Did you mean: '_Sentinel'?
[2026-05-13T16:28:30.032+0000] {processor.py:842} WARNING - No viable dags retrieved from /workspaces/Airflow_project/airflow_env/lib/python3.12/site-packages/airflow/example_dags/standard/example_sensor_decorator.py
[2026-05-13T16:28:30.067+0000] {processor.py:183} INFO - Processing /workspaces/Airflow_project/airflow_env/lib/python3.12/site-packages/airflow/example_dags/standard/example_sensor_decorator.py took 0.176 seconds
[2026-05-13T16:30:14.704+0000] {processor.py:161} INFO - Started process (PID=35541) to work on /workspaces/Airflow_project/airflow_env/lib/python3.12/site-packages/airflow/example_dags/standard/example_sensor_decorator.py
[2026-05-13T16:30:14.705+0000] {processor.py:830} INFO - Processing file /workspaces/Airflow_project/airflow_env/lib/python3.12/site-packages/airflow/example_dags/standard/example_sensor_decorator.py for tasks to queue
[2026-05-13T16:30:14.707+0000] {logging_mixin.py:188} INFO - [2026-05-13T16:30:14.706+0000] {dagbag.py:545} INFO - Filling up the DagBag from /workspaces/Airflow_project/airflow_env/lib/python3.12/site-packages/airflow/example_dags/standard/example_sensor_decorator.py
[2026-05-13T16:30:14.724+0000] {logging_mixin.py:188} INFO - [2026-05-13T16:30:14.720+0000] {dagbag.py:355} ERROR - Failed to import: /workspaces/Airflow_project/airflow_env/lib/python3.12/site-packages/airflow/example_dags/standard/example_sensor_decorator.py
Traceback (most recent call last):
  File "/workspaces/Airflow_project/airflow_env/lib/python3.12/site-packages/airflow/models/dagbag.py", line 351, in parse
  File "<frozen importlib._bootstrap_external>", line 994, in exec_module
  File "<frozen importlib._bootstrap>", line 488, in _call_with_frames_removed
  File "/workspaces/Airflow_project/airflow_env/lib/python3.12/site-packages/airflow/example_dags/standard/example_sensor_decorator.py", line 27, in <module>
    from airflow.sdk import PokeReturnValue, dag, task
  File "/workspaces/Airflow_project/airflow_env/lib/python3.12/site-packages/airflow/sdk/__init__.py", line 245, in __getattr__
    mod = importlib.import_module(module_path, __name__)
          ^^^^^^^^^^^^^^^^^^^^^^^^^^^^^^^^^^^^^^^^^^^^^^
  File "/home/codespace/.python/current/lib/python3.12/importlib/__init__.py", line 90, in import_module
    return _bootstrap._gcd_import(name[level:], package, level)
           ^^^^^^^^^^^^^^^^^^^^^^^^^^^^^^^^^^^^^^^^^^^^^^^^^^^^
  File "/workspaces/Airflow_project/airflow_env/lib/python3.12/site-packages/airflow/sdk/bases/sensor.py", line 29, in <module>
    from airflow.sdk.bases.operator import BaseOperator
  File "/workspaces/Airflow_project/airflow_env/lib/python3.12/site-packages/airflow/sdk/bases/operator.py", line 40, in <module>
    from airflow.sdk import TriggerRule, timezone
  File "/workspaces/Airflow_project/airflow_env/lib/python3.12/site-packages/airflow/sdk/__init__.py", line 245, in __getattr__
    mod = importlib.import_module(module_path, __name__)
          ^^^^^^^^^^^^^^^^^^^^^^^^^^^^^^^^^^^^^^^^^^^^^^
  File "/home/codespace/.python/current/lib/python3.12/importlib/__init__.py", line 90, in import_module
    return _bootstrap._gcd_import(name[level:], package, level)
           ^^^^^^^^^^^^^^^^^^^^^^^^^^^^^^^^^^^^^^^^^^^^^^^^^^^^
  File "/workspaces/Airflow_project/airflow_env/lib/python3.12/site-packages/airflow/sdk/api/datamodels/_generated.py", line 28, in <module>
    from pydantic import AwareDatetime, BaseModel, ConfigDict, Field, JsonValue, RootModel
  File "/workspaces/Airflow_project/airflow_env/lib/python3.12/site-packages/pydantic/__init__.py", line 5, in <module>
    from ._migration import getattr_migration
  File "/workspaces/Airflow_project/airflow_env/lib/python3.12/site-packages/pydantic/_migration.py", line 4, in <module>
    from pydantic.warnings import PydanticDeprecatedSince20
  File "/workspaces/Airflow_project/airflow_env/lib/python3.12/site-packages/pydantic/warnings.py", line 5, in <module>
    from .version import version_short
  File "/workspaces/Airflow_project/airflow_env/lib/python3.12/site-packages/pydantic/version.py", line 7, in <module>
    from pydantic_core import __version__ as __pydantic_core_version__
  File "/workspaces/Airflow_project/airflow_env/lib/python3.12/site-packages/pydantic_core/__init__.py", line 6, in <module>
    from typing_extensions import Sentinel
ImportError: cannot import name 'Sentinel' from 'typing_extensions' (/workspaces/Airflow_project/airflow_env/lib/python3.12/site-packages/typing_extensions.py). Did you mean: '_Sentinel'?
[2026-05-13T16:30:14.726+0000] {processor.py:842} WARNING - No viable dags retrieved from /workspaces/Airflow_project/airflow_env/lib/python3.12/site-packages/airflow/example_dags/standard/example_sensor_decorator.py
[2026-05-13T16:30:14.758+0000] {processor.py:183} INFO - Processing /workspaces/Airflow_project/airflow_env/lib/python3.12/site-packages/airflow/example_dags/standard/example_sensor_decorator.py took 0.062 seconds
[2026-05-13T16:30:46.226+0000] {processor.py:161} INFO - Started process (PID=36062) to work on /workspaces/Airflow_project/airflow_env/lib/python3.12/site-packages/airflow/example_dags/standard/example_sensor_decorator.py
[2026-05-13T16:30:46.227+0000] {processor.py:830} INFO - Processing file /workspaces/Airflow_project/airflow_env/lib/python3.12/site-packages/airflow/example_dags/standard/example_sensor_decorator.py for tasks to queue
[2026-05-13T16:30:46.228+0000] {logging_mixin.py:188} INFO - [2026-05-13T16:30:46.228+0000] {dagbag.py:545} INFO - Filling up the DagBag from /workspaces/Airflow_project/airflow_env/lib/python3.12/site-packages/airflow/example_dags/standard/example_sensor_decorator.py
[2026-05-13T16:30:46.252+0000] {logging_mixin.py:188} INFO - [2026-05-13T16:30:46.246+0000] {dagbag.py:355} ERROR - Failed to import: /workspaces/Airflow_project/airflow_env/lib/python3.12/site-packages/airflow/example_dags/standard/example_sensor_decorator.py
Traceback (most recent call last):
  File "/workspaces/Airflow_project/airflow_env/lib/python3.12/site-packages/airflow/models/dagbag.py", line 351, in parse
  File "<frozen importlib._bootstrap_external>", line 994, in exec_module
  File "<frozen importlib._bootstrap>", line 488, in _call_with_frames_removed
  File "/workspaces/Airflow_project/airflow_env/lib/python3.12/site-packages/airflow/example_dags/standard/example_sensor_decorator.py", line 27, in <module>
    from airflow.sdk import PokeReturnValue, dag, task
  File "/workspaces/Airflow_project/airflow_env/lib/python3.12/site-packages/airflow/sdk/__init__.py", line 245, in __getattr__
    mod = importlib.import_module(module_path, __name__)
          ^^^^^^^^^^^^^^^^^^^^^^^^^^^^^^^^^^^^^^^^^^^^^^
  File "/home/codespace/.python/current/lib/python3.12/importlib/__init__.py", line 90, in import_module
    return _bootstrap._gcd_import(name[level:], package, level)
           ^^^^^^^^^^^^^^^^^^^^^^^^^^^^^^^^^^^^^^^^^^^^^^^^^^^^
  File "/workspaces/Airflow_project/airflow_env/lib/python3.12/site-packages/airflow/sdk/bases/sensor.py", line 29, in <module>
    from airflow.sdk.bases.operator import BaseOperator
  File "/workspaces/Airflow_project/airflow_env/lib/python3.12/site-packages/airflow/sdk/bases/operator.py", line 40, in <module>
    from airflow.sdk import TriggerRule, timezone
  File "/workspaces/Airflow_project/airflow_env/lib/python3.12/site-packages/airflow/sdk/__init__.py", line 245, in __getattr__
    mod = importlib.import_module(module_path, __name__)
          ^^^^^^^^^^^^^^^^^^^^^^^^^^^^^^^^^^^^^^^^^^^^^^
  File "/home/codespace/.python/current/lib/python3.12/importlib/__init__.py", line 90, in import_module
    return _bootstrap._gcd_import(name[level:], package, level)
           ^^^^^^^^^^^^^^^^^^^^^^^^^^^^^^^^^^^^^^^^^^^^^^^^^^^^
  File "/workspaces/Airflow_project/airflow_env/lib/python3.12/site-packages/airflow/sdk/api/datamodels/_generated.py", line 28, in <module>
    from pydantic import AwareDatetime, BaseModel, ConfigDict, Field, JsonValue, RootModel
  File "/workspaces/Airflow_project/airflow_env/lib/python3.12/site-packages/pydantic/__init__.py", line 5, in <module>
    from ._migration import getattr_migration
  File "/workspaces/Airflow_project/airflow_env/lib/python3.12/site-packages/pydantic/_migration.py", line 4, in <module>
    from pydantic.warnings import PydanticDeprecatedSince20
  File "/workspaces/Airflow_project/airflow_env/lib/python3.12/site-packages/pydantic/warnings.py", line 5, in <module>
    from .version import version_short
  File "/workspaces/Airflow_project/airflow_env/lib/python3.12/site-packages/pydantic/version.py", line 7, in <module>
    from pydantic_core import __version__ as __pydantic_core_version__
  File "/workspaces/Airflow_project/airflow_env/lib/python3.12/site-packages/pydantic_core/__init__.py", line 6, in <module>
    from typing_extensions import Sentinel
ImportError: cannot import name 'Sentinel' from 'typing_extensions' (/workspaces/Airflow_project/airflow_env/lib/python3.12/site-packages/typing_extensions.py). Did you mean: '_Sentinel'?
[2026-05-13T16:30:46.255+0000] {processor.py:842} WARNING - No viable dags retrieved from /workspaces/Airflow_project/airflow_env/lib/python3.12/site-packages/airflow/example_dags/standard/example_sensor_decorator.py
[2026-05-13T16:30:46.286+0000] {processor.py:183} INFO - Processing /workspaces/Airflow_project/airflow_env/lib/python3.12/site-packages/airflow/example_dags/standard/example_sensor_decorator.py took 0.068 seconds
[2026-05-13T16:31:16.952+0000] {processor.py:161} INFO - Started process (PID=36512) to work on /workspaces/Airflow_project/airflow_env/lib/python3.12/site-packages/airflow/example_dags/standard/example_sensor_decorator.py
[2026-05-13T16:31:16.953+0000] {processor.py:830} INFO - Processing file /workspaces/Airflow_project/airflow_env/lib/python3.12/site-packages/airflow/example_dags/standard/example_sensor_decorator.py for tasks to queue
[2026-05-13T16:31:16.953+0000] {logging_mixin.py:188} INFO - [2026-05-13T16:31:16.953+0000] {dagbag.py:545} INFO - Filling up the DagBag from /workspaces/Airflow_project/airflow_env/lib/python3.12/site-packages/airflow/example_dags/standard/example_sensor_decorator.py
[2026-05-13T16:31:16.969+0000] {logging_mixin.py:188} INFO - [2026-05-13T16:31:16.965+0000] {dagbag.py:355} ERROR - Failed to import: /workspaces/Airflow_project/airflow_env/lib/python3.12/site-packages/airflow/example_dags/standard/example_sensor_decorator.py
Traceback (most recent call last):
  File "/workspaces/Airflow_project/airflow_env/lib/python3.12/site-packages/airflow/models/dagbag.py", line 351, in parse
    loader.exec_module(new_module)
  File "<frozen importlib._bootstrap_external>", line 994, in exec_module
  File "<frozen importlib._bootstrap>", line 488, in _call_with_frames_removed
  File "/workspaces/Airflow_project/airflow_env/lib/python3.12/site-packages/airflow/example_dags/standard/example_sensor_decorator.py", line 27, in <module>
    from airflow.sdk import PokeReturnValue, dag, task
  File "/workspaces/Airflow_project/airflow_env/lib/python3.12/site-packages/airflow/sdk/__init__.py", line 245, in __getattr__
    mod = importlib.import_module(module_path, __name__)
          ^^^^^^^^^^^^^^^^^^^^^^^^^^^^^^^^^^^^^^^^^^^^^^
  File "/home/codespace/.python/current/lib/python3.12/importlib/__init__.py", line 90, in import_module
    return _bootstrap._gcd_import(name[level:], package, level)
           ^^^^^^^^^^^^^^^^^^^^^^^^^^^^^^^^^^^^^^^^^^^^^^^^^^^^
  File "/workspaces/Airflow_project/airflow_env/lib/python3.12/site-packages/airflow/sdk/bases/sensor.py", line 29, in <module>
    from airflow.sdk.bases.operator import BaseOperator
  File "/workspaces/Airflow_project/airflow_env/lib/python3.12/site-packages/airflow/sdk/bases/operator.py", line 40, in <module>
    from airflow.sdk import TriggerRule, timezone
  File "/workspaces/Airflow_project/airflow_env/lib/python3.12/site-packages/airflow/sdk/__init__.py", line 245, in __getattr__
    mod = importlib.import_module(module_path, __name__)
          ^^^^^^^^^^^^^^^^^^^^^^^^^^^^^^^^^^^^^^^^^^^^^^
  File "/home/codespace/.python/current/lib/python3.12/importlib/__init__.py", line 90, in import_module
    return _bootstrap._gcd_import(name[level:], package, level)
           ^^^^^^^^^^^^^^^^^^^^^^^^^^^^^^^^^^^^^^^^^^^^^^^^^^^^
  File "/workspaces/Airflow_project/airflow_env/lib/python3.12/site-packages/airflow/sdk/api/datamodels/_generated.py", line 28, in <module>
    from pydantic import AwareDatetime, BaseModel, ConfigDict, Field, JsonValue, RootModel
  File "/workspaces/Airflow_project/airflow_env/lib/python3.12/site-packages/pydantic/__init__.py", line 5, in <module>
    from ._migration import getattr_migration
  File "/workspaces/Airflow_project/airflow_env/lib/python3.12/site-packages/pydantic/_migration.py", line 4, in <module>
    from pydantic.warnings import PydanticDeprecatedSince20
  File "/workspaces/Airflow_project/airflow_env/lib/python3.12/site-packages/pydantic/warnings.py", line 5, in <module>
    from .version import version_short
  File "/workspaces/Airflow_project/airflow_env/lib/python3.12/site-packages/pydantic/version.py", line 7, in <module>
    from pydantic_core import __version__ as __pydantic_core_version__
  File "/workspaces/Airflow_project/airflow_env/lib/python3.12/site-packages/pydantic_core/__init__.py", line 6, in <module>
    from typing_extensions import Sentinel
ImportError: cannot import name 'Sentinel' from 'typing_extensions' (/workspaces/Airflow_project/airflow_env/lib/python3.12/site-packages/typing_extensions.py). Did you mean: '_Sentinel'?
[2026-05-13T16:31:16.971+0000] {processor.py:842} WARNING - No viable dags retrieved from /workspaces/Airflow_project/airflow_env/lib/python3.12/site-packages/airflow/example_dags/standard/example_sensor_decorator.py
[2026-05-13T16:31:17.074+0000] {processor.py:183} INFO - Processing /workspaces/Airflow_project/airflow_env/lib/python3.12/site-packages/airflow/example_dags/standard/example_sensor_decorator.py took 0.128 seconds
[2026-05-13T16:31:51.196+0000] {processor.py:161} INFO - Started process (PID=36947) to work on /workspaces/Airflow_project/airflow_env/lib/python3.12/site-packages/airflow/example_dags/standard/example_sensor_decorator.py
[2026-05-13T16:31:51.197+0000] {processor.py:830} INFO - Processing file /workspaces/Airflow_project/airflow_env/lib/python3.12/site-packages/airflow/example_dags/standard/example_sensor_decorator.py for tasks to queue
[2026-05-13T16:31:51.198+0000] {logging_mixin.py:188} INFO - [2026-05-13T16:31:51.198+0000] {dagbag.py:545} INFO - Filling up the DagBag from /workspaces/Airflow_project/airflow_env/lib/python3.12/site-packages/airflow/example_dags/standard/example_sensor_decorator.py
[2026-05-13T16:31:51.214+0000] {logging_mixin.py:188} INFO - [2026-05-13T16:31:51.210+0000] {dagbag.py:355} ERROR - Failed to import: /workspaces/Airflow_project/airflow_env/lib/python3.12/site-packages/airflow/example_dags/standard/example_sensor_decorator.py
Traceback (most recent call last):
  File "/workspaces/Airflow_project/airflow_env/lib/python3.12/site-packages/airflow/models/dagbag.py", line 351, in parse
    loader.exec_module(new_module)
  File "<frozen importlib._bootstrap_external>", line 994, in exec_module
  File "<frozen importlib._bootstrap>", line 488, in _call_with_frames_removed
  File "/workspaces/Airflow_project/airflow_env/lib/python3.12/site-packages/airflow/example_dags/standard/example_sensor_decorator.py", line 27, in <module>
    from airflow.sdk import PokeReturnValue, dag, task
  File "/workspaces/Airflow_project/airflow_env/lib/python3.12/site-packages/airflow/sdk/__init__.py", line 245, in __getattr__
    mod = importlib.import_module(module_path, __name__)
          ^^^^^^^^^^^^^^^^^^^^^^^^^^^^^^^^^^^^^^^^^^^^^^
  File "/home/codespace/.python/current/lib/python3.12/importlib/__init__.py", line 90, in import_module
    return _bootstrap._gcd_import(name[level:], package, level)
           ^^^^^^^^^^^^^^^^^^^^^^^^^^^^^^^^^^^^^^^^^^^^^^^^^^^^
  File "/workspaces/Airflow_project/airflow_env/lib/python3.12/site-packages/airflow/sdk/bases/sensor.py", line 29, in <module>
    from airflow.sdk.bases.operator import BaseOperator
  File "/workspaces/Airflow_project/airflow_env/lib/python3.12/site-packages/airflow/sdk/bases/operator.py", line 40, in <module>
    from airflow.sdk import TriggerRule, timezone
  File "/workspaces/Airflow_project/airflow_env/lib/python3.12/site-packages/airflow/sdk/__init__.py", line 245, in __getattr__
    mod = importlib.import_module(module_path, __name__)
          ^^^^^^^^^^^^^^^^^^^^^^^^^^^^^^^^^^^^^^^^^^^^^^
  File "/home/codespace/.python/current/lib/python3.12/importlib/__init__.py", line 90, in import_module
    return _bootstrap._gcd_import(name[level:], package, level)
           ^^^^^^^^^^^^^^^^^^^^^^^^^^^^^^^^^^^^^^^^^^^^^^^^^^^^
  File "/workspaces/Airflow_project/airflow_env/lib/python3.12/site-packages/airflow/sdk/api/datamodels/_generated.py", line 28, in <module>
    from pydantic import AwareDatetime, BaseModel, ConfigDict, Field, JsonValue, RootModel
  File "/workspaces/Airflow_project/airflow_env/lib/python3.12/site-packages/pydantic/__init__.py", line 5, in <module>
    from ._migration import getattr_migration
  File "/workspaces/Airflow_project/airflow_env/lib/python3.12/site-packages/pydantic/_migration.py", line 4, in <module>
    from pydantic.warnings import PydanticDeprecatedSince20
  File "/workspaces/Airflow_project/airflow_env/lib/python3.12/site-packages/pydantic/warnings.py", line 5, in <module>
    from .version import version_short
  File "/workspaces/Airflow_project/airflow_env/lib/python3.12/site-packages/pydantic/version.py", line 7, in <module>
    from pydantic_core import __version__ as __pydantic_core_version__
  File "/workspaces/Airflow_project/airflow_env/lib/python3.12/site-packages/pydantic_core/__init__.py", line 6, in <module>
    from typing_extensions import Sentinel
ImportError: cannot import name 'Sentinel' from 'typing_extensions' (/workspaces/Airflow_project/airflow_env/lib/python3.12/site-packages/typing_extensions.py). Did you mean: '_Sentinel'?
[2026-05-13T16:31:51.216+0000] {processor.py:842} WARNING - No viable dags retrieved from /workspaces/Airflow_project/airflow_env/lib/python3.12/site-packages/airflow/example_dags/standard/example_sensor_decorator.py
[2026-05-13T16:31:51.232+0000] {processor.py:183} INFO - Processing /workspaces/Airflow_project/airflow_env/lib/python3.12/site-packages/airflow/example_dags/standard/example_sensor_decorator.py took 0.041 seconds
[2026-05-13T16:32:22.003+0000] {processor.py:161} INFO - Started process (PID=37356) to work on /workspaces/Airflow_project/airflow_env/lib/python3.12/site-packages/airflow/example_dags/standard/example_sensor_decorator.py
[2026-05-13T16:32:22.003+0000] {processor.py:830} INFO - Processing file /workspaces/Airflow_project/airflow_env/lib/python3.12/site-packages/airflow/example_dags/standard/example_sensor_decorator.py for tasks to queue
[2026-05-13T16:32:22.004+0000] {logging_mixin.py:188} INFO - [2026-05-13T16:32:22.004+0000] {dagbag.py:545} INFO - Filling up the DagBag from /workspaces/Airflow_project/airflow_env/lib/python3.12/site-packages/airflow/example_dags/standard/example_sensor_decorator.py
[2026-05-13T16:32:22.022+0000] {logging_mixin.py:188} INFO - [2026-05-13T16:32:22.018+0000] {dagbag.py:355} ERROR - Failed to import: /workspaces/Airflow_project/airflow_env/lib/python3.12/site-packages/airflow/example_dags/standard/example_sensor_decorator.py
Traceback (most recent call last):
  File "/workspaces/Airflow_project/airflow_env/lib/python3.12/site-packages/airflow/models/dagbag.py", line 351, in parse
    loader.exec_module(new_module)
  File "<frozen importlib._bootstrap_external>", line 994, in exec_module
  File "<frozen importlib._bootstrap>", line 488, in _call_with_frames_removed
  File "/workspaces/Airflow_project/airflow_env/lib/python3.12/site-packages/airflow/example_dags/standard/example_sensor_decorator.py", line 27, in <module>
    from airflow.sdk import PokeReturnValue, dag, task
  File "/workspaces/Airflow_project/airflow_env/lib/python3.12/site-packages/airflow/sdk/__init__.py", line 245, in __getattr__
    mod = importlib.import_module(module_path, __name__)
          ^^^^^^^^^^^^^^^^^^^^^^^^^^^^^^^^^^^^^^^^^^^^^^
  File "/home/codespace/.python/current/lib/python3.12/importlib/__init__.py", line 90, in import_module
    return _bootstrap._gcd_import(name[level:], package, level)
           ^^^^^^^^^^^^^^^^^^^^^^^^^^^^^^^^^^^^^^^^^^^^^^^^^^^^
  File "/workspaces/Airflow_project/airflow_env/lib/python3.12/site-packages/airflow/sdk/bases/sensor.py", line 29, in <module>
    from airflow.sdk.bases.operator import BaseOperator
  File "/workspaces/Airflow_project/airflow_env/lib/python3.12/site-packages/airflow/sdk/bases/operator.py", line 40, in <module>
    from airflow.sdk import TriggerRule, timezone
  File "/workspaces/Airflow_project/airflow_env/lib/python3.12/site-packages/airflow/sdk/__init__.py", line 245, in __getattr__
    mod = importlib.import_module(module_path, __name__)
          ^^^^^^^^^^^^^^^^^^^^^^^^^^^^^^^^^^^^^^^^^^^^^^
  File "/home/codespace/.python/current/lib/python3.12/importlib/__init__.py", line 90, in import_module
    return _bootstrap._gcd_import(name[level:], package, level)
           ^^^^^^^^^^^^^^^^^^^^^^^^^^^^^^^^^^^^^^^^^^^^^^^^^^^^
  File "/workspaces/Airflow_project/airflow_env/lib/python3.12/site-packages/airflow/sdk/api/datamodels/_generated.py", line 28, in <module>
    from pydantic import AwareDatetime, BaseModel, ConfigDict, Field, JsonValue, RootModel
  File "/workspaces/Airflow_project/airflow_env/lib/python3.12/site-packages/pydantic/__init__.py", line 5, in <module>
    from ._migration import getattr_migration
  File "/workspaces/Airflow_project/airflow_env/lib/python3.12/site-packages/pydantic/_migration.py", line 4, in <module>
    from pydantic.warnings import PydanticDeprecatedSince20
  File "/workspaces/Airflow_project/airflow_env/lib/python3.12/site-packages/pydantic/warnings.py", line 5, in <module>
    from .version import version_short
  File "/workspaces/Airflow_project/airflow_env/lib/python3.12/site-packages/pydantic/version.py", line 7, in <module>
    from pydantic_core import __version__ as __pydantic_core_version__
  File "/workspaces/Airflow_project/airflow_env/lib/python3.12/site-packages/pydantic_core/__init__.py", line 6, in <module>
    from typing_extensions import Sentinel
ImportError: cannot import name 'Sentinel' from 'typing_extensions' (/workspaces/Airflow_project/airflow_env/lib/python3.12/site-packages/typing_extensions.py). Did you mean: '_Sentinel'?
[2026-05-13T16:32:22.026+0000] {processor.py:842} WARNING - No viable dags retrieved from /workspaces/Airflow_project/airflow_env/lib/python3.12/site-packages/airflow/example_dags/standard/example_sensor_decorator.py
[2026-05-13T16:32:22.043+0000] {processor.py:183} INFO - Processing /workspaces/Airflow_project/airflow_env/lib/python3.12/site-packages/airflow/example_dags/standard/example_sensor_decorator.py took 0.046 seconds
