[2026-05-13T16:28:38.737+0000] {processor.py:161} INFO - Started process (PID=34505) to work on /workspaces/Airflow_project/airflow_env/lib/python3.12/site-packages/airflow/example_dags/standard/example_bash_operator.py
[2026-05-13T16:28:38.738+0000] {processor.py:830} INFO - Processing file /workspaces/Airflow_project/airflow_env/lib/python3.12/site-packages/airflow/example_dags/standard/example_bash_operator.py for tasks to queue
[2026-05-13T16:28:38.739+0000] {logging_mixin.py:188} INFO - [2026-05-13T16:28:38.738+0000] {dagbag.py:545} INFO - Filling up the DagBag from /workspaces/Airflow_project/airflow_env/lib/python3.12/site-packages/airflow/example_dags/standard/example_bash_operator.py
[2026-05-13T16:28:38.742+0000] {logging_mixin.py:188} INFO - [2026-05-13T16:28:38.741+0000] {dagbag.py:355} ERROR - Failed to import: /workspaces/Airflow_project/airflow_env/lib/python3.12/site-packages/airflow/example_dags/standard/example_bash_operator.py
Traceback (most recent call last):
  File "/workspaces/Airflow_project/airflow_env/lib/python3.12/site-packages/airflow/models/dagbag.py", line 351, in parse
    loader.exec_module(new_module)
  File "<frozen importlib._bootstrap_external>", line 994, in exec_module
  File "<frozen importlib._bootstrap>", line 488, in _call_with_frames_removed
  File "/workspaces/Airflow_project/airflow_env/lib/python3.12/site-packages/airflow/example_dags/standard/example_bash_operator.py", line 26, in <module>
    from airflow.providers.standard.operators.bash import BashOperator
  File "/workspaces/Airflow_project/airflow_env/lib/python3.12/site-packages/airflow/providers/standard/__init__.py", line 37, in <module>
    raise RuntimeError(
RuntimeError: The package `apache-airflow-providers-standard:1.13.0` needs Apache Airflow 2.11.0+
[2026-05-13T16:28:38.742+0000] {processor.py:842} WARNING - No viable dags retrieved from /workspaces/Airflow_project/airflow_env/lib/python3.12/site-packages/airflow/example_dags/standard/example_bash_operator.py
[2026-05-13T16:28:38.758+0000] {processor.py:183} INFO - Processing /workspaces/Airflow_project/airflow_env/lib/python3.12/site-packages/airflow/example_dags/standard/example_bash_operator.py took 0.026 seconds
[2026-05-13T16:30:24.179+0000] {processor.py:161} INFO - Started process (PID=35682) to work on /workspaces/Airflow_project/airflow_env/lib/python3.12/site-packages/airflow/example_dags/standard/example_bash_operator.py
[2026-05-13T16:30:24.180+0000] {processor.py:830} INFO - Processing file /workspaces/Airflow_project/airflow_env/lib/python3.12/site-packages/airflow/example_dags/standard/example_bash_operator.py for tasks to queue
[2026-05-13T16:30:24.181+0000] {logging_mixin.py:188} INFO - [2026-05-13T16:30:24.181+0000] {dagbag.py:545} INFO - Filling up the DagBag from /workspaces/Airflow_project/airflow_env/lib/python3.12/site-packages/airflow/example_dags/standard/example_bash_operator.py
[2026-05-13T16:30:24.184+0000] {logging_mixin.py:188} INFO - [2026-05-13T16:30:24.183+0000] {dagbag.py:355} ERROR - Failed to import: /workspaces/Airflow_project/airflow_env/lib/python3.12/site-packages/airflow/example_dags/standard/example_bash_operator.py
Traceback (most recent call last):
  File "/workspaces/Airflow_project/airflow_env/lib/python3.12/site-packages/airflow/models/dagbag.py", line 351, in parse
  File "<frozen importlib._bootstrap_external>", line 994, in exec_module
  File "<frozen importlib._bootstrap>", line 488, in _call_with_frames_removed
  File "/workspaces/Airflow_project/airflow_env/lib/python3.12/site-packages/airflow/example_dags/standard/example_bash_operator.py", line 26, in <module>
    from airflow.providers.standard.operators.bash import BashOperator
  File "/workspaces/Airflow_project/airflow_env/lib/python3.12/site-packages/airflow/providers/standard/__init__.py", line 37, in <module>
    raise RuntimeError(
RuntimeError: The package `apache-airflow-providers-standard:1.13.0` needs Apache Airflow 2.11.0+
[2026-05-13T16:30:24.184+0000] {processor.py:842} WARNING - No viable dags retrieved from /workspaces/Airflow_project/airflow_env/lib/python3.12/site-packages/airflow/example_dags/standard/example_bash_operator.py
[2026-05-13T16:30:24.199+0000] {processor.py:183} INFO - Processing /workspaces/Airflow_project/airflow_env/lib/python3.12/site-packages/airflow/example_dags/standard/example_bash_operator.py took 0.027 seconds
[2026-05-13T16:30:56.369+0000] {processor.py:161} INFO - Started process (PID=36231) to work on /workspaces/Airflow_project/airflow_env/lib/python3.12/site-packages/airflow/example_dags/standard/example_bash_operator.py
[2026-05-13T16:30:56.370+0000] {processor.py:830} INFO - Processing file /workspaces/Airflow_project/airflow_env/lib/python3.12/site-packages/airflow/example_dags/standard/example_bash_operator.py for tasks to queue
[2026-05-13T16:30:56.371+0000] {logging_mixin.py:188} INFO - [2026-05-13T16:30:56.370+0000] {dagbag.py:545} INFO - Filling up the DagBag from /workspaces/Airflow_project/airflow_env/lib/python3.12/site-packages/airflow/example_dags/standard/example_bash_operator.py
[2026-05-13T16:30:56.374+0000] {logging_mixin.py:188} INFO - [2026-05-13T16:30:56.373+0000] {dagbag.py:355} ERROR - Failed to import: /workspaces/Airflow_project/airflow_env/lib/python3.12/site-packages/airflow/example_dags/standard/example_bash_operator.py
Traceback (most recent call last):
  File "/workspaces/Airflow_project/airflow_env/lib/python3.12/site-packages/airflow/models/dagbag.py", line 351, in parse
    loader.exec_module(new_module)
  File "<frozen importlib._bootstrap_external>", line 994, in exec_module
  File "<frozen importlib._bootstrap>", line 488, in _call_with_frames_removed
  File "/workspaces/Airflow_project/airflow_env/lib/python3.12/site-packages/airflow/example_dags/standard/example_bash_operator.py", line 26, in <module>
    from airflow.providers.standard.operators.bash import BashOperator
  File "/workspaces/Airflow_project/airflow_env/lib/python3.12/site-packages/airflow/providers/standard/__init__.py", line 37, in <module>
    raise RuntimeError(
RuntimeError: The package `apache-airflow-providers-standard:1.13.0` needs Apache Airflow 2.11.0+
[2026-05-13T16:30:56.374+0000] {processor.py:842} WARNING - No viable dags retrieved from /workspaces/Airflow_project/airflow_env/lib/python3.12/site-packages/airflow/example_dags/standard/example_bash_operator.py
[2026-05-13T16:30:56.395+0000] {processor.py:183} INFO - Processing /workspaces/Airflow_project/airflow_env/lib/python3.12/site-packages/airflow/example_dags/standard/example_bash_operator.py took 0.033 seconds
[2026-05-13T16:31:27.155+0000] {processor.py:161} INFO - Started process (PID=36645) to work on /workspaces/Airflow_project/airflow_env/lib/python3.12/site-packages/airflow/example_dags/standard/example_bash_operator.py
[2026-05-13T16:31:27.156+0000] {processor.py:830} INFO - Processing file /workspaces/Airflow_project/airflow_env/lib/python3.12/site-packages/airflow/example_dags/standard/example_bash_operator.py for tasks to queue
[2026-05-13T16:31:27.157+0000] {logging_mixin.py:188} INFO - [2026-05-13T16:31:27.156+0000] {dagbag.py:545} INFO - Filling up the DagBag from /workspaces/Airflow_project/airflow_env/lib/python3.12/site-packages/airflow/example_dags/standard/example_bash_operator.py
[2026-05-13T16:31:27.159+0000] {logging_mixin.py:188} INFO - [2026-05-13T16:31:27.158+0000] {dagbag.py:355} ERROR - Failed to import: /workspaces/Airflow_project/airflow_env/lib/python3.12/site-packages/airflow/example_dags/standard/example_bash_operator.py
Traceback (most recent call last):
  File "/workspaces/Airflow_project/airflow_env/lib/python3.12/site-packages/airflow/models/dagbag.py", line 351, in parse
    loader.exec_module(new_module)
  File "<frozen importlib._bootstrap_external>", line 994, in exec_module
  File "<frozen importlib._bootstrap>", line 488, in _call_with_frames_removed
  File "/workspaces/Airflow_project/airflow_env/lib/python3.12/site-packages/airflow/example_dags/standard/example_bash_operator.py", line 26, in <module>
    from airflow.providers.standard.operators.bash import BashOperator
  File "/workspaces/Airflow_project/airflow_env/lib/python3.12/site-packages/airflow/providers/standard/__init__.py", line 37, in <module>
    raise RuntimeError(
RuntimeError: The package `apache-airflow-providers-standard:1.13.0` needs Apache Airflow 2.11.0+
[2026-05-13T16:31:27.160+0000] {processor.py:842} WARNING - No viable dags retrieved from /workspaces/Airflow_project/airflow_env/lib/python3.12/site-packages/airflow/example_dags/standard/example_bash_operator.py
[2026-05-13T16:31:27.196+0000] {processor.py:183} INFO - Processing /workspaces/Airflow_project/airflow_env/lib/python3.12/site-packages/airflow/example_dags/standard/example_bash_operator.py took 0.047 seconds
[2026-05-13T16:32:00.377+0000] {processor.py:161} INFO - Started process (PID=37059) to work on /workspaces/Airflow_project/airflow_env/lib/python3.12/site-packages/airflow/example_dags/standard/example_bash_operator.py
[2026-05-13T16:32:00.378+0000] {processor.py:830} INFO - Processing file /workspaces/Airflow_project/airflow_env/lib/python3.12/site-packages/airflow/example_dags/standard/example_bash_operator.py for tasks to queue
[2026-05-13T16:32:00.379+0000] {logging_mixin.py:188} INFO - [2026-05-13T16:32:00.379+0000] {dagbag.py:545} INFO - Filling up the DagBag from /workspaces/Airflow_project/airflow_env/lib/python3.12/site-packages/airflow/example_dags/standard/example_bash_operator.py
[2026-05-13T16:32:00.382+0000] {logging_mixin.py:188} INFO - [2026-05-13T16:32:00.381+0000] {dagbag.py:355} ERROR - Failed to import: /workspaces/Airflow_project/airflow_env/lib/python3.12/site-packages/airflow/example_dags/standard/example_bash_operator.py
Traceback (most recent call last):
  File "/workspaces/Airflow_project/airflow_env/lib/python3.12/site-packages/airflow/models/dagbag.py", line 351, in parse
    loader.exec_module(new_module)
  File "<frozen importlib._bootstrap_external>", line 994, in exec_module
  File "<frozen importlib._bootstrap>", line 488, in _call_with_frames_removed
  File "/workspaces/Airflow_project/airflow_env/lib/python3.12/site-packages/airflow/example_dags/standard/example_bash_operator.py", line 26, in <module>
    from airflow.providers.standard.operators.bash import BashOperator
  File "/workspaces/Airflow_project/airflow_env/lib/python3.12/site-packages/airflow/providers/standard/__init__.py", line 37, in <module>
    raise RuntimeError(
RuntimeError: The package `apache-airflow-providers-standard:1.13.0` needs Apache Airflow 2.11.0+
[2026-05-13T16:32:00.382+0000] {processor.py:842} WARNING - No viable dags retrieved from /workspaces/Airflow_project/airflow_env/lib/python3.12/site-packages/airflow/example_dags/standard/example_bash_operator.py
[2026-05-13T16:32:00.397+0000] {processor.py:183} INFO - Processing /workspaces/Airflow_project/airflow_env/lib/python3.12/site-packages/airflow/example_dags/standard/example_bash_operator.py took 0.027 seconds
[2026-05-13T16:33:19.169+0000] {processor.py:186} ERROR - Got an exception! Propagating...
Traceback (most recent call last):
  File "/home/codespace/.python/current/lib/python3.12/importlib/metadata/__init__.py", line 397, in from_name
    return next(cls.discover(name=name))
           ^^^^^^^^^^^^^^^^^^^^^^^^^^^^^
StopIteration

During handling of the above exception, another exception occurred:

Traceback (most recent call last):
  File "/workspaces/Airflow_project/airflow_env/lib/python3.12/site-packages/airflow/dag_processing/processor.py", line 182, in _run_file_processor
  File "/workspaces/Airflow_project/airflow_env/lib/python3.12/site-packages/airflow/dag_processing/processor.py", line 154, in _handle_dag_file_processing
  File "/workspaces/Airflow_project/airflow_env/lib/python3.12/site-packages/airflow/settings.py", line 251, in configure_orm
  File "/workspaces/Airflow_project/airflow_env/lib/python3.12/site-packages/airflow/settings.py", line 352, in prepare_engine_args
  File "/workspaces/Airflow_project/airflow_env/lib/python3.12/site-packages/airflow/utils/sqlalchemy.py", line 554, in is_sqlalchemy_v1
  File "/home/codespace/.python/current/lib/python3.12/importlib/metadata/__init__.py", line 888, in version
    return distribution(distribution_name).version
           ^^^^^^^^^^^^^^^^^^^^^^^^^^^^^^^
  File "/home/codespace/.python/current/lib/python3.12/importlib/metadata/__init__.py", line 861, in distribution
    return Distribution.from_name(distribution_name)
           ^^^^^^^^^^^^^^^^^^^^^^^^^^^^^^^^^^^^^^^^^
  File "/home/codespace/.python/current/lib/python3.12/importlib/metadata/__init__.py", line 399, in from_name
    raise PackageNotFoundError(name)
importlib.metadata.PackageNotFoundError: No package metadata was found for sqlalchemy
