[2026-05-13T16:28:38.127+0000] {processor.py:161} INFO - Started process (PID=34503) to work on /workspaces/Airflow_project/airflow_env/lib/python3.12/site-packages/airflow/example_dags/standard/example_branch_day_of_week_operator.py
[2026-05-13T16:28:38.128+0000] {processor.py:830} INFO - Processing file /workspaces/Airflow_project/airflow_env/lib/python3.12/site-packages/airflow/example_dags/standard/example_branch_day_of_week_operator.py for tasks to queue
[2026-05-13T16:28:38.129+0000] {logging_mixin.py:188} INFO - [2026-05-13T16:28:38.128+0000] {dagbag.py:545} INFO - Filling up the DagBag from /workspaces/Airflow_project/airflow_env/lib/python3.12/site-packages/airflow/example_dags/standard/example_branch_day_of_week_operator.py
[2026-05-13T16:28:38.132+0000] {logging_mixin.py:188} INFO - [2026-05-13T16:28:38.131+0000] {dagbag.py:355} ERROR - Failed to import: /workspaces/Airflow_project/airflow_env/lib/python3.12/site-packages/airflow/example_dags/standard/example_branch_day_of_week_operator.py
Traceback (most recent call last):
  File "/workspaces/Airflow_project/airflow_env/lib/python3.12/site-packages/airflow/models/dagbag.py", line 351, in parse
    loader.exec_module(new_module)
  File "<frozen importlib._bootstrap_external>", line 994, in exec_module
  File "<frozen importlib._bootstrap>", line 488, in _call_with_frames_removed
  File "/workspaces/Airflow_project/airflow_env/lib/python3.12/site-packages/airflow/example_dags/standard/example_branch_day_of_week_operator.py", line 26, in <module>
    from airflow.providers.standard.operators.empty import EmptyOperator
  File "/workspaces/Airflow_project/airflow_env/lib/python3.12/site-packages/airflow/providers/standard/__init__.py", line 37, in <module>
    raise RuntimeError(
RuntimeError: The package `apache-airflow-providers-standard:1.13.0` needs Apache Airflow 2.11.0+
[2026-05-13T16:28:38.132+0000] {processor.py:842} WARNING - No viable dags retrieved from /workspaces/Airflow_project/airflow_env/lib/python3.12/site-packages/airflow/example_dags/standard/example_branch_day_of_week_operator.py
[2026-05-13T16:28:38.147+0000] {processor.py:183} INFO - Processing /workspaces/Airflow_project/airflow_env/lib/python3.12/site-packages/airflow/example_dags/standard/example_branch_day_of_week_operator.py took 0.027 seconds
[2026-05-13T16:30:23.107+0000] {processor.py:161} INFO - Started process (PID=35663) to work on /workspaces/Airflow_project/airflow_env/lib/python3.12/site-packages/airflow/example_dags/standard/example_branch_day_of_week_operator.py
[2026-05-13T16:30:23.108+0000] {processor.py:830} INFO - Processing file /workspaces/Airflow_project/airflow_env/lib/python3.12/site-packages/airflow/example_dags/standard/example_branch_day_of_week_operator.py for tasks to queue
[2026-05-13T16:30:23.110+0000] {logging_mixin.py:188} INFO - [2026-05-13T16:30:23.110+0000] {dagbag.py:545} INFO - Filling up the DagBag from /workspaces/Airflow_project/airflow_env/lib/python3.12/site-packages/airflow/example_dags/standard/example_branch_day_of_week_operator.py
[2026-05-13T16:30:23.114+0000] {logging_mixin.py:188} INFO - [2026-05-13T16:30:23.113+0000] {dagbag.py:355} ERROR - Failed to import: /workspaces/Airflow_project/airflow_env/lib/python3.12/site-packages/airflow/example_dags/standard/example_branch_day_of_week_operator.py
Traceback (most recent call last):
  File "/workspaces/Airflow_project/airflow_env/lib/python3.12/site-packages/airflow/models/dagbag.py", line 351, in parse
  File "<frozen importlib._bootstrap_external>", line 994, in exec_module
  File "<frozen importlib._bootstrap>", line 488, in _call_with_frames_removed
  File "/workspaces/Airflow_project/airflow_env/lib/python3.12/site-packages/airflow/example_dags/standard/example_branch_day_of_week_operator.py", line 26, in <module>
    from airflow.providers.standard.operators.empty import EmptyOperator
  File "/workspaces/Airflow_project/airflow_env/lib/python3.12/site-packages/airflow/providers/standard/__init__.py", line 37, in <module>
    raise RuntimeError(
RuntimeError: The package `apache-airflow-providers-standard:1.13.0` needs Apache Airflow 2.11.0+
[2026-05-13T16:30:23.114+0000] {processor.py:842} WARNING - No viable dags retrieved from /workspaces/Airflow_project/airflow_env/lib/python3.12/site-packages/airflow/example_dags/standard/example_branch_day_of_week_operator.py
[2026-05-13T16:30:23.133+0000] {processor.py:183} INFO - Processing /workspaces/Airflow_project/airflow_env/lib/python3.12/site-packages/airflow/example_dags/standard/example_branch_day_of_week_operator.py took 0.033 seconds
[2026-05-13T16:30:55.222+0000] {processor.py:161} INFO - Started process (PID=36203) to work on /workspaces/Airflow_project/airflow_env/lib/python3.12/site-packages/airflow/example_dags/standard/example_branch_day_of_week_operator.py
[2026-05-13T16:30:55.223+0000] {processor.py:830} INFO - Processing file /workspaces/Airflow_project/airflow_env/lib/python3.12/site-packages/airflow/example_dags/standard/example_branch_day_of_week_operator.py for tasks to queue
[2026-05-13T16:30:55.224+0000] {logging_mixin.py:188} INFO - [2026-05-13T16:30:55.224+0000] {dagbag.py:545} INFO - Filling up the DagBag from /workspaces/Airflow_project/airflow_env/lib/python3.12/site-packages/airflow/example_dags/standard/example_branch_day_of_week_operator.py
[2026-05-13T16:30:55.228+0000] {logging_mixin.py:188} INFO - [2026-05-13T16:30:55.226+0000] {dagbag.py:355} ERROR - Failed to import: /workspaces/Airflow_project/airflow_env/lib/python3.12/site-packages/airflow/example_dags/standard/example_branch_day_of_week_operator.py
Traceback (most recent call last):
  File "/workspaces/Airflow_project/airflow_env/lib/python3.12/site-packages/airflow/models/dagbag.py", line 351, in parse
    loader.exec_module(new_module)
  File "<frozen importlib._bootstrap_external>", line 994, in exec_module
  File "<frozen importlib._bootstrap>", line 488, in _call_with_frames_removed
  File "/workspaces/Airflow_project/airflow_env/lib/python3.12/site-packages/airflow/example_dags/standard/example_branch_day_of_week_operator.py", line 26, in <module>
    from airflow.providers.standard.operators.empty import EmptyOperator
  File "/workspaces/Airflow_project/airflow_env/lib/python3.12/site-packages/airflow/providers/standard/__init__.py", line 37, in <module>
    raise RuntimeError(
RuntimeError: The package `apache-airflow-providers-standard:1.13.0` needs Apache Airflow 2.11.0+
[2026-05-13T16:30:55.229+0000] {processor.py:842} WARNING - No viable dags retrieved from /workspaces/Airflow_project/airflow_env/lib/python3.12/site-packages/airflow/example_dags/standard/example_branch_day_of_week_operator.py
[2026-05-13T16:30:55.250+0000] {processor.py:183} INFO - Processing /workspaces/Airflow_project/airflow_env/lib/python3.12/site-packages/airflow/example_dags/standard/example_branch_day_of_week_operator.py took 0.034 seconds
[2026-05-13T16:31:25.530+0000] {processor.py:161} INFO - Started process (PID=36609) to work on /workspaces/Airflow_project/airflow_env/lib/python3.12/site-packages/airflow/example_dags/standard/example_branch_day_of_week_operator.py
[2026-05-13T16:31:25.531+0000] {processor.py:830} INFO - Processing file /workspaces/Airflow_project/airflow_env/lib/python3.12/site-packages/airflow/example_dags/standard/example_branch_day_of_week_operator.py for tasks to queue
[2026-05-13T16:31:25.532+0000] {logging_mixin.py:188} INFO - [2026-05-13T16:31:25.532+0000] {dagbag.py:545} INFO - Filling up the DagBag from /workspaces/Airflow_project/airflow_env/lib/python3.12/site-packages/airflow/example_dags/standard/example_branch_day_of_week_operator.py
[2026-05-13T16:31:25.535+0000] {logging_mixin.py:188} INFO - [2026-05-13T16:31:25.534+0000] {dagbag.py:355} ERROR - Failed to import: /workspaces/Airflow_project/airflow_env/lib/python3.12/site-packages/airflow/example_dags/standard/example_branch_day_of_week_operator.py
Traceback (most recent call last):
  File "/workspaces/Airflow_project/airflow_env/lib/python3.12/site-packages/airflow/models/dagbag.py", line 351, in parse
    loader.exec_module(new_module)
  File "<frozen importlib._bootstrap_external>", line 994, in exec_module
  File "<frozen importlib._bootstrap>", line 488, in _call_with_frames_removed
  File "/workspaces/Airflow_project/airflow_env/lib/python3.12/site-packages/airflow/example_dags/standard/example_branch_day_of_week_operator.py", line 26, in <module>
    from airflow.providers.standard.operators.empty import EmptyOperator
  File "/workspaces/Airflow_project/airflow_env/lib/python3.12/site-packages/airflow/providers/standard/__init__.py", line 37, in <module>
    raise RuntimeError(
RuntimeError: The package `apache-airflow-providers-standard:1.13.0` needs Apache Airflow 2.11.0+
[2026-05-13T16:31:25.536+0000] {processor.py:842} WARNING - No viable dags retrieved from /workspaces/Airflow_project/airflow_env/lib/python3.12/site-packages/airflow/example_dags/standard/example_branch_day_of_week_operator.py
[2026-05-13T16:31:25.568+0000] {processor.py:183} INFO - Processing /workspaces/Airflow_project/airflow_env/lib/python3.12/site-packages/airflow/example_dags/standard/example_branch_day_of_week_operator.py took 0.046 seconds
[2026-05-13T16:31:59.243+0000] {processor.py:161} INFO - Started process (PID=37051) to work on /workspaces/Airflow_project/airflow_env/lib/python3.12/site-packages/airflow/example_dags/standard/example_branch_day_of_week_operator.py
[2026-05-13T16:31:59.244+0000] {processor.py:830} INFO - Processing file /workspaces/Airflow_project/airflow_env/lib/python3.12/site-packages/airflow/example_dags/standard/example_branch_day_of_week_operator.py for tasks to queue
[2026-05-13T16:31:59.245+0000] {logging_mixin.py:188} INFO - [2026-05-13T16:31:59.244+0000] {dagbag.py:545} INFO - Filling up the DagBag from /workspaces/Airflow_project/airflow_env/lib/python3.12/site-packages/airflow/example_dags/standard/example_branch_day_of_week_operator.py
[2026-05-13T16:31:59.248+0000] {logging_mixin.py:188} INFO - [2026-05-13T16:31:59.247+0000] {dagbag.py:355} ERROR - Failed to import: /workspaces/Airflow_project/airflow_env/lib/python3.12/site-packages/airflow/example_dags/standard/example_branch_day_of_week_operator.py
Traceback (most recent call last):
  File "/workspaces/Airflow_project/airflow_env/lib/python3.12/site-packages/airflow/models/dagbag.py", line 351, in parse
    loader.exec_module(new_module)
  File "<frozen importlib._bootstrap_external>", line 994, in exec_module
  File "<frozen importlib._bootstrap>", line 488, in _call_with_frames_removed
  File "/workspaces/Airflow_project/airflow_env/lib/python3.12/site-packages/airflow/example_dags/standard/example_branch_day_of_week_operator.py", line 26, in <module>
    from airflow.providers.standard.operators.empty import EmptyOperator
  File "/workspaces/Airflow_project/airflow_env/lib/python3.12/site-packages/airflow/providers/standard/__init__.py", line 37, in <module>
    raise RuntimeError(
RuntimeError: The package `apache-airflow-providers-standard:1.13.0` needs Apache Airflow 2.11.0+
[2026-05-13T16:31:59.249+0000] {processor.py:842} WARNING - No viable dags retrieved from /workspaces/Airflow_project/airflow_env/lib/python3.12/site-packages/airflow/example_dags/standard/example_branch_day_of_week_operator.py
[2026-05-13T16:31:59.264+0000] {processor.py:183} INFO - Processing /workspaces/Airflow_project/airflow_env/lib/python3.12/site-packages/airflow/example_dags/standard/example_branch_day_of_week_operator.py took 0.027 seconds
[2026-05-13T16:32:29.916+0000] {processor.py:161} INFO - Started process (PID=37490) to work on /workspaces/Airflow_project/airflow_env/lib/python3.12/site-packages/airflow/example_dags/standard/example_branch_day_of_week_operator.py
[2026-05-13T16:32:29.917+0000] {processor.py:830} INFO - Processing file /workspaces/Airflow_project/airflow_env/lib/python3.12/site-packages/airflow/example_dags/standard/example_branch_day_of_week_operator.py for tasks to queue
[2026-05-13T16:32:29.918+0000] {logging_mixin.py:188} INFO - [2026-05-13T16:32:29.918+0000] {dagbag.py:545} INFO - Filling up the DagBag from /workspaces/Airflow_project/airflow_env/lib/python3.12/site-packages/airflow/example_dags/standard/example_branch_day_of_week_operator.py
[2026-05-13T16:32:29.922+0000] {logging_mixin.py:188} INFO - [2026-05-13T16:32:29.921+0000] {dagbag.py:355} ERROR - Failed to import: /workspaces/Airflow_project/airflow_env/lib/python3.12/site-packages/airflow/example_dags/standard/example_branch_day_of_week_operator.py
Traceback (most recent call last):
  File "/workspaces/Airflow_project/airflow_env/lib/python3.12/site-packages/airflow/models/dagbag.py", line 351, in parse
    loader.exec_module(new_module)
  File "<frozen importlib._bootstrap_external>", line 994, in exec_module
  File "<frozen importlib._bootstrap>", line 488, in _call_with_frames_removed
  File "/workspaces/Airflow_project/airflow_env/lib/python3.12/site-packages/airflow/example_dags/standard/example_branch_day_of_week_operator.py", line 26, in <module>
    from airflow.providers.standard.operators.empty import EmptyOperator
  File "/workspaces/Airflow_project/airflow_env/lib/python3.12/site-packages/airflow/providers/standard/__init__.py", line 37, in <module>
    raise RuntimeError(
RuntimeError: The package `apache-airflow-providers-standard:1.13.0` needs Apache Airflow 2.11.0+
[2026-05-13T16:32:29.923+0000] {processor.py:842} WARNING - No viable dags retrieved from /workspaces/Airflow_project/airflow_env/lib/python3.12/site-packages/airflow/example_dags/standard/example_branch_day_of_week_operator.py
[2026-05-13T16:32:29.941+0000] {processor.py:183} INFO - Processing /workspaces/Airflow_project/airflow_env/lib/python3.12/site-packages/airflow/example_dags/standard/example_branch_day_of_week_operator.py took 0.033 seconds
