[2026-05-13T16:28:36.994+0000] {processor.py:161} INFO - Started process (PID=34495) to work on /workspaces/Airflow_project/airflow_env/lib/python3.12/site-packages/airflow/example_dags/standard/example_branch_operator.py
[2026-05-13T16:28:36.994+0000] {processor.py:830} INFO - Processing file /workspaces/Airflow_project/airflow_env/lib/python3.12/site-packages/airflow/example_dags/standard/example_branch_operator.py for tasks to queue
[2026-05-13T16:28:36.995+0000] {logging_mixin.py:188} INFO - [2026-05-13T16:28:36.995+0000] {dagbag.py:545} INFO - Filling up the DagBag from /workspaces/Airflow_project/airflow_env/lib/python3.12/site-packages/airflow/example_dags/standard/example_branch_operator.py
[2026-05-13T16:28:36.999+0000] {logging_mixin.py:188} INFO - [2026-05-13T16:28:36.998+0000] {dagbag.py:355} ERROR - Failed to import: /workspaces/Airflow_project/airflow_env/lib/python3.12/site-packages/airflow/example_dags/standard/example_branch_operator.py
Traceback (most recent call last):
  File "/workspaces/Airflow_project/airflow_env/lib/python3.12/site-packages/airflow/models/dagbag.py", line 351, in parse
    loader.exec_module(new_module)
  File "<frozen importlib._bootstrap_external>", line 994, in exec_module
  File "<frozen importlib._bootstrap>", line 488, in _call_with_frames_removed
  File "/workspaces/Airflow_project/airflow_env/lib/python3.12/site-packages/airflow/example_dags/standard/example_branch_operator.py", line 32, in <module>
    from airflow.providers.common.compat.sdk import TriggerRule
  File "/workspaces/Airflow_project/airflow_env/lib/python3.12/site-packages/airflow/providers/common/compat/__init__.py", line 37, in <module>
    raise RuntimeError(
RuntimeError: The package `apache-airflow-providers-common-compat:1.14.3` needs Apache Airflow 2.11.0+
[2026-05-13T16:28:37.000+0000] {processor.py:842} WARNING - No viable dags retrieved from /workspaces/Airflow_project/airflow_env/lib/python3.12/site-packages/airflow/example_dags/standard/example_branch_operator.py
[2026-05-13T16:28:37.016+0000] {processor.py:183} INFO - Processing /workspaces/Airflow_project/airflow_env/lib/python3.12/site-packages/airflow/example_dags/standard/example_branch_operator.py took 0.029 seconds
[2026-05-13T16:30:21.973+0000] {processor.py:161} INFO - Started process (PID=35649) to work on /workspaces/Airflow_project/airflow_env/lib/python3.12/site-packages/airflow/example_dags/standard/example_branch_operator.py
[2026-05-13T16:30:21.974+0000] {processor.py:830} INFO - Processing file /workspaces/Airflow_project/airflow_env/lib/python3.12/site-packages/airflow/example_dags/standard/example_branch_operator.py for tasks to queue
[2026-05-13T16:30:21.976+0000] {logging_mixin.py:188} INFO - [2026-05-13T16:30:21.975+0000] {dagbag.py:545} INFO - Filling up the DagBag from /workspaces/Airflow_project/airflow_env/lib/python3.12/site-packages/airflow/example_dags/standard/example_branch_operator.py
[2026-05-13T16:30:21.979+0000] {logging_mixin.py:188} INFO - [2026-05-13T16:30:21.978+0000] {dagbag.py:355} ERROR - Failed to import: /workspaces/Airflow_project/airflow_env/lib/python3.12/site-packages/airflow/example_dags/standard/example_branch_operator.py
Traceback (most recent call last):
  File "/workspaces/Airflow_project/airflow_env/lib/python3.12/site-packages/airflow/models/dagbag.py", line 351, in parse
  File "<frozen importlib._bootstrap_external>", line 994, in exec_module
  File "<frozen importlib._bootstrap>", line 488, in _call_with_frames_removed
  File "/workspaces/Airflow_project/airflow_env/lib/python3.12/site-packages/airflow/example_dags/standard/example_branch_operator.py", line 32, in <module>
    from airflow.providers.common.compat.sdk import TriggerRule
  File "/workspaces/Airflow_project/airflow_env/lib/python3.12/site-packages/airflow/providers/common/compat/__init__.py", line 37, in <module>
    raise RuntimeError(
RuntimeError: The package `apache-airflow-providers-common-compat:1.14.3` needs Apache Airflow 2.11.0+
[2026-05-13T16:30:21.979+0000] {processor.py:842} WARNING - No viable dags retrieved from /workspaces/Airflow_project/airflow_env/lib/python3.12/site-packages/airflow/example_dags/standard/example_branch_operator.py
[2026-05-13T16:30:21.994+0000] {processor.py:183} INFO - Processing /workspaces/Airflow_project/airflow_env/lib/python3.12/site-packages/airflow/example_dags/standard/example_branch_operator.py took 0.028 seconds
[2026-05-13T16:30:54.122+0000] {processor.py:161} INFO - Started process (PID=36187) to work on /workspaces/Airflow_project/airflow_env/lib/python3.12/site-packages/airflow/example_dags/standard/example_branch_operator.py
[2026-05-13T16:30:54.122+0000] {processor.py:830} INFO - Processing file /workspaces/Airflow_project/airflow_env/lib/python3.12/site-packages/airflow/example_dags/standard/example_branch_operator.py for tasks to queue
[2026-05-13T16:30:54.123+0000] {logging_mixin.py:188} INFO - [2026-05-13T16:30:54.123+0000] {dagbag.py:545} INFO - Filling up the DagBag from /workspaces/Airflow_project/airflow_env/lib/python3.12/site-packages/airflow/example_dags/standard/example_branch_operator.py
[2026-05-13T16:30:54.129+0000] {logging_mixin.py:188} INFO - [2026-05-13T16:30:54.127+0000] {dagbag.py:355} ERROR - Failed to import: /workspaces/Airflow_project/airflow_env/lib/python3.12/site-packages/airflow/example_dags/standard/example_branch_operator.py
Traceback (most recent call last):
  File "/workspaces/Airflow_project/airflow_env/lib/python3.12/site-packages/airflow/models/dagbag.py", line 351, in parse
    loader.exec_module(new_module)
  File "<frozen importlib._bootstrap_external>", line 994, in exec_module
  File "<frozen importlib._bootstrap>", line 488, in _call_with_frames_removed
  File "/workspaces/Airflow_project/airflow_env/lib/python3.12/site-packages/airflow/example_dags/standard/example_branch_operator.py", line 32, in <module>
    from airflow.providers.common.compat.sdk import TriggerRule
  File "/workspaces/Airflow_project/airflow_env/lib/python3.12/site-packages/airflow/providers/common/compat/__init__.py", line 37, in <module>
    raise RuntimeError(
RuntimeError: The package `apache-airflow-providers-common-compat:1.14.3` needs Apache Airflow 2.11.0+
[2026-05-13T16:30:54.130+0000] {processor.py:842} WARNING - No viable dags retrieved from /workspaces/Airflow_project/airflow_env/lib/python3.12/site-packages/airflow/example_dags/standard/example_branch_operator.py
[2026-05-13T16:30:54.155+0000] {processor.py:183} INFO - Processing /workspaces/Airflow_project/airflow_env/lib/python3.12/site-packages/airflow/example_dags/standard/example_branch_operator.py took 0.042 seconds
[2026-05-13T16:31:24.385+0000] {processor.py:161} INFO - Started process (PID=36583) to work on /workspaces/Airflow_project/airflow_env/lib/python3.12/site-packages/airflow/example_dags/standard/example_branch_operator.py
[2026-05-13T16:31:24.386+0000] {processor.py:830} INFO - Processing file /workspaces/Airflow_project/airflow_env/lib/python3.12/site-packages/airflow/example_dags/standard/example_branch_operator.py for tasks to queue
[2026-05-13T16:31:24.387+0000] {logging_mixin.py:188} INFO - [2026-05-13T16:31:24.386+0000] {dagbag.py:545} INFO - Filling up the DagBag from /workspaces/Airflow_project/airflow_env/lib/python3.12/site-packages/airflow/example_dags/standard/example_branch_operator.py
[2026-05-13T16:31:24.390+0000] {logging_mixin.py:188} INFO - [2026-05-13T16:31:24.389+0000] {dagbag.py:355} ERROR - Failed to import: /workspaces/Airflow_project/airflow_env/lib/python3.12/site-packages/airflow/example_dags/standard/example_branch_operator.py
Traceback (most recent call last):
  File "/workspaces/Airflow_project/airflow_env/lib/python3.12/site-packages/airflow/models/dagbag.py", line 351, in parse
    loader.exec_module(new_module)
  File "<frozen importlib._bootstrap_external>", line 994, in exec_module
  File "<frozen importlib._bootstrap>", line 488, in _call_with_frames_removed
  File "/workspaces/Airflow_project/airflow_env/lib/python3.12/site-packages/airflow/example_dags/standard/example_branch_operator.py", line 32, in <module>
    from airflow.providers.common.compat.sdk import TriggerRule
  File "/workspaces/Airflow_project/airflow_env/lib/python3.12/site-packages/airflow/providers/common/compat/__init__.py", line 37, in <module>
    raise RuntimeError(
RuntimeError: The package `apache-airflow-providers-common-compat:1.14.3` needs Apache Airflow 2.11.0+
[2026-05-13T16:31:24.390+0000] {processor.py:842} WARNING - No viable dags retrieved from /workspaces/Airflow_project/airflow_env/lib/python3.12/site-packages/airflow/example_dags/standard/example_branch_operator.py
[2026-05-13T16:31:24.421+0000] {processor.py:183} INFO - Processing /workspaces/Airflow_project/airflow_env/lib/python3.12/site-packages/airflow/example_dags/standard/example_branch_operator.py took 0.042 seconds
[2026-05-13T16:31:58.113+0000] {processor.py:161} INFO - Started process (PID=37046) to work on /workspaces/Airflow_project/airflow_env/lib/python3.12/site-packages/airflow/example_dags/standard/example_branch_operator.py
[2026-05-13T16:31:58.114+0000] {processor.py:830} INFO - Processing file /workspaces/Airflow_project/airflow_env/lib/python3.12/site-packages/airflow/example_dags/standard/example_branch_operator.py for tasks to queue
[2026-05-13T16:31:58.115+0000] {logging_mixin.py:188} INFO - [2026-05-13T16:31:58.114+0000] {dagbag.py:545} INFO - Filling up the DagBag from /workspaces/Airflow_project/airflow_env/lib/python3.12/site-packages/airflow/example_dags/standard/example_branch_operator.py
[2026-05-13T16:31:58.119+0000] {logging_mixin.py:188} INFO - [2026-05-13T16:31:58.118+0000] {dagbag.py:355} ERROR - Failed to import: /workspaces/Airflow_project/airflow_env/lib/python3.12/site-packages/airflow/example_dags/standard/example_branch_operator.py
Traceback (most recent call last):
  File "/workspaces/Airflow_project/airflow_env/lib/python3.12/site-packages/airflow/models/dagbag.py", line 351, in parse
    loader.exec_module(new_module)
  File "<frozen importlib._bootstrap_external>", line 994, in exec_module
  File "<frozen importlib._bootstrap>", line 488, in _call_with_frames_removed
  File "/workspaces/Airflow_project/airflow_env/lib/python3.12/site-packages/airflow/example_dags/standard/example_branch_operator.py", line 32, in <module>
    from airflow.providers.common.compat.sdk import TriggerRule
  File "/workspaces/Airflow_project/airflow_env/lib/python3.12/site-packages/airflow/providers/common/compat/__init__.py", line 37, in <module>
    raise RuntimeError(
RuntimeError: The package `apache-airflow-providers-common-compat:1.14.3` needs Apache Airflow 2.11.0+
[2026-05-13T16:31:58.119+0000] {processor.py:842} WARNING - No viable dags retrieved from /workspaces/Airflow_project/airflow_env/lib/python3.12/site-packages/airflow/example_dags/standard/example_branch_operator.py
[2026-05-13T16:31:58.147+0000] {processor.py:183} INFO - Processing /workspaces/Airflow_project/airflow_env/lib/python3.12/site-packages/airflow/example_dags/standard/example_branch_operator.py took 0.042 seconds
[2026-05-13T16:32:28.778+0000] {processor.py:161} INFO - Started process (PID=37473) to work on /workspaces/Airflow_project/airflow_env/lib/python3.12/site-packages/airflow/example_dags/standard/example_branch_operator.py
[2026-05-13T16:32:28.778+0000] {processor.py:830} INFO - Processing file /workspaces/Airflow_project/airflow_env/lib/python3.12/site-packages/airflow/example_dags/standard/example_branch_operator.py for tasks to queue
[2026-05-13T16:32:28.779+0000] {logging_mixin.py:188} INFO - [2026-05-13T16:32:28.779+0000] {dagbag.py:545} INFO - Filling up the DagBag from /workspaces/Airflow_project/airflow_env/lib/python3.12/site-packages/airflow/example_dags/standard/example_branch_operator.py
[2026-05-13T16:32:28.782+0000] {logging_mixin.py:188} INFO - [2026-05-13T16:32:28.781+0000] {dagbag.py:355} ERROR - Failed to import: /workspaces/Airflow_project/airflow_env/lib/python3.12/site-packages/airflow/example_dags/standard/example_branch_operator.py
Traceback (most recent call last):
  File "/workspaces/Airflow_project/airflow_env/lib/python3.12/site-packages/airflow/models/dagbag.py", line 351, in parse
    loader.exec_module(new_module)
  File "<frozen importlib._bootstrap_external>", line 994, in exec_module
  File "<frozen importlib._bootstrap>", line 488, in _call_with_frames_removed
  File "/workspaces/Airflow_project/airflow_env/lib/python3.12/site-packages/airflow/example_dags/standard/example_branch_operator.py", line 32, in <module>
    from airflow.providers.common.compat.sdk import TriggerRule
  File "/workspaces/Airflow_project/airflow_env/lib/python3.12/site-packages/airflow/providers/common/compat/__init__.py", line 37, in <module>
    raise RuntimeError(
RuntimeError: The package `apache-airflow-providers-common-compat:1.14.3` needs Apache Airflow 2.11.0+
[2026-05-13T16:32:28.782+0000] {processor.py:842} WARNING - No viable dags retrieved from /workspaces/Airflow_project/airflow_env/lib/python3.12/site-packages/airflow/example_dags/standard/example_branch_operator.py
[2026-05-13T16:32:28.798+0000] {processor.py:183} INFO - Processing /workspaces/Airflow_project/airflow_env/lib/python3.12/site-packages/airflow/example_dags/standard/example_branch_operator.py took 0.026 seconds
