[2026-05-13T16:28:35.853+0000] {processor.py:161} INFO - Started process (PID=34480) to work on /workspaces/Airflow_project/airflow_env/lib/python3.12/site-packages/airflow/example_dags/standard/example_branch_operator_decorator.py
[2026-05-13T16:28:35.854+0000] {processor.py:830} INFO - Processing file /workspaces/Airflow_project/airflow_env/lib/python3.12/site-packages/airflow/example_dags/standard/example_branch_operator_decorator.py for tasks to queue
[2026-05-13T16:28:35.854+0000] {logging_mixin.py:188} INFO - [2026-05-13T16:28:35.854+0000] {dagbag.py:545} INFO - Filling up the DagBag from /workspaces/Airflow_project/airflow_env/lib/python3.12/site-packages/airflow/example_dags/standard/example_branch_operator_decorator.py
[2026-05-13T16:28:35.857+0000] {logging_mixin.py:188} INFO - [2026-05-13T16:28:35.856+0000] {dagbag.py:355} ERROR - Failed to import: /workspaces/Airflow_project/airflow_env/lib/python3.12/site-packages/airflow/example_dags/standard/example_branch_operator_decorator.py
Traceback (most recent call last):
  File "/workspaces/Airflow_project/airflow_env/lib/python3.12/site-packages/airflow/models/dagbag.py", line 351, in parse
    loader.exec_module(new_module)
  File "<frozen importlib._bootstrap_external>", line 994, in exec_module
  File "<frozen importlib._bootstrap>", line 488, in _call_with_frames_removed
  File "/workspaces/Airflow_project/airflow_env/lib/python3.12/site-packages/airflow/example_dags/standard/example_branch_operator_decorator.py", line 33, in <module>
    from airflow.providers.common.compat.sdk import TriggerRule
  File "/workspaces/Airflow_project/airflow_env/lib/python3.12/site-packages/airflow/providers/common/compat/__init__.py", line 37, in <module>
    raise RuntimeError(
RuntimeError: The package `apache-airflow-providers-common-compat:1.14.3` needs Apache Airflow 2.11.0+
[2026-05-13T16:28:35.858+0000] {processor.py:842} WARNING - No viable dags retrieved from /workspaces/Airflow_project/airflow_env/lib/python3.12/site-packages/airflow/example_dags/standard/example_branch_operator_decorator.py
[2026-05-13T16:28:35.873+0000] {processor.py:183} INFO - Processing /workspaces/Airflow_project/airflow_env/lib/python3.12/site-packages/airflow/example_dags/standard/example_branch_operator_decorator.py took 0.027 seconds
[2026-05-13T16:30:20.831+0000] {processor.py:161} INFO - Started process (PID=35634) to work on /workspaces/Airflow_project/airflow_env/lib/python3.12/site-packages/airflow/example_dags/standard/example_branch_operator_decorator.py
[2026-05-13T16:30:20.832+0000] {processor.py:830} INFO - Processing file /workspaces/Airflow_project/airflow_env/lib/python3.12/site-packages/airflow/example_dags/standard/example_branch_operator_decorator.py for tasks to queue
[2026-05-13T16:30:20.833+0000] {logging_mixin.py:188} INFO - [2026-05-13T16:30:20.833+0000] {dagbag.py:545} INFO - Filling up the DagBag from /workspaces/Airflow_project/airflow_env/lib/python3.12/site-packages/airflow/example_dags/standard/example_branch_operator_decorator.py
[2026-05-13T16:30:20.836+0000] {logging_mixin.py:188} INFO - [2026-05-13T16:30:20.836+0000] {dagbag.py:355} ERROR - Failed to import: /workspaces/Airflow_project/airflow_env/lib/python3.12/site-packages/airflow/example_dags/standard/example_branch_operator_decorator.py
Traceback (most recent call last):
  File "/workspaces/Airflow_project/airflow_env/lib/python3.12/site-packages/airflow/models/dagbag.py", line 351, in parse
  File "<frozen importlib._bootstrap_external>", line 994, in exec_module
  File "<frozen importlib._bootstrap>", line 488, in _call_with_frames_removed
  File "/workspaces/Airflow_project/airflow_env/lib/python3.12/site-packages/airflow/example_dags/standard/example_branch_operator_decorator.py", line 33, in <module>
    from airflow.providers.common.compat.sdk import TriggerRule
  File "/workspaces/Airflow_project/airflow_env/lib/python3.12/site-packages/airflow/providers/common/compat/__init__.py", line 37, in <module>
    raise RuntimeError(
RuntimeError: The package `apache-airflow-providers-common-compat:1.14.3` needs Apache Airflow 2.11.0+
[2026-05-13T16:30:20.837+0000] {processor.py:842} WARNING - No viable dags retrieved from /workspaces/Airflow_project/airflow_env/lib/python3.12/site-packages/airflow/example_dags/standard/example_branch_operator_decorator.py
[2026-05-13T16:30:20.851+0000] {processor.py:183} INFO - Processing /workspaces/Airflow_project/airflow_env/lib/python3.12/site-packages/airflow/example_dags/standard/example_branch_operator_decorator.py took 0.026 seconds
[2026-05-13T16:30:52.972+0000] {processor.py:161} INFO - Started process (PID=36164) to work on /workspaces/Airflow_project/airflow_env/lib/python3.12/site-packages/airflow/example_dags/standard/example_branch_operator_decorator.py
[2026-05-13T16:30:52.973+0000] {processor.py:830} INFO - Processing file /workspaces/Airflow_project/airflow_env/lib/python3.12/site-packages/airflow/example_dags/standard/example_branch_operator_decorator.py for tasks to queue
[2026-05-13T16:30:52.974+0000] {logging_mixin.py:188} INFO - [2026-05-13T16:30:52.974+0000] {dagbag.py:545} INFO - Filling up the DagBag from /workspaces/Airflow_project/airflow_env/lib/python3.12/site-packages/airflow/example_dags/standard/example_branch_operator_decorator.py
[2026-05-13T16:30:52.977+0000] {logging_mixin.py:188} INFO - [2026-05-13T16:30:52.976+0000] {dagbag.py:355} ERROR - Failed to import: /workspaces/Airflow_project/airflow_env/lib/python3.12/site-packages/airflow/example_dags/standard/example_branch_operator_decorator.py
Traceback (most recent call last):
  File "/workspaces/Airflow_project/airflow_env/lib/python3.12/site-packages/airflow/models/dagbag.py", line 351, in parse
    loader.exec_module(new_module)
  File "<frozen importlib._bootstrap_external>", line 994, in exec_module
  File "<frozen importlib._bootstrap>", line 488, in _call_with_frames_removed
  File "/workspaces/Airflow_project/airflow_env/lib/python3.12/site-packages/airflow/example_dags/standard/example_branch_operator_decorator.py", line 33, in <module>
    from airflow.providers.common.compat.sdk import TriggerRule
  File "/workspaces/Airflow_project/airflow_env/lib/python3.12/site-packages/airflow/providers/common/compat/__init__.py", line 37, in <module>
    raise RuntimeError(
RuntimeError: The package `apache-airflow-providers-common-compat:1.14.3` needs Apache Airflow 2.11.0+
[2026-05-13T16:30:52.978+0000] {processor.py:842} WARNING - No viable dags retrieved from /workspaces/Airflow_project/airflow_env/lib/python3.12/site-packages/airflow/example_dags/standard/example_branch_operator_decorator.py
[2026-05-13T16:30:52.994+0000] {processor.py:183} INFO - Processing /workspaces/Airflow_project/airflow_env/lib/python3.12/site-packages/airflow/example_dags/standard/example_branch_operator_decorator.py took 0.028 seconds
[2026-05-13T16:31:23.251+0000] {processor.py:161} INFO - Started process (PID=36575) to work on /workspaces/Airflow_project/airflow_env/lib/python3.12/site-packages/airflow/example_dags/standard/example_branch_operator_decorator.py
[2026-05-13T16:31:23.252+0000] {processor.py:830} INFO - Processing file /workspaces/Airflow_project/airflow_env/lib/python3.12/site-packages/airflow/example_dags/standard/example_branch_operator_decorator.py for tasks to queue
[2026-05-13T16:31:23.252+0000] {logging_mixin.py:188} INFO - [2026-05-13T16:31:23.252+0000] {dagbag.py:545} INFO - Filling up the DagBag from /workspaces/Airflow_project/airflow_env/lib/python3.12/site-packages/airflow/example_dags/standard/example_branch_operator_decorator.py
[2026-05-13T16:31:23.256+0000] {logging_mixin.py:188} INFO - [2026-05-13T16:31:23.255+0000] {dagbag.py:355} ERROR - Failed to import: /workspaces/Airflow_project/airflow_env/lib/python3.12/site-packages/airflow/example_dags/standard/example_branch_operator_decorator.py
Traceback (most recent call last):
  File "/workspaces/Airflow_project/airflow_env/lib/python3.12/site-packages/airflow/models/dagbag.py", line 351, in parse
    loader.exec_module(new_module)
  File "<frozen importlib._bootstrap_external>", line 994, in exec_module
  File "<frozen importlib._bootstrap>", line 488, in _call_with_frames_removed
  File "/workspaces/Airflow_project/airflow_env/lib/python3.12/site-packages/airflow/example_dags/standard/example_branch_operator_decorator.py", line 33, in <module>
    from airflow.providers.common.compat.sdk import TriggerRule
  File "/workspaces/Airflow_project/airflow_env/lib/python3.12/site-packages/airflow/providers/common/compat/__init__.py", line 37, in <module>
    raise RuntimeError(
RuntimeError: The package `apache-airflow-providers-common-compat:1.14.3` needs Apache Airflow 2.11.0+
[2026-05-13T16:31:23.256+0000] {processor.py:842} WARNING - No viable dags retrieved from /workspaces/Airflow_project/airflow_env/lib/python3.12/site-packages/airflow/example_dags/standard/example_branch_operator_decorator.py
[2026-05-13T16:31:23.286+0000] {processor.py:183} INFO - Processing /workspaces/Airflow_project/airflow_env/lib/python3.12/site-packages/airflow/example_dags/standard/example_branch_operator_decorator.py took 0.043 seconds
[2026-05-13T16:31:56.942+0000] {processor.py:161} INFO - Started process (PID=37040) to work on /workspaces/Airflow_project/airflow_env/lib/python3.12/site-packages/airflow/example_dags/standard/example_branch_operator_decorator.py
[2026-05-13T16:31:56.943+0000] {processor.py:830} INFO - Processing file /workspaces/Airflow_project/airflow_env/lib/python3.12/site-packages/airflow/example_dags/standard/example_branch_operator_decorator.py for tasks to queue
[2026-05-13T16:31:56.944+0000] {logging_mixin.py:188} INFO - [2026-05-13T16:31:56.943+0000] {dagbag.py:545} INFO - Filling up the DagBag from /workspaces/Airflow_project/airflow_env/lib/python3.12/site-packages/airflow/example_dags/standard/example_branch_operator_decorator.py
[2026-05-13T16:31:56.947+0000] {logging_mixin.py:188} INFO - [2026-05-13T16:31:56.946+0000] {dagbag.py:355} ERROR - Failed to import: /workspaces/Airflow_project/airflow_env/lib/python3.12/site-packages/airflow/example_dags/standard/example_branch_operator_decorator.py
Traceback (most recent call last):
  File "/workspaces/Airflow_project/airflow_env/lib/python3.12/site-packages/airflow/models/dagbag.py", line 351, in parse
    loader.exec_module(new_module)
  File "<frozen importlib._bootstrap_external>", line 994, in exec_module
  File "<frozen importlib._bootstrap>", line 488, in _call_with_frames_removed
  File "/workspaces/Airflow_project/airflow_env/lib/python3.12/site-packages/airflow/example_dags/standard/example_branch_operator_decorator.py", line 33, in <module>
    from airflow.providers.common.compat.sdk import TriggerRule
  File "/workspaces/Airflow_project/airflow_env/lib/python3.12/site-packages/airflow/providers/common/compat/__init__.py", line 37, in <module>
    raise RuntimeError(
RuntimeError: The package `apache-airflow-providers-common-compat:1.14.3` needs Apache Airflow 2.11.0+
[2026-05-13T16:31:56.947+0000] {processor.py:842} WARNING - No viable dags retrieved from /workspaces/Airflow_project/airflow_env/lib/python3.12/site-packages/airflow/example_dags/standard/example_branch_operator_decorator.py
[2026-05-13T16:31:56.964+0000] {processor.py:183} INFO - Processing /workspaces/Airflow_project/airflow_env/lib/python3.12/site-packages/airflow/example_dags/standard/example_branch_operator_decorator.py took 0.028 seconds
[2026-05-13T16:32:27.436+0000] {processor.py:161} INFO - Started process (PID=37462) to work on /workspaces/Airflow_project/airflow_env/lib/python3.12/site-packages/airflow/example_dags/standard/example_branch_operator_decorator.py
[2026-05-13T16:32:27.436+0000] {processor.py:830} INFO - Processing file /workspaces/Airflow_project/airflow_env/lib/python3.12/site-packages/airflow/example_dags/standard/example_branch_operator_decorator.py for tasks to queue
[2026-05-13T16:32:27.437+0000] {logging_mixin.py:188} INFO - [2026-05-13T16:32:27.437+0000] {dagbag.py:545} INFO - Filling up the DagBag from /workspaces/Airflow_project/airflow_env/lib/python3.12/site-packages/airflow/example_dags/standard/example_branch_operator_decorator.py
[2026-05-13T16:32:27.440+0000] {logging_mixin.py:188} INFO - [2026-05-13T16:32:27.439+0000] {dagbag.py:355} ERROR - Failed to import: /workspaces/Airflow_project/airflow_env/lib/python3.12/site-packages/airflow/example_dags/standard/example_branch_operator_decorator.py
Traceback (most recent call last):
  File "/workspaces/Airflow_project/airflow_env/lib/python3.12/site-packages/airflow/models/dagbag.py", line 351, in parse
    loader.exec_module(new_module)
  File "<frozen importlib._bootstrap_external>", line 994, in exec_module
  File "<frozen importlib._bootstrap>", line 488, in _call_with_frames_removed
  File "/workspaces/Airflow_project/airflow_env/lib/python3.12/site-packages/airflow/example_dags/standard/example_branch_operator_decorator.py", line 33, in <module>
    from airflow.providers.common.compat.sdk import TriggerRule
  File "/workspaces/Airflow_project/airflow_env/lib/python3.12/site-packages/airflow/providers/common/compat/__init__.py", line 37, in <module>
    raise RuntimeError(
RuntimeError: The package `apache-airflow-providers-common-compat:1.14.3` needs Apache Airflow 2.11.0+
[2026-05-13T16:32:27.441+0000] {processor.py:842} WARNING - No viable dags retrieved from /workspaces/Airflow_project/airflow_env/lib/python3.12/site-packages/airflow/example_dags/standard/example_branch_operator_decorator.py
[2026-05-13T16:32:27.455+0000] {processor.py:183} INFO - Processing /workspaces/Airflow_project/airflow_env/lib/python3.12/site-packages/airflow/example_dags/standard/example_branch_operator_decorator.py took 0.026 seconds
