[2026-05-13T16:28:33.024+0000] {processor.py:161} INFO - Started process (PID=34442) to work on /workspaces/Airflow_project/airflow_env/lib/python3.12/site-packages/airflow/example_dags/standard/example_external_task_child_deferrable.py
[2026-05-13T16:28:33.024+0000] {processor.py:830} INFO - Processing file /workspaces/Airflow_project/airflow_env/lib/python3.12/site-packages/airflow/example_dags/standard/example_external_task_child_deferrable.py for tasks to queue
[2026-05-13T16:28:33.025+0000] {logging_mixin.py:188} INFO - [2026-05-13T16:28:33.025+0000] {dagbag.py:545} INFO - Filling up the DagBag from /workspaces/Airflow_project/airflow_env/lib/python3.12/site-packages/airflow/example_dags/standard/example_external_task_child_deferrable.py
[2026-05-13T16:28:33.027+0000] {logging_mixin.py:188} INFO - [2026-05-13T16:28:33.026+0000] {dagbag.py:355} ERROR - Failed to import: /workspaces/Airflow_project/airflow_env/lib/python3.12/site-packages/airflow/example_dags/standard/example_external_task_child_deferrable.py
Traceback (most recent call last):
  File "/workspaces/Airflow_project/airflow_env/lib/python3.12/site-packages/airflow/models/dagbag.py", line 351, in parse
    loader.exec_module(new_module)
  File "<frozen importlib._bootstrap_external>", line 994, in exec_module
  File "<frozen importlib._bootstrap>", line 488, in _call_with_frames_removed
  File "/workspaces/Airflow_project/airflow_env/lib/python3.12/site-packages/airflow/example_dags/standard/example_external_task_child_deferrable.py", line 22, in <module>
    from airflow.providers.standard.operators.bash import BashOperator
  File "/workspaces/Airflow_project/airflow_env/lib/python3.12/site-packages/airflow/providers/standard/__init__.py", line 37, in <module>
    raise RuntimeError(
RuntimeError: The package `apache-airflow-providers-standard:1.13.0` needs Apache Airflow 2.11.0+
[2026-05-13T16:28:33.027+0000] {processor.py:842} WARNING - No viable dags retrieved from /workspaces/Airflow_project/airflow_env/lib/python3.12/site-packages/airflow/example_dags/standard/example_external_task_child_deferrable.py
[2026-05-13T16:28:33.040+0000] {processor.py:183} INFO - Processing /workspaces/Airflow_project/airflow_env/lib/python3.12/site-packages/airflow/example_dags/standard/example_external_task_child_deferrable.py took 0.119 seconds
[2026-05-13T16:30:18.110+0000] {processor.py:161} INFO - Started process (PID=35599) to work on /workspaces/Airflow_project/airflow_env/lib/python3.12/site-packages/airflow/example_dags/standard/example_external_task_child_deferrable.py
[2026-05-13T16:30:18.112+0000] {processor.py:830} INFO - Processing file /workspaces/Airflow_project/airflow_env/lib/python3.12/site-packages/airflow/example_dags/standard/example_external_task_child_deferrable.py for tasks to queue
[2026-05-13T16:30:18.114+0000] {logging_mixin.py:188} INFO - [2026-05-13T16:30:18.114+0000] {dagbag.py:545} INFO - Filling up the DagBag from /workspaces/Airflow_project/airflow_env/lib/python3.12/site-packages/airflow/example_dags/standard/example_external_task_child_deferrable.py
[2026-05-13T16:30:18.119+0000] {logging_mixin.py:188} INFO - [2026-05-13T16:30:18.118+0000] {dagbag.py:355} ERROR - Failed to import: /workspaces/Airflow_project/airflow_env/lib/python3.12/site-packages/airflow/example_dags/standard/example_external_task_child_deferrable.py
Traceback (most recent call last):
  File "/workspaces/Airflow_project/airflow_env/lib/python3.12/site-packages/airflow/models/dagbag.py", line 351, in parse
  File "<frozen importlib._bootstrap_external>", line 994, in exec_module
  File "<frozen importlib._bootstrap>", line 488, in _call_with_frames_removed
  File "/workspaces/Airflow_project/airflow_env/lib/python3.12/site-packages/airflow/example_dags/standard/example_external_task_child_deferrable.py", line 22, in <module>
    from airflow.providers.standard.operators.bash import BashOperator
  File "/workspaces/Airflow_project/airflow_env/lib/python3.12/site-packages/airflow/providers/standard/__init__.py", line 37, in <module>
    raise RuntimeError(
RuntimeError: The package `apache-airflow-providers-standard:1.13.0` needs Apache Airflow 2.11.0+
[2026-05-13T16:30:18.119+0000] {processor.py:842} WARNING - No viable dags retrieved from /workspaces/Airflow_project/airflow_env/lib/python3.12/site-packages/airflow/example_dags/standard/example_external_task_child_deferrable.py
[2026-05-13T16:30:18.142+0000] {processor.py:183} INFO - Processing /workspaces/Airflow_project/airflow_env/lib/python3.12/site-packages/airflow/example_dags/standard/example_external_task_child_deferrable.py took 0.040 seconds
[2026-05-13T16:30:49.699+0000] {processor.py:161} INFO - Started process (PID=36112) to work on /workspaces/Airflow_project/airflow_env/lib/python3.12/site-packages/airflow/example_dags/standard/example_external_task_child_deferrable.py
[2026-05-13T16:30:49.700+0000] {processor.py:830} INFO - Processing file /workspaces/Airflow_project/airflow_env/lib/python3.12/site-packages/airflow/example_dags/standard/example_external_task_child_deferrable.py for tasks to queue
[2026-05-13T16:30:49.701+0000] {logging_mixin.py:188} INFO - [2026-05-13T16:30:49.700+0000] {dagbag.py:545} INFO - Filling up the DagBag from /workspaces/Airflow_project/airflow_env/lib/python3.12/site-packages/airflow/example_dags/standard/example_external_task_child_deferrable.py
[2026-05-13T16:30:49.705+0000] {logging_mixin.py:188} INFO - [2026-05-13T16:30:49.703+0000] {dagbag.py:355} ERROR - Failed to import: /workspaces/Airflow_project/airflow_env/lib/python3.12/site-packages/airflow/example_dags/standard/example_external_task_child_deferrable.py
Traceback (most recent call last):
  File "/workspaces/Airflow_project/airflow_env/lib/python3.12/site-packages/airflow/models/dagbag.py", line 351, in parse
    loader.exec_module(new_module)
  File "<frozen importlib._bootstrap_external>", line 994, in exec_module
  File "<frozen importlib._bootstrap>", line 488, in _call_with_frames_removed
  File "/workspaces/Airflow_project/airflow_env/lib/python3.12/site-packages/airflow/example_dags/standard/example_external_task_child_deferrable.py", line 22, in <module>
    from airflow.providers.standard.operators.bash import BashOperator
  File "/workspaces/Airflow_project/airflow_env/lib/python3.12/site-packages/airflow/providers/standard/__init__.py", line 37, in <module>
    raise RuntimeError(
RuntimeError: The package `apache-airflow-providers-standard:1.13.0` needs Apache Airflow 2.11.0+
[2026-05-13T16:30:49.705+0000] {processor.py:842} WARNING - No viable dags retrieved from /workspaces/Airflow_project/airflow_env/lib/python3.12/site-packages/airflow/example_dags/standard/example_external_task_child_deferrable.py
[2026-05-13T16:30:49.728+0000] {processor.py:183} INFO - Processing /workspaces/Airflow_project/airflow_env/lib/python3.12/site-packages/airflow/example_dags/standard/example_external_task_child_deferrable.py took 0.038 seconds
[2026-05-13T16:31:20.471+0000] {processor.py:161} INFO - Started process (PID=36530) to work on /workspaces/Airflow_project/airflow_env/lib/python3.12/site-packages/airflow/example_dags/standard/example_external_task_child_deferrable.py
[2026-05-13T16:31:20.472+0000] {processor.py:830} INFO - Processing file /workspaces/Airflow_project/airflow_env/lib/python3.12/site-packages/airflow/example_dags/standard/example_external_task_child_deferrable.py for tasks to queue
[2026-05-13T16:31:20.473+0000] {logging_mixin.py:188} INFO - [2026-05-13T16:31:20.473+0000] {dagbag.py:545} INFO - Filling up the DagBag from /workspaces/Airflow_project/airflow_env/lib/python3.12/site-packages/airflow/example_dags/standard/example_external_task_child_deferrable.py
[2026-05-13T16:31:20.476+0000] {logging_mixin.py:188} INFO - [2026-05-13T16:31:20.475+0000] {dagbag.py:355} ERROR - Failed to import: /workspaces/Airflow_project/airflow_env/lib/python3.12/site-packages/airflow/example_dags/standard/example_external_task_child_deferrable.py
Traceback (most recent call last):
  File "/workspaces/Airflow_project/airflow_env/lib/python3.12/site-packages/airflow/models/dagbag.py", line 351, in parse
    loader.exec_module(new_module)
  File "<frozen importlib._bootstrap_external>", line 994, in exec_module
  File "<frozen importlib._bootstrap>", line 488, in _call_with_frames_removed
  File "/workspaces/Airflow_project/airflow_env/lib/python3.12/site-packages/airflow/example_dags/standard/example_external_task_child_deferrable.py", line 22, in <module>
    from airflow.providers.standard.operators.bash import BashOperator
  File "/workspaces/Airflow_project/airflow_env/lib/python3.12/site-packages/airflow/providers/standard/__init__.py", line 37, in <module>
    raise RuntimeError(
RuntimeError: The package `apache-airflow-providers-standard:1.13.0` needs Apache Airflow 2.11.0+
[2026-05-13T16:31:20.477+0000] {processor.py:842} WARNING - No viable dags retrieved from /workspaces/Airflow_project/airflow_env/lib/python3.12/site-packages/airflow/example_dags/standard/example_external_task_child_deferrable.py
[2026-05-13T16:31:20.492+0000] {processor.py:183} INFO - Processing /workspaces/Airflow_project/airflow_env/lib/python3.12/site-packages/airflow/example_dags/standard/example_external_task_child_deferrable.py took 0.032 seconds
[2026-05-13T16:31:53.625+0000] {processor.py:161} INFO - Started process (PID=36971) to work on /workspaces/Airflow_project/airflow_env/lib/python3.12/site-packages/airflow/example_dags/standard/example_external_task_child_deferrable.py
[2026-05-13T16:31:53.626+0000] {processor.py:830} INFO - Processing file /workspaces/Airflow_project/airflow_env/lib/python3.12/site-packages/airflow/example_dags/standard/example_external_task_child_deferrable.py for tasks to queue
[2026-05-13T16:31:53.626+0000] {logging_mixin.py:188} INFO - [2026-05-13T16:31:53.626+0000] {dagbag.py:545} INFO - Filling up the DagBag from /workspaces/Airflow_project/airflow_env/lib/python3.12/site-packages/airflow/example_dags/standard/example_external_task_child_deferrable.py
[2026-05-13T16:31:53.629+0000] {logging_mixin.py:188} INFO - [2026-05-13T16:31:53.628+0000] {dagbag.py:355} ERROR - Failed to import: /workspaces/Airflow_project/airflow_env/lib/python3.12/site-packages/airflow/example_dags/standard/example_external_task_child_deferrable.py
Traceback (most recent call last):
  File "/workspaces/Airflow_project/airflow_env/lib/python3.12/site-packages/airflow/models/dagbag.py", line 351, in parse
    loader.exec_module(new_module)
  File "<frozen importlib._bootstrap_external>", line 994, in exec_module
  File "<frozen importlib._bootstrap>", line 488, in _call_with_frames_removed
  File "/workspaces/Airflow_project/airflow_env/lib/python3.12/site-packages/airflow/example_dags/standard/example_external_task_child_deferrable.py", line 22, in <module>
    from airflow.providers.standard.operators.bash import BashOperator
  File "/workspaces/Airflow_project/airflow_env/lib/python3.12/site-packages/airflow/providers/standard/__init__.py", line 37, in <module>
    raise RuntimeError(
RuntimeError: The package `apache-airflow-providers-standard:1.13.0` needs Apache Airflow 2.11.0+
[2026-05-13T16:31:53.630+0000] {processor.py:842} WARNING - No viable dags retrieved from /workspaces/Airflow_project/airflow_env/lib/python3.12/site-packages/airflow/example_dags/standard/example_external_task_child_deferrable.py
[2026-05-13T16:31:53.644+0000] {processor.py:183} INFO - Processing /workspaces/Airflow_project/airflow_env/lib/python3.12/site-packages/airflow/example_dags/standard/example_external_task_child_deferrable.py took 0.026 seconds
[2026-05-13T16:32:23.926+0000] {processor.py:161} INFO - Started process (PID=37373) to work on /workspaces/Airflow_project/airflow_env/lib/python3.12/site-packages/airflow/example_dags/standard/example_external_task_child_deferrable.py
[2026-05-13T16:32:23.927+0000] {processor.py:830} INFO - Processing file /workspaces/Airflow_project/airflow_env/lib/python3.12/site-packages/airflow/example_dags/standard/example_external_task_child_deferrable.py for tasks to queue
[2026-05-13T16:32:23.927+0000] {logging_mixin.py:188} INFO - [2026-05-13T16:32:23.927+0000] {dagbag.py:545} INFO - Filling up the DagBag from /workspaces/Airflow_project/airflow_env/lib/python3.12/site-packages/airflow/example_dags/standard/example_external_task_child_deferrable.py
[2026-05-13T16:32:23.930+0000] {logging_mixin.py:188} INFO - [2026-05-13T16:32:23.929+0000] {dagbag.py:355} ERROR - Failed to import: /workspaces/Airflow_project/airflow_env/lib/python3.12/site-packages/airflow/example_dags/standard/example_external_task_child_deferrable.py
Traceback (most recent call last):
  File "/workspaces/Airflow_project/airflow_env/lib/python3.12/site-packages/airflow/models/dagbag.py", line 351, in parse
    loader.exec_module(new_module)
  File "<frozen importlib._bootstrap_external>", line 994, in exec_module
  File "<frozen importlib._bootstrap>", line 488, in _call_with_frames_removed
  File "/workspaces/Airflow_project/airflow_env/lib/python3.12/site-packages/airflow/example_dags/standard/example_external_task_child_deferrable.py", line 22, in <module>
    from airflow.providers.standard.operators.bash import BashOperator
  File "/workspaces/Airflow_project/airflow_env/lib/python3.12/site-packages/airflow/providers/standard/__init__.py", line 37, in <module>
    raise RuntimeError(
RuntimeError: The package `apache-airflow-providers-standard:1.13.0` needs Apache Airflow 2.11.0+
[2026-05-13T16:32:23.931+0000] {processor.py:842} WARNING - No viable dags retrieved from /workspaces/Airflow_project/airflow_env/lib/python3.12/site-packages/airflow/example_dags/standard/example_external_task_child_deferrable.py
[2026-05-13T16:32:23.946+0000] {processor.py:183} INFO - Processing /workspaces/Airflow_project/airflow_env/lib/python3.12/site-packages/airflow/example_dags/standard/example_external_task_child_deferrable.py took 0.026 seconds
