[2026-05-14T00:00:35.255+0000] {processor.py:161} INFO - Started process (PID=96488) to work on /workspaces/Airflow_project/airflow_env/lib/python3.12/site-packages/airflow/example_dags/subdags/subdag.py
[2026-05-14T00:00:35.256+0000] {processor.py:830} INFO - Processing file /workspaces/Airflow_project/airflow_env/lib/python3.12/site-packages/airflow/example_dags/subdags/subdag.py for tasks to queue
[2026-05-14T00:00:35.257+0000] {logging_mixin.py:188} INFO - [2026-05-14T00:00:35.256+0000] {dagbag.py:545} INFO - Filling up the DagBag from /workspaces/Airflow_project/airflow_env/lib/python3.12/site-packages/airflow/example_dags/subdags/subdag.py
[2026-05-14T00:00:35.259+0000] {processor.py:842} WARNING - No viable dags retrieved from /workspaces/Airflow_project/airflow_env/lib/python3.12/site-packages/airflow/example_dags/subdags/subdag.py
[2026-05-14T00:00:35.267+0000] {processor.py:183} INFO - Processing /workspaces/Airflow_project/airflow_env/lib/python3.12/site-packages/airflow/example_dags/subdags/subdag.py took 0.018 seconds
[2026-05-14T00:01:27.615+0000] {processor.py:161} INFO - Started process (PID=96893) to work on /workspaces/Airflow_project/airflow_env/lib/python3.12/site-packages/airflow/example_dags/subdags/subdag.py
[2026-05-14T00:01:27.616+0000] {processor.py:830} INFO - Processing file /workspaces/Airflow_project/airflow_env/lib/python3.12/site-packages/airflow/example_dags/subdags/subdag.py for tasks to queue
[2026-05-14T00:01:27.617+0000] {logging_mixin.py:188} INFO - [2026-05-14T00:01:27.616+0000] {dagbag.py:545} INFO - Filling up the DagBag from /workspaces/Airflow_project/airflow_env/lib/python3.12/site-packages/airflow/example_dags/subdags/subdag.py
[2026-05-14T00:01:27.618+0000] {processor.py:842} WARNING - No viable dags retrieved from /workspaces/Airflow_project/airflow_env/lib/python3.12/site-packages/airflow/example_dags/subdags/subdag.py
[2026-05-14T00:01:27.626+0000] {processor.py:183} INFO - Processing /workspaces/Airflow_project/airflow_env/lib/python3.12/site-packages/airflow/example_dags/subdags/subdag.py took 0.016 seconds
[2026-05-14T00:02:11.483+0000] {processor.py:161} INFO - Started process (PID=97260) to work on /workspaces/Airflow_project/airflow_env/lib/python3.12/site-packages/airflow/example_dags/subdags/subdag.py
[2026-05-14T00:02:11.483+0000] {processor.py:830} INFO - Processing file /workspaces/Airflow_project/airflow_env/lib/python3.12/site-packages/airflow/example_dags/subdags/subdag.py for tasks to queue
[2026-05-14T00:02:11.484+0000] {logging_mixin.py:188} INFO - [2026-05-14T00:02:11.484+0000] {dagbag.py:545} INFO - Filling up the DagBag from /workspaces/Airflow_project/airflow_env/lib/python3.12/site-packages/airflow/example_dags/subdags/subdag.py
[2026-05-14T00:02:11.486+0000] {processor.py:842} WARNING - No viable dags retrieved from /workspaces/Airflow_project/airflow_env/lib/python3.12/site-packages/airflow/example_dags/subdags/subdag.py
[2026-05-14T00:02:11.494+0000] {processor.py:183} INFO - Processing /workspaces/Airflow_project/airflow_env/lib/python3.12/site-packages/airflow/example_dags/subdags/subdag.py took 0.016 seconds
[2026-05-14T00:02:55.315+0000] {processor.py:161} INFO - Started process (PID=97615) to work on /workspaces/Airflow_project/airflow_env/lib/python3.12/site-packages/airflow/example_dags/subdags/subdag.py
[2026-05-14T00:02:55.316+0000] {processor.py:830} INFO - Processing file /workspaces/Airflow_project/airflow_env/lib/python3.12/site-packages/airflow/example_dags/subdags/subdag.py for tasks to queue
[2026-05-14T00:02:55.317+0000] {logging_mixin.py:188} INFO - [2026-05-14T00:02:55.316+0000] {dagbag.py:545} INFO - Filling up the DagBag from /workspaces/Airflow_project/airflow_env/lib/python3.12/site-packages/airflow/example_dags/subdags/subdag.py
[2026-05-14T00:02:55.318+0000] {processor.py:842} WARNING - No viable dags retrieved from /workspaces/Airflow_project/airflow_env/lib/python3.12/site-packages/airflow/example_dags/subdags/subdag.py
[2026-05-14T00:02:55.328+0000] {processor.py:183} INFO - Processing /workspaces/Airflow_project/airflow_env/lib/python3.12/site-packages/airflow/example_dags/subdags/subdag.py took 0.017 seconds
[2026-05-14T00:03:40.914+0000] {processor.py:161} INFO - Started process (PID=97966) to work on /workspaces/Airflow_project/airflow_env/lib/python3.12/site-packages/airflow/example_dags/subdags/subdag.py
[2026-05-14T00:03:40.915+0000] {processor.py:830} INFO - Processing file /workspaces/Airflow_project/airflow_env/lib/python3.12/site-packages/airflow/example_dags/subdags/subdag.py for tasks to queue
[2026-05-14T00:03:40.916+0000] {logging_mixin.py:188} INFO - [2026-05-14T00:03:40.915+0000] {dagbag.py:545} INFO - Filling up the DagBag from /workspaces/Airflow_project/airflow_env/lib/python3.12/site-packages/airflow/example_dags/subdags/subdag.py
[2026-05-14T00:03:40.917+0000] {processor.py:842} WARNING - No viable dags retrieved from /workspaces/Airflow_project/airflow_env/lib/python3.12/site-packages/airflow/example_dags/subdags/subdag.py
[2026-05-14T00:03:40.925+0000] {processor.py:183} INFO - Processing /workspaces/Airflow_project/airflow_env/lib/python3.12/site-packages/airflow/example_dags/subdags/subdag.py took 0.015 seconds
[2026-05-14T00:04:30.493+0000] {processor.py:161} INFO - Started process (PID=98356) to work on /workspaces/Airflow_project/airflow_env/lib/python3.12/site-packages/airflow/example_dags/subdags/subdag.py
[2026-05-14T00:04:30.494+0000] {processor.py:830} INFO - Processing file /workspaces/Airflow_project/airflow_env/lib/python3.12/site-packages/airflow/example_dags/subdags/subdag.py for tasks to queue
[2026-05-14T00:04:30.495+0000] {logging_mixin.py:188} INFO - [2026-05-14T00:04:30.494+0000] {dagbag.py:545} INFO - Filling up the DagBag from /workspaces/Airflow_project/airflow_env/lib/python3.12/site-packages/airflow/example_dags/subdags/subdag.py
[2026-05-14T00:04:30.497+0000] {processor.py:842} WARNING - No viable dags retrieved from /workspaces/Airflow_project/airflow_env/lib/python3.12/site-packages/airflow/example_dags/subdags/subdag.py
[2026-05-14T00:04:30.508+0000] {processor.py:183} INFO - Processing /workspaces/Airflow_project/airflow_env/lib/python3.12/site-packages/airflow/example_dags/subdags/subdag.py took 0.022 seconds
[2026-05-14T00:05:18.481+0000] {processor.py:161} INFO - Started process (PID=98772) to work on /workspaces/Airflow_project/airflow_env/lib/python3.12/site-packages/airflow/example_dags/subdags/subdag.py
[2026-05-14T00:05:18.482+0000] {processor.py:830} INFO - Processing file /workspaces/Airflow_project/airflow_env/lib/python3.12/site-packages/airflow/example_dags/subdags/subdag.py for tasks to queue
[2026-05-14T00:05:18.482+0000] {logging_mixin.py:188} INFO - [2026-05-14T00:05:18.482+0000] {dagbag.py:545} INFO - Filling up the DagBag from /workspaces/Airflow_project/airflow_env/lib/python3.12/site-packages/airflow/example_dags/subdags/subdag.py
[2026-05-14T00:05:18.484+0000] {processor.py:842} WARNING - No viable dags retrieved from /workspaces/Airflow_project/airflow_env/lib/python3.12/site-packages/airflow/example_dags/subdags/subdag.py
[2026-05-14T00:05:18.492+0000] {processor.py:183} INFO - Processing /workspaces/Airflow_project/airflow_env/lib/python3.12/site-packages/airflow/example_dags/subdags/subdag.py took 0.016 seconds
[2026-05-14T00:06:01.128+0000] {processor.py:161} INFO - Started process (PID=99108) to work on /workspaces/Airflow_project/airflow_env/lib/python3.12/site-packages/airflow/example_dags/subdags/subdag.py
[2026-05-14T00:06:01.129+0000] {processor.py:830} INFO - Processing file /workspaces/Airflow_project/airflow_env/lib/python3.12/site-packages/airflow/example_dags/subdags/subdag.py for tasks to queue
[2026-05-14T00:06:01.130+0000] {logging_mixin.py:188} INFO - [2026-05-14T00:06:01.129+0000] {dagbag.py:545} INFO - Filling up the DagBag from /workspaces/Airflow_project/airflow_env/lib/python3.12/site-packages/airflow/example_dags/subdags/subdag.py
[2026-05-14T00:06:01.131+0000] {processor.py:842} WARNING - No viable dags retrieved from /workspaces/Airflow_project/airflow_env/lib/python3.12/site-packages/airflow/example_dags/subdags/subdag.py
[2026-05-14T00:06:01.142+0000] {processor.py:183} INFO - Processing /workspaces/Airflow_project/airflow_env/lib/python3.12/site-packages/airflow/example_dags/subdags/subdag.py took 0.018 seconds
[2026-05-14T00:06:42.782+0000] {processor.py:161} INFO - Started process (PID=99433) to work on /workspaces/Airflow_project/airflow_env/lib/python3.12/site-packages/airflow/example_dags/subdags/subdag.py
[2026-05-14T00:06:42.783+0000] {processor.py:830} INFO - Processing file /workspaces/Airflow_project/airflow_env/lib/python3.12/site-packages/airflow/example_dags/subdags/subdag.py for tasks to queue
[2026-05-14T00:06:42.783+0000] {logging_mixin.py:188} INFO - [2026-05-14T00:06:42.783+0000] {dagbag.py:545} INFO - Filling up the DagBag from /workspaces/Airflow_project/airflow_env/lib/python3.12/site-packages/airflow/example_dags/subdags/subdag.py
[2026-05-14T00:06:42.785+0000] {processor.py:842} WARNING - No viable dags retrieved from /workspaces/Airflow_project/airflow_env/lib/python3.12/site-packages/airflow/example_dags/subdags/subdag.py
[2026-05-14T00:06:42.793+0000] {processor.py:183} INFO - Processing /workspaces/Airflow_project/airflow_env/lib/python3.12/site-packages/airflow/example_dags/subdags/subdag.py took 0.015 seconds
[2026-05-14T00:07:31.108+0000] {processor.py:161} INFO - Started process (PID=99841) to work on /workspaces/Airflow_project/airflow_env/lib/python3.12/site-packages/airflow/example_dags/subdags/subdag.py
[2026-05-14T00:07:31.109+0000] {processor.py:830} INFO - Processing file /workspaces/Airflow_project/airflow_env/lib/python3.12/site-packages/airflow/example_dags/subdags/subdag.py for tasks to queue
[2026-05-14T00:07:31.109+0000] {logging_mixin.py:188} INFO - [2026-05-14T00:07:31.109+0000] {dagbag.py:545} INFO - Filling up the DagBag from /workspaces/Airflow_project/airflow_env/lib/python3.12/site-packages/airflow/example_dags/subdags/subdag.py
[2026-05-14T00:07:31.111+0000] {processor.py:842} WARNING - No viable dags retrieved from /workspaces/Airflow_project/airflow_env/lib/python3.12/site-packages/airflow/example_dags/subdags/subdag.py
[2026-05-14T00:07:31.119+0000] {processor.py:183} INFO - Processing /workspaces/Airflow_project/airflow_env/lib/python3.12/site-packages/airflow/example_dags/subdags/subdag.py took 0.015 seconds
[2026-05-14T00:08:16.263+0000] {processor.py:161} INFO - Started process (PID=100194) to work on /workspaces/Airflow_project/airflow_env/lib/python3.12/site-packages/airflow/example_dags/subdags/subdag.py
[2026-05-14T00:08:16.264+0000] {processor.py:830} INFO - Processing file /workspaces/Airflow_project/airflow_env/lib/python3.12/site-packages/airflow/example_dags/subdags/subdag.py for tasks to queue
[2026-05-14T00:08:16.265+0000] {logging_mixin.py:188} INFO - [2026-05-14T00:08:16.264+0000] {dagbag.py:545} INFO - Filling up the DagBag from /workspaces/Airflow_project/airflow_env/lib/python3.12/site-packages/airflow/example_dags/subdags/subdag.py
[2026-05-14T00:08:16.266+0000] {processor.py:842} WARNING - No viable dags retrieved from /workspaces/Airflow_project/airflow_env/lib/python3.12/site-packages/airflow/example_dags/subdags/subdag.py
[2026-05-14T00:08:16.274+0000] {processor.py:183} INFO - Processing /workspaces/Airflow_project/airflow_env/lib/python3.12/site-packages/airflow/example_dags/subdags/subdag.py took 0.015 seconds
[2026-05-14T00:09:01.402+0000] {processor.py:161} INFO - Started process (PID=100975) to work on /workspaces/Airflow_project/airflow_env/lib/python3.12/site-packages/airflow/example_dags/subdags/subdag.py
[2026-05-14T00:09:01.402+0000] {processor.py:830} INFO - Processing file /workspaces/Airflow_project/airflow_env/lib/python3.12/site-packages/airflow/example_dags/subdags/subdag.py for tasks to queue
[2026-05-14T00:09:01.403+0000] {logging_mixin.py:188} INFO - [2026-05-14T00:09:01.403+0000] {dagbag.py:545} INFO - Filling up the DagBag from /workspaces/Airflow_project/airflow_env/lib/python3.12/site-packages/airflow/example_dags/subdags/subdag.py
[2026-05-14T00:09:01.405+0000] {processor.py:842} WARNING - No viable dags retrieved from /workspaces/Airflow_project/airflow_env/lib/python3.12/site-packages/airflow/example_dags/subdags/subdag.py
[2026-05-14T00:09:01.413+0000] {processor.py:183} INFO - Processing /workspaces/Airflow_project/airflow_env/lib/python3.12/site-packages/airflow/example_dags/subdags/subdag.py took 0.016 seconds
